2026-01-15 18:16:19,460 - INFO - Log file created: logs/crawl_2026-01-15_18-16-19.log
2026-01-15 18:16:19,461 - INFO - Initializing database connection...
2026-01-15 18:16:19,494 - INFO - Connected to PostgreSQL: f319_data
2026-01-15 18:16:19,504 - INFO - Tables created/verified successfully
2026-01-15 18:16:19,505 - INFO - Starting hybrid crawl for 5 pages
2026-01-15 18:16:19,505 - INFO - ====== WebDriver manager ======
2026-01-15 18:16:20,447 - INFO - Get LATEST chromedriver version for google-chrome
2026-01-15 18:16:20,921 - INFO - Get LATEST chromedriver version for google-chrome
2026-01-15 18:16:21,337 - INFO - Driver [C:\Users\admin\.wdm\drivers\chromedriver\win64\143.0.7499.192\chromedriver-win32/chromedriver.exe] found in cache
2026-01-15 18:16:22,394 - INFO - Selenium driver started
2026-01-15 18:16:22,395 - INFO - Đang load trang (New posts)...
2026-01-15 18:16:27,904 - INFO - ✓ URL có pagination: https://f319.com/find-new/posts
2026-01-15 18:16:27,904 - INFO - Sử dụng URL: https://f319.com/find-new/posts
2026-01-15 18:16:27,904 - INFO - Đang xử lý trang 1
2026-01-15 18:16:29,954 - INFO - Tìm thấy 20 threads trên trang 1
2026-01-15 18:16:35,224 - INFO - Đã thu thập thông tin 20 threads, bắt đầu crawl posts...
2026-01-15 18:16:35,230 - INFO - [1/20] Crawl thread: PHR - Sắp nhận đền bù 2-3k tỷ từ Thaco...
2026-01-15 18:16:35,236 - INFO - [2/20] Crawl thread: SSI - điểm yếu ngắn hạn của dòng chứng khoán...
2026-01-15 18:16:38,699 - INFO - [Thread 1926403] New thread, crawling forward 1→29...
2026-01-15 18:16:38,730 - INFO - [Thread 1918203] Existing thread, crawling reverse 240→1 until last_post_id: post-47878747
2026-01-15 18:16:41,085 - INFO - [Thread 1918203] Found last_post_id at page 240, stopping...
2026-01-15 18:16:41,099 - INFO - [Thread 1918203] Final batch inserted 1/1 posts
2026-01-15 18:16:41,102 - INFO - [Thread 1918203] Collected 1 posts in 5.9s
2026-01-15 18:16:41,103 - INFO - Thu thập được 1 posts từ thread
2026-01-15 18:16:41,105 - INFO - [3/20] Crawl thread: Tất cả các dòng sông đều chảy - P2...
2026-01-15 18:16:43,474 - INFO - [Thread 1934311] Existing thread, crawling reverse 102→1 until last_post_id: post-47878847
2026-01-15 18:16:45,837 - INFO - [Thread 1934311] Found last_post_id at page 102, stopping...
2026-01-15 18:16:45,844 - INFO - [Thread 1934311] Final batch inserted 1/1 posts
2026-01-15 18:16:45,847 - INFO - [Thread 1934311] Collected 1 posts in 4.7s
2026-01-15 18:16:45,849 - INFO - Thu thập được 1 posts từ thread
2026-01-15 18:16:45,858 - INFO - [4/20] Crawl thread: Bđs bắt đáy...
2026-01-15 18:16:48,206 - INFO - [Thread 1940685] Existing thread, crawling reverse 50→1 until last_post_id: post-47878855
2026-01-15 18:16:52,824 - INFO - [Thread 1940685] Found last_post_id at page 49, stopping...
2026-01-15 18:16:52,829 - INFO - [Thread 1940685] Final batch inserted 2/2 posts
2026-01-15 18:16:52,830 - INFO - [Thread 1940685] Collected 2 posts in 7.0s
2026-01-15 18:16:52,831 - INFO - Thu thập được 2 posts từ thread
2026-01-15 18:16:52,832 - INFO - [5/20] Crawl thread: Ngôi nhà nhỏ trên Thảo Nguyên - P86...
2026-01-15 18:16:55,120 - INFO - [Thread 1942185] Existing thread, crawling reverse 523→1 until last_post_id: post-47878851
2026-01-15 18:16:57,410 - INFO - [Thread 1942185] Found last_post_id at page 523, stopping...
2026-01-15 18:16:57,416 - INFO - [Thread 1942185] Final batch inserted 2/2 posts
2026-01-15 18:16:57,417 - INFO - [Thread 1942185] Collected 2 posts in 4.6s
2026-01-15 18:16:57,418 - INFO - Thu thập được 2 posts từ thread
2026-01-15 18:16:57,419 - INFO - [6/20] Crawl thread: Tọa sơn, thưởng trà….Luận phong thủy cho năm Bính ...
2026-01-15 18:16:59,861 - INFO - [Thread 1942255] Existing thread, crawling reverse 146→1 until last_post_id: post-47878827
2026-01-15 18:17:04,550 - INFO - [Thread 1942255] Found last_post_id at page 145, stopping...
2026-01-15 18:17:04,558 - INFO - [Thread 1942255] Final batch inserted 4/4 posts
2026-01-15 18:17:04,559 - INFO - [Thread 1942255] Collected 4 posts in 7.1s
2026-01-15 18:17:04,560 - INFO - Thu thập được 4 posts từ thread
2026-01-15 18:17:04,563 - INFO - [7/20] Crawl thread: Đánh giá thị trường!...
2026-01-15 18:17:04,792 - INFO - [Thread 1926403] Batch inserted 100/100 posts at page 11
2026-01-15 18:17:06,900 - INFO - [Thread 1941133] Existing thread, crawling reverse 25→1 until last_post_id: post-47878811
2026-01-15 18:17:09,199 - INFO - [Thread 1941133] Found last_post_id at page 25, stopping...
2026-01-15 18:17:09,207 - INFO - [Thread 1941133] Final batch inserted 1/1 posts
2026-01-15 18:17:09,211 - INFO - [Thread 1941133] Collected 1 posts in 4.6s
2026-01-15 18:17:09,212 - INFO - Thu thập được 1 posts từ thread
2026-01-15 18:17:09,214 - INFO - [8/20] Crawl thread: 6LON_banks(3/4 Big.Banks)Bơm máo,dùng hết ko Ae?...
2026-01-15 18:17:11,516 - INFO - [Thread 1943267] Existing thread, crawling reverse 40→1 until last_post_id: post-47878831
2026-01-15 18:17:13,859 - INFO - [Thread 1943267] Found last_post_id at page 40, stopping...
2026-01-15 18:17:13,866 - INFO - [Thread 1943267] Final batch inserted 1/1 posts
2026-01-15 18:17:13,868 - INFO - [Thread 1943267] Collected 1 posts in 4.7s
2026-01-15 18:17:13,868 - INFO - Thu thập được 1 posts từ thread
2026-01-15 18:17:13,871 - INFO - [9/20] Crawl thread: STB - Cổ phiếu kịch hay đang đến hồi cao trào(...
2026-01-15 18:17:16,184 - INFO - [Thread 1930607] Existing thread, crawling reverse 133→1 until last_post_id: post-47878853
2026-01-15 18:17:18,448 - INFO - [Thread 1930607] Found last_post_id at page 133, stopping...
2026-01-15 18:17:18,449 - INFO - [Thread 1930607] Collected 0 posts in 4.6s
2026-01-15 18:17:18,449 - INFO - Thu thập được 0 posts từ thread
2026-01-15 18:17:18,451 - INFO - [10/20] Crawl thread: DVN lên được bao nhiêu mọi người...
2026-01-15 18:17:20,661 - INFO - [Thread 1943935] Existing thread, crawling reverse 1→1 until last_post_id: post-47878841
2026-01-15 18:17:22,888 - INFO - [Thread 1943935] Found last_post_id at page 1, stopping...
2026-01-15 18:17:22,888 - INFO - [Thread 1943935] Collected 0 posts in 4.4s
2026-01-15 18:17:22,889 - INFO - Thu thập được 0 posts từ thread
2026-01-15 18:17:22,892 - INFO - [11/20] Crawl thread: VIX: quân bài tẩy họ nhà M...
2026-01-15 18:17:25,231 - INFO - [Thread 1903403] Existing thread, crawling reverse 559→1 until last_post_id: post-47878837
2026-01-15 18:17:27,424 - INFO - [Thread 1903403] Found last_post_id at page 559, stopping...
2026-01-15 18:17:27,425 - INFO - [Thread 1903403] Collected 0 posts in 4.5s
2026-01-15 18:17:27,425 - INFO - Thu thập được 0 posts từ thread
2026-01-15 18:17:27,427 - INFO - [12/20] Crawl thread: HPG- Sự trở lại của nhà Vua...
2026-01-15 18:17:28,210 - INFO - [Thread 1926403] Batch inserted 100/100 posts at page 21
2026-01-15 18:17:29,707 - INFO - [Thread 1925045] Existing thread, crawling reverse 266→1 until last_post_id: post-47878835
2026-01-15 18:17:32,009 - INFO - [Thread 1925045] Found last_post_id at page 266, stopping...
2026-01-15 18:17:32,010 - INFO - [Thread 1925045] Collected 0 posts in 4.6s
2026-01-15 18:17:32,011 - INFO - Thu thập được 0 posts từ thread
2026-01-15 18:17:32,013 - INFO - [13/20] Crawl thread: SZL-có xứng đáng để đầu tư?...
2026-01-15 18:17:34,317 - INFO - [Thread 1293301] Existing thread, crawling reverse 752→1 until last_post_id: post-47878833
2026-01-15 18:17:36,556 - INFO - [Thread 1293301] Found last_post_id at page 752, stopping...
2026-01-15 18:17:36,557 - INFO - [Thread 1293301] Collected 0 posts in 4.5s
2026-01-15 18:17:36,557 - INFO - Thu thập được 0 posts từ thread
2026-01-15 18:17:36,560 - INFO - [14/20] Crawl thread: VNI - vươn mình 1954 or 1975...
2026-01-15 18:17:38,927 - INFO - [Thread 1936901] Existing thread, crawling reverse 263→1 until last_post_id: post-47878775
2026-01-15 18:17:41,252 - INFO - [Thread 1936901] Found last_post_id at page 263, stopping...
2026-01-15 18:17:41,254 - INFO - [Thread 1936901] Collected 0 posts in 4.7s
2026-01-15 18:17:41,255 - INFO - Thu thập được 0 posts từ thread
2026-01-15 18:17:41,258 - INFO - [15/20] Crawl thread: 14.1 không nên phức tạp quá - múc là có ăn...
2026-01-15 18:17:43,555 - INFO - [Thread 1943725] Existing thread, crawling reverse 6→1 until last_post_id: post-47878829
2026-01-15 18:17:45,865 - INFO - [Thread 1943725] Found last_post_id at page 6, stopping...
2026-01-15 18:17:45,872 - INFO - [Thread 1943725] Collected 0 posts in 4.6s
2026-01-15 18:17:45,875 - INFO - Thu thập được 0 posts từ thread
2026-01-15 18:17:45,881 - INFO - [16/20] Crawl thread: Game mới SHB. Múc mạnh để mua nhà mua xe...
2026-01-15 18:17:46,975 - INFO - [Thread 1926403] Final batch inserted 84/84 posts
2026-01-15 18:17:46,977 - INFO - [Thread 1926403] Collected 284 posts in 71.7s
2026-01-15 18:17:46,978 - INFO - Thu thập được 284 posts từ thread
2026-01-15 18:17:46,981 - INFO - [17/20] Crawl thread: TTN - DN viễn thông vốn hoá 200 tỷ và hợp đồng gần...
2026-01-15 18:17:48,162 - INFO - [Thread 1900397] Existing thread, crawling reverse 536→1 until last_post_id: post-47878817
2026-01-15 18:17:49,295 - INFO - [Thread 1303829] Existing thread, crawling reverse 72→1 until last_post_id: post-47878815
2026-01-15 18:17:50,430 - INFO - [Thread 1900397] Found last_post_id at page 536, stopping...
2026-01-15 18:17:50,431 - INFO - [Thread 1900397] Collected 0 posts in 4.5s
2026-01-15 18:17:50,432 - INFO - Thu thập được 0 posts từ thread
2026-01-15 18:17:50,435 - INFO - [18/20] Crawl thread: CTI có gì?...
2026-01-15 18:17:51,571 - INFO - [Thread 1303829] Found last_post_id at page 72, stopping...
2026-01-15 18:17:51,572 - INFO - [Thread 1303829] Collected 0 posts in 4.6s
2026-01-15 18:17:51,573 - INFO - Thu thập được 0 posts từ thread
2026-01-15 18:17:51,576 - INFO - [19/20] Crawl thread: Công ty vốn hoá 900 tỷ tiền mặt 3000 tỷ...
2026-01-15 18:17:52,748 - INFO - [Thread 1911395] Existing thread, crawling reverse 39→1 until last_post_id: post-47878813
2026-01-15 18:17:53,904 - INFO - [Thread 1902081] Existing thread, crawling reverse 20→1 until last_post_id: post-47878809
2026-01-15 18:17:55,058 - INFO - [Thread 1911395] Found last_post_id at page 39, stopping...
2026-01-15 18:17:55,059 - INFO - [Thread 1911395] Collected 0 posts in 4.6s
2026-01-15 18:17:55,060 - INFO - Thu thập được 0 posts từ thread
2026-01-15 18:17:55,063 - INFO - [20/20] Crawl thread: Topic cổ đông dài hạn Nhiệt điện Quảng Ninh - Đầu ...
2026-01-15 18:17:56,271 - INFO - [Thread 1902081] Found last_post_id at page 20, stopping...
2026-01-15 18:17:56,272 - INFO - [Thread 1902081] Collected 0 posts in 4.7s
2026-01-15 18:17:56,273 - INFO - Thu thập được 0 posts từ thread
2026-01-15 18:17:57,372 - INFO - [Thread 1943359] Existing thread, crawling reverse 2→1 until last_post_id: post-47878803
2026-01-15 18:17:59,695 - INFO - [Thread 1943359] Found last_post_id at page 2, stopping...
2026-01-15 18:17:59,695 - INFO - [Thread 1943359] Collected 0 posts in 4.6s
2026-01-15 18:17:59,696 - INFO - Thu thập được 0 posts từ thread
2026-01-15 18:17:59,697 - INFO - Hoàn thành trang 1, tổng posts: 296
2026-01-15 18:18:12,978 - INFO - Đang xử lý trang 2
2026-01-15 18:18:19,651 - INFO - Tìm thấy 20 threads trên trang 2
2026-01-15 18:18:21,680 - INFO - Đã thu thập thông tin 20 threads, bắt đầu crawl posts...
2026-01-15 18:18:21,682 - INFO - [1/20] Crawl thread: FOC - Viên kim cương bị lãng quên - Trỗi dậy cùng ...
2026-01-15 18:18:21,682 - INFO - [2/20] Crawl thread: Sóng Uptrend tốt nhất chu kỳ dự kiến 2026 +3-6 thá...
2026-01-15 18:18:24,038 - INFO - [Thread 1912015] Existing thread, crawling reverse 13→1 until last_post_id: post-47878789
2026-01-15 18:18:24,295 - INFO - [Thread 1942299] Existing thread, crawling reverse 23→1 until last_post_id: post-47878781
2026-01-15 18:18:26,322 - INFO - [Thread 1912015] Found last_post_id at page 13, stopping...
2026-01-15 18:18:26,322 - INFO - [Thread 1912015] Collected 0 posts in 4.6s
2026-01-15 18:18:26,323 - INFO - Thu thập được 0 posts từ thread
2026-01-15 18:18:26,324 - INFO - [3/20] Crawl thread: Thanh khoản...
2026-01-15 18:18:26,576 - INFO - [Thread 1942299] Found last_post_id at page 23, stopping...
2026-01-15 18:18:26,577 - INFO - [Thread 1942299] Collected 0 posts in 4.9s
2026-01-15 18:18:26,577 - INFO - Thu thập được 0 posts từ thread
2026-01-15 18:18:26,579 - INFO - [4/20] Crawl thread: Săn lùng cổ phiếu PENNY đột biến 2026!...
2026-01-15 18:18:28,818 - INFO - [Thread 1943459] Existing thread, crawling reverse 7→1 until last_post_id: post-47878763
2026-01-15 18:18:28,895 - INFO - [Thread 1943779] Existing thread, crawling reverse 6→1 until last_post_id: post-47878773
2026-01-15 18:18:31,066 - INFO - [Thread 1943459] Found last_post_id at page 7, stopping...
2026-01-15 18:18:31,067 - INFO - [Thread 1943459] Collected 0 posts in 4.7s
2026-01-15 18:18:31,068 - INFO - Thu thập được 0 posts từ thread
2026-01-15 18:18:31,071 - INFO - [5/20] Crawl thread: HDG lợi nhuận nghìn tỷ vượt kế hoạch 2023...
2026-01-15 18:18:31,225 - INFO - [Thread 1943779] Found last_post_id at page 6, stopping...
2026-01-15 18:18:31,226 - INFO - [Thread 1943779] Collected 0 posts in 4.6s
2026-01-15 18:18:31,226 - INFO - Thu thập được 0 posts từ thread
2026-01-15 18:18:31,230 - INFO - [6/20] Crawl thread: Làm gì có sóng cổ phiếu ngân hàng lúc này…...
2026-01-15 18:18:33,373 - INFO - [Thread 1857501] Existing thread, crawling reverse 504→1 until last_post_id: post-47878767
2026-01-15 18:18:33,550 - INFO - [Thread 1943823] Existing thread, crawling reverse 7→1 until last_post_id: post-47878749
2026-01-15 18:18:35,647 - INFO - [Thread 1857501] Found last_post_id at page 504, stopping...
2026-01-15 18:18:35,649 - INFO - [Thread 1857501] Collected 0 posts in 4.6s
2026-01-15 18:18:35,650 - INFO - Thu thập được 0 posts từ thread
2026-01-15 18:18:35,653 - INFO - [7/20] Crawl thread: BSR tiền mặt 42.000 tỷ, chia cổ tức 61,5%, bóng dá...
2026-01-15 18:18:35,938 - INFO - [Thread 1943823] Found last_post_id at page 7, stopping...
2026-01-15 18:18:35,942 - INFO - [Thread 1943823] Collected 0 posts in 4.7s
2026-01-15 18:18:35,942 - INFO - Thu thập được 0 posts từ thread
2026-01-15 18:18:35,946 - INFO - [8/20] Crawl thread: QCG: liệu có một trận đánh lớn?...
2026-01-15 18:18:38,048 - INFO - [Thread 1927427] Existing thread, crawling reverse 70→1 until last_post_id: post-47878743
2026-01-15 18:18:38,319 - INFO - [Thread 1943743] Existing thread, crawling reverse 2→1 until last_post_id: post-47878739
2026-01-15 18:18:40,326 - INFO - [Thread 1927427] Found last_post_id at page 70, stopping...
2026-01-15 18:18:40,327 - INFO - [Thread 1927427] Collected 0 posts in 4.7s
2026-01-15 18:18:40,328 - INFO - Thu thập được 0 posts từ thread
2026-01-15 18:18:40,331 - INFO - [9/20] Crawl thread: Tản mạn về CPI và TTCK (53)...
2026-01-15 18:18:40,633 - INFO - [Thread 1943743] Found last_post_id at page 2, stopping...
2026-01-15 18:18:40,634 - INFO - [Thread 1943743] Collected 0 posts in 4.7s
2026-01-15 18:18:40,635 - INFO - Thu thập được 0 posts từ thread
2026-01-15 18:18:40,638 - INFO - [10/20] Crawl thread: Xin 3 chữ cái cho năm 2026......
2026-01-15 18:18:42,722 - INFO - [Thread 1942249] Existing thread, crawling reverse 45→1 until last_post_id: post-47878649
2026-01-15 18:18:42,916 - INFO - [Thread 1943931] Existing thread, crawling reverse 1→1 until last_post_id: post-47878693
2026-01-15 18:18:44,979 - INFO - [Thread 1942249] Found last_post_id at page 45, stopping...
2026-01-15 18:18:44,980 - INFO - [Thread 1942249] Collected 0 posts in 4.6s
2026-01-15 18:18:44,980 - INFO - Thu thập được 0 posts từ thread
2026-01-15 18:18:44,982 - INFO - [11/20] Crawl thread: BIDV chào bán riêng lẻ với giá 38,900 đồng/cp...
2026-01-15 18:18:45,203 - INFO - [Thread 1943931] Found last_post_id at page 1, stopping...
2026-01-15 18:18:45,204 - INFO - [Thread 1943931] Collected 0 posts in 4.6s
2026-01-15 18:18:45,205 - INFO - Thu thập được 0 posts từ thread
2026-01-15 18:18:45,207 - INFO - [12/20] Crawl thread: Khuyến nghị mua VIX...
2026-01-15 18:18:47,335 - INFO - [Thread 1943821] Existing thread, crawling reverse 8→1 until last_post_id: post-47878339
2026-01-15 18:18:47,527 - INFO - [Thread 1902573] Existing thread, crawling reverse 48→1 until last_post_id: post-47878683
2026-01-15 18:18:49,654 - INFO - [Thread 1943821] Found last_post_id at page 8, stopping...
2026-01-15 18:18:49,655 - INFO - [Thread 1943821] Collected 0 posts in 4.7s
2026-01-15 18:18:49,655 - INFO - Thu thập được 0 posts từ thread
2026-01-15 18:18:49,656 - INFO - [13/20] Crawl thread: VCB – Mô hình “Cốc và Tay Cầm” đang hình thành?...
2026-01-15 18:18:49,779 - INFO - [Thread 1902573] Found last_post_id at page 48, stopping...
2026-01-15 18:18:49,779 - INFO - [Thread 1902573] Collected 0 posts in 4.6s
2026-01-15 18:18:49,780 - INFO - Thu thập được 0 posts từ thread
2026-01-15 18:18:49,781 - INFO - [14/20] Crawl thread: Các cổ phiếu nhà nước cầm trên 80% mà giá chưa tăn...
2026-01-15 18:18:51,947 - INFO - [Thread 1933181] Existing thread, crawling reverse 2→1 until last_post_id: post-47878675
2026-01-15 18:18:52,066 - INFO - [Thread 1943905] Existing thread, crawling reverse 2→1 until last_post_id: post-47877865
2026-01-15 18:18:54,224 - INFO - [Thread 1933181] Found last_post_id at page 2, stopping...
2026-01-15 18:18:54,224 - INFO - [Thread 1933181] Collected 0 posts in 4.6s
2026-01-15 18:18:54,225 - INFO - Thu thập được 0 posts từ thread
2026-01-15 18:18:54,227 - INFO - [15/20] Crawl thread: VOS-vào sóng !...
2026-01-15 18:18:54,355 - INFO - [Thread 1943905] Found last_post_id at page 2, stopping...
2026-01-15 18:18:54,356 - INFO - [Thread 1943905] Collected 0 posts in 4.6s
2026-01-15 18:18:54,356 - INFO - Thu thập được 0 posts từ thread
2026-01-15 18:18:54,358 - INFO - [16/20] Crawl thread: 2026: Dự Đỉnh 1960- Đáy 1340. Cơ hội nào cho NĐT...
2026-01-15 18:18:56,556 - INFO - [Thread 1942127] Existing thread, crawling reverse 9→1 until last_post_id: post-47878621
2026-01-15 18:18:56,755 - INFO - [Thread 1942323] Existing thread, crawling reverse 31→1 until last_post_id: post-47878221
2026-01-15 18:18:58,780 - INFO - [Thread 1942127] Found last_post_id at page 9, stopping...
2026-01-15 18:18:58,781 - INFO - [Thread 1942127] Collected 0 posts in 4.6s
2026-01-15 18:18:58,781 - INFO - Thu thập được 0 posts từ thread
2026-01-15 18:18:58,784 - INFO - [17/20] Crawl thread: 15/1 bắt đáy...
2026-01-15 18:18:59,069 - INFO - [Thread 1942323] Found last_post_id at page 31, stopping...
2026-01-15 18:18:59,073 - INFO - [Thread 1942323] Collected 0 posts in 4.7s
2026-01-15 18:18:59,074 - INFO - Thu thập được 0 posts từ thread
2026-01-15 18:18:59,076 - INFO - [18/20] Crawl thread: VCI target 41.5, 44.5, 47.5...hết sóng 52 - 58...
2026-01-15 18:19:01,051 - INFO - [Thread 1943867] Existing thread, crawling reverse 3→1 until last_post_id: post-47878601
2026-01-15 18:19:01,481 - INFO - [Thread 1943853] Existing thread, crawling reverse 3→1 until last_post_id: post-47878595
2026-01-15 18:19:03,303 - INFO - [Thread 1943867] Found last_post_id at page 3, stopping...
2026-01-15 18:19:03,305 - INFO - [Thread 1943867] Collected 0 posts in 4.5s
2026-01-15 18:19:03,306 - INFO - Thu thập được 0 posts từ thread
2026-01-15 18:19:03,308 - INFO - [19/20] Crawl thread: Gía mục tiêu cp ……..siêu sóng ….siêu sóng……….....
2026-01-15 18:19:03,731 - INFO - [Thread 1943853] Found last_post_id at page 3, stopping...
2026-01-15 18:19:03,732 - INFO - [Thread 1943853] Collected 0 posts in 4.7s
2026-01-15 18:19:03,733 - INFO - Thu thập được 0 posts từ thread
2026-01-15 18:19:03,735 - INFO - [20/20] Crawl thread: BID: Tăng một mạch 7 phiên 40%...
2026-01-15 18:19:05,728 - INFO - [Thread 1943745] Existing thread, crawling reverse 2→1 until last_post_id: post-47878583
2026-01-15 18:19:06,039 - INFO - [Thread 1943741] Existing thread, crawling reverse 1→1 until last_post_id: post-47878569
2026-01-15 18:19:08,067 - INFO - [Thread 1943745] Found last_post_id at page 2, stopping...
2026-01-15 18:19:08,067 - INFO - [Thread 1943745] Collected 0 posts in 4.8s
2026-01-15 18:19:08,068 - INFO - Thu thập được 0 posts từ thread
2026-01-15 18:19:08,325 - INFO - [Thread 1943741] Found last_post_id at page 1, stopping...
2026-01-15 18:19:08,326 - INFO - [Thread 1943741] Collected 0 posts in 4.6s
2026-01-15 18:19:08,326 - INFO - Thu thập được 0 posts từ thread
2026-01-15 18:19:08,328 - INFO - Hoàn thành trang 2, tổng posts: 296
2026-01-15 18:19:12,545 - INFO - Đang xử lý trang 3
2026-01-15 18:19:17,733 - INFO - Tìm thấy 20 threads trên trang 3
2026-01-15 18:19:22,339 - INFO - Đã thu thập thông tin 20 threads, bắt đầu crawl posts...
2026-01-15 18:19:22,342 - INFO - [1/20] Crawl thread: Lạm bàn về Cảng Đà Nẵng - CDN...
2026-01-15 18:19:22,342 - INFO - [2/20] Crawl thread: THG-Những nốt thăng trầm...
2026-01-15 18:19:24,809 - INFO - [Thread 1883213] Existing thread, crawling reverse 28→1 until last_post_id: post-47878553
2026-01-15 18:19:24,817 - INFO - [Thread 1924015] Existing thread, crawling reverse 94→1 until last_post_id: post-47878551
2026-01-15 18:19:27,140 - INFO - [Thread 1883213] Found last_post_id at page 28, stopping...
2026-01-15 18:19:27,151 - INFO - [Thread 1924015] Found last_post_id at page 94, stopping...
2026-01-15 18:19:27,152 - INFO - [Thread 1924015] Collected 0 posts in 4.8s
2026-01-15 18:19:27,152 - INFO - [Thread 1883213] Collected 0 posts in 4.8s
2026-01-15 18:19:27,156 - INFO - Thu thập được 0 posts từ thread
2026-01-15 18:19:27,156 - INFO - Thu thập được 0 posts từ thread
2026-01-15 18:19:27,161 - INFO - [3/20] Crawl thread: DCM - Liên tục phá đỉnh 2025-2026...
2026-01-15 18:19:27,161 - INFO - [4/20] Crawl thread: VNM Cơ hội đang rất rõ ràng !...
2026-01-15 18:19:29,534 - INFO - [Thread 1926367] Existing thread, crawling reverse 175→1 until last_post_id: post-47878521
2026-01-15 18:19:29,575 - INFO - [Thread 1929137] Existing thread, crawling reverse 53→1 until last_post_id: post-47878547
2026-01-15 18:19:31,771 - INFO - [Thread 1926367] Found last_post_id at page 175, stopping...
2026-01-15 18:19:31,773 - INFO - [Thread 1926367] Collected 0 posts in 4.6s
2026-01-15 18:19:31,774 - INFO - Thu thập được 0 posts từ thread
2026-01-15 18:19:31,777 - INFO - [5/20] Crawl thread: HDB- Tiếp tục hành trình chinh phục những đỉnh cao...
2026-01-15 18:19:31,817 - INFO - [Thread 1929137] Found last_post_id at page 53, stopping...
2026-01-15 18:19:31,818 - INFO - [Thread 1929137] Collected 0 posts in 4.7s
2026-01-15 18:19:31,819 - INFO - Thu thập được 0 posts từ thread
2026-01-15 18:19:31,822 - INFO - [6/20] Crawl thread: HID sẽ lại X5 từ vùng giá 4.x ???...
2026-01-15 18:19:34,077 - INFO - [Thread 1943915] Existing thread, crawling reverse 3→1 until last_post_id: post-47878239
2026-01-15 18:19:34,199 - INFO - [Thread 1943407] Existing thread, crawling reverse 19→1 until last_post_id: post-47878429
2026-01-15 18:19:36,388 - INFO - [Thread 1943915] Found last_post_id at page 3, stopping...
2026-01-15 18:19:36,389 - INFO - [Thread 1943915] Collected 0 posts in 4.6s
2026-01-15 18:19:36,389 - INFO - Thu thập được 0 posts từ thread
2026-01-15 18:19:36,391 - INFO - [7/20] Crawl thread: Index Ký Sự - P3...
2026-01-15 18:19:36,483 - INFO - [Thread 1943407] Found last_post_id at page 19, stopping...
2026-01-15 18:19:36,484 - INFO - [Thread 1943407] Collected 0 posts in 4.7s
2026-01-15 18:19:36,485 - INFO - Thu thập được 0 posts từ thread
2026-01-15 18:19:36,487 - INFO - [8/20] Crawl thread: List thoái vốn SCIC update...
2026-01-15 18:19:38,723 - INFO - [Thread 1943921] Existing thread, crawling reverse 1→1 until last_post_id: post-47877983
2026-01-15 18:19:38,808 - INFO - [Thread 1942309] Existing thread, crawling reverse 7→1 until last_post_id: post-47878535
2026-01-15 18:19:40,946 - INFO - [Thread 1943921] Found last_post_id at page 1, stopping...
2026-01-15 18:19:40,947 - INFO - [Thread 1943921] Collected 0 posts in 4.5s
2026-01-15 18:19:40,947 - INFO - Thu thập được 0 posts từ thread
2026-01-15 18:19:40,949 - INFO - [9/20] Crawl thread: Nghành Dầu khí sẽ dẫn sóng cho năm 2026?...
2026-01-15 18:19:41,105 - INFO - [Thread 1942309] Found last_post_id at page 7, stopping...
2026-01-15 18:19:41,106 - INFO - [Thread 1942309] Collected 0 posts in 4.7s
2026-01-15 18:19:41,107 - INFO - Thu thập được 0 posts từ thread
2026-01-15 18:19:41,109 - INFO - [10/20] Crawl thread: Ngành cao su (GVR, PHR,...) và NQ79...
2026-01-15 18:19:43,278 - INFO - [Thread 1942541] Existing thread, crawling reverse 5→1 until last_post_id: post-47878507
2026-01-15 18:19:43,432 - INFO - [Thread 1943285] Existing thread, crawling reverse 6→1 until last_post_id: post-47878503
2026-01-15 18:19:45,560 - INFO - [Thread 1942541] Found last_post_id at page 5, stopping...
2026-01-15 18:19:45,560 - INFO - [Thread 1942541] Collected 0 posts in 4.6s
2026-01-15 18:19:45,565 - INFO - Thu thập được 0 posts từ thread
2026-01-15 18:19:45,567 - INFO - [11/20] Crawl thread: DGC con hào kinh tế...
2026-01-15 18:19:45,771 - INFO - [Thread 1943285] Found last_post_id at page 6, stopping...
2026-01-15 18:19:45,772 - INFO - [Thread 1943285] Collected 0 posts in 4.7s
2026-01-15 18:19:45,773 - INFO - Thu thập được 0 posts từ thread
2026-01-15 18:19:45,775 - INFO - [12/20] Crawl thread: Căng đét...
2026-01-15 18:19:48,020 - INFO - [Thread 1943929] Existing thread, crawling reverse 1→1 until last_post_id: post-47878457
2026-01-15 18:19:48,090 - INFO - [Thread 1943403] Existing thread, crawling reverse 5→1 until last_post_id: post-47878459
2026-01-15 18:19:50,269 - INFO - [Thread 1943929] Found last_post_id at page 1, stopping...
2026-01-15 18:19:50,269 - INFO - [Thread 1943929] Collected 0 posts in 4.5s
2026-01-15 18:19:50,269 - INFO - Thu thập được 0 posts từ thread
2026-01-15 18:19:50,271 - INFO - [13/20] Crawl thread: Cuối năm 2025, thoát xu hướng tích luỹ...
2026-01-15 18:19:50,428 - INFO - [Thread 1943403] Found last_post_id at page 5, stopping...
2026-01-15 18:19:50,431 - INFO - [Thread 1943403] Collected 0 posts in 4.9s
2026-01-15 18:19:50,431 - INFO - Thu thập được 0 posts từ thread
2026-01-15 18:19:50,435 - INFO - [14/20] Crawl thread: CII hưởng lợi lớn nhất đấu giá đất Thủ Thiêm...
2026-01-15 18:19:52,559 - INFO - [Thread 1936049] Existing thread, crawling reverse 8→1 until last_post_id: post-47878445
2026-01-15 18:19:52,772 - INFO - [Thread 1705091] Existing thread, crawling reverse 213→1 until last_post_id: post-47878425
2026-01-15 18:19:54,834 - INFO - [Thread 1936049] Found last_post_id at page 8, stopping...
2026-01-15 18:19:54,835 - INFO - [Thread 1936049] Collected 0 posts in 4.6s
2026-01-15 18:19:54,835 - INFO - Thu thập được 0 posts từ thread
2026-01-15 18:19:54,837 - INFO - [15/20] Crawl thread: EVF Doanh nghiệp tăng trưởng...
2026-01-15 18:19:54,998 - INFO - [Thread 1705091] Found last_post_id at page 213, stopping...
2026-01-15 18:19:54,998 - INFO - [Thread 1705091] Collected 0 posts in 4.6s
2026-01-15 18:19:54,998 - INFO - Thu thập được 0 posts từ thread
2026-01-15 18:19:55,000 - INFO - [16/20] Crawl thread: Tam tấu SSI - VIX - CTS ! Siêu game bom tấn!...
2026-01-15 18:19:57,136 - INFO - [Thread 1935667] Existing thread, crawling reverse 4→1 until last_post_id: post-47878423
2026-01-15 18:19:57,289 - INFO - [Thread 1923417] Existing thread, crawling reverse 296→1 until last_post_id: post-47878409
2026-01-15 18:19:59,416 - INFO - [Thread 1935667] Found last_post_id at page 4, stopping...
2026-01-15 18:19:59,418 - INFO - [Thread 1935667] Collected 0 posts in 4.6s
2026-01-15 18:19:59,419 - INFO - Thu thập được 0 posts từ thread
2026-01-15 18:19:59,422 - INFO - [17/20] Crawl thread: Thép-Đã đến lúc...
2026-01-15 18:19:59,587 - INFO - [Thread 1923417] Found last_post_id at page 296, stopping...
2026-01-15 18:19:59,588 - INFO - [Thread 1923417] Collected 0 posts in 4.6s
2026-01-15 18:19:59,588 - INFO - Thu thập được 0 posts từ thread
2026-01-15 18:19:59,590 - INFO - [18/20] Crawl thread: Dòng tiền lan toả bước sang năm 2026...
2026-01-15 18:20:01,810 - INFO - [Thread 1943755] Existing thread, crawling reverse 6→1 until last_post_id: post-47878407
2026-01-15 18:20:01,902 - INFO - [Thread 1942743] Existing thread, crawling reverse 6→1 until last_post_id: post-47878399
2026-01-15 18:20:04,117 - INFO - [Thread 1943755] Found last_post_id at page 6, stopping...
2026-01-15 18:20:04,117 - INFO - [Thread 1943755] Collected 0 posts in 4.7s
2026-01-15 18:20:04,118 - INFO - Thu thập được 0 posts từ thread
2026-01-15 18:20:04,121 - INFO - [19/20] Crawl thread: VEA:Tổng CT Máy động lực và máy Nông nghiệp VN- CP...
2026-01-15 18:20:04,235 - INFO - [Thread 1942743] Found last_post_id at page 6, stopping...
2026-01-15 18:20:04,237 - INFO - [Thread 1942743] Collected 0 posts in 4.6s
2026-01-15 18:20:04,237 - INFO - Thu thập được 0 posts từ thread
2026-01-15 18:20:04,240 - INFO - [20/20] Crawl thread: HAG - sắp sang trang mới cổ phiếu vươn mình tăng t...
2026-01-15 18:20:06,455 - INFO - [Thread 1835579] Existing thread, crawling reverse 376→1 until last_post_id: post-47878387
2026-01-15 18:20:06,553 - INFO - [Thread 1935815] Existing thread, crawling reverse 105→1 until last_post_id: post-47878379
2026-01-15 18:20:08,732 - INFO - [Thread 1835579] Found last_post_id at page 376, stopping...
2026-01-15 18:20:08,737 - INFO - [Thread 1835579] Final batch inserted 1/1 posts
2026-01-15 18:20:08,739 - INFO - [Thread 1835579] Collected 1 posts in 4.6s
2026-01-15 18:20:08,739 - INFO - Thu thập được 1 posts từ thread
2026-01-15 18:20:08,881 - INFO - [Thread 1935815] Found last_post_id at page 105, stopping...
2026-01-15 18:20:08,882 - INFO - [Thread 1935815] Collected 0 posts in 4.6s
2026-01-15 18:20:08,882 - INFO - Thu thập được 0 posts từ thread
2026-01-15 18:20:08,883 - INFO - Hoàn thành trang 3, tổng posts: 297
2026-01-15 18:20:20,220 - INFO - Đang xử lý trang 4
2026-01-15 18:20:25,475 - INFO - Tìm thấy 20 threads trên trang 4
2026-01-15 18:20:27,403 - INFO - Đã thu thập thông tin 20 threads, bắt đầu crawl posts...
2026-01-15 18:20:27,404 - INFO - [1/20] Crawl thread: BBC: Chia cổ tức kỷ lục 373,5%...
2026-01-15 18:20:27,404 - INFO - [2/20] Crawl thread: PGV - Khủng long ngành điện...
2026-01-15 18:20:29,776 - INFO - [Thread 1943807] Existing thread, crawling reverse 4→1 until last_post_id: post-47878181
2026-01-15 18:20:29,787 - INFO - [Thread 1550217] Existing thread, crawling reverse 253→1 until last_post_id: post-47878345
2026-01-15 18:20:32,035 - INFO - [Thread 1943807] Found last_post_id at page 4, stopping...
2026-01-15 18:20:32,037 - INFO - [Thread 1943807] Collected 0 posts in 4.6s
2026-01-15 18:20:32,037 - INFO - Thu thập được 0 posts từ thread
2026-01-15 18:20:32,040 - INFO - [3/20] Crawl thread: NT2 - Góc nhìn về giá trị!!!...
2026-01-15 18:20:32,148 - INFO - [Thread 1550217] Found last_post_id at page 253, stopping...
2026-01-15 18:20:32,150 - INFO - [Thread 1550217] Collected 0 posts in 4.7s
2026-01-15 18:20:32,150 - INFO - Thu thập được 0 posts từ thread
2026-01-15 18:20:32,152 - INFO - [4/20] Crawl thread: HNG Hướng tới vùng 20...
2026-01-15 18:20:34,399 - INFO - [Thread 1935045] Existing thread, crawling reverse 6→1 until last_post_id: post-47878307
2026-01-15 18:20:34,489 - INFO - [Thread 1910241] Existing thread, crawling reverse 149→1 until last_post_id: post-47878235
2026-01-15 18:20:36,742 - INFO - [Thread 1935045] Found last_post_id at page 6, stopping...
2026-01-15 18:20:36,745 - INFO - [Thread 1935045] Collected 0 posts in 4.7s
2026-01-15 18:20:36,746 - INFO - Thu thập được 0 posts từ thread
2026-01-15 18:20:36,747 - INFO - [5/20] Crawl thread: ISH vs GHC – Cổ tức bằng tiền ổn định và trọn đời!...
2026-01-15 18:20:36,852 - INFO - [Thread 1910241] Found last_post_id at page 149, stopping...
2026-01-15 18:20:36,853 - INFO - [Thread 1910241] Collected 0 posts in 4.7s
2026-01-15 18:20:36,854 - INFO - Thu thập được 0 posts từ thread
2026-01-15 18:20:36,857 - INFO - [6/20] Crawl thread: VNM đạt lợi nhuận hơn +19%, gặp gỡ trực tiếp chuyê...
2026-01-15 18:20:39,156 - INFO - [Thread 1943891] Existing thread, crawling reverse 1→1 until last_post_id: post-47877171
2026-01-15 18:20:39,183 - INFO - [Thread 1844081] Existing thread, crawling reverse 44→1 until last_post_id: post-47878229
2026-01-15 18:20:41,433 - INFO - [Thread 1943891] Found last_post_id at page 1, stopping...
2026-01-15 18:20:41,434 - INFO - [Thread 1943891] Collected 0 posts in 4.6s
2026-01-15 18:20:41,435 - INFO - Thu thập được 0 posts từ thread
2026-01-15 18:20:41,438 - INFO - [7/20] Crawl thread: Nhận định thị trường hàng ngày...
2026-01-15 18:20:41,458 - INFO - [Thread 1844081] Found last_post_id at page 44, stopping...
2026-01-15 18:20:41,460 - INFO - [Thread 1844081] Collected 0 posts in 4.7s
2026-01-15 18:20:41,460 - INFO - Thu thập được 0 posts từ thread
2026-01-15 18:20:41,463 - INFO - [8/20] Crawl thread: Vĩ mô ngành BĐS – Cơn bão lớn hay chỉ là khó khăn ...
2026-01-15 18:20:43,791 - INFO - [Thread 1806081] Existing thread, crawling reverse 122→1 until last_post_id: post-47878143
2026-01-15 18:20:43,831 - INFO - [Thread 1940867] Existing thread, crawling reverse 2→1 until last_post_id: post-47878133
2026-01-15 18:20:46,080 - INFO - [Thread 1806081] Found last_post_id at page 122, stopping...
2026-01-15 18:20:46,080 - INFO - [Thread 1806081] Collected 0 posts in 4.6s
2026-01-15 18:20:46,081 - INFO - Thu thập được 0 posts từ thread
2026-01-15 18:20:46,083 - INFO - [9/20] Crawl thread: Bất động sản...đến giờ bắt đáy...
2026-01-15 18:20:46,136 - INFO - [Thread 1940867] Found last_post_id at page 2, stopping...
2026-01-15 18:20:46,137 - INFO - [Thread 1940867] Collected 0 posts in 4.7s
2026-01-15 18:20:46,137 - INFO - Thu thập được 0 posts từ thread
2026-01-15 18:20:46,140 - INFO - [10/20] Crawl thread: PVC - Đơn vị số 1 trong mảng bảo dưỡng !...
2026-01-15 18:20:48,355 - INFO - [Thread 1943193] Existing thread, crawling reverse 5→1 until last_post_id: post-47877167
2026-01-15 18:20:48,614 - INFO - [Thread 1880851] Existing thread, crawling reverse 13→1 until last_post_id: post-47878105
2026-01-15 18:20:50,636 - INFO - [Thread 1943193] Found last_post_id at page 5, stopping...
2026-01-15 18:20:50,637 - INFO - [Thread 1943193] Collected 0 posts in 4.6s
2026-01-15 18:20:50,637 - INFO - Thu thập được 0 posts từ thread
2026-01-15 18:20:50,638 - INFO - [11/20] Crawl thread: PVC – Kỳ vọng trở thành đơn vị số 1 trong mảng bảo...
2026-01-15 18:20:50,856 - INFO - [Thread 1880851] Found last_post_id at page 13, stopping...
2026-01-15 18:20:50,857 - INFO - [Thread 1880851] Collected 0 posts in 4.7s
2026-01-15 18:20:50,857 - INFO - Thu thập được 0 posts từ thread
2026-01-15 18:20:50,861 - INFO - [12/20] Crawl thread: Cổ phiếu VEA: Triển vọng đầu tư như thế nào trong ...
2026-01-15 18:20:53,035 - INFO - [Thread 1943841] Existing thread, crawling reverse 1→1 until last_post_id: post-47878087
2026-01-15 18:20:53,102 - INFO - [Thread 1902277] Existing thread, crawling reverse 1→1 until last_post_id: post-47878067
2026-01-15 18:20:55,443 - INFO - [Thread 1902277] Found last_post_id at page 1, stopping...
2026-01-15 18:20:55,445 - INFO - [Thread 1902277] Collected 0 posts in 4.6s
2026-01-15 18:20:55,445 - INFO - Thu thập được 0 posts từ thread
2026-01-15 18:20:55,447 - INFO - [13/20] Crawl thread: Vinfast - Xe điện của người Việt (P3)...
2026-01-15 18:20:55,484 - INFO - [Thread 1943841] Found last_post_id at page 1, stopping...
2026-01-15 18:20:55,485 - INFO - [Thread 1943841] Collected 0 posts in 4.8s
2026-01-15 18:20:55,486 - INFO - Thu thập được 0 posts từ thread
2026-01-15 18:20:55,489 - INFO - [14/20] Crawl thread: CSM - Bạn đường tin cậy...
2026-01-15 18:20:57,742 - INFO - [Thread 1882039] Existing thread, crawling reverse 800→1 until last_post_id: post-47877845
2026-01-15 18:20:57,884 - INFO - [Thread 1928135] Existing thread, crawling reverse 81→1 until last_post_id: post-47878017
2026-01-15 18:21:00,049 - INFO - [Thread 1882039] Found last_post_id at page 800, stopping...
2026-01-15 18:21:00,052 - INFO - [Thread 1882039] Collected 0 posts in 4.6s
2026-01-15 18:21:00,052 - INFO - Thu thập được 0 posts từ thread
2026-01-15 18:21:00,056 - INFO - [15/20] Crawl thread: PSD - Đầu tư giá trị, rẻ nhất dòng bán lẻ!...
2026-01-15 18:21:00,214 - INFO - [Thread 1928135] Found last_post_id at page 81, stopping...
2026-01-15 18:21:00,218 - INFO - [Thread 1928135] Collected 0 posts in 4.7s
2026-01-15 18:21:00,219 - INFO - Thu thập được 0 posts từ thread
2026-01-15 18:21:00,223 - INFO - [16/20] Crawl thread: DSH: sở hữu 58% BOT Hà Nội-Bắc Giang...
2026-01-15 18:21:02,400 - INFO - [Thread 1896567] Existing thread, crawling reverse 72→1 until last_post_id: post-47878007
2026-01-15 18:21:02,566 - INFO - [Thread 1943875] Existing thread, crawling reverse 1→1 until last_post_id: post-47877999
2026-01-15 18:21:04,702 - INFO - [Thread 1896567] Found last_post_id at page 72, stopping...
2026-01-15 18:21:04,703 - INFO - [Thread 1896567] Collected 0 posts in 4.6s
2026-01-15 18:21:04,704 - INFO - Thu thập được 0 posts từ thread
2026-01-15 18:21:04,706 - INFO - [17/20] Crawl thread: Quý I - Đầu quý tích lũy để cuối quý bùng nổ...
2026-01-15 18:21:04,938 - INFO - [Thread 1943875] Found last_post_id at page 1, stopping...
2026-01-15 18:21:04,939 - INFO - [Thread 1943875] Collected 0 posts in 4.7s
2026-01-15 18:21:04,939 - INFO - Thu thập được 0 posts từ thread
2026-01-15 18:21:04,942 - INFO - [18/20] Crawl thread: VNM – Có đang trở lại đường đua tăng trưởng?...
2026-01-15 18:21:07,065 - INFO - [Thread 1942287] Existing thread, crawling reverse 7→1 until last_post_id: post-47877981
2026-01-15 18:21:07,356 - INFO - [Thread 1943639] Existing thread, crawling reverse 2→1 until last_post_id: post-47877947
2026-01-15 18:21:09,408 - INFO - [Thread 1942287] Found last_post_id at page 7, stopping...
2026-01-15 18:21:09,408 - INFO - [Thread 1942287] Collected 0 posts in 4.7s
2026-01-15 18:21:09,409 - INFO - Thu thập được 0 posts từ thread
2026-01-15 18:21:09,411 - INFO - [19/20] Crawl thread: MSN - Gã khổng lồ hàng tiêu dùng thức giấc...
2026-01-15 18:21:09,610 - INFO - [Thread 1943639] Found last_post_id at page 2, stopping...
2026-01-15 18:21:09,611 - INFO - [Thread 1943639] Collected 0 posts in 4.7s
2026-01-15 18:21:09,611 - INFO - Thu thập được 0 posts từ thread
2026-01-15 18:21:09,613 - INFO - [20/20] Crawl thread: Game định giá lại tài sản quốc gia -------- Cá mập...
2026-01-15 18:21:11,694 - INFO - [Thread 1926185] Existing thread, crawling reverse 33→1 until last_post_id: post-47877923
2026-01-15 18:21:12,005 - INFO - [Thread 1936055] Existing thread, crawling reverse 10→1 until last_post_id: post-47876653
2026-01-15 18:21:13,980 - INFO - [Thread 1926185] Found last_post_id at page 33, stopping...
2026-01-15 18:21:13,981 - INFO - [Thread 1926185] Collected 0 posts in 4.6s
2026-01-15 18:21:13,981 - INFO - Thu thập được 0 posts từ thread
2026-01-15 18:21:14,338 - INFO - [Thread 1936055] Found last_post_id at page 10, stopping...
2026-01-15 18:21:14,339 - INFO - [Thread 1936055] Collected 0 posts in 4.7s
2026-01-15 18:21:14,339 - INFO - Thu thập được 0 posts từ thread
2026-01-15 18:21:14,342 - INFO - Hoàn thành trang 4, tổng posts: 297
2026-01-15 18:21:28,553 - INFO - Đang xử lý trang 5
2026-01-15 18:21:33,738 - INFO - Tìm thấy 20 threads trên trang 5
2026-01-15 18:21:38,197 - INFO - Đã thu thập thông tin 20 threads, bắt đầu crawl posts...
2026-01-15 18:21:38,200 - INFO - [1/20] Crawl thread: Qcg: Ngày không xa!...
2026-01-15 18:21:38,201 - INFO - [2/20] Crawl thread: ACB: Bị sao vậy?...
2026-01-15 18:21:40,503 - INFO - [Thread 1943721] Existing thread, crawling reverse 2→1 until last_post_id: post-47877833
2026-01-15 18:21:40,611 - INFO - [Thread 1825273] Existing thread, crawling reverse 1629→1 until last_post_id: post-47877841
2026-01-15 18:21:42,816 - INFO - [Thread 1943721] Found last_post_id at page 2, stopping...
2026-01-15 18:21:42,817 - INFO - [Thread 1943721] Collected 0 posts in 4.6s
2026-01-15 18:21:42,818 - INFO - Thu thập được 0 posts từ thread
2026-01-15 18:21:42,821 - INFO - [3/20] Crawl thread: ACV.......
2026-01-15 18:21:42,972 - INFO - [Thread 1825273] Found last_post_id at page 1629, stopping...
2026-01-15 18:21:42,975 - INFO - [Thread 1825273] Collected 0 posts in 4.8s
2026-01-15 18:21:42,975 - INFO - Thu thập được 0 posts từ thread
2026-01-15 18:21:42,978 - INFO - [4/20] Crawl thread: EIB mã duy nhất đi ngược thị trường hôm nay...
2026-01-15 18:21:45,207 - INFO - [Thread 1941417] Existing thread, crawling reverse 9→1 until last_post_id: post-47877831
2026-01-15 18:21:45,257 - INFO - [Thread 1943887] Existing thread, crawling reverse 1→1 until last_post_id: post-47877821
2026-01-15 18:21:47,532 - INFO - [Thread 1941417] Found last_post_id at page 9, stopping...
2026-01-15 18:21:47,541 - INFO - [Thread 1943887] Found last_post_id at page 1, stopping...
2026-01-15 18:21:47,541 - INFO - [Thread 1941417] Collected 0 posts in 4.7s
2026-01-15 18:21:47,541 - INFO - [Thread 1943887] Collected 0 posts in 4.6s
2026-01-15 18:21:47,542 - INFO - Thu thập được 0 posts từ thread
2026-01-15 18:21:47,542 - INFO - Thu thập được 0 posts từ thread
2026-01-15 18:21:47,547 - INFO - [5/20] Crawl thread: Ai đỡ?...
2026-01-15 18:21:47,547 - INFO - [6/20] Crawl thread: Giá xăng lên gần 19.000 đồng một lít...
2026-01-15 18:21:49,820 - INFO - [Thread 1943919] Existing thread, crawling reverse 1→1 until last_post_id: post-47877779
2026-01-15 18:21:49,855 - INFO - [Thread 1943877] Existing thread, crawling reverse 5→1 until last_post_id: post-47877133
2026-01-15 18:21:52,103 - INFO - [Thread 1943919] Found last_post_id at page 1, stopping...
2026-01-15 18:21:52,103 - INFO - [Thread 1943919] Collected 0 posts in 4.6s
2026-01-15 18:21:52,104 - INFO - Thu thập được 0 posts từ thread
2026-01-15 18:21:52,106 - INFO - [7/20] Crawl thread: POW tăng vốn khủng có lập đỉnh mới...
2026-01-15 18:21:52,156 - INFO - [Thread 1943877] Found last_post_id at page 5, stopping...
2026-01-15 18:21:52,156 - INFO - [Thread 1943877] Collected 0 posts in 4.6s
2026-01-15 18:21:52,157 - INFO - Thu thập được 0 posts từ thread
2026-01-15 18:21:52,160 - INFO - [8/20] Crawl thread: vc7 best invest...
2026-01-15 18:21:54,391 - INFO - [Thread 1935387] Existing thread, crawling reverse 12→1 until last_post_id: post-47877789
2026-01-15 18:21:54,479 - INFO - [Thread 1894771] Existing thread, crawling reverse 85→1 until last_post_id: post-47877773
2026-01-15 18:21:56,614 - INFO - [Thread 1935387] Found last_post_id at page 12, stopping...
2026-01-15 18:21:56,615 - INFO - [Thread 1935387] Collected 0 posts in 4.5s
2026-01-15 18:21:56,615 - INFO - Thu thập được 0 posts từ thread
2026-01-15 18:21:56,616 - INFO - [9/20] Crawl thread: ACV- Hình trình vượt 100k/cp bắt đầu từ đây...
2026-01-15 18:21:56,670 - INFO - [Thread 1894771] Found last_post_id at page 85, stopping...
2026-01-15 18:21:56,671 - INFO - [Thread 1894771] Collected 0 posts in 4.5s
2026-01-15 18:21:56,671 - INFO - Thu thập được 0 posts từ thread
2026-01-15 18:21:56,673 - INFO - [10/20] Crawl thread: PC1 bắt đầu vào giai đoạn tăng trưởng vượt đỉnh tr...
2026-01-15 18:21:58,891 - INFO - [Thread 1940601] Existing thread, crawling reverse 12→1 until last_post_id: post-47877749
2026-01-15 18:21:58,963 - INFO - [Thread 1869901] Existing thread, crawling reverse 10→1 until last_post_id: post-47877715
2026-01-15 18:22:01,129 - INFO - [Thread 1940601] Found last_post_id at page 12, stopping...
2026-01-15 18:22:01,130 - INFO - [Thread 1940601] Collected 0 posts in 4.5s
2026-01-15 18:22:01,131 - INFO - Thu thập được 0 posts từ thread
2026-01-15 18:22:01,133 - INFO - [11/20] Crawl thread: Tổng Kết Lợi Nhuận 2025 + Tầm Nhìn 2026!!!...
2026-01-15 18:22:01,181 - INFO - [Thread 1869901] Found last_post_id at page 10, stopping...
2026-01-15 18:22:01,181 - INFO - [Thread 1869901] Collected 0 posts in 4.5s
2026-01-15 18:22:01,182 - INFO - Thu thập được 0 posts từ thread
2026-01-15 18:22:01,185 - INFO - [12/20] Crawl thread: Long giết short cuối phiên...
2026-01-15 18:22:03,451 - INFO - [Thread 1943865] Existing thread, crawling reverse 2→1 until last_post_id: post-47877645
2026-01-15 18:22:03,463 - INFO - [Thread 1942149] Existing thread, crawling reverse 6→1 until last_post_id: post-47877661
2026-01-15 18:22:05,660 - INFO - [Thread 1943865] Found last_post_id at page 2, stopping...
2026-01-15 18:22:05,661 - INFO - [Thread 1943865] Collected 0 posts in 4.5s
2026-01-15 18:22:05,661 - INFO - Thu thập được 0 posts từ thread
2026-01-15 18:22:05,663 - INFO - [13/20] Crawl thread: Nhu cầu bạch kim khan hiếm tăng vọt, dự kiến tiếp ...
2026-01-15 18:22:05,830 - INFO - [Thread 1942149] Found last_post_id at page 6, stopping...
2026-01-15 18:22:05,831 - INFO - [Thread 1942149] Collected 0 posts in 4.7s
2026-01-15 18:22:05,831 - INFO - Thu thập được 0 posts từ thread
2026-01-15 18:22:05,833 - INFO - [14/20] Crawl thread: Bank cổ phần nay làm sao thế ???VIB, ACB, SHB, HDB...
2026-01-15 18:22:07,973 - INFO - [Thread 1943917] Existing thread, crawling reverse 1→1 until last_post_id: post-47877611
2026-01-15 18:22:08,480 - INFO - [Thread 1943633] Existing thread, crawling reverse 5→1 until last_post_id: post-47877605
2026-01-15 18:22:10,502 - INFO - [Thread 1943917] Found last_post_id at page 1, stopping...
2026-01-15 18:22:10,503 - INFO - [Thread 1943917] Collected 0 posts in 4.8s
2026-01-15 18:22:10,503 - INFO - Thu thập được 0 posts từ thread
2026-01-15 18:22:10,506 - INFO - [15/20] Crawl thread: VEA - Tổng Công ty Máy động lực và máy nông nghiệp...
2026-01-15 18:22:10,831 - INFO - [Thread 1943633] Found last_post_id at page 5, stopping...
2026-01-15 18:22:10,832 - INFO - [Thread 1943633] Collected 0 posts in 5.0s
2026-01-15 18:22:10,832 - INFO - Thu thập được 0 posts từ thread
2026-01-15 18:22:10,835 - INFO - [16/20] Crawl thread: HVT - Vững bước trên hành trình phát triển mới...
2026-01-15 18:22:12,796 - INFO - [Thread 1943517] Existing thread, crawling reverse 1→1 until last_post_id: post-47877591
2026-01-15 18:22:13,261 - INFO - [Thread 1919815] Existing thread, crawling reverse 5→1 until last_post_id: post-47877525
2026-01-15 18:22:15,102 - INFO - [Thread 1943517] Found last_post_id at page 1, stopping...
2026-01-15 18:22:15,103 - INFO - [Thread 1943517] Collected 0 posts in 4.6s
2026-01-15 18:22:15,103 - INFO - Thu thập được 0 posts từ thread
2026-01-15 18:22:15,105 - INFO - [17/20] Crawl thread: CIP....CIP....CIP.......Một Siêu phẩm.... Nhân 3 t...
2026-01-15 18:22:15,601 - INFO - [Thread 1919815] Found last_post_id at page 5, stopping...
2026-01-15 18:22:15,603 - INFO - [Thread 1919815] Collected 0 posts in 4.8s
2026-01-15 18:22:15,604 - INFO - Thu thập được 0 posts từ thread
2026-01-15 18:22:15,605 - INFO - [18/20] Crawl thread: Thiên Long Hóa Rồng?...
2026-01-15 18:22:17,423 - INFO - [Thread 1588287] Existing thread, crawling reverse 2→1 until last_post_id: post-47877523
2026-01-15 18:22:17,996 - INFO - [Thread 1861323] Existing thread, crawling reverse 26→1 until last_post_id: post-47877519
2026-01-15 18:22:19,714 - INFO - [Thread 1588287] Found last_post_id at page 2, stopping...
2026-01-15 18:22:19,715 - INFO - [Thread 1588287] Collected 0 posts in 4.6s
2026-01-15 18:22:19,715 - INFO - Thu thập được 0 posts từ thread
2026-01-15 18:22:19,717 - INFO - [19/20] Crawl thread: Báo cáo chiến lược 1/2026: Vững tay cương...
2026-01-15 18:22:20,295 - INFO - [Thread 1861323] Found last_post_id at page 26, stopping...
2026-01-15 18:22:20,296 - INFO - [Thread 1861323] Collected 0 posts in 4.7s
2026-01-15 18:22:20,297 - INFO - Thu thập được 0 posts từ thread
2026-01-15 18:22:20,299 - INFO - [20/20] Crawl thread: SAB - Nằm im kho các trụ khác tăng chóng mặt...
2026-01-15 18:22:21,933 - INFO - [Thread 1943913] Existing thread, crawling reverse 1→1 until last_post_id: post-47877515
2026-01-15 18:22:22,596 - INFO - [Thread 1943441] Existing thread, crawling reverse 2→1 until last_post_id: post-47877493
2026-01-15 18:22:24,164 - INFO - [Thread 1943913] Found last_post_id at page 1, stopping...
2026-01-15 18:22:24,165 - INFO - [Thread 1943913] Collected 0 posts in 4.4s
2026-01-15 18:22:24,165 - INFO - Thu thập được 0 posts từ thread
2026-01-15 18:22:24,856 - INFO - [Thread 1943441] Found last_post_id at page 2, stopping...
2026-01-15 18:22:24,857 - INFO - [Thread 1943441] Collected 0 posts in 4.6s
2026-01-15 18:22:24,857 - INFO - Thu thập được 0 posts từ thread
2026-01-15 18:22:24,859 - INFO - Hoàn thành trang 5, tổng posts: 297
2026-01-15 18:22:37,770 - INFO - Selenium driver stopped
2026-01-15 18:22:37,771 - INFO - Hoàn tất! Tổng cộng thu thập: 297 posts
2026-01-15 18:22:37,772 - INFO - Completed in 6m 18s. Total posts: 297
2026-01-15 18:22:37,773 - INFO - 
================================================================================
2026-01-15 18:22:37,774 - INFO - CRAWL SUMMARY - TỔNG KẾT THU THẬP DỮ LIỆU
2026-01-15 18:22:37,775 - INFO - ================================================================================
2026-01-15 18:22:37,776 - INFO - 
🆕 THREADS MỚI (1 threads):
2026-01-15 18:22:37,777 - INFO - --------------------------------------------------------------------------------
2026-01-15 18:22:37,785 - INFO -   1. [NEW] SSI - điểm yếu ngắn hạn của dòng chứng khoán
2026-01-15 18:22:37,787 - INFO -      Posts:  284 | Thời gian: 1m 11s | Last Post ID: post-47870185
2026-01-15 18:22:37,789 - INFO - 
🔄 THREADS CẬP NHẬT (99 threads):
2026-01-15 18:22:37,790 - INFO - --------------------------------------------------------------------------------
2026-01-15 18:22:37,790 - INFO -   1. [UPDATE] PHR - Sắp nhận đền bù 2-3k tỷ từ Thaco
2026-01-15 18:22:37,791 - INFO -      Posts mới:    1 | Thời gian: 0m 5s
2026-01-15 18:22:37,791 - INFO -      Last Post ID: post-47878747 → post-47878881
2026-01-15 18:22:37,792 - INFO -   2. [UPDATE] Tất cả các dòng sông đều chảy - P2
2026-01-15 18:22:37,792 - INFO -      Posts mới:    1 | Thời gian: 0m 4s
2026-01-15 18:22:37,792 - INFO -      Last Post ID: post-47878847 → post-47878879
2026-01-15 18:22:37,793 - INFO -   3. [UPDATE] Bđs bắt đáy
2026-01-15 18:22:37,794 - INFO -      Posts mới:    2 | Thời gian: 0m 6s
2026-01-15 18:22:37,795 - INFO -      Last Post ID: post-47878855 → post-47878877
2026-01-15 18:22:37,796 - INFO -   4. [UPDATE] Ngôi nhà nhỏ trên Thảo Nguyên - P86
2026-01-15 18:22:37,797 - INFO -      Posts mới:    2 | Thời gian: 0m 4s
2026-01-15 18:22:37,797 - INFO -      Last Post ID: post-47878851 → post-47878873
2026-01-15 18:22:37,797 - INFO -   5. [UPDATE] Tọa sơn, thưởng trà….Luận phong thủy cho năm Bính Ngọ.
2026-01-15 18:22:37,798 - INFO -      Posts mới:    4 | Thời gian: 0m 7s
2026-01-15 18:22:37,798 - INFO -      Last Post ID: post-47878827 → post-47878869
2026-01-15 18:22:37,799 - INFO -   6. [UPDATE] Đánh giá thị trường!
2026-01-15 18:22:37,800 - INFO -      Posts mới:    1 | Thời gian: 0m 4s
2026-01-15 18:22:37,800 - INFO -      Last Post ID: post-47878811 → post-47878861
2026-01-15 18:22:37,801 - INFO -   7. [UPDATE] 6LON_banks(3/4 Big.Banks)Bơm máo,dùng hết ko Ae?
2026-01-15 18:22:37,803 - INFO -      Posts mới:    1 | Thời gian: 0m 4s
2026-01-15 18:22:37,805 - INFO -      Last Post ID: post-47878831 → post-47878857
2026-01-15 18:22:37,806 - INFO -   8. [UPDATE] STB - Cổ phiếu kịch hay đang đến hồi cao trào(Part 10)!!...
2026-01-15 18:22:37,806 - INFO -      Posts mới:    0 | Thời gian: 0m 4s
2026-01-15 18:22:37,807 - INFO -      Last Post ID: post-47878853 → post-47878853
2026-01-15 18:22:37,808 - INFO -   9. [UPDATE] DVN lên được bao nhiêu mọi người
2026-01-15 18:22:37,810 - INFO -      Posts mới:    0 | Thời gian: 0m 4s
2026-01-15 18:22:37,810 - INFO -      Last Post ID: post-47878841 → post-47878841
2026-01-15 18:22:37,811 - INFO -  10. [UPDATE] VIX: quân bài tẩy họ nhà M
2026-01-15 18:22:37,812 - INFO -      Posts mới:    0 | Thời gian: 0m 4s
2026-01-15 18:22:37,813 - INFO -      Last Post ID: post-47878837 → post-47878837
2026-01-15 18:22:37,815 - INFO -  11. [UPDATE] HPG- Sự trở lại của nhà Vua
2026-01-15 18:22:37,817 - INFO -      Posts mới:    0 | Thời gian: 0m 4s
2026-01-15 18:22:37,817 - INFO -      Last Post ID: post-47878835 → post-47878835
2026-01-15 18:22:37,818 - INFO -  12. [UPDATE] SZL-có xứng đáng để đầu tư?
2026-01-15 18:22:37,820 - INFO -      Posts mới:    0 | Thời gian: 0m 4s
2026-01-15 18:22:37,824 - INFO -      Last Post ID: post-47878833 → post-47878833
2026-01-15 18:22:37,825 - INFO -  13. [UPDATE] VNI - vươn mình 1954 or 1975
2026-01-15 18:22:37,826 - INFO -      Posts mới:    0 | Thời gian: 0m 4s
2026-01-15 18:22:37,827 - INFO -      Last Post ID: post-47878775 → post-47878775
2026-01-15 18:22:37,828 - INFO -  14. [UPDATE] 14.1 không nên phức tạp quá - múc là có ăn
2026-01-15 18:22:37,829 - INFO -      Posts mới:    0 | Thời gian: 0m 4s
2026-01-15 18:22:37,830 - INFO -      Last Post ID: post-47878829 → post-47878829
2026-01-15 18:22:37,830 - INFO -  15. [UPDATE] Game mới SHB. Múc mạnh để mua nhà mua xe
2026-01-15 18:22:37,831 - INFO -      Posts mới:    0 | Thời gian: 0m 4s
2026-01-15 18:22:37,832 - INFO -      Last Post ID: post-47878817 → post-47878817
2026-01-15 18:22:37,832 - INFO -  16. [UPDATE] TTN - DN viễn thông vốn hoá 200 tỷ và hợp đồng gần 4000 tỷ đ...
2026-01-15 18:22:37,833 - INFO -      Posts mới:    0 | Thời gian: 0m 4s
2026-01-15 18:22:37,834 - INFO -      Last Post ID: post-47878815 → post-47878815
2026-01-15 18:22:37,834 - INFO -  17. [UPDATE] CTI có gì?
2026-01-15 18:22:37,835 - INFO -      Posts mới:    0 | Thời gian: 0m 4s
2026-01-15 18:22:37,835 - INFO -      Last Post ID: post-47878813 → post-47878813
2026-01-15 18:22:37,836 - INFO -  18. [UPDATE] Công ty vốn hoá 900 tỷ tiền mặt 3000 tỷ
2026-01-15 18:22:37,837 - INFO -      Posts mới:    0 | Thời gian: 0m 4s
2026-01-15 18:22:37,838 - INFO -      Last Post ID: post-47878809 → post-47878809
2026-01-15 18:22:37,839 - INFO -  19. [UPDATE] Topic cổ đông dài hạn Nhiệt điện Quảng Ninh - Đầu tư giá trị...
2026-01-15 18:22:37,841 - INFO -      Posts mới:    0 | Thời gian: 0m 4s
2026-01-15 18:22:37,842 - INFO -      Last Post ID: post-47878803 → post-47878803
2026-01-15 18:22:37,843 - INFO -  20. [UPDATE] FOC - Viên kim cương bị lãng quên - Trỗi dậy cùng "Kỹ Nguyên...
2026-01-15 18:22:37,843 - INFO -      Posts mới:    0 | Thời gian: 0m 4s
2026-01-15 18:22:37,844 - INFO -      Last Post ID: post-47878789 → post-47878789
2026-01-15 18:22:37,845 - INFO -  21. [UPDATE] Sóng Uptrend tốt nhất chu kỳ dự kiến 2026 +3-6 tháng 2027!
2026-01-15 18:22:37,846 - INFO -      Posts mới:    0 | Thời gian: 0m 4s
2026-01-15 18:22:37,847 - INFO -      Last Post ID: post-47878781 → post-47878781
2026-01-15 18:22:37,847 - INFO -  22. [UPDATE] Thanh khoản
2026-01-15 18:22:37,848 - INFO -      Posts mới:    0 | Thời gian: 0m 4s
2026-01-15 18:22:37,848 - INFO -      Last Post ID: post-47878763 → post-47878763
2026-01-15 18:22:37,849 - INFO -  23. [UPDATE] Săn lùng cổ phiếu PENNY đột biến 2026!
2026-01-15 18:22:37,849 - INFO -      Posts mới:    0 | Thời gian: 0m 4s
2026-01-15 18:22:37,850 - INFO -      Last Post ID: post-47878773 → post-47878773
2026-01-15 18:22:37,850 - INFO -  24. [UPDATE] HDG lợi nhuận nghìn tỷ vượt kế hoạch 2023
2026-01-15 18:22:37,851 - INFO -      Posts mới:    0 | Thời gian: 0m 4s
2026-01-15 18:22:37,851 - INFO -      Last Post ID: post-47878767 → post-47878767
2026-01-15 18:22:37,852 - INFO -  25. [UPDATE] Làm gì có sóng cổ phiếu ngân hàng lúc này…
2026-01-15 18:22:37,852 - INFO -      Posts mới:    0 | Thời gian: 0m 4s
2026-01-15 18:22:37,853 - INFO -      Last Post ID: post-47878749 → post-47878749
2026-01-15 18:22:37,854 - INFO -  26. [UPDATE] BSR tiền mặt 42.000 tỷ, chia cổ tức 61,5%, bóng dáng GEE sau...
2026-01-15 18:22:37,855 - INFO -      Posts mới:    0 | Thời gian: 0m 4s
2026-01-15 18:22:37,855 - INFO -      Last Post ID: post-47878743 → post-47878743
2026-01-15 18:22:37,856 - INFO -  27. [UPDATE] QCG: liệu có một trận đánh lớn?
2026-01-15 18:22:37,856 - INFO -      Posts mới:    0 | Thời gian: 0m 4s
2026-01-15 18:22:37,857 - INFO -      Last Post ID: post-47878739 → post-47878739
2026-01-15 18:22:37,858 - INFO -  28. [UPDATE] Tản mạn về CPI và TTCK (53)
2026-01-15 18:22:37,859 - INFO -      Posts mới:    0 | Thời gian: 0m 4s
2026-01-15 18:22:37,860 - INFO -      Last Post ID: post-47878649 → post-47878649
2026-01-15 18:22:37,860 - INFO -  29. [UPDATE] Xin 3 chữ cái cho năm 2026...
2026-01-15 18:22:37,860 - INFO -      Posts mới:    0 | Thời gian: 0m 4s
2026-01-15 18:22:37,861 - INFO -      Last Post ID: post-47878693 → post-47878693
2026-01-15 18:22:37,861 - INFO -  30. [UPDATE] BIDV chào bán riêng lẻ với giá 38,900 đồng/cp
2026-01-15 18:22:37,862 - INFO -      Posts mới:    0 | Thời gian: 0m 4s
2026-01-15 18:22:37,863 - INFO -      Last Post ID: post-47878339 → post-47878339
2026-01-15 18:22:37,864 - INFO -  31. [UPDATE] Khuyến nghị mua VIX
2026-01-15 18:22:37,864 - INFO -      Posts mới:    0 | Thời gian: 0m 4s
2026-01-15 18:22:37,865 - INFO -      Last Post ID: post-47878683 → post-47878683
2026-01-15 18:22:37,865 - INFO -  32. [UPDATE] VCB – Mô hình “Cốc và Tay Cầm” đang hình thành?
2026-01-15 18:22:37,865 - INFO -      Posts mới:    0 | Thời gian: 0m 4s
2026-01-15 18:22:37,866 - INFO -      Last Post ID: post-47878675 → post-47878675
2026-01-15 18:22:37,866 - INFO -  33. [UPDATE] Các cổ phiếu nhà nước cầm trên 80% mà giá chưa tăng ace vào ...
2026-01-15 18:22:37,867 - INFO -      Posts mới:    0 | Thời gian: 0m 4s
2026-01-15 18:22:37,867 - INFO -      Last Post ID: post-47877865 → post-47877865
2026-01-15 18:22:37,868 - INFO -  34. [UPDATE] VOS-vào sóng !
2026-01-15 18:22:37,868 - INFO -      Posts mới:    0 | Thời gian: 0m 4s
2026-01-15 18:22:37,868 - INFO -      Last Post ID: post-47878621 → post-47878621
2026-01-15 18:22:37,868 - INFO -  35. [UPDATE] 2026: Dự Đỉnh 1960- Đáy 1340. Cơ hội nào cho NĐT
2026-01-15 18:22:37,869 - INFO -      Posts mới:    0 | Thời gian: 0m 4s
2026-01-15 18:22:37,869 - INFO -      Last Post ID: post-47878221 → post-47878221
2026-01-15 18:22:37,869 - INFO -  36. [UPDATE] 15/1 bắt đáy
2026-01-15 18:22:37,870 - INFO -      Posts mới:    0 | Thời gian: 0m 4s
2026-01-15 18:22:37,871 - INFO -      Last Post ID: post-47878601 → post-47878601
2026-01-15 18:22:37,872 - INFO -  37. [UPDATE] VCI target 41.5, 44.5, 47.5...hết sóng 52 - 58
2026-01-15 18:22:37,872 - INFO -      Posts mới:    0 | Thời gian: 0m 4s
2026-01-15 18:22:37,873 - INFO -      Last Post ID: post-47878595 → post-47878595
2026-01-15 18:22:37,873 - INFO -  38. [UPDATE] Gía mục tiêu cp ……..siêu sóng ….siêu sóng………..
2026-01-15 18:22:37,874 - INFO -      Posts mới:    0 | Thời gian: 0m 4s
2026-01-15 18:22:37,874 - INFO -      Last Post ID: post-47878583 → post-47878583
2026-01-15 18:22:37,875 - INFO -  39. [UPDATE] BID: Tăng một mạch 7 phiên 40%
2026-01-15 18:22:37,875 - INFO -      Posts mới:    0 | Thời gian: 0m 4s
2026-01-15 18:22:37,876 - INFO -      Last Post ID: post-47878569 → post-47878569
2026-01-15 18:22:37,877 - INFO -  40. [UPDATE] THG-Những nốt thăng trầm
2026-01-15 18:22:37,877 - INFO -      Posts mới:    0 | Thời gian: 0m 4s
2026-01-15 18:22:37,878 - INFO -      Last Post ID: post-47878551 → post-47878551
2026-01-15 18:22:37,878 - INFO -  41. [UPDATE] Lạm bàn về Cảng Đà Nẵng - CDN
2026-01-15 18:22:37,878 - INFO -      Posts mới:    0 | Thời gian: 0m 4s
2026-01-15 18:22:37,879 - INFO -      Last Post ID: post-47878553 → post-47878553
2026-01-15 18:22:37,879 - INFO -  42. [UPDATE] VNM Cơ hội đang rất rõ ràng !
2026-01-15 18:22:37,880 - INFO -      Posts mới:    0 | Thời gian: 0m 4s
2026-01-15 18:22:37,880 - INFO -      Last Post ID: post-47878521 → post-47878521
2026-01-15 18:22:37,881 - INFO -  43. [UPDATE] DCM - Liên tục phá đỉnh 2025-2026
2026-01-15 18:22:37,881 - INFO -      Posts mới:    0 | Thời gian: 0m 4s
2026-01-15 18:22:37,882 - INFO -      Last Post ID: post-47878547 → post-47878547
2026-01-15 18:22:37,882 - INFO -  44. [UPDATE] HDB- Tiếp tục hành trình chinh phục những đỉnh cao mới
2026-01-15 18:22:37,882 - INFO -      Posts mới:    0 | Thời gian: 0m 4s
2026-01-15 18:22:37,883 - INFO -      Last Post ID: post-47878239 → post-47878239
2026-01-15 18:22:37,883 - INFO -  45. [UPDATE] HID sẽ lại X5 từ vùng giá 4.x ???
2026-01-15 18:22:37,883 - INFO -      Posts mới:    0 | Thời gian: 0m 4s
2026-01-15 18:22:37,884 - INFO -      Last Post ID: post-47878429 → post-47878429
2026-01-15 18:22:37,884 - INFO -  46. [UPDATE] List thoái vốn SCIC update
2026-01-15 18:22:37,884 - INFO -      Posts mới:    0 | Thời gian: 0m 4s
2026-01-15 18:22:37,885 - INFO -      Last Post ID: post-47877983 → post-47877983
2026-01-15 18:22:37,885 - INFO -  47. [UPDATE] Index Ký Sự - P3
2026-01-15 18:22:37,887 - INFO -      Posts mới:    0 | Thời gian: 0m 4s
2026-01-15 18:22:37,887 - INFO -      Last Post ID: post-47878535 → post-47878535
2026-01-15 18:22:37,887 - INFO -  48. [UPDATE] Nghành Dầu khí sẽ dẫn sóng cho năm 2026?
2026-01-15 18:22:37,888 - INFO -      Posts mới:    0 | Thời gian: 0m 4s
2026-01-15 18:22:37,889 - INFO -      Last Post ID: post-47878507 → post-47878507
2026-01-15 18:22:37,890 - INFO -  49. [UPDATE] Ngành cao su (GVR, PHR,...) và NQ79
2026-01-15 18:22:37,890 - INFO -      Posts mới:    0 | Thời gian: 0m 4s
2026-01-15 18:22:37,890 - INFO -      Last Post ID: post-47878503 → post-47878503
2026-01-15 18:22:37,891 - INFO -  50. [UPDATE] Căng đét
2026-01-15 18:22:37,891 - INFO -      Posts mới:    0 | Thời gian: 0m 4s
2026-01-15 18:22:37,892 - INFO -      Last Post ID: post-47878457 → post-47878457
2026-01-15 18:22:37,892 - INFO -  51. [UPDATE] DGC con hào kinh tế
2026-01-15 18:22:37,893 - INFO -      Posts mới:    0 | Thời gian: 0m 4s
2026-01-15 18:22:37,893 - INFO -      Last Post ID: post-47878459 → post-47878459
2026-01-15 18:22:37,894 - INFO -  52. [UPDATE] Cuối năm 2025, thoát xu hướng tích luỹ
2026-01-15 18:22:37,895 - INFO -      Posts mới:    0 | Thời gian: 0m 4s
2026-01-15 18:22:37,895 - INFO -      Last Post ID: post-47878445 → post-47878445
2026-01-15 18:22:37,896 - INFO -  53. [UPDATE] CII hưởng lợi lớn nhất đấu giá đất Thủ Thiêm
2026-01-15 18:22:37,896 - INFO -      Posts mới:    0 | Thời gian: 0m 4s
2026-01-15 18:22:37,897 - INFO -      Last Post ID: post-47878425 → post-47878425
2026-01-15 18:22:37,897 - INFO -  54. [UPDATE] EVF Doanh nghiệp tăng trưởng
2026-01-15 18:22:37,897 - INFO -      Posts mới:    0 | Thời gian: 0m 4s
2026-01-15 18:22:37,898 - INFO -      Last Post ID: post-47878423 → post-47878423
2026-01-15 18:22:37,898 - INFO -  55. [UPDATE] Tam tấu SSI - VIX - CTS ! Siêu game bom tấn!
2026-01-15 18:22:37,899 - INFO -      Posts mới:    0 | Thời gian: 0m 4s
2026-01-15 18:22:37,899 - INFO -      Last Post ID: post-47878409 → post-47878409
2026-01-15 18:22:37,899 - INFO -  56. [UPDATE] Thép-Đã đến lúc
2026-01-15 18:22:37,900 - INFO -      Posts mới:    0 | Thời gian: 0m 4s
2026-01-15 18:22:37,900 - INFO -      Last Post ID: post-47878407 → post-47878407
2026-01-15 18:22:37,900 - INFO -  57. [UPDATE] Dòng tiền lan toả bước sang năm 2026
2026-01-15 18:22:37,901 - INFO -      Posts mới:    0 | Thời gian: 0m 4s
2026-01-15 18:22:37,901 - INFO -      Last Post ID: post-47878399 → post-47878399
2026-01-15 18:22:37,901 - INFO -  58. [UPDATE] VEA:Tổng CT Máy động lực và máy Nông nghiệp VN- CP Đầu tư cự...
2026-01-15 18:22:37,902 - INFO -      Posts mới:    1 | Thời gian: 0m 4s
2026-01-15 18:22:37,903 - INFO -      Last Post ID: post-47878387 → post-47878883
2026-01-15 18:22:37,904 - INFO -  59. [UPDATE] HAG - sắp sang trang mới cổ phiếu vươn mình tăng trưởng dài ...
2026-01-15 18:22:37,904 - INFO -      Posts mới:    0 | Thời gian: 0m 4s
2026-01-15 18:22:37,904 - INFO -      Last Post ID: post-47878379 → post-47878379
2026-01-15 18:22:37,905 - INFO -  60. [UPDATE] BBC: Chia cổ tức kỷ lục 373,5%
2026-01-15 18:22:37,905 - INFO -      Posts mới:    0 | Thời gian: 0m 4s
2026-01-15 18:22:37,905 - INFO -      Last Post ID: post-47878181 → post-47878181
2026-01-15 18:22:37,906 - INFO -  61. [UPDATE] PGV - Khủng long ngành điện
2026-01-15 18:22:37,906 - INFO -      Posts mới:    0 | Thời gian: 0m 4s
2026-01-15 18:22:37,906 - INFO -      Last Post ID: post-47878345 → post-47878345
2026-01-15 18:22:37,906 - INFO -  62. [UPDATE] NT2 - Góc nhìn về giá trị!!!
2026-01-15 18:22:37,908 - INFO -      Posts mới:    0 | Thời gian: 0m 4s
2026-01-15 18:22:37,908 - INFO -      Last Post ID: post-47878307 → post-47878307
2026-01-15 18:22:37,909 - INFO -  63. [UPDATE] HNG Hướng tới vùng 20
2026-01-15 18:22:37,909 - INFO -      Posts mới:    0 | Thời gian: 0m 4s
2026-01-15 18:22:37,910 - INFO -      Last Post ID: post-47878235 → post-47878235
2026-01-15 18:22:37,910 - INFO -  64. [UPDATE] VNM đạt lợi nhuận hơn +19%, gặp gỡ trực tiếp chuyên gia 15h3...
2026-01-15 18:22:37,911 - INFO -      Posts mới:    0 | Thời gian: 0m 4s
2026-01-15 18:22:37,911 - INFO -      Last Post ID: post-47877171 → post-47877171
2026-01-15 18:22:37,911 - INFO -  65. [UPDATE] ISH vs GHC – Cổ tức bằng tiền ổn định và trọn đời!!!
2026-01-15 18:22:37,912 - INFO -      Posts mới:    0 | Thời gian: 0m 4s
2026-01-15 18:22:37,912 - INFO -      Last Post ID: post-47878229 → post-47878229
2026-01-15 18:22:37,913 - INFO -  66. [UPDATE] Nhận định thị trường hàng ngày
2026-01-15 18:22:37,913 - INFO -      Posts mới:    0 | Thời gian: 0m 4s
2026-01-15 18:22:37,914 - INFO -      Last Post ID: post-47878143 → post-47878143
2026-01-15 18:22:37,914 - INFO -  67. [UPDATE] Vĩ mô ngành BĐS – Cơn bão lớn hay chỉ là khó khăn tạm thời
2026-01-15 18:22:37,914 - INFO -      Posts mới:    0 | Thời gian: 0m 4s
2026-01-15 18:22:37,915 - INFO -      Last Post ID: post-47878133 → post-47878133
2026-01-15 18:22:37,915 - INFO -  68. [UPDATE] Bất động sản...đến giờ bắt đáy
2026-01-15 18:22:37,915 - INFO -      Posts mới:    0 | Thời gian: 0m 4s
2026-01-15 18:22:37,916 - INFO -      Last Post ID: post-47877167 → post-47877167
2026-01-15 18:22:37,916 - INFO -  69. [UPDATE] PVC - Đơn vị số 1 trong mảng bảo dưỡng !
2026-01-15 18:22:37,916 - INFO -      Posts mới:    0 | Thời gian: 0m 4s
2026-01-15 18:22:37,917 - INFO -      Last Post ID: post-47878105 → post-47878105
2026-01-15 18:22:37,918 - INFO -  70. [UPDATE] Cổ phiếu VEA: Triển vọng đầu tư như thế nào trong 2025
2026-01-15 18:22:37,918 - INFO -      Posts mới:    0 | Thời gian: 0m 4s
2026-01-15 18:22:37,919 - INFO -      Last Post ID: post-47878067 → post-47878067
2026-01-15 18:22:37,920 - INFO -  71. [UPDATE] PVC – Kỳ vọng trở thành đơn vị số 1 trong mảng bảo dưỡng cho...
2026-01-15 18:22:37,921 - INFO -      Posts mới:    0 | Thời gian: 0m 4s
2026-01-15 18:22:37,921 - INFO -      Last Post ID: post-47878087 → post-47878087
2026-01-15 18:22:37,922 - INFO -  72. [UPDATE] Vinfast - Xe điện của người Việt (P3)
2026-01-15 18:22:37,922 - INFO -      Posts mới:    0 | Thời gian: 0m 4s
2026-01-15 18:22:37,922 - INFO -      Last Post ID: post-47877845 → post-47877845
2026-01-15 18:22:37,923 - INFO -  73. [UPDATE] CSM - Bạn đường tin cậy
2026-01-15 18:22:37,923 - INFO -      Posts mới:    0 | Thời gian: 0m 4s
2026-01-15 18:22:37,923 - INFO -      Last Post ID: post-47878017 → post-47878017
2026-01-15 18:22:37,924 - INFO -  74. [UPDATE] PSD - Đầu tư giá trị, rẻ nhất dòng bán lẻ!
2026-01-15 18:22:37,924 - INFO -      Posts mới:    0 | Thời gian: 0m 4s
2026-01-15 18:22:37,924 - INFO -      Last Post ID: post-47878007 → post-47878007
2026-01-15 18:22:37,924 - INFO -  75. [UPDATE] DSH: sở hữu 58% BOT Hà Nội-Bắc Giang
2026-01-15 18:22:37,925 - INFO -      Posts mới:    0 | Thời gian: 0m 4s
2026-01-15 18:22:37,925 - INFO -      Last Post ID: post-47877999 → post-47877999
2026-01-15 18:22:37,925 - INFO -  76. [UPDATE] Quý I - Đầu quý tích lũy để cuối quý bùng nổ
2026-01-15 18:22:37,925 - INFO -      Posts mới:    0 | Thời gian: 0m 4s
2026-01-15 18:22:37,925 - INFO -      Last Post ID: post-47877981 → post-47877981
2026-01-15 18:22:37,925 - INFO -  77. [UPDATE] VNM – Có đang trở lại đường đua tăng trưởng?
2026-01-15 18:22:37,925 - INFO -      Posts mới:    0 | Thời gian: 0m 4s
2026-01-15 18:22:37,925 - INFO -      Last Post ID: post-47877947 → post-47877947
2026-01-15 18:22:37,925 - INFO -  78. [UPDATE] MSN - Gã khổng lồ hàng tiêu dùng thức giấc
2026-01-15 18:22:37,925 - INFO -      Posts mới:    0 | Thời gian: 0m 4s
2026-01-15 18:22:37,926 - INFO -      Last Post ID: post-47877923 → post-47877923
2026-01-15 18:22:37,926 - INFO -  79. [UPDATE] Game định giá lại tài sản quốc gia -------- Cá mập Nhà Nước ...
2026-01-15 18:22:37,926 - INFO -      Posts mới:    0 | Thời gian: 0m 4s
2026-01-15 18:22:37,927 - INFO -      Last Post ID: post-47876653 → post-47876653
2026-01-15 18:22:37,927 - INFO -  80. [UPDATE] ACB: Bị sao vậy?
2026-01-15 18:22:37,927 - INFO -      Posts mới:    0 | Thời gian: 0m 4s
2026-01-15 18:22:37,927 - INFO -      Last Post ID: post-47877833 → post-47877833
2026-01-15 18:22:37,927 - INFO -  81. [UPDATE] Qcg: Ngày không xa!
2026-01-15 18:22:37,927 - INFO -      Posts mới:    0 | Thời gian: 0m 4s
2026-01-15 18:22:37,927 - INFO -      Last Post ID: post-47877841 → post-47877841
2026-01-15 18:22:37,928 - INFO -  82. [UPDATE] EIB mã duy nhất đi ngược thị trường hôm nay
2026-01-15 18:22:37,928 - INFO -      Posts mới:    0 | Thời gian: 0m 4s
2026-01-15 18:22:37,928 - INFO -      Last Post ID: post-47877821 → post-47877821
2026-01-15 18:22:37,928 - INFO -  83. [UPDATE] ACV....
2026-01-15 18:22:37,928 - INFO -      Posts mới:    0 | Thời gian: 0m 4s
2026-01-15 18:22:37,928 - INFO -      Last Post ID: post-47877831 → post-47877831
2026-01-15 18:22:37,928 - INFO -  84. [UPDATE] Giá xăng lên gần 19.000 đồng một lít
2026-01-15 18:22:37,929 - INFO -      Posts mới:    0 | Thời gian: 0m 4s
2026-01-15 18:22:37,929 - INFO -      Last Post ID: post-47877779 → post-47877779
2026-01-15 18:22:37,929 - INFO -  85. [UPDATE] Ai đỡ?
2026-01-15 18:22:37,930 - INFO -      Posts mới:    0 | Thời gian: 0m 4s
2026-01-15 18:22:37,930 - INFO -      Last Post ID: post-47877133 → post-47877133
2026-01-15 18:22:37,930 - INFO -  86. [UPDATE] POW tăng vốn khủng có lập đỉnh mới
2026-01-15 18:22:37,930 - INFO -      Posts mới:    0 | Thời gian: 0m 4s
2026-01-15 18:22:37,930 - INFO -      Last Post ID: post-47877789 → post-47877789
2026-01-15 18:22:37,930 - INFO -  87. [UPDATE] vc7 best invest
2026-01-15 18:22:37,930 - INFO -      Posts mới:    0 | Thời gian: 0m 4s
2026-01-15 18:22:37,930 - INFO -      Last Post ID: post-47877773 → post-47877773
2026-01-15 18:22:37,930 - INFO -  88. [UPDATE] ACV- Hình trình vượt 100k/cp bắt đầu từ đây
2026-01-15 18:22:37,930 - INFO -      Posts mới:    0 | Thời gian: 0m 4s
2026-01-15 18:22:37,930 - INFO -      Last Post ID: post-47877749 → post-47877749
2026-01-15 18:22:37,931 - INFO -  89. [UPDATE] PC1 bắt đầu vào giai đoạn tăng trưởng vượt đỉnh trong năm na...
2026-01-15 18:22:37,931 - INFO -      Posts mới:    0 | Thời gian: 0m 4s
2026-01-15 18:22:37,931 - INFO -      Last Post ID: post-47877715 → post-47877715
2026-01-15 18:22:37,931 - INFO -  90. [UPDATE] Long giết short cuối phiên
2026-01-15 18:22:37,931 - INFO -      Posts mới:    0 | Thời gian: 0m 4s
2026-01-15 18:22:37,931 - INFO -      Last Post ID: post-47877645 → post-47877645
2026-01-15 18:22:37,932 - INFO -  91. [UPDATE] Tổng Kết Lợi Nhuận 2025 + Tầm Nhìn 2026!!!
2026-01-15 18:22:37,932 - INFO -      Posts mới:    0 | Thời gian: 0m 4s
2026-01-15 18:22:37,932 - INFO -      Last Post ID: post-47877661 → post-47877661
2026-01-15 18:22:37,932 - INFO -  92. [UPDATE] Nhu cầu bạch kim khan hiếm tăng vọt, dự kiến tiếp tục vượt n...
2026-01-15 18:22:37,933 - INFO -      Posts mới:    0 | Thời gian: 0m 4s
2026-01-15 18:22:37,933 - INFO -      Last Post ID: post-47877611 → post-47877611
2026-01-15 18:22:37,933 - INFO -  93. [UPDATE] Bank cổ phần nay làm sao thế ???VIB, ACB, SHB, HDB đã tăng g...
2026-01-15 18:22:37,933 - INFO -      Posts mới:    0 | Thời gian: 0m 4s
2026-01-15 18:22:37,933 - INFO -      Last Post ID: post-47877605 → post-47877605
2026-01-15 18:22:37,933 - INFO -  94. [UPDATE] VEA - Tổng Công ty Máy động lực và máy nông nghiệp Việt Nam
2026-01-15 18:22:37,934 - INFO -      Posts mới:    0 | Thời gian: 0m 4s
2026-01-15 18:22:37,934 - INFO -      Last Post ID: post-47877591 → post-47877591
2026-01-15 18:22:37,934 - INFO -  95. [UPDATE] HVT - Vững bước trên hành trình phát triển mới
2026-01-15 18:22:37,934 - INFO -      Posts mới:    0 | Thời gian: 0m 4s
2026-01-15 18:22:37,934 - INFO -      Last Post ID: post-47877525 → post-47877525
2026-01-15 18:22:37,934 - INFO -  96. [UPDATE] CIP....CIP....CIP.......Một Siêu phẩm.... Nhân 3 tk chỉ có t...
2026-01-15 18:22:37,935 - INFO -      Posts mới:    0 | Thời gian: 0m 4s
2026-01-15 18:22:37,935 - INFO -      Last Post ID: post-47877523 → post-47877523
2026-01-15 18:22:37,935 - INFO -  97. [UPDATE] Thiên Long Hóa Rồng?
2026-01-15 18:22:37,935 - INFO -      Posts mới:    0 | Thời gian: 0m 4s
2026-01-15 18:22:37,935 - INFO -      Last Post ID: post-47877519 → post-47877519
2026-01-15 18:22:37,935 - INFO -  98. [UPDATE] Báo cáo chiến lược 1/2026: Vững tay cương
2026-01-15 18:22:37,935 - INFO -      Posts mới:    0 | Thời gian: 0m 4s
2026-01-15 18:22:37,935 - INFO -      Last Post ID: post-47877515 → post-47877515
2026-01-15 18:22:37,935 - INFO -  99. [UPDATE] SAB - Nằm im kho các trụ khác tăng chóng mặt
2026-01-15 18:22:37,935 - INFO -      Posts mới:    0 | Thời gian: 0m 4s
2026-01-15 18:22:37,935 - INFO -      Last Post ID: post-47877493 → post-47877493
2026-01-15 18:22:37,936 - INFO - --------------------------------------------------------------------------------
2026-01-15 18:22:37,936 - INFO - 📊 Tổng số threads: 100 (1 mới, 99 cập nhật)
2026-01-15 18:22:37,937 - INFO - 📝 Tổng số posts mới: 297
2026-01-15 18:22:37,937 - INFO - ⏱️  Tổng thời gian crawl: 6m 18s
2026-01-15 18:22:37,938 - INFO - ================================================================================

2026-01-15 18:22:37,947 - INFO - Disconnected from PostgreSQL
2026-01-15 18:22:37,947 - INFO - Database connection closed
