2026-01-15 19:59:46,338 - INFO - Log file created: logs/crawl_2026-01-15_19-59-46.log
2026-01-15 19:59:46,343 - INFO - Initializing database connection...
2026-01-15 19:59:46,456 - INFO - Connected to PostgreSQL: f319_data
2026-01-15 19:59:46,497 - INFO - Tables created/verified successfully
2026-01-15 19:59:46,499 - INFO - Starting hybrid crawl for 5 pages
2026-01-15 19:59:46,499 - INFO - ====== WebDriver manager ======
2026-01-15 19:59:48,337 - INFO - Get LATEST chromedriver version for google-chrome
2026-01-15 19:59:49,131 - INFO - Get LATEST chromedriver version for google-chrome
2026-01-15 19:59:49,904 - INFO - Driver [C:\Users\admin\.wdm\drivers\chromedriver\win64\143.0.7499.192\chromedriver-win32/chromedriver.exe] found in cache
2026-01-15 19:59:51,191 - INFO - Selenium driver started
2026-01-15 19:59:51,192 - INFO - Đang load trang (New posts)...
2026-01-15 19:59:56,522 - INFO - ✓ URL có pagination: https://f319.com/find-new/posts
2026-01-15 19:59:56,522 - INFO - Sử dụng URL: https://f319.com/find-new/posts
2026-01-15 19:59:56,522 - INFO - Đang xử lý trang 1
2026-01-15 19:59:58,546 - INFO - Tìm thấy 20 threads trên trang 1
2026-01-15 20:00:05,346 - INFO - Đã thu thập thông tin 20 threads, bắt đầu crawl posts...
2026-01-15 20:00:05,351 - INFO - [1/20] Crawl thread: Ngôi nhà nhỏ trên Thảo Nguyên - P86...
2026-01-15 20:00:05,352 - INFO - [2/20] Crawl thread: Đánh giá thị trường!...
2026-01-15 20:00:08,364 - INFO - [Thread 1942185] Existing thread, crawling reverse 527→1 until last_post_id: post-47879091
2026-01-15 20:00:08,380 - INFO - [Thread 1941133] Existing thread, crawling reverse 26→1 until last_post_id: post-47879107
2026-01-15 20:00:10,715 - INFO - [Thread 1941133] Found last_post_id at page 26, stopping...
2026-01-15 20:00:10,752 - INFO - [Thread 1941133] Final batch inserted 1/1 posts
2026-01-15 20:00:10,757 - INFO - [Thread 1941133] Collected 1 posts in 5.4s
2026-01-15 20:00:10,761 - INFO - Thu thập được 1 posts từ thread
2026-01-15 20:00:10,772 - INFO - [3/20] Crawl thread: BIDV chào bán riêng lẻ với giá 38,900 đồng/cp...
2026-01-15 20:00:13,110 - INFO - [Thread 1942185] Found last_post_id at page 526, stopping...
2026-01-15 20:00:13,120 - INFO - [Thread 1942185] Final batch inserted 12/12 posts
2026-01-15 20:00:13,124 - INFO - [Thread 1942185] Collected 12 posts in 7.8s
2026-01-15 20:00:13,125 - INFO - Thu thập được 12 posts từ thread
2026-01-15 20:00:13,133 - INFO - [4/20] Crawl thread: MBB đã về vùng giá mơ ước...
2026-01-15 20:00:13,169 - INFO - [Thread 1943821] Existing thread, crawling reverse 8→1 until last_post_id: post-47878339
2026-01-15 20:00:15,427 - INFO - [Thread 1936289] New thread, crawling forward 1→24...
2026-01-15 20:00:15,573 - INFO - [Thread 1943821] Found last_post_id at page 8, stopping...
2026-01-15 20:00:15,581 - INFO - [Thread 1943821] Final batch inserted 2/2 posts
2026-01-15 20:00:15,583 - INFO - [Thread 1943821] Collected 2 posts in 4.8s
2026-01-15 20:00:15,585 - INFO - Thu thập được 2 posts từ thread
2026-01-15 20:00:15,588 - INFO - [5/20] Crawl thread: Ngành cao su (GVR, PHR,...) và NQ79...
2026-01-15 20:00:17,901 - INFO - [Thread 1943285] Existing thread, crawling reverse 6→1 until last_post_id: post-47878503
2026-01-15 20:00:20,206 - INFO - [Thread 1943285] Found last_post_id at page 6, stopping...
2026-01-15 20:00:20,208 - INFO - [Thread 1943285] Final batch inserted 1/1 posts
2026-01-15 20:00:20,209 - INFO - [Thread 1943285] Collected 1 posts in 4.6s
2026-01-15 20:00:20,209 - INFO - Thu thập được 1 posts từ thread
2026-01-15 20:00:20,211 - INFO - [6/20] Crawl thread: NNC - Siêu cổ phiếu ngành đá tăng trưởng rất mạnh ...
2026-01-15 20:00:22,584 - INFO - [Thread 1927077] New thread, crawling forward 1→31...
2026-01-15 20:00:38,636 - INFO - [Thread 1936289] Batch inserted 100/100 posts at page 10
2026-01-15 20:00:47,070 - INFO - [Thread 1927077] Batch inserted 100/100 posts at page 10
2026-01-15 20:01:05,016 - INFO - [Thread 1936289] Batch inserted 100/100 posts at page 21
2026-01-15 20:01:11,411 - INFO - [Thread 1927077] Batch inserted 100/100 posts at page 20
2026-01-15 20:01:12,145 - INFO - [Thread 1936289] Final batch inserted 39/39 posts
2026-01-15 20:01:12,147 - INFO - [Thread 1936289] Collected 239 posts in 59.0s
2026-01-15 20:01:12,148 - INFO - Thu thập được 239 posts từ thread
2026-01-15 20:01:12,151 - INFO - [7/20] Crawl thread: EIB mã duy nhất đi ngược thị trường hôm nay...
2026-01-15 20:01:14,513 - INFO - [Thread 1943887] Existing thread, crawling reverse 1→1 until last_post_id: post-47877821
2026-01-15 20:01:16,852 - INFO - [Thread 1943887] Found last_post_id at page 1, stopping...
2026-01-15 20:01:16,864 - INFO - [Thread 1943887] Final batch inserted 1/1 posts
2026-01-15 20:01:16,872 - INFO - [Thread 1943887] Collected 1 posts in 4.7s
2026-01-15 20:01:16,875 - INFO - Thu thập được 1 posts từ thread
2026-01-15 20:01:16,897 - INFO - [8/20] Crawl thread: Các trụ VN30 sắp tới cổ phiếu nào lên được chú ý !...
2026-01-15 20:01:19,375 - INFO - [Thread 1943809] Existing thread, crawling reverse 1→1 until last_post_id: post-47875825
2026-01-15 20:01:21,871 - INFO - [Thread 1943809] Found last_post_id at page 1, stopping...
2026-01-15 20:01:21,877 - INFO - [Thread 1943809] Final batch inserted 1/1 posts
2026-01-15 20:01:21,880 - INFO - [Thread 1943809] Collected 1 posts in 5.0s
2026-01-15 20:01:21,881 - INFO - Thu thập được 1 posts từ thread
2026-01-15 20:01:21,887 - INFO - [9/20] Crawl thread: Thanh khoản...
2026-01-15 20:01:24,241 - INFO - [Thread 1943459] Existing thread, crawling reverse 7→1 until last_post_id: post-47878763
2026-01-15 20:01:26,581 - INFO - [Thread 1943459] Found last_post_id at page 7, stopping...
2026-01-15 20:01:26,589 - INFO - [Thread 1943459] Final batch inserted 1/1 posts
2026-01-15 20:01:26,594 - INFO - [Thread 1943459] Collected 1 posts in 4.7s
2026-01-15 20:01:26,597 - INFO - Thu thập được 1 posts từ thread
2026-01-15 20:01:26,600 - INFO - [10/20] Crawl thread: Nhận định vnindex, cổ phiếu tất cả các nhó...
2026-01-15 20:01:28,850 - INFO - [Thread 1943941] New thread, crawling forward 1→1...
2026-01-15 20:01:32,272 - INFO - [Thread 1943941] Final batch inserted 1/1 posts
2026-01-15 20:01:32,275 - INFO - [Thread 1943941] Collected 1 posts in 5.7s
2026-01-15 20:01:32,276 - INFO - Thu thập được 1 posts từ thread
2026-01-15 20:01:32,282 - INFO - [11/20] Crawl thread: Qcg: Ngày không xa!...
2026-01-15 20:01:35,049 - INFO - [Thread 1825273] Existing thread, crawling reverse 1630→1 until last_post_id: post-47879131
2026-01-15 20:01:35,888 - INFO - [Thread 1927077] Batch inserted 100/100 posts at page 30
2026-01-15 20:01:38,276 - INFO - [Thread 1927077] Final batch inserted 11/11 posts
2026-01-15 20:01:38,280 - INFO - [Thread 1927077] Collected 311 posts in 78.1s
2026-01-15 20:01:38,281 - INFO - Thu thập được 311 posts từ thread
2026-01-15 20:01:38,286 - INFO - [12/20] Crawl thread: VIX: quân bài tẩy họ nhà M...
2026-01-15 20:01:39,652 - INFO - [Thread 1825273] Found last_post_id at page 1629, stopping...
2026-01-15 20:01:39,660 - INFO - [Thread 1825273] Final batch inserted 1/1 posts
2026-01-15 20:01:39,663 - INFO - [Thread 1825273] Collected 1 posts in 7.4s
2026-01-15 20:01:39,663 - INFO - Thu thập được 1 posts từ thread
2026-01-15 20:01:39,668 - INFO - [13/20] Crawl thread: Thép-Đã đến lúc...
2026-01-15 20:01:40,603 - INFO - [Thread 1903403] Existing thread, crawling reverse 559→1 until last_post_id: post-47879125
2026-01-15 20:01:42,072 - INFO - [Thread 1943755] Existing thread, crawling reverse 6→1 until last_post_id: post-47879095
2026-01-15 20:01:42,941 - INFO - [Thread 1903403] Found last_post_id at page 559, stopping...
2026-01-15 20:01:42,949 - INFO - [Thread 1903403] Final batch inserted 1/1 posts
2026-01-15 20:01:42,950 - INFO - [Thread 1903403] Collected 1 posts in 4.7s
2026-01-15 20:01:42,951 - INFO - Thu thập được 1 posts từ thread
2026-01-15 20:01:42,960 - INFO - [14/20] Crawl thread: 6LON_banks(3/4 Big.Banks)Bơm máo,dùng hết ko Ae?...
2026-01-15 20:01:44,427 - INFO - [Thread 1943755] Found last_post_id at page 6, stopping...
2026-01-15 20:01:44,435 - INFO - [Thread 1943755] Final batch inserted 1/1 posts
2026-01-15 20:01:44,439 - INFO - [Thread 1943755] Collected 1 posts in 4.8s
2026-01-15 20:01:44,440 - INFO - Thu thập được 1 posts từ thread
2026-01-15 20:01:44,443 - INFO - [15/20] Crawl thread: HID sẽ lại X5 từ vùng giá 4.x ???...
2026-01-15 20:01:45,275 - INFO - [Thread 1943267] Existing thread, crawling reverse 41→1 until last_post_id: post-47879129
2026-01-15 20:01:46,755 - INFO - [Thread 1943407] Existing thread, crawling reverse 20→1 until last_post_id: post-47879127
2026-01-15 20:01:47,548 - INFO - [Thread 1943267] Found last_post_id at page 41, stopping...
2026-01-15 20:01:47,548 - INFO - [Thread 1943267] Collected 0 posts in 4.6s
2026-01-15 20:01:47,549 - INFO - Thu thập được 0 posts từ thread
2026-01-15 20:01:47,557 - INFO - [16/20] Crawl thread: VSC CP Cảng biển đáng chú ý !...
2026-01-15 20:01:48,994 - INFO - [Thread 1943407] Found last_post_id at page 20, stopping...
2026-01-15 20:01:48,995 - INFO - [Thread 1943407] Collected 0 posts in 4.5s
2026-01-15 20:01:48,996 - INFO - Thu thập được 0 posts từ thread
2026-01-15 20:01:48,999 - INFO - [17/20] Crawl thread: VGS - LN Q3.25 gấp 600% so cùng kỳ, kích hoạch siê...
2026-01-15 20:01:49,878 - INFO - [Thread 1917307] New thread, crawling forward 1→47...
2026-01-15 20:01:51,260 - INFO - [Thread 1935865] New thread, crawling forward 1→15...
2026-01-15 20:02:15,509 - INFO - [Thread 1935865] Batch inserted 100/100 posts at page 10
2026-01-15 20:02:16,116 - INFO - [Thread 1917307] Batch inserted 100/100 posts at page 11
2026-01-15 20:02:27,848 - INFO - [Thread 1935865] Final batch inserted 48/48 posts
2026-01-15 20:02:27,850 - INFO - [Thread 1935865] Collected 148 posts in 38.9s
2026-01-15 20:02:27,851 - INFO - Thu thập được 148 posts từ thread
2026-01-15 20:02:27,852 - INFO - [18/20] Crawl thread: Game định giá lại tài sản quốc gia -------- Cá mập...
2026-01-15 20:02:30,609 - INFO - [Thread 1936055] Existing thread, crawling reverse 10→1 until last_post_id: post-47876653
2026-01-15 20:02:32,942 - INFO - [Thread 1936055] Found last_post_id at page 10, stopping...
2026-01-15 20:02:32,943 - INFO - [Thread 1936055] Collected 0 posts in 5.1s
2026-01-15 20:02:32,944 - INFO - Thu thập được 0 posts từ thread
2026-01-15 20:02:32,947 - INFO - [19/20] Crawl thread: VNM – Có đang trở lại đường đua tăng trưởng?...
2026-01-15 20:02:35,548 - INFO - [Thread 1943639] Existing thread, crawling reverse 2→1 until last_post_id: post-47877947
2026-01-15 20:02:37,885 - INFO - [Thread 1943639] Found last_post_id at page 2, stopping...
2026-01-15 20:02:37,888 - INFO - [Thread 1943639] Collected 0 posts in 4.9s
2026-01-15 20:02:37,889 - INFO - Thu thập được 0 posts từ thread
2026-01-15 20:02:37,893 - INFO - [20/20] Crawl thread: Săn tìm cổ phiếu PENNY đột biến 2025...
2026-01-15 20:02:40,642 - INFO - [Thread 1902465] Existing thread, crawling reverse 241→1 until last_post_id: post-47872883
2026-01-15 20:02:40,998 - INFO - [Thread 1917307] Batch inserted 100/100 posts at page 21
2026-01-15 20:02:42,925 - INFO - [Thread 1902465] Found last_post_id at page 241, stopping...
2026-01-15 20:02:42,927 - INFO - [Thread 1902465] Collected 0 posts in 5.0s
2026-01-15 20:02:42,928 - INFO - Thu thập được 0 posts từ thread
2026-01-15 20:03:05,337 - INFO - [Thread 1917307] Batch inserted 100/100 posts at page 31
2026-01-15 20:03:29,564 - INFO - [Thread 1917307] Batch inserted 100/100 posts at page 41
2026-01-15 20:03:44,031 - INFO - [Thread 1917307] Final batch inserted 61/61 posts
2026-01-15 20:03:44,033 - INFO - [Thread 1917307] Collected 461 posts in 116.5s
2026-01-15 20:03:44,033 - INFO - Thu thập được 461 posts từ thread
2026-01-15 20:03:44,036 - INFO - Hoàn thành trang 1, tổng posts: 1182
2026-01-15 20:03:49,060 - INFO - Đang xử lý trang 2
2026-01-15 20:03:54,631 - INFO - Tìm thấy 20 threads trên trang 2
2026-01-15 20:04:00,856 - INFO - Đã thu thập thông tin 20 threads, bắt đầu crawl posts...
2026-01-15 20:04:00,868 - INFO - [1/20] Crawl thread: Bí mật Năng lượng năng lực Quân Sự ----☆☆☆----Top ...
2026-01-15 20:04:00,872 - INFO - [2/20] Crawl thread: Cooking BCTC, đà tăng VIC VHM đến đâu?...
2026-01-15 20:04:03,664 - INFO - [Thread 1942595] New thread, crawling forward 1→5...
2026-01-15 20:04:03,977 - INFO - [Thread 1943237] New thread, crawling forward 1→6...
2026-01-15 20:04:16,363 - INFO - [Thread 1942595] Final batch inserted 55/55 posts
2026-01-15 20:04:16,366 - INFO - [Thread 1942595] Collected 55 posts in 15.5s
2026-01-15 20:04:16,366 - INFO - Thu thập được 55 posts từ thread
2026-01-15 20:04:16,369 - INFO - [3/20] Crawl thread: VOS-vào sóng !...
2026-01-15 20:04:18,779 - INFO - [Thread 1942127] Existing thread, crawling reverse 9→1 until last_post_id: post-47879101
2026-01-15 20:04:18,970 - INFO - [Thread 1943237] Final batch inserted 54/54 posts
2026-01-15 20:04:18,972 - INFO - [Thread 1943237] Collected 54 posts in 18.1s
2026-01-15 20:04:18,972 - INFO - Thu thập được 54 posts từ thread
2026-01-15 20:04:18,974 - INFO - [4/20] Crawl thread: VEA:Tổng CT Máy động lực và máy Nông nghiệp VN- CP...
2026-01-15 20:04:21,063 - INFO - [Thread 1942127] Found last_post_id at page 9, stopping...
2026-01-15 20:04:21,064 - INFO - [Thread 1942127] Collected 0 posts in 4.7s
2026-01-15 20:04:21,066 - INFO - Thu thập được 0 posts từ thread
2026-01-15 20:04:21,073 - INFO - [5/20] Crawl thread: Tiềm năng GVR - Tập đoàn Cao su Việt Nam...
2026-01-15 20:04:21,320 - INFO - [Thread 1835579] Existing thread, crawling reverse 376→1 until last_post_id: post-47879099
2026-01-15 20:04:23,462 - INFO - [Thread 1582019] Existing thread, crawling reverse 68→1 until last_post_id: post-47879097
2026-01-15 20:04:23,598 - INFO - [Thread 1835579] Found last_post_id at page 376, stopping...
2026-01-15 20:04:23,598 - INFO - [Thread 1835579] Collected 0 posts in 4.6s
2026-01-15 20:04:23,601 - INFO - Thu thập được 0 posts từ thread
2026-01-15 20:04:23,603 - INFO - [6/20] Crawl thread: VNI - vươn mình 1954 or 1975...
2026-01-15 20:04:25,763 - INFO - [Thread 1582019] Found last_post_id at page 68, stopping...
2026-01-15 20:04:25,765 - INFO - [Thread 1582019] Collected 0 posts in 4.7s
2026-01-15 20:04:25,766 - INFO - Thu thập được 0 posts từ thread
2026-01-15 20:04:25,769 - INFO - [7/20] Crawl thread: Bđs bắt đáy...
2026-01-15 20:04:25,937 - INFO - [Thread 1936901] Existing thread, crawling reverse 263→1 until last_post_id: post-47879089
2026-01-15 20:04:28,101 - INFO - [Thread 1940685] Existing thread, crawling reverse 51→1 until last_post_id: post-47879085
2026-01-15 20:04:28,308 - INFO - [Thread 1936901] Found last_post_id at page 263, stopping...
2026-01-15 20:04:28,310 - INFO - [Thread 1936901] Collected 0 posts in 4.7s
2026-01-15 20:04:28,312 - INFO - Thu thập được 0 posts từ thread
2026-01-15 20:04:28,316 - INFO - [8/20] Crawl thread: VHC bước vào chu kỳ tăng trưởng...
2026-01-15 20:04:30,379 - INFO - [Thread 1940685] Found last_post_id at page 51, stopping...
2026-01-15 20:04:30,380 - INFO - [Thread 1940685] Collected 0 posts in 4.6s
2026-01-15 20:04:30,381 - INFO - Thu thập được 0 posts từ thread
2026-01-15 20:04:30,386 - INFO - [9/20] Crawl thread: Săn lùng cổ phiếu PENNY đột biến 2026!...
2026-01-15 20:04:30,679 - INFO - [Thread 1930571] Existing thread, crawling reverse 31→1 until last_post_id: post-47879065
2026-01-15 20:04:32,778 - INFO - [Thread 1943779] Existing thread, crawling reverse 7→1 until last_post_id: post-47879061
2026-01-15 20:04:32,973 - INFO - [Thread 1930571] Found last_post_id at page 31, stopping...
2026-01-15 20:04:32,975 - INFO - [Thread 1930571] Collected 0 posts in 4.7s
2026-01-15 20:04:32,976 - INFO - Thu thập được 0 posts từ thread
2026-01-15 20:04:32,980 - INFO - [10/20] Crawl thread: NVL - Những khó khăn dần được tháo gỡ...
2026-01-15 20:04:35,049 - INFO - [Thread 1943779] Found last_post_id at page 7, stopping...
2026-01-15 20:04:35,050 - INFO - [Thread 1943779] Collected 0 posts in 4.7s
2026-01-15 20:04:35,051 - INFO - Thu thập được 0 posts từ thread
2026-01-15 20:04:35,055 - INFO - [11/20] Crawl thread: PNJ viên kim cương sót lại mở đầu chu kỳ tăng trưở...
2026-01-15 20:04:35,574 - INFO - [Thread 1902473] Existing thread, crawling reverse 277→1 until last_post_id: post-47832853
2026-01-15 20:04:37,649 - INFO - [Thread 1940615] Existing thread, crawling reverse 20→1 until last_post_id: post-47864921
2026-01-15 20:04:37,956 - INFO - [Thread 1902473] Found last_post_id at page 277, stopping...
2026-01-15 20:04:37,958 - INFO - [Thread 1902473] Collected 0 posts in 5.0s
2026-01-15 20:04:37,959 - INFO - Thu thập được 0 posts từ thread
2026-01-15 20:04:37,963 - INFO - [12/20] Crawl thread: CII hưởng lợi lớn nhất đấu giá đất Thủ Thiêm...
2026-01-15 20:04:40,067 - INFO - [Thread 1940615] Found last_post_id at page 20, stopping...
2026-01-15 20:04:40,069 - INFO - [Thread 1940615] Collected 0 posts in 5.0s
2026-01-15 20:04:40,069 - INFO - Thu thập được 0 posts từ thread
2026-01-15 20:04:40,072 - INFO - [13/20] Crawl thread: QCG: liệu có một trận đánh lớn?...
2026-01-15 20:04:40,281 - INFO - [Thread 1705091] Existing thread, crawling reverse 213→1 until last_post_id: post-47879041
2026-01-15 20:04:42,472 - INFO - [Thread 1943743] Existing thread, crawling reverse 2→1 until last_post_id: post-47879009
2026-01-15 20:04:42,832 - INFO - [Thread 1705091] Found last_post_id at page 213, stopping...
2026-01-15 20:04:42,833 - INFO - [Thread 1705091] Collected 0 posts in 4.9s
2026-01-15 20:04:42,833 - INFO - Thu thập được 0 posts từ thread
2026-01-15 20:04:42,837 - INFO - [14/20] Crawl thread: VGI bùng nổ lợi nhuận 2026-2030?...
2026-01-15 20:04:44,820 - INFO - [Thread 1943743] Found last_post_id at page 2, stopping...
2026-01-15 20:04:44,821 - INFO - [Thread 1943743] Collected 0 posts in 4.7s
2026-01-15 20:04:44,821 - INFO - Thu thập được 0 posts từ thread
2026-01-15 20:04:44,824 - INFO - [15/20] Crawl thread: Tản mạn về CPI và TTCK (53)...
2026-01-15 20:04:45,312 - INFO - [Thread 1936621] Existing thread, crawling reverse 27→1 until last_post_id: post-47879003
2026-01-15 20:04:47,222 - INFO - [Thread 1942249] Existing thread, crawling reverse 45→1 until last_post_id: post-47879001
2026-01-15 20:04:47,581 - INFO - [Thread 1936621] Found last_post_id at page 27, stopping...
2026-01-15 20:04:47,582 - INFO - [Thread 1936621] Collected 0 posts in 4.7s
2026-01-15 20:04:47,583 - INFO - Thu thập được 0 posts từ thread
2026-01-15 20:04:47,587 - INFO - [16/20] Crawl thread: Tọa sơn, thưởng trà….Luận phong thủy cho năm Bính ...
2026-01-15 20:04:49,531 - INFO - [Thread 1942249] Found last_post_id at page 45, stopping...
2026-01-15 20:04:49,532 - INFO - [Thread 1942249] Collected 0 posts in 4.7s
2026-01-15 20:04:49,532 - INFO - Thu thập được 0 posts từ thread
2026-01-15 20:04:49,535 - INFO - [17/20] Crawl thread: HQC số 1 NOXH...
2026-01-15 20:04:49,970 - INFO - [Thread 1942255] Existing thread, crawling reverse 146→1 until last_post_id: post-47878999
2026-01-15 20:04:51,891 - INFO - [Thread 1920459] Existing thread, crawling reverse 1→1 until last_post_id: post-46952941
2026-01-15 20:04:52,599 - INFO - [Thread 1942255] Found last_post_id at page 146, stopping...
2026-01-15 20:04:52,601 - INFO - [Thread 1942255] Collected 0 posts in 5.0s
2026-01-15 20:04:52,602 - INFO - Thu thập được 0 posts từ thread
2026-01-15 20:04:52,605 - INFO - [18/20] Crawl thread: Vinfast - Xe điện của người Việt (P3)...
2026-01-15 20:04:54,206 - INFO - [Thread 1920459] Found last_post_id at page 1, stopping...
2026-01-15 20:04:54,207 - INFO - [Thread 1920459] Collected 0 posts in 4.7s
2026-01-15 20:04:54,208 - INFO - Thu thập được 0 posts từ thread
2026-01-15 20:04:54,212 - INFO - [19/20] Crawl thread: CII - Đầu cơ giá trị với tài sản tỉ $ của ...
2026-01-15 20:04:54,920 - INFO - [Thread 1882039] Existing thread, crawling reverse 800→1 until last_post_id: post-47878987
2026-01-15 20:04:56,565 - INFO - [Thread 1923365] Existing thread, crawling reverse 168→1 until last_post_id: post-47878983
2026-01-15 20:04:57,264 - INFO - [Thread 1882039] Found last_post_id at page 800, stopping...
2026-01-15 20:04:57,267 - INFO - [Thread 1882039] Collected 0 posts in 4.7s
2026-01-15 20:04:57,268 - INFO - Thu thập được 0 posts từ thread
2026-01-15 20:04:57,273 - INFO - [20/20] Crawl thread: Xin 3 chữ cái cho năm 2026......
2026-01-15 20:04:58,840 - INFO - [Thread 1923365] Found last_post_id at page 168, stopping...
2026-01-15 20:04:58,842 - INFO - [Thread 1923365] Collected 0 posts in 4.6s
2026-01-15 20:04:58,843 - INFO - Thu thập được 0 posts từ thread
2026-01-15 20:04:59,577 - INFO - [Thread 1943931] Existing thread, crawling reverse 1→1 until last_post_id: post-47878977
2026-01-15 20:05:01,984 - INFO - [Thread 1943931] Found last_post_id at page 1, stopping...
2026-01-15 20:05:01,986 - INFO - [Thread 1943931] Collected 0 posts in 4.7s
2026-01-15 20:05:01,986 - INFO - Thu thập được 0 posts từ thread
2026-01-15 20:05:01,991 - INFO - Hoàn thành trang 2, tổng posts: 1291
2026-01-15 20:05:07,708 - INFO - Đang xử lý trang 3
2026-01-15 20:05:13,132 - INFO - Tìm thấy 20 threads trên trang 3
2026-01-15 20:05:19,236 - INFO - Đã thu thập thông tin 20 threads, bắt đầu crawl posts...
2026-01-15 20:05:19,239 - INFO - [1/20] Crawl thread: STB - Cổ phiếu kịch hay đang đến hồi cao trào(...
2026-01-15 20:05:19,240 - INFO - [2/20] Crawl thread: TPHCM KÍCH HOẠT "TỨ TRỤ" HẠ TẦNG 293.000 TỶ – DÒNG...
2026-01-15 20:05:21,613 - INFO - [Thread 1930607] Existing thread, crawling reverse 133→1 until last_post_id: post-47878971
2026-01-15 20:05:22,153 - INFO - [Thread 1943939] Existing thread, crawling reverse 1→1 until last_post_id: post-47878969
2026-01-15 20:05:23,884 - INFO - [Thread 1930607] Found last_post_id at page 133, stopping...
2026-01-15 20:05:23,885 - INFO - [Thread 1930607] Collected 0 posts in 4.6s
2026-01-15 20:05:23,886 - INFO - Thu thập được 0 posts từ thread
2026-01-15 20:05:23,891 - INFO - [3/20] Crawl thread: Khuyến nghị mua VIX...
2026-01-15 20:05:24,440 - INFO - [Thread 1943939] Found last_post_id at page 1, stopping...
2026-01-15 20:05:24,441 - INFO - [Thread 1943939] Collected 0 posts in 5.2s
2026-01-15 20:05:24,441 - INFO - Thu thập được 0 posts từ thread
2026-01-15 20:05:24,443 - INFO - [4/20] Crawl thread: ACV- Hình trình vượt 100k/cp bắt đầu từ đây...
2026-01-15 20:05:26,233 - INFO - [Thread 1902573] Existing thread, crawling reverse 48→1 until last_post_id: post-47878967
2026-01-15 20:05:26,834 - INFO - [Thread 1940601] Existing thread, crawling reverse 12→1 until last_post_id: post-47878957
2026-01-15 20:05:28,522 - INFO - [Thread 1902573] Found last_post_id at page 48, stopping...
2026-01-15 20:05:28,523 - INFO - [Thread 1902573] Collected 0 posts in 4.6s
2026-01-15 20:05:28,524 - INFO - Thu thập được 0 posts từ thread
2026-01-15 20:05:28,530 - INFO - [5/20] Crawl thread: CDP: CTCP Dược phẩm Trung ương Codupha- CP đầu tư ...
2026-01-15 20:05:29,076 - INFO - [Thread 1940601] Found last_post_id at page 12, stopping...
2026-01-15 20:05:29,076 - INFO - [Thread 1940601] Collected 0 posts in 4.6s
2026-01-15 20:05:29,077 - INFO - Thu thập được 0 posts từ thread
2026-01-15 20:05:29,081 - INFO - [6/20] Crawl thread: HDG lợi nhuận nghìn tỷ vượt kế hoạch 2023...
2026-01-15 20:05:30,856 - INFO - [Thread 1930047] Existing thread, crawling reverse 16→1 until last_post_id: post-47860857
2026-01-15 20:05:31,449 - INFO - [Thread 1857501] Existing thread, crawling reverse 504→1 until last_post_id: post-47878949
2026-01-15 20:05:33,168 - INFO - [Thread 1930047] Found last_post_id at page 16, stopping...
2026-01-15 20:05:33,169 - INFO - [Thread 1930047] Collected 0 posts in 4.6s
2026-01-15 20:05:33,171 - INFO - Thu thập được 0 posts từ thread
2026-01-15 20:05:33,176 - INFO - [7/20] Crawl thread: Sau siêu phẩm BID > Tiếp đến HPG đạt điều kiện XAN...
2026-01-15 20:05:34,052 - INFO - [Thread 1857501] Found last_post_id at page 504, stopping...
2026-01-15 20:05:34,054 - INFO - [Thread 1857501] Collected 0 posts in 5.0s
2026-01-15 20:05:34,055 - INFO - Thu thập được 0 posts từ thread
2026-01-15 20:05:34,059 - INFO - [8/20] Crawl thread: POW tăng vốn khủng có lập đỉnh mới...
2026-01-15 20:05:35,506 - INFO - [Thread 1943825] Existing thread, crawling reverse 1→1 until last_post_id: post-47878941
2026-01-15 20:05:36,383 - INFO - [Thread 1935387] Existing thread, crawling reverse 12→1 until last_post_id: post-47878925
2026-01-15 20:05:38,068 - INFO - [Thread 1943825] Found last_post_id at page 1, stopping...
2026-01-15 20:05:38,070 - INFO - [Thread 1943825] Collected 0 posts in 4.9s
2026-01-15 20:05:38,071 - INFO - Thu thập được 0 posts từ thread
2026-01-15 20:05:38,077 - INFO - [9/20] Crawl thread: SSI - điểm yếu ngắn hạn của dòng chứng khoán...
2026-01-15 20:05:38,669 - INFO - [Thread 1935387] Found last_post_id at page 12, stopping...
2026-01-15 20:05:38,671 - INFO - [Thread 1935387] Collected 0 posts in 4.6s
2026-01-15 20:05:38,672 - INFO - Thu thập được 0 posts từ thread
2026-01-15 20:05:38,675 - INFO - [10/20] Crawl thread: VCB – Mô hình “Cốc và Tay Cầm” đang hình thành?...
2026-01-15 20:05:40,418 - INFO - [Thread 1926403] Existing thread, crawling reverse 29→1 until last_post_id: post-47870185
2026-01-15 20:05:41,031 - INFO - [Thread 1933181] Existing thread, crawling reverse 2→1 until last_post_id: post-47878921
2026-01-15 20:05:42,783 - INFO - [Thread 1926403] Found last_post_id at page 29, stopping...
2026-01-15 20:05:42,783 - INFO - [Thread 1926403] Collected 0 posts in 4.7s
2026-01-15 20:05:42,784 - INFO - Thu thập được 0 posts từ thread
2026-01-15 20:05:42,787 - INFO - [11/20] Crawl thread: Tập hợp cổ đông HVG- Công Ty Thuỷ Sản Hùng Vương...
2026-01-15 20:05:43,367 - INFO - [Thread 1933181] Found last_post_id at page 2, stopping...
2026-01-15 20:05:43,368 - INFO - [Thread 1933181] Collected 0 posts in 4.7s
2026-01-15 20:05:43,368 - INFO - Thu thập được 0 posts từ thread
2026-01-15 20:05:43,371 - INFO - [12/20] Crawl thread: PHR - Sắp nhận đền bù 2-3k tỷ từ Thaco...
2026-01-15 20:05:45,093 - INFO - [Thread 1887673] Existing thread, crawling reverse 3→1 until last_post_id: post-46255775
2026-01-15 20:05:45,808 - INFO - [Thread 1918203] Existing thread, crawling reverse 240→1 until last_post_id: post-47878881
2026-01-15 20:05:47,378 - INFO - [Thread 1887673] Found last_post_id at page 3, stopping...
2026-01-15 20:05:47,380 - INFO - [Thread 1887673] Collected 0 posts in 4.6s
2026-01-15 20:05:47,380 - INFO - Thu thập được 0 posts từ thread
2026-01-15 20:05:47,386 - INFO - [13/20] Crawl thread: Tất cả các dòng sông đều chảy - P2...
2026-01-15 20:05:48,178 - INFO - [Thread 1918203] Found last_post_id at page 240, stopping...
2026-01-15 20:05:48,178 - INFO - [Thread 1918203] Collected 0 posts in 4.8s
2026-01-15 20:05:48,179 - INFO - Thu thập được 0 posts từ thread
2026-01-15 20:05:48,182 - INFO - [14/20] Crawl thread: DVN lên được bao nhiêu mọi người...
2026-01-15 20:05:49,761 - INFO - [Thread 1934311] Existing thread, crawling reverse 102→1 until last_post_id: post-47878879
2026-01-15 20:05:50,409 - INFO - [Thread 1943935] Existing thread, crawling reverse 1→1 until last_post_id: post-47878841
2026-01-15 20:05:52,077 - INFO - [Thread 1934311] Found last_post_id at page 102, stopping...
2026-01-15 20:05:52,079 - INFO - [Thread 1934311] Collected 0 posts in 4.7s
2026-01-15 20:05:52,079 - INFO - Thu thập được 0 posts từ thread
2026-01-15 20:05:52,081 - INFO - [15/20] Crawl thread: HPG- Sự trở lại của nhà Vua...
2026-01-15 20:05:52,741 - INFO - [Thread 1943935] Found last_post_id at page 1, stopping...
2026-01-15 20:05:52,742 - INFO - [Thread 1943935] Collected 0 posts in 4.6s
2026-01-15 20:05:52,743 - INFO - Thu thập được 0 posts từ thread
2026-01-15 20:05:52,748 - INFO - [16/20] Crawl thread: SZL-có xứng đáng để đầu tư?...
2026-01-15 20:05:54,475 - INFO - [Thread 1925045] Existing thread, crawling reverse 266→1 until last_post_id: post-47878835
2026-01-15 20:05:55,128 - INFO - [Thread 1293301] Existing thread, crawling reverse 752→1 until last_post_id: post-47878833
2026-01-15 20:05:56,827 - INFO - [Thread 1925045] Found last_post_id at page 266, stopping...
2026-01-15 20:05:56,828 - INFO - [Thread 1925045] Collected 0 posts in 4.7s
2026-01-15 20:05:56,828 - INFO - Thu thập được 0 posts từ thread
2026-01-15 20:05:56,832 - INFO - [17/20] Crawl thread: 14.1 không nên phức tạp quá - múc là có ăn...
2026-01-15 20:05:57,510 - INFO - [Thread 1293301] Found last_post_id at page 752, stopping...
2026-01-15 20:05:57,511 - INFO - [Thread 1293301] Collected 0 posts in 4.8s
2026-01-15 20:05:57,512 - INFO - Thu thập được 0 posts từ thread
2026-01-15 20:05:57,515 - INFO - [18/20] Crawl thread: Game mới SHB. Múc mạnh để mua nhà mua xe...
2026-01-15 20:05:59,413 - INFO - [Thread 1943725] Existing thread, crawling reverse 6→1 until last_post_id: post-47878829
2026-01-15 20:05:59,837 - INFO - [Thread 1900397] Existing thread, crawling reverse 536→1 until last_post_id: post-47878817
2026-01-15 20:06:01,701 - INFO - [Thread 1943725] Found last_post_id at page 6, stopping...
2026-01-15 20:06:01,701 - INFO - [Thread 1943725] Collected 0 posts in 4.9s
2026-01-15 20:06:01,702 - INFO - Thu thập được 0 posts từ thread
2026-01-15 20:06:01,704 - INFO - [19/20] Crawl thread: TTN - DN viễn thông vốn hoá 200 tỷ và hợp đồng gần...
2026-01-15 20:06:02,166 - INFO - [Thread 1900397] Found last_post_id at page 536, stopping...
2026-01-15 20:06:02,168 - INFO - [Thread 1900397] Collected 0 posts in 4.7s
2026-01-15 20:06:02,169 - INFO - Thu thập được 0 posts từ thread
2026-01-15 20:06:02,173 - INFO - [20/20] Crawl thread: CTI có gì?...
2026-01-15 20:06:04,134 - INFO - [Thread 1303829] Existing thread, crawling reverse 72→1 until last_post_id: post-47878815
2026-01-15 20:06:04,971 - INFO - [Thread 1911395] Existing thread, crawling reverse 39→1 until last_post_id: post-47878813
2026-01-15 20:06:06,434 - INFO - [Thread 1303829] Found last_post_id at page 72, stopping...
2026-01-15 20:06:06,436 - INFO - [Thread 1303829] Collected 0 posts in 4.7s
2026-01-15 20:06:06,437 - INFO - Thu thập được 0 posts từ thread
2026-01-15 20:06:07,345 - INFO - [Thread 1911395] Found last_post_id at page 39, stopping...
2026-01-15 20:06:07,346 - INFO - [Thread 1911395] Collected 0 posts in 5.2s
2026-01-15 20:06:07,346 - INFO - Thu thập được 0 posts từ thread
2026-01-15 20:06:07,349 - INFO - Hoàn thành trang 3, tổng posts: 1291
2026-01-15 20:06:11,996 - INFO - Đang xử lý trang 4
2026-01-15 20:06:17,442 - INFO - Tìm thấy 20 threads trên trang 4
2026-01-15 20:06:23,315 - INFO - Đã thu thập thông tin 20 threads, bắt đầu crawl posts...
2026-01-15 20:06:23,347 - INFO - [2/20] Crawl thread: Topic cổ đông dài hạn Nhiệt điện Quảng Ninh - Đầu ...
2026-01-15 20:06:23,348 - INFO - [1/20] Crawl thread: Công ty vốn hoá 900 tỷ tiền mặt 3000 tỷ...
2026-01-15 20:06:25,982 - INFO - [Thread 1902081] Existing thread, crawling reverse 20→1 until last_post_id: post-47878809
2026-01-15 20:06:27,014 - INFO - [Thread 1943359] Existing thread, crawling reverse 2→1 until last_post_id: post-47878803
2026-01-15 20:06:28,352 - INFO - [Thread 1902081] Found last_post_id at page 20, stopping...
2026-01-15 20:06:28,353 - INFO - [Thread 1902081] Collected 0 posts in 5.0s
2026-01-15 20:06:28,353 - INFO - Thu thập được 0 posts từ thread
2026-01-15 20:06:28,357 - INFO - [3/20] Crawl thread: FOC - Viên kim cương bị lãng quên - Trỗi dậy cùng ...
2026-01-15 20:06:29,333 - INFO - [Thread 1943359] Found last_post_id at page 2, stopping...
2026-01-15 20:06:29,336 - INFO - [Thread 1943359] Collected 0 posts in 6.0s
2026-01-15 20:06:29,336 - INFO - Thu thập được 0 posts từ thread
2026-01-15 20:06:29,339 - INFO - [4/20] Crawl thread: Sóng Uptrend tốt nhất chu kỳ dự kiến 2026 +3-6 thá...
2026-01-15 20:06:30,768 - INFO - [Thread 1912015] Existing thread, crawling reverse 13→1 until last_post_id: post-47878789
2026-01-15 20:06:31,648 - INFO - [Thread 1942299] Existing thread, crawling reverse 23→1 until last_post_id: post-47878781
2026-01-15 20:06:33,096 - INFO - [Thread 1912015] Found last_post_id at page 13, stopping...
2026-01-15 20:06:33,097 - INFO - [Thread 1912015] Collected 0 posts in 4.7s
2026-01-15 20:06:33,097 - INFO - Thu thập được 0 posts từ thread
2026-01-15 20:06:33,099 - INFO - [5/20] Crawl thread: Làm gì có sóng cổ phiếu ngân hàng lúc này…...
2026-01-15 20:06:33,957 - INFO - [Thread 1942299] Found last_post_id at page 23, stopping...
2026-01-15 20:06:33,959 - INFO - [Thread 1942299] Collected 0 posts in 4.6s
2026-01-15 20:06:33,960 - INFO - Thu thập được 0 posts từ thread
2026-01-15 20:06:33,963 - INFO - [6/20] Crawl thread: BSR tiền mặt 42.000 tỷ, chia cổ tức 61,5%, bóng dá...
2026-01-15 20:06:35,448 - INFO - [Thread 1943823] Existing thread, crawling reverse 7→1 until last_post_id: post-47878749
2026-01-15 20:06:36,359 - INFO - [Thread 1927427] Existing thread, crawling reverse 70→1 until last_post_id: post-47878743
2026-01-15 20:06:37,770 - INFO - [Thread 1943823] Found last_post_id at page 7, stopping...
2026-01-15 20:06:37,771 - INFO - [Thread 1943823] Collected 0 posts in 4.7s
2026-01-15 20:06:37,771 - INFO - Thu thập được 0 posts từ thread
2026-01-15 20:06:37,773 - INFO - [7/20] Crawl thread: Các cổ phiếu nhà nước cầm trên 80% mà giá chưa tăn...
2026-01-15 20:06:38,635 - INFO - [Thread 1927427] Found last_post_id at page 70, stopping...
2026-01-15 20:06:38,639 - INFO - [Thread 1927427] Final batch inserted 1/1 posts
2026-01-15 20:06:38,642 - INFO - [Thread 1927427] Collected 1 posts in 4.7s
2026-01-15 20:06:38,642 - INFO - Thu thập được 1 posts từ thread
2026-01-15 20:06:38,646 - INFO - [8/20] Crawl thread: 2026: Dự Đỉnh 1960- Đáy 1340. Cơ hội nào cho NĐT...
2026-01-15 20:06:40,127 - INFO - [Thread 1943905] Existing thread, crawling reverse 2→1 until last_post_id: post-47877865
2026-01-15 20:06:41,494 - INFO - [Thread 1942323] Existing thread, crawling reverse 31→1 until last_post_id: post-47878221
2026-01-15 20:06:42,475 - INFO - [Thread 1943905] Found last_post_id at page 2, stopping...
2026-01-15 20:06:42,477 - INFO - [Thread 1943905] Collected 0 posts in 4.7s
2026-01-15 20:06:42,478 - INFO - Thu thập được 0 posts từ thread
2026-01-15 20:06:42,481 - INFO - [9/20] Crawl thread: 15/1 bắt đáy...
2026-01-15 20:06:43,842 - INFO - [Thread 1942323] Found last_post_id at page 31, stopping...
2026-01-15 20:06:43,842 - INFO - [Thread 1942323] Collected 0 posts in 5.2s
2026-01-15 20:06:43,843 - INFO - Thu thập được 0 posts từ thread
2026-01-15 20:06:43,845 - INFO - [10/20] Crawl thread: VCI target 41.5, 44.5, 47.5...hết sóng 52 - 58...
2026-01-15 20:06:44,804 - INFO - [Thread 1943867] Existing thread, crawling reverse 3→1 until last_post_id: post-47878601
2026-01-15 20:06:46,183 - INFO - [Thread 1943853] Existing thread, crawling reverse 3→1 until last_post_id: post-47878595
2026-01-15 20:06:47,041 - INFO - [Thread 1943867] Found last_post_id at page 3, stopping...
2026-01-15 20:06:47,042 - INFO - [Thread 1943867] Collected 0 posts in 4.6s
2026-01-15 20:06:47,044 - INFO - Thu thập được 0 posts từ thread
2026-01-15 20:06:47,049 - INFO - [11/20] Crawl thread: Gía mục tiêu cp ……..siêu sóng ….siêu sóng……….....
2026-01-15 20:06:48,448 - INFO - [Thread 1943853] Found last_post_id at page 3, stopping...
2026-01-15 20:06:48,449 - INFO - [Thread 1943853] Collected 0 posts in 4.6s
2026-01-15 20:06:48,450 - INFO - Thu thập được 0 posts từ thread
2026-01-15 20:06:48,455 - INFO - [12/20] Crawl thread: BID: Tăng một mạch 7 phiên 40%...
2026-01-15 20:06:49,461 - INFO - [Thread 1943745] Existing thread, crawling reverse 2→1 until last_post_id: post-47878583
2026-01-15 20:06:50,780 - INFO - [Thread 1943741] Existing thread, crawling reverse 1→1 until last_post_id: post-47878569
2026-01-15 20:06:51,901 - INFO - [Thread 1943745] Found last_post_id at page 2, stopping...
2026-01-15 20:06:51,902 - INFO - [Thread 1943745] Collected 0 posts in 4.8s
2026-01-15 20:06:51,903 - INFO - Thu thập được 0 posts từ thread
2026-01-15 20:06:51,906 - INFO - [13/20] Crawl thread: Lạm bàn về Cảng Đà Nẵng - CDN...
2026-01-15 20:06:53,147 - INFO - [Thread 1943741] Found last_post_id at page 1, stopping...
2026-01-15 20:06:53,148 - INFO - [Thread 1943741] Collected 0 posts in 4.7s
2026-01-15 20:06:53,149 - INFO - Thu thập được 0 posts từ thread
2026-01-15 20:06:53,156 - INFO - [14/20] Crawl thread: THG-Những nốt thăng trầm...
2026-01-15 20:06:54,358 - INFO - [Thread 1883213] Existing thread, crawling reverse 28→1 until last_post_id: post-47878553
2026-01-15 20:06:55,713 - INFO - [Thread 1924015] Existing thread, crawling reverse 94→1 until last_post_id: post-47878551
2026-01-15 20:06:56,695 - INFO - [Thread 1883213] Found last_post_id at page 28, stopping...
2026-01-15 20:06:56,697 - INFO - [Thread 1883213] Collected 0 posts in 4.8s
2026-01-15 20:06:56,698 - INFO - Thu thập được 0 posts từ thread
2026-01-15 20:06:56,701 - INFO - [15/20] Crawl thread: DCM - Liên tục phá đỉnh 2025-2026...
2026-01-15 20:06:58,087 - INFO - [Thread 1924015] Found last_post_id at page 94, stopping...
2026-01-15 20:06:58,088 - INFO - [Thread 1924015] Collected 0 posts in 4.9s
2026-01-15 20:06:58,089 - INFO - Thu thập được 0 posts từ thread
2026-01-15 20:06:58,092 - INFO - [16/20] Crawl thread: VNM Cơ hội đang rất rõ ràng !...
2026-01-15 20:06:59,066 - INFO - [Thread 1929137] Existing thread, crawling reverse 53→1 until last_post_id: post-47878547
2026-01-15 20:07:00,445 - INFO - [Thread 1926367] Existing thread, crawling reverse 175→1 until last_post_id: post-47878521
2026-01-15 20:07:01,386 - INFO - [Thread 1929137] Found last_post_id at page 53, stopping...
2026-01-15 20:07:01,387 - INFO - [Thread 1929137] Collected 0 posts in 4.7s
2026-01-15 20:07:01,388 - INFO - Thu thập được 0 posts từ thread
2026-01-15 20:07:01,394 - INFO - [17/20] Crawl thread: HDB- Tiếp tục hành trình chinh phục những đỉnh cao...
2026-01-15 20:07:02,725 - INFO - [Thread 1926367] Found last_post_id at page 175, stopping...
2026-01-15 20:07:02,727 - INFO - [Thread 1926367] Collected 0 posts in 4.6s
2026-01-15 20:07:02,728 - INFO - Thu thập được 0 posts từ thread
2026-01-15 20:07:02,730 - INFO - [18/20] Crawl thread: Index Ký Sự - P3...
2026-01-15 20:07:04,161 - INFO - [Thread 1943915] Existing thread, crawling reverse 3→1 until last_post_id: post-47878239
2026-01-15 20:07:05,088 - INFO - [Thread 1942309] Existing thread, crawling reverse 7→1 until last_post_id: post-47878535
2026-01-15 20:07:06,597 - INFO - [Thread 1943915] Found last_post_id at page 3, stopping...
2026-01-15 20:07:06,604 - INFO - [Thread 1943915] Final batch inserted 1/1 posts
2026-01-15 20:07:06,607 - INFO - [Thread 1943915] Collected 1 posts in 5.2s
2026-01-15 20:07:06,609 - INFO - Thu thập được 1 posts từ thread
2026-01-15 20:07:06,613 - INFO - [19/20] Crawl thread: List thoái vốn SCIC update...
2026-01-15 20:07:07,472 - INFO - [Thread 1942309] Found last_post_id at page 7, stopping...
2026-01-15 20:07:07,473 - INFO - [Thread 1942309] Collected 0 posts in 4.7s
2026-01-15 20:07:07,474 - INFO - Thu thập được 0 posts từ thread
2026-01-15 20:07:07,478 - INFO - [20/20] Crawl thread: Nghành Dầu khí sẽ dẫn sóng cho năm 2026?...
2026-01-15 20:07:08,939 - INFO - [Thread 1943921] Existing thread, crawling reverse 1→1 until last_post_id: post-47877983
2026-01-15 20:07:09,891 - INFO - [Thread 1942541] Existing thread, crawling reverse 5→1 until last_post_id: post-47878507
2026-01-15 20:07:11,242 - INFO - [Thread 1943921] Found last_post_id at page 1, stopping...
2026-01-15 20:07:11,244 - INFO - [Thread 1943921] Collected 0 posts in 4.6s
2026-01-15 20:07:11,245 - INFO - Thu thập được 0 posts từ thread
2026-01-15 20:07:12,410 - INFO - [Thread 1942541] Found last_post_id at page 5, stopping...
2026-01-15 20:07:12,411 - INFO - [Thread 1942541] Collected 0 posts in 4.9s
2026-01-15 20:07:12,411 - INFO - Thu thập được 0 posts từ thread
2026-01-15 20:07:12,412 - INFO - Hoàn thành trang 4, tổng posts: 1293
2026-01-15 20:07:26,237 - INFO - Đang xử lý trang 5
2026-01-15 20:07:31,497 - INFO - Tìm thấy 20 threads trên trang 5
2026-01-15 20:07:37,654 - INFO - Đã thu thập thông tin 20 threads, bắt đầu crawl posts...
2026-01-15 20:07:37,661 - INFO - [1/20] Crawl thread: DGC con hào kinh tế...
2026-01-15 20:07:37,662 - INFO - [2/20] Crawl thread: Căng đét...
2026-01-15 20:07:39,998 - INFO - [Thread 1943929] Existing thread, crawling reverse 1→1 until last_post_id: post-47878457
2026-01-15 20:07:41,655 - INFO - [Thread 1943403] Existing thread, crawling reverse 5→1 until last_post_id: post-47878459
2026-01-15 20:07:42,227 - INFO - [Thread 1943929] Found last_post_id at page 1, stopping...
2026-01-15 20:07:42,228 - INFO - [Thread 1943929] Collected 0 posts in 4.6s
2026-01-15 20:07:42,229 - INFO - Thu thập được 0 posts từ thread
2026-01-15 20:07:42,234 - INFO - [3/20] Crawl thread: Cuối năm 2025, thoát xu hướng tích luỹ...
2026-01-15 20:07:44,299 - INFO - [Thread 1943403] Found last_post_id at page 5, stopping...
2026-01-15 20:07:44,300 - INFO - [Thread 1943403] Collected 0 posts in 6.6s
2026-01-15 20:07:44,300 - INFO - Thu thập được 0 posts từ thread
2026-01-15 20:07:44,303 - INFO - [4/20] Crawl thread: EVF Doanh nghiệp tăng trưởng...
2026-01-15 20:07:44,659 - INFO - [Thread 1936049] Existing thread, crawling reverse 8→1 until last_post_id: post-47878445
2026-01-15 20:07:46,648 - INFO - [Thread 1935667] Existing thread, crawling reverse 4→1 until last_post_id: post-47878423
2026-01-15 20:07:47,093 - INFO - [Thread 1936049] Found last_post_id at page 8, stopping...
2026-01-15 20:07:47,094 - INFO - [Thread 1936049] Collected 0 posts in 4.9s
2026-01-15 20:07:47,095 - INFO - Thu thập được 0 posts từ thread
2026-01-15 20:07:47,099 - INFO - [5/20] Crawl thread: Tam tấu SSI - VIX - CTS ! Siêu game bom tấn!...
2026-01-15 20:07:49,144 - INFO - [Thread 1935667] Found last_post_id at page 4, stopping...
2026-01-15 20:07:49,145 - INFO - [Thread 1935667] Collected 0 posts in 4.8s
2026-01-15 20:07:49,145 - INFO - Thu thập được 0 posts từ thread
2026-01-15 20:07:49,147 - INFO - [6/20] Crawl thread: Dòng tiền lan toả bước sang năm 2026...
2026-01-15 20:07:49,542 - INFO - [Thread 1923417] Existing thread, crawling reverse 296→1 until last_post_id: post-47878409
2026-01-15 20:07:51,863 - INFO - [Thread 1923417] Found last_post_id at page 296, stopping...
2026-01-15 20:07:51,863 - INFO - [Thread 1923417] Collected 0 posts in 4.8s
2026-01-15 20:07:51,864 - INFO - Thu thập được 0 posts từ thread
2026-01-15 20:07:51,867 - INFO - [7/20] Crawl thread: HAG - sắp sang trang mới cổ phiếu vươn mình tăng t...
2026-01-15 20:07:52,223 - INFO - [Thread 1942743] Existing thread, crawling reverse 6→1 until last_post_id: post-47878399
2026-01-15 20:07:54,288 - INFO - [Thread 1935815] Existing thread, crawling reverse 105→1 until last_post_id: post-47878379
2026-01-15 20:07:54,509 - INFO - [Thread 1942743] Found last_post_id at page 6, stopping...
2026-01-15 20:07:54,511 - INFO - [Thread 1942743] Collected 0 posts in 5.4s
2026-01-15 20:07:54,512 - INFO - Thu thập được 0 posts từ thread
2026-01-15 20:07:54,515 - INFO - [8/20] Crawl thread: BBC: Chia cổ tức kỷ lục 373,5%...
2026-01-15 20:07:56,643 - INFO - [Thread 1935815] Found last_post_id at page 105, stopping...
2026-01-15 20:07:56,644 - INFO - [Thread 1935815] Collected 0 posts in 4.8s
2026-01-15 20:07:56,644 - INFO - Thu thập được 0 posts từ thread
2026-01-15 20:07:56,648 - INFO - [9/20] Crawl thread: PGV - Khủng long ngành điện...
2026-01-15 20:07:57,202 - INFO - [Thread 1943807] Existing thread, crawling reverse 4→1 until last_post_id: post-47878181
2026-01-15 20:07:59,051 - INFO - [Thread 1550217] Existing thread, crawling reverse 253→1 until last_post_id: post-47878345
2026-01-15 20:07:59,471 - INFO - [Thread 1943807] Found last_post_id at page 4, stopping...
2026-01-15 20:07:59,478 - INFO - [Thread 1943807] Final batch inserted 1/1 posts
2026-01-15 20:07:59,481 - INFO - [Thread 1943807] Collected 1 posts in 5.0s
2026-01-15 20:07:59,481 - INFO - Thu thập được 1 posts từ thread
2026-01-15 20:07:59,486 - INFO - [10/20] Crawl thread: NT2 - Góc nhìn về giá trị!!!...
2026-01-15 20:08:01,647 - INFO - [Thread 1550217] Found last_post_id at page 253, stopping...
2026-01-15 20:08:01,648 - INFO - [Thread 1550217] Collected 0 posts in 5.0s
2026-01-15 20:08:01,648 - INFO - Thu thập được 0 posts từ thread
2026-01-15 20:08:01,651 - INFO - [11/20] Crawl thread: HNG Hướng tới vùng 20...
2026-01-15 20:08:01,794 - INFO - [Thread 1935045] Existing thread, crawling reverse 6→1 until last_post_id: post-47878307
2026-01-15 20:08:03,989 - INFO - [Thread 1910241] Existing thread, crawling reverse 149→1 until last_post_id: post-47878235
2026-01-15 20:08:04,088 - INFO - [Thread 1935045] Found last_post_id at page 6, stopping...
2026-01-15 20:08:04,089 - INFO - [Thread 1935045] Collected 0 posts in 4.6s
2026-01-15 20:08:04,089 - INFO - Thu thập được 0 posts từ thread
2026-01-15 20:08:04,090 - INFO - [12/20] Crawl thread: ISH vs GHC – Cổ tức bằng tiền ổn định và trọn đời!...
2026-01-15 20:08:06,328 - INFO - [Thread 1910241] Found last_post_id at page 149, stopping...
2026-01-15 20:08:06,329 - INFO - [Thread 1910241] Collected 0 posts in 4.7s
2026-01-15 20:08:06,329 - INFO - Thu thập được 0 posts từ thread
2026-01-15 20:08:06,331 - INFO - [13/20] Crawl thread: VNM đạt lợi nhuận hơn +19%, gặp gỡ trực tiếp chuyê...
2026-01-15 20:08:06,448 - INFO - [Thread 1844081] Existing thread, crawling reverse 44→1 until last_post_id: post-47878229
2026-01-15 20:08:08,746 - INFO - [Thread 1844081] Found last_post_id at page 44, stopping...
2026-01-15 20:08:08,747 - INFO - [Thread 1844081] Collected 0 posts in 4.7s
2026-01-15 20:08:08,747 - INFO - Thu thập được 0 posts từ thread
2026-01-15 20:08:08,749 - INFO - [14/20] Crawl thread: Nhận định thị trường hàng ngày...
2026-01-15 20:08:08,919 - INFO - [Thread 1943891] Existing thread, crawling reverse 1→1 until last_post_id: post-47877171
2026-01-15 20:08:11,181 - INFO - [Thread 1943891] Found last_post_id at page 1, stopping...
2026-01-15 20:08:11,181 - INFO - [Thread 1943891] Collected 0 posts in 4.8s
2026-01-15 20:08:11,182 - INFO - Thu thập được 0 posts từ thread
2026-01-15 20:08:11,187 - INFO - [15/20] Crawl thread: Vĩ mô ngành BĐS – Cơn bão lớn hay chỉ là khó khăn ...
2026-01-15 20:08:11,409 - INFO - [Thread 1806081] Existing thread, crawling reverse 122→1 until last_post_id: post-47878143
2026-01-15 20:08:13,541 - INFO - [Thread 1940867] Existing thread, crawling reverse 2→1 until last_post_id: post-47878133
2026-01-15 20:08:13,812 - INFO - [Thread 1806081] Found last_post_id at page 122, stopping...
2026-01-15 20:08:13,812 - INFO - [Thread 1806081] Collected 0 posts in 5.1s
2026-01-15 20:08:13,814 - INFO - Thu thập được 0 posts từ thread
2026-01-15 20:08:13,819 - INFO - [16/20] Crawl thread: Bất động sản...đến giờ bắt đáy...
2026-01-15 20:08:16,089 - INFO - [Thread 1940867] Found last_post_id at page 2, stopping...
2026-01-15 20:08:16,091 - INFO - [Thread 1940867] Collected 0 posts in 4.9s
2026-01-15 20:08:16,092 - INFO - Thu thập được 0 posts từ thread
2026-01-15 20:08:16,096 - INFO - [17/20] Crawl thread: PVC - Đơn vị số 1 trong mảng bảo dưỡng !...
2026-01-15 20:08:16,212 - INFO - [Thread 1943193] Existing thread, crawling reverse 5→1 until last_post_id: post-47877167
2026-01-15 20:08:18,432 - INFO - [Thread 1880851] Existing thread, crawling reverse 13→1 until last_post_id: post-47878105
2026-01-15 20:08:18,586 - INFO - [Thread 1943193] Found last_post_id at page 5, stopping...
2026-01-15 20:08:18,586 - INFO - [Thread 1943193] Collected 0 posts in 4.8s
2026-01-15 20:08:18,587 - INFO - Thu thập được 0 posts từ thread
2026-01-15 20:08:18,592 - INFO - [18/20] Crawl thread: PVC – Kỳ vọng trở thành đơn vị số 1 trong mảng bảo...
2026-01-15 20:08:20,753 - INFO - [Thread 1880851] Found last_post_id at page 13, stopping...
2026-01-15 20:08:20,755 - INFO - [Thread 1880851] Collected 0 posts in 4.7s
2026-01-15 20:08:20,755 - INFO - Thu thập được 0 posts từ thread
2026-01-15 20:08:20,759 - INFO - [19/20] Crawl thread: Cổ phiếu VEA: Triển vọng đầu tư như thế nào trong ...
2026-01-15 20:08:20,950 - INFO - [Thread 1943841] Existing thread, crawling reverse 1→1 until last_post_id: post-47878087
2026-01-15 20:08:23,057 - INFO - [Thread 1902277] Existing thread, crawling reverse 1→1 until last_post_id: post-47878067
2026-01-15 20:08:23,405 - INFO - [Thread 1943841] Found last_post_id at page 1, stopping...
2026-01-15 20:08:23,406 - INFO - [Thread 1943841] Collected 0 posts in 4.8s
2026-01-15 20:08:23,407 - INFO - Thu thập được 0 posts từ thread
2026-01-15 20:08:23,410 - INFO - [20/20] Crawl thread: CSM - Bạn đường tin cậy...
2026-01-15 20:08:25,329 - INFO - [Thread 1902277] Found last_post_id at page 1, stopping...
2026-01-15 20:08:25,330 - INFO - [Thread 1902277] Collected 0 posts in 4.6s
2026-01-15 20:08:25,330 - INFO - Thu thập được 0 posts từ thread
2026-01-15 20:08:25,831 - INFO - [Thread 1928135] Existing thread, crawling reverse 81→1 until last_post_id: post-47878017
2026-01-15 20:08:28,083 - INFO - [Thread 1928135] Found last_post_id at page 81, stopping...
2026-01-15 20:08:28,084 - INFO - [Thread 1928135] Collected 0 posts in 4.7s
2026-01-15 20:08:28,084 - INFO - Thu thập được 0 posts từ thread
2026-01-15 20:08:28,085 - INFO - Hoàn thành trang 5, tổng posts: 1294
2026-01-15 20:08:37,236 - INFO - Selenium driver stopped
2026-01-15 20:08:37,237 - INFO - Hoàn tất! Tổng cộng thu thập: 1294 posts
2026-01-15 20:08:37,238 - INFO - Completed in 8m 50s. Total posts: 1294
2026-01-15 20:08:37,239 - INFO - 
================================================================================
2026-01-15 20:08:37,239 - INFO - CRAWL SUMMARY - TỔNG KẾT THU THẬP DỮ LIỆU
2026-01-15 20:08:37,240 - INFO - ================================================================================
2026-01-15 20:08:37,240 - INFO - 
🆕 THREADS MỚI (7 threads):
2026-01-15 20:08:37,241 - INFO - --------------------------------------------------------------------------------
2026-01-15 20:08:37,241 - INFO -   1. [NEW] MBB đã về vùng giá mơ ước
2026-01-15 20:08:37,241 - INFO -      Posts:  239 | Thời gian: 0m 59s | Last Post ID: post-47858815
2026-01-15 20:08:37,242 - INFO -   2. [NEW] Nhận định vnindex, cổ phiếu tất cả các nhóm ngành h...
2026-01-15 20:08:37,242 - INFO -      Posts:    1 | Thời gian: 0m 5s | Last Post ID: post-47879145
2026-01-15 20:08:37,243 - INFO -   3. [NEW] NNC - Siêu cổ phiếu ngành đá tăng trưởng rất mạnh thời gian ...
2026-01-15 20:08:37,243 - INFO -      Posts:  311 | Thời gian: 1m 18s | Last Post ID: post-47868727
2026-01-15 20:08:37,243 - INFO -   4. [NEW] VGS - LN Q3.25 gấp 600% so cùng kỳ, kích hoạch siêu dự án bđ...
2026-01-15 20:08:37,244 - INFO -      Posts:  148 | Thời gian: 0m 38s | Last Post ID: post-47847771
2026-01-15 20:08:37,245 - INFO -   5. [NEW] VSC CP Cảng biển đáng chú ý !
2026-01-15 20:08:37,245 - INFO -      Posts:  461 | Thời gian: 1m 56s | Last Post ID: post-47866603
2026-01-15 20:08:37,246 - INFO -   6. [NEW] Bí mật Năng lượng năng lực Quân Sự ----☆☆☆----Top CP Vượt đỉ...
2026-01-15 20:08:37,246 - INFO -      Posts:   55 | Thời gian: 0m 15s | Last Post ID: post-47866933
2026-01-15 20:08:37,247 - INFO -   7. [NEW] Cooking BCTC, đà tăng VIC VHM đến đâu?
2026-01-15 20:08:37,247 - INFO -      Posts:   54 | Thời gian: 0m 18s | Last Post ID: post-47869019
2026-01-15 20:08:37,248 - INFO - 
🔄 THREADS CẬP NHẬT (93 threads):
2026-01-15 20:08:37,249 - INFO - --------------------------------------------------------------------------------
2026-01-15 20:08:37,249 - INFO -   1. [UPDATE] Đánh giá thị trường!
2026-01-15 20:08:37,250 - INFO -      Posts mới:    1 | Thời gian: 0m 5s
2026-01-15 20:08:37,250 - INFO -      Last Post ID: post-47879107 → post-47879173
2026-01-15 20:08:37,251 - INFO -   2. [UPDATE] Ngôi nhà nhỏ trên Thảo Nguyên - P86
2026-01-15 20:08:37,252 - INFO -      Posts mới:   12 | Thời gian: 0m 7s
2026-01-15 20:08:37,253 - INFO -      Last Post ID: post-47879091 → post-47879179
2026-01-15 20:08:37,254 - INFO -   3. [UPDATE] BIDV chào bán riêng lẻ với giá 38,900 đồng/cp
2026-01-15 20:08:37,255 - INFO -      Posts mới:    2 | Thời gian: 0m 4s
2026-01-15 20:08:37,256 - INFO -      Last Post ID: post-47878339 → post-47879171
2026-01-15 20:08:37,258 - INFO -   4. [UPDATE] Ngành cao su (GVR, PHR,...) và NQ79
2026-01-15 20:08:37,258 - INFO -      Posts mới:    1 | Thời gian: 0m 4s
2026-01-15 20:08:37,259 - INFO -      Last Post ID: post-47878503 → post-47879163
2026-01-15 20:08:37,260 - INFO -   5. [UPDATE] EIB mã duy nhất đi ngược thị trường hôm nay
2026-01-15 20:08:37,261 - INFO -      Posts mới:    1 | Thời gian: 0m 4s
2026-01-15 20:08:37,262 - INFO -      Last Post ID: post-47877821 → post-47879157
2026-01-15 20:08:37,263 - INFO -   6. [UPDATE] Các trụ VN30 sắp tới cổ phiếu nào lên được chú ý !!!
2026-01-15 20:08:37,264 - INFO -      Posts mới:    1 | Thời gian: 0m 4s
2026-01-15 20:08:37,265 - INFO -      Last Post ID: post-47875825 → post-47879151
2026-01-15 20:08:37,266 - INFO -   7. [UPDATE] Thanh khoản
2026-01-15 20:08:37,267 - INFO -      Posts mới:    1 | Thời gian: 0m 4s
2026-01-15 20:08:37,268 - INFO -      Last Post ID: post-47878763 → post-47879149
2026-01-15 20:08:37,268 - INFO -   8. [UPDATE] Qcg: Ngày không xa!
2026-01-15 20:08:37,269 - INFO -      Posts mới:    1 | Thời gian: 0m 7s
2026-01-15 20:08:37,270 - INFO -      Last Post ID: post-47879131 → post-47879141
2026-01-15 20:08:37,271 - INFO -   9. [UPDATE] VIX: quân bài tẩy họ nhà M
2026-01-15 20:08:37,272 - INFO -      Posts mới:    1 | Thời gian: 0m 4s
2026-01-15 20:08:37,273 - INFO -      Last Post ID: post-47879125 → post-47879137
2026-01-15 20:08:37,274 - INFO -  10. [UPDATE] Thép-Đã đến lúc
2026-01-15 20:08:37,275 - INFO -      Posts mới:    1 | Thời gian: 0m 4s
2026-01-15 20:08:37,276 - INFO -      Last Post ID: post-47879095 → post-47879135
2026-01-15 20:08:37,277 - INFO -  11. [UPDATE] 6LON_banks(3/4 Big.Banks)Bơm máo,dùng hết ko Ae?
2026-01-15 20:08:37,278 - INFO -      Posts mới:    0 | Thời gian: 0m 4s
2026-01-15 20:08:37,278 - INFO -      Last Post ID: post-47879129 → post-47879129
2026-01-15 20:08:37,279 - INFO -  12. [UPDATE] HID sẽ lại X5 từ vùng giá 4.x ???
2026-01-15 20:08:37,280 - INFO -      Posts mới:    0 | Thời gian: 0m 4s
2026-01-15 20:08:37,281 - INFO -      Last Post ID: post-47879127 → post-47879127
2026-01-15 20:08:37,281 - INFO -  13. [UPDATE] Game định giá lại tài sản quốc gia -------- Cá mập Nhà Nước ...
2026-01-15 20:08:37,282 - INFO -      Posts mới:    0 | Thời gian: 0m 5s
2026-01-15 20:08:37,283 - INFO -      Last Post ID: post-47876653 → post-47876653
2026-01-15 20:08:37,284 - INFO -  14. [UPDATE] VNM – Có đang trở lại đường đua tăng trưởng?
2026-01-15 20:08:37,285 - INFO -      Posts mới:    0 | Thời gian: 0m 4s
2026-01-15 20:08:37,285 - INFO -      Last Post ID: post-47877947 → post-47877947
2026-01-15 20:08:37,286 - INFO -  15. [UPDATE] Săn tìm cổ phiếu PENNY đột biến 2025
2026-01-15 20:08:37,287 - INFO -      Posts mới:    0 | Thời gian: 0m 5s
2026-01-15 20:08:37,288 - INFO -      Last Post ID: post-47872883 → post-47872883
2026-01-15 20:08:37,290 - INFO -  16. [UPDATE] VOS-vào sóng !
2026-01-15 20:08:37,291 - INFO -      Posts mới:    0 | Thời gian: 0m 4s
2026-01-15 20:08:37,292 - INFO -      Last Post ID: post-47879101 → post-47879101
2026-01-15 20:08:37,292 - INFO -  17. [UPDATE] VEA:Tổng CT Máy động lực và máy Nông nghiệp VN- CP Đầu tư cự...
2026-01-15 20:08:37,293 - INFO -      Posts mới:    0 | Thời gian: 0m 4s
2026-01-15 20:08:37,293 - INFO -      Last Post ID: post-47879099 → post-47879099
2026-01-15 20:08:37,294 - INFO -  18. [UPDATE] Tiềm năng GVR - Tập đoàn Cao su Việt Nam
2026-01-15 20:08:37,295 - INFO -      Posts mới:    0 | Thời gian: 0m 4s
2026-01-15 20:08:37,296 - INFO -      Last Post ID: post-47879097 → post-47879097
2026-01-15 20:08:37,297 - INFO -  19. [UPDATE] VNI - vươn mình 1954 or 1975
2026-01-15 20:08:37,298 - INFO -      Posts mới:    0 | Thời gian: 0m 4s
2026-01-15 20:08:37,298 - INFO -      Last Post ID: post-47879089 → post-47879089
2026-01-15 20:08:37,299 - INFO -  20. [UPDATE] Bđs bắt đáy
2026-01-15 20:08:37,300 - INFO -      Posts mới:    0 | Thời gian: 0m 4s
2026-01-15 20:08:37,301 - INFO -      Last Post ID: post-47879085 → post-47879085
2026-01-15 20:08:37,302 - INFO -  21. [UPDATE] VHC bước vào chu kỳ tăng trưởng
2026-01-15 20:08:37,303 - INFO -      Posts mới:    0 | Thời gian: 0m 4s
2026-01-15 20:08:37,304 - INFO -      Last Post ID: post-47879065 → post-47879065
2026-01-15 20:08:37,305 - INFO -  22. [UPDATE] Săn lùng cổ phiếu PENNY đột biến 2026!
2026-01-15 20:08:37,306 - INFO -      Posts mới:    0 | Thời gian: 0m 4s
2026-01-15 20:08:37,306 - INFO -      Last Post ID: post-47879061 → post-47879061
2026-01-15 20:08:37,307 - INFO -  23. [UPDATE] NVL - Những khó khăn dần được tháo gỡ
2026-01-15 20:08:37,308 - INFO -      Posts mới:    0 | Thời gian: 0m 4s
2026-01-15 20:08:37,309 - INFO -      Last Post ID: post-47832853 → post-47832853
2026-01-15 20:08:37,310 - INFO -  24. [UPDATE] PNJ viên kim cương sót lại mở đầu chu kỳ tăng trưởng mới 202...
2026-01-15 20:08:37,311 - INFO -      Posts mới:    0 | Thời gian: 0m 5s
2026-01-15 20:08:37,312 - INFO -      Last Post ID: post-47864921 → post-47864921
2026-01-15 20:08:37,312 - INFO -  25. [UPDATE] CII hưởng lợi lớn nhất đấu giá đất Thủ Thiêm
2026-01-15 20:08:37,313 - INFO -      Posts mới:    0 | Thời gian: 0m 4s
2026-01-15 20:08:37,317 - INFO -      Last Post ID: post-47879041 → post-47879041
2026-01-15 20:08:37,318 - INFO -  26. [UPDATE] QCG: liệu có một trận đánh lớn?
2026-01-15 20:08:37,319 - INFO -      Posts mới:    0 | Thời gian: 0m 4s
2026-01-15 20:08:37,320 - INFO -      Last Post ID: post-47879009 → post-47879009
2026-01-15 20:08:37,321 - INFO -  27. [UPDATE] VGI bùng nổ lợi nhuận 2026-2030?
2026-01-15 20:08:37,321 - INFO -      Posts mới:    0 | Thời gian: 0m 4s
2026-01-15 20:08:37,322 - INFO -      Last Post ID: post-47879003 → post-47879003
2026-01-15 20:08:37,323 - INFO -  28. [UPDATE] Tản mạn về CPI và TTCK (53)
2026-01-15 20:08:37,323 - INFO -      Posts mới:    0 | Thời gian: 0m 4s
2026-01-15 20:08:37,324 - INFO -      Last Post ID: post-47879001 → post-47879001
2026-01-15 20:08:37,325 - INFO -  29. [UPDATE] Tọa sơn, thưởng trà….Luận phong thủy cho năm Bính Ngọ.
2026-01-15 20:08:37,326 - INFO -      Posts mới:    0 | Thời gian: 0m 5s
2026-01-15 20:08:37,327 - INFO -      Last Post ID: post-47878999 → post-47878999
2026-01-15 20:08:37,328 - INFO -  30. [UPDATE] HQC số 1 NOXH
2026-01-15 20:08:37,329 - INFO -      Posts mới:    0 | Thời gian: 0m 4s
2026-01-15 20:08:37,330 - INFO -      Last Post ID: post-46952941 → post-46952941
2026-01-15 20:08:37,331 - INFO -  31. [UPDATE] Vinfast - Xe điện của người Việt (P3)
2026-01-15 20:08:37,332 - INFO -      Posts mới:    0 | Thời gian: 0m 4s
2026-01-15 20:08:37,332 - INFO -      Last Post ID: post-47878987 → post-47878987
2026-01-15 20:08:37,333 - INFO -  32. [UPDATE] CII - Đầu cơ giá trị với tài sản tỉ $ của doanh nghi...
2026-01-15 20:08:37,334 - INFO -      Posts mới:    0 | Thời gian: 0m 4s
2026-01-15 20:08:37,335 - INFO -      Last Post ID: post-47878983 → post-47878983
2026-01-15 20:08:37,336 - INFO -  33. [UPDATE] Xin 3 chữ cái cho năm 2026...
2026-01-15 20:08:37,337 - INFO -      Posts mới:    0 | Thời gian: 0m 4s
2026-01-15 20:08:37,337 - INFO -      Last Post ID: post-47878977 → post-47878977
2026-01-15 20:08:37,338 - INFO -  34. [UPDATE] STB - Cổ phiếu kịch hay đang đến hồi cao trào(Part 10)!!...
2026-01-15 20:08:37,338 - INFO -      Posts mới:    0 | Thời gian: 0m 4s
2026-01-15 20:08:37,339 - INFO -      Last Post ID: post-47878971 → post-47878971
2026-01-15 20:08:37,339 - INFO -  35. [UPDATE] TPHCM KÍCH HOẠT "TỨ TRỤ" HẠ TẦNG 293.000 TỶ – DÒNG TIỀN LỚN ...
2026-01-15 20:08:37,340 - INFO -      Posts mới:    0 | Thời gian: 0m 5s
2026-01-15 20:08:37,340 - INFO -      Last Post ID: post-47878969 → post-47878969
2026-01-15 20:08:37,340 - INFO -  36. [UPDATE] Khuyến nghị mua VIX
2026-01-15 20:08:37,341 - INFO -      Posts mới:    0 | Thời gian: 0m 4s
2026-01-15 20:08:37,341 - INFO -      Last Post ID: post-47878967 → post-47878967
2026-01-15 20:08:37,341 - INFO -  37. [UPDATE] ACV- Hình trình vượt 100k/cp bắt đầu từ đây
2026-01-15 20:08:37,341 - INFO -      Posts mới:    0 | Thời gian: 0m 4s
2026-01-15 20:08:37,342 - INFO -      Last Post ID: post-47878957 → post-47878957
2026-01-15 20:08:37,342 - INFO -  38. [UPDATE] CDP: CTCP Dược phẩm Trung ương Codupha- CP đầu tư cực chất
2026-01-15 20:08:37,342 - INFO -      Posts mới:    0 | Thời gian: 0m 4s
2026-01-15 20:08:37,343 - INFO -      Last Post ID: post-47860857 → post-47860857
2026-01-15 20:08:37,343 - INFO -  39. [UPDATE] HDG lợi nhuận nghìn tỷ vượt kế hoạch 2023
2026-01-15 20:08:37,343 - INFO -      Posts mới:    0 | Thời gian: 0m 4s
2026-01-15 20:08:37,344 - INFO -      Last Post ID: post-47878949 → post-47878949
2026-01-15 20:08:37,344 - INFO -  40. [UPDATE] Sau siêu phẩm BID > Tiếp đến HPG đạt điều kiện XANH HỒNG
2026-01-15 20:08:37,345 - INFO -      Posts mới:    0 | Thời gian: 0m 4s
2026-01-15 20:08:37,346 - INFO -      Last Post ID: post-47878941 → post-47878941
2026-01-15 20:08:37,347 - INFO -  41. [UPDATE] POW tăng vốn khủng có lập đỉnh mới
2026-01-15 20:08:37,347 - INFO -      Posts mới:    0 | Thời gian: 0m 4s
2026-01-15 20:08:37,348 - INFO -      Last Post ID: post-47878925 → post-47878925
2026-01-15 20:08:37,349 - INFO -  42. [UPDATE] SSI - điểm yếu ngắn hạn của dòng chứng khoán
2026-01-15 20:08:37,350 - INFO -      Posts mới:    0 | Thời gian: 0m 4s
2026-01-15 20:08:37,351 - INFO -      Last Post ID: post-47870185 → post-47870185
2026-01-15 20:08:37,352 - INFO -  43. [UPDATE] VCB – Mô hình “Cốc và Tay Cầm” đang hình thành?
2026-01-15 20:08:37,352 - INFO -      Posts mới:    0 | Thời gian: 0m 4s
2026-01-15 20:08:37,353 - INFO -      Last Post ID: post-47878921 → post-47878921
2026-01-15 20:08:37,354 - INFO -  44. [UPDATE] Tập hợp cổ đông HVG- Công Ty Thuỷ Sản Hùng Vương
2026-01-15 20:08:37,355 - INFO -      Posts mới:    0 | Thời gian: 0m 4s
2026-01-15 20:08:37,356 - INFO -      Last Post ID: post-46255775 → post-46255775
2026-01-15 20:08:37,357 - INFO -  45. [UPDATE] PHR - Sắp nhận đền bù 2-3k tỷ từ Thaco
2026-01-15 20:08:37,358 - INFO -      Posts mới:    0 | Thời gian: 0m 4s
2026-01-15 20:08:37,359 - INFO -      Last Post ID: post-47878881 → post-47878881
2026-01-15 20:08:37,360 - INFO -  46. [UPDATE] Tất cả các dòng sông đều chảy - P2
2026-01-15 20:08:37,361 - INFO -      Posts mới:    0 | Thời gian: 0m 4s
2026-01-15 20:08:37,361 - INFO -      Last Post ID: post-47878879 → post-47878879
2026-01-15 20:08:37,362 - INFO -  47. [UPDATE] DVN lên được bao nhiêu mọi người
2026-01-15 20:08:37,363 - INFO -      Posts mới:    0 | Thời gian: 0m 4s
2026-01-15 20:08:37,364 - INFO -      Last Post ID: post-47878841 → post-47878841
2026-01-15 20:08:37,364 - INFO -  48. [UPDATE] HPG- Sự trở lại của nhà Vua
2026-01-15 20:08:37,365 - INFO -      Posts mới:    0 | Thời gian: 0m 4s
2026-01-15 20:08:37,366 - INFO -      Last Post ID: post-47878835 → post-47878835
2026-01-15 20:08:37,367 - INFO -  49. [UPDATE] SZL-có xứng đáng để đầu tư?
2026-01-15 20:08:37,368 - INFO -      Posts mới:    0 | Thời gian: 0m 4s
2026-01-15 20:08:37,369 - INFO -      Last Post ID: post-47878833 → post-47878833
2026-01-15 20:08:37,370 - INFO -  50. [UPDATE] 14.1 không nên phức tạp quá - múc là có ăn
2026-01-15 20:08:37,370 - INFO -      Posts mới:    0 | Thời gian: 0m 4s
2026-01-15 20:08:37,371 - INFO -      Last Post ID: post-47878829 → post-47878829
2026-01-15 20:08:37,372 - INFO -  51. [UPDATE] Game mới SHB. Múc mạnh để mua nhà mua xe
2026-01-15 20:08:37,373 - INFO -      Posts mới:    0 | Thời gian: 0m 4s
2026-01-15 20:08:37,374 - INFO -      Last Post ID: post-47878817 → post-47878817
2026-01-15 20:08:37,375 - INFO -  52. [UPDATE] TTN - DN viễn thông vốn hoá 200 tỷ và hợp đồng gần 4000 tỷ đ...
2026-01-15 20:08:37,376 - INFO -      Posts mới:    0 | Thời gian: 0m 4s
2026-01-15 20:08:37,377 - INFO -      Last Post ID: post-47878815 → post-47878815
2026-01-15 20:08:37,377 - INFO -  53. [UPDATE] CTI có gì?
2026-01-15 20:08:37,378 - INFO -      Posts mới:    0 | Thời gian: 0m 5s
2026-01-15 20:08:37,379 - INFO -      Last Post ID: post-47878813 → post-47878813
2026-01-15 20:08:37,380 - INFO -  54. [UPDATE] Công ty vốn hoá 900 tỷ tiền mặt 3000 tỷ
2026-01-15 20:08:37,380 - INFO -      Posts mới:    0 | Thời gian: 0m 4s
2026-01-15 20:08:37,381 - INFO -      Last Post ID: post-47878809 → post-47878809
2026-01-15 20:08:37,382 - INFO -  55. [UPDATE] Topic cổ đông dài hạn Nhiệt điện Quảng Ninh - Đầu tư giá trị...
2026-01-15 20:08:37,383 - INFO -      Posts mới:    0 | Thời gian: 0m 5s
2026-01-15 20:08:37,384 - INFO -      Last Post ID: post-47878803 → post-47878803
2026-01-15 20:08:37,385 - INFO -  56. [UPDATE] FOC - Viên kim cương bị lãng quên - Trỗi dậy cùng "Kỹ Nguyên...
2026-01-15 20:08:37,386 - INFO -      Posts mới:    0 | Thời gian: 0m 4s
2026-01-15 20:08:37,387 - INFO -      Last Post ID: post-47878789 → post-47878789
2026-01-15 20:08:37,387 - INFO -  57. [UPDATE] Sóng Uptrend tốt nhất chu kỳ dự kiến 2026 +3-6 tháng 2027!
2026-01-15 20:08:37,388 - INFO -      Posts mới:    0 | Thời gian: 0m 4s
2026-01-15 20:08:37,389 - INFO -      Last Post ID: post-47878781 → post-47878781
2026-01-15 20:08:37,390 - INFO -  58. [UPDATE] Làm gì có sóng cổ phiếu ngân hàng lúc này…
2026-01-15 20:08:37,391 - INFO -      Posts mới:    0 | Thời gian: 0m 4s
2026-01-15 20:08:37,392 - INFO -      Last Post ID: post-47878749 → post-47878749
2026-01-15 20:08:37,393 - INFO -  59. [UPDATE] BSR tiền mặt 42.000 tỷ, chia cổ tức 61,5%, bóng dáng GEE sau...
2026-01-15 20:08:37,393 - INFO -      Posts mới:    1 | Thời gian: 0m 4s
2026-01-15 20:08:37,394 - INFO -      Last Post ID: post-47878743 → post-47879191
2026-01-15 20:08:37,395 - INFO -  60. [UPDATE] Các cổ phiếu nhà nước cầm trên 80% mà giá chưa tăng ace vào ...
2026-01-15 20:08:37,396 - INFO -      Posts mới:    0 | Thời gian: 0m 4s
2026-01-15 20:08:37,397 - INFO -      Last Post ID: post-47877865 → post-47877865
2026-01-15 20:08:37,398 - INFO -  61. [UPDATE] 2026: Dự Đỉnh 1960- Đáy 1340. Cơ hội nào cho NĐT
2026-01-15 20:08:37,399 - INFO -      Posts mới:    0 | Thời gian: 0m 5s
2026-01-15 20:08:37,400 - INFO -      Last Post ID: post-47878221 → post-47878221
2026-01-15 20:08:37,401 - INFO -  62. [UPDATE] 15/1 bắt đáy
2026-01-15 20:08:37,402 - INFO -      Posts mới:    0 | Thời gian: 0m 4s
2026-01-15 20:08:37,403 - INFO -      Last Post ID: post-47878601 → post-47878601
2026-01-15 20:08:37,403 - INFO -  63. [UPDATE] VCI target 41.5, 44.5, 47.5...hết sóng 52 - 58
2026-01-15 20:08:37,404 - INFO -      Posts mới:    0 | Thời gian: 0m 4s
2026-01-15 20:08:37,406 - INFO -      Last Post ID: post-47878595 → post-47878595
2026-01-15 20:08:37,406 - INFO -  64. [UPDATE] Gía mục tiêu cp ……..siêu sóng ….siêu sóng………..
2026-01-15 20:08:37,407 - INFO -      Posts mới:    0 | Thời gian: 0m 4s
2026-01-15 20:08:37,408 - INFO -      Last Post ID: post-47878583 → post-47878583
2026-01-15 20:08:37,409 - INFO -  65. [UPDATE] BID: Tăng một mạch 7 phiên 40%
2026-01-15 20:08:37,410 - INFO -      Posts mới:    0 | Thời gian: 0m 4s
2026-01-15 20:08:37,411 - INFO -      Last Post ID: post-47878569 → post-47878569
2026-01-15 20:08:37,411 - INFO -  66. [UPDATE] Lạm bàn về Cảng Đà Nẵng - CDN
2026-01-15 20:08:37,412 - INFO -      Posts mới:    0 | Thời gian: 0m 4s
2026-01-15 20:08:37,413 - INFO -      Last Post ID: post-47878553 → post-47878553
2026-01-15 20:08:37,415 - INFO -  67. [UPDATE] THG-Những nốt thăng trầm
2026-01-15 20:08:37,415 - INFO -      Posts mới:    0 | Thời gian: 0m 4s
2026-01-15 20:08:37,416 - INFO -      Last Post ID: post-47878551 → post-47878551
2026-01-15 20:08:37,418 - INFO -  68. [UPDATE] DCM - Liên tục phá đỉnh 2025-2026
2026-01-15 20:08:37,418 - INFO -      Posts mới:    0 | Thời gian: 0m 4s
2026-01-15 20:08:37,419 - INFO -      Last Post ID: post-47878547 → post-47878547
2026-01-15 20:08:37,420 - INFO -  69. [UPDATE] VNM Cơ hội đang rất rõ ràng !
2026-01-15 20:08:37,421 - INFO -      Posts mới:    0 | Thời gian: 0m 4s
2026-01-15 20:08:37,422 - INFO -      Last Post ID: post-47878521 → post-47878521
2026-01-15 20:08:37,422 - INFO -  70. [UPDATE] HDB- Tiếp tục hành trình chinh phục những đỉnh cao mới
2026-01-15 20:08:37,423 - INFO -      Posts mới:    1 | Thời gian: 0m 5s
2026-01-15 20:08:37,424 - INFO -      Last Post ID: post-47878239 → post-47879189
2026-01-15 20:08:37,425 - INFO -  71. [UPDATE] Index Ký Sự - P3
2026-01-15 20:08:37,426 - INFO -      Posts mới:    0 | Thời gian: 0m 4s
2026-01-15 20:08:37,426 - INFO -      Last Post ID: post-47878535 → post-47878535
2026-01-15 20:08:37,427 - INFO -  72. [UPDATE] List thoái vốn SCIC update
2026-01-15 20:08:37,428 - INFO -      Posts mới:    0 | Thời gian: 0m 4s
2026-01-15 20:08:37,429 - INFO -      Last Post ID: post-47877983 → post-47877983
2026-01-15 20:08:37,430 - INFO -  73. [UPDATE] Nghành Dầu khí sẽ dẫn sóng cho năm 2026?
2026-01-15 20:08:37,431 - INFO -      Posts mới:    0 | Thời gian: 0m 4s
2026-01-15 20:08:37,431 - INFO -      Last Post ID: post-47878507 → post-47878507
2026-01-15 20:08:37,432 - INFO -  74. [UPDATE] Căng đét
2026-01-15 20:08:37,433 - INFO -      Posts mới:    0 | Thời gian: 0m 4s
2026-01-15 20:08:37,434 - INFO -      Last Post ID: post-47878457 → post-47878457
2026-01-15 20:08:37,435 - INFO -  75. [UPDATE] DGC con hào kinh tế
2026-01-15 20:08:37,436 - INFO -      Posts mới:    0 | Thời gian: 0m 6s
2026-01-15 20:08:37,437 - INFO -      Last Post ID: post-47878459 → post-47878459
2026-01-15 20:08:37,437 - INFO -  76. [UPDATE] Cuối năm 2025, thoát xu hướng tích luỹ
2026-01-15 20:08:37,438 - INFO -      Posts mới:    0 | Thời gian: 0m 4s
2026-01-15 20:08:37,438 - INFO -      Last Post ID: post-47878445 → post-47878445
2026-01-15 20:08:37,439 - INFO -  77. [UPDATE] EVF Doanh nghiệp tăng trưởng
2026-01-15 20:08:37,439 - INFO -      Posts mới:    0 | Thời gian: 0m 4s
2026-01-15 20:08:37,440 - INFO -      Last Post ID: post-47878423 → post-47878423
2026-01-15 20:08:37,440 - INFO -  78. [UPDATE] Tam tấu SSI - VIX - CTS ! Siêu game bom tấn!
2026-01-15 20:08:37,441 - INFO -      Posts mới:    0 | Thời gian: 0m 4s
2026-01-15 20:08:37,441 - INFO -      Last Post ID: post-47878409 → post-47878409
2026-01-15 20:08:37,442 - INFO -  79. [UPDATE] Dòng tiền lan toả bước sang năm 2026
2026-01-15 20:08:37,442 - INFO -      Posts mới:    0 | Thời gian: 0m 5s
2026-01-15 20:08:37,442 - INFO -      Last Post ID: post-47878399 → post-47878399
2026-01-15 20:08:37,443 - INFO -  80. [UPDATE] HAG - sắp sang trang mới cổ phiếu vươn mình tăng trưởng dài ...
2026-01-15 20:08:37,443 - INFO -      Posts mới:    0 | Thời gian: 0m 4s
2026-01-15 20:08:37,443 - INFO -      Last Post ID: post-47878379 → post-47878379
2026-01-15 20:08:37,444 - INFO -  81. [UPDATE] BBC: Chia cổ tức kỷ lục 373,5%
2026-01-15 20:08:37,444 - INFO -      Posts mới:    1 | Thời gian: 0m 4s
2026-01-15 20:08:37,445 - INFO -      Last Post ID: post-47878181 → post-47879187
2026-01-15 20:08:37,446 - INFO -  82. [UPDATE] PGV - Khủng long ngành điện
2026-01-15 20:08:37,447 - INFO -      Posts mới:    0 | Thời gian: 0m 4s
2026-01-15 20:08:37,447 - INFO -      Last Post ID: post-47878345 → post-47878345
2026-01-15 20:08:37,448 - INFO -  83. [UPDATE] NT2 - Góc nhìn về giá trị!!!
2026-01-15 20:08:37,449 - INFO -      Posts mới:    0 | Thời gian: 0m 4s
2026-01-15 20:08:37,449 - INFO -      Last Post ID: post-47878307 → post-47878307
2026-01-15 20:08:37,451 - INFO -  84. [UPDATE] HNG Hướng tới vùng 20
2026-01-15 20:08:37,451 - INFO -      Posts mới:    0 | Thời gian: 0m 4s
2026-01-15 20:08:37,452 - INFO -      Last Post ID: post-47878235 → post-47878235
2026-01-15 20:08:37,453 - INFO -  85. [UPDATE] ISH vs GHC – Cổ tức bằng tiền ổn định và trọn đời!!!
2026-01-15 20:08:37,454 - INFO -      Posts mới:    0 | Thời gian: 0m 4s
2026-01-15 20:08:37,454 - INFO -      Last Post ID: post-47878229 → post-47878229
2026-01-15 20:08:37,455 - INFO -  86. [UPDATE] VNM đạt lợi nhuận hơn +19%, gặp gỡ trực tiếp chuyên gia 15h3...
2026-01-15 20:08:37,456 - INFO -      Posts mới:    0 | Thời gian: 0m 4s
2026-01-15 20:08:37,456 - INFO -      Last Post ID: post-47877171 → post-47877171
2026-01-15 20:08:37,457 - INFO -  87. [UPDATE] Nhận định thị trường hàng ngày
2026-01-15 20:08:37,458 - INFO -      Posts mới:    0 | Thời gian: 0m 5s
2026-01-15 20:08:37,458 - INFO -      Last Post ID: post-47878143 → post-47878143
2026-01-15 20:08:37,459 - INFO -  88. [UPDATE] Vĩ mô ngành BĐS – Cơn bão lớn hay chỉ là khó khăn tạm thời
2026-01-15 20:08:37,460 - INFO -      Posts mới:    0 | Thời gian: 0m 4s
2026-01-15 20:08:37,460 - INFO -      Last Post ID: post-47878133 → post-47878133
2026-01-15 20:08:37,461 - INFO -  89. [UPDATE] Bất động sản...đến giờ bắt đáy
2026-01-15 20:08:37,462 - INFO -      Posts mới:    0 | Thời gian: 0m 4s
2026-01-15 20:08:37,462 - INFO -      Last Post ID: post-47877167 → post-47877167
2026-01-15 20:08:37,463 - INFO -  90. [UPDATE] PVC - Đơn vị số 1 trong mảng bảo dưỡng !
2026-01-15 20:08:37,464 - INFO -      Posts mới:    0 | Thời gian: 0m 4s
2026-01-15 20:08:37,465 - INFO -      Last Post ID: post-47878105 → post-47878105
2026-01-15 20:08:37,466 - INFO -  91. [UPDATE] PVC – Kỳ vọng trở thành đơn vị số 1 trong mảng bảo dưỡng cho...
2026-01-15 20:08:37,467 - INFO -      Posts mới:    0 | Thời gian: 0m 4s
2026-01-15 20:08:37,468 - INFO -      Last Post ID: post-47878087 → post-47878087
2026-01-15 20:08:37,469 - INFO -  92. [UPDATE] Cổ phiếu VEA: Triển vọng đầu tư như thế nào trong 2025
2026-01-15 20:08:37,470 - INFO -      Posts mới:    0 | Thời gian: 0m 4s
2026-01-15 20:08:37,470 - INFO -      Last Post ID: post-47878067 → post-47878067
2026-01-15 20:08:37,471 - INFO -  93. [UPDATE] CSM - Bạn đường tin cậy
2026-01-15 20:08:37,472 - INFO -      Posts mới:    0 | Thời gian: 0m 4s
2026-01-15 20:08:37,472 - INFO -      Last Post ID: post-47878017 → post-47878017
2026-01-15 20:08:37,473 - INFO - --------------------------------------------------------------------------------
2026-01-15 20:08:37,473 - INFO - 📊 Tổng số threads: 100 (7 mới, 93 cập nhật)
2026-01-15 20:08:37,474 - INFO - 📝 Tổng số posts mới: 1294
2026-01-15 20:08:37,474 - INFO - ⏱️  Tổng thời gian crawl: 8m 50s
2026-01-15 20:08:37,475 - INFO - ================================================================================

2026-01-15 20:08:37,507 - INFO - Disconnected from PostgreSQL
2026-01-15 20:08:37,507 - INFO - Database connection closed
