2026-01-15 19:27:18,260 - INFO - Log file created: logs/crawl_2026-01-15_19-27-18.log
2026-01-15 19:27:18,263 - INFO - Initializing database connection...
2026-01-15 19:27:18,314 - INFO - Connected to PostgreSQL: f319_data
2026-01-15 19:27:18,338 - INFO - Tables created/verified successfully
2026-01-15 19:27:18,338 - INFO - Starting hybrid crawl for 5 pages
2026-01-15 19:27:18,339 - INFO - ====== WebDriver manager ======
2026-01-15 19:27:19,503 - INFO - Get LATEST chromedriver version for google-chrome
2026-01-15 19:27:20,199 - INFO - Get LATEST chromedriver version for google-chrome
2026-01-15 19:27:20,872 - INFO - Driver [C:\Users\admin\.wdm\drivers\chromedriver\win64\143.0.7499.192\chromedriver-win32/chromedriver.exe] found in cache
2026-01-15 19:27:22,010 - INFO - Selenium driver started
2026-01-15 19:27:22,010 - INFO - Đang load trang (New posts)...
2026-01-15 19:27:27,270 - INFO - ✓ URL có pagination: https://f319.com/find-new/posts
2026-01-15 19:27:27,271 - INFO - Sử dụng URL: https://f319.com/find-new/posts
2026-01-15 19:27:27,272 - INFO - Đang xử lý trang 1
2026-01-15 19:27:29,295 - INFO - Tìm thấy 20 threads trên trang 1
2026-01-15 19:27:35,281 - INFO - Đã thu thập thông tin 20 threads, bắt đầu crawl posts...
2026-01-15 19:27:35,295 - INFO - [1/20] Crawl thread: VOS-vào sóng !...
2026-01-15 19:27:35,296 - INFO - [2/20] Crawl thread: VEA:Tổng CT Máy động lực và máy Nông nghiệp VN- CP...
2026-01-15 19:27:38,989 - INFO - [Thread 1835579] Existing thread, crawling reverse 376→1 until last_post_id: post-47878883
2026-01-15 19:27:38,993 - INFO - [Thread 1942127] Existing thread, crawling reverse 9→1 until last_post_id: post-47878621
2026-01-15 19:27:41,289 - INFO - [Thread 1942127] Found last_post_id at page 9, stopping...
2026-01-15 19:27:41,338 - INFO - [Thread 1942127] Final batch inserted 1/1 posts
2026-01-15 19:27:41,340 - INFO - [Thread 1942127] Collected 1 posts in 6.0s
2026-01-15 19:27:41,340 - INFO - Thu thập được 1 posts từ thread
2026-01-15 19:27:41,342 - INFO - [3/20] Crawl thread: Tiềm năng GVR - Tập đoàn Cao su Việt Nam...
2026-01-15 19:27:41,417 - INFO - [Thread 1835579] Found last_post_id at page 376, stopping...
2026-01-15 19:27:41,425 - INFO - [Thread 1835579] Final batch inserted 1/1 posts
2026-01-15 19:27:41,427 - INFO - [Thread 1835579] Collected 1 posts in 6.1s
2026-01-15 19:27:41,427 - INFO - Thu thập được 1 posts từ thread
2026-01-15 19:27:41,430 - INFO - [4/20] Crawl thread: Ngôi nhà nhỏ trên Thảo Nguyên - P86...
2026-01-15 19:27:43,830 - INFO - [Thread 1942185] Existing thread, crawling reverse 526→1 until last_post_id: post-47878887
2026-01-15 19:27:43,830 - INFO - [Thread 1582019] Existing thread, crawling reverse 68→1 until last_post_id: post-47877401
2026-01-15 19:27:46,110 - INFO - [Thread 1582019] Found last_post_id at page 68, stopping...
2026-01-15 19:27:46,147 - INFO - [Thread 1582019] Final batch inserted 1/1 posts
2026-01-15 19:27:46,149 - INFO - [Thread 1582019] Collected 1 posts in 4.8s
2026-01-15 19:27:46,150 - INFO - Thu thập được 1 posts từ thread
2026-01-15 19:27:46,152 - INFO - [5/20] Crawl thread: Thép-Đã đến lúc...
2026-01-15 19:27:48,563 - INFO - [Thread 1943755] Existing thread, crawling reverse 6→1 until last_post_id: post-47878407
2026-01-15 19:27:51,017 - INFO - [Thread 1943755] Found last_post_id at page 6, stopping...
2026-01-15 19:27:51,054 - INFO - [Thread 1943755] Final batch inserted 6/6 posts
2026-01-15 19:27:51,059 - INFO - [Thread 1943755] Collected 6 posts in 4.9s
2026-01-15 19:27:51,061 - INFO - Thu thập được 6 posts từ thread
2026-01-15 19:27:51,065 - INFO - [6/20] Crawl thread: Săn tìm cổ phiếu PENNY đột biến 2025...
2026-01-15 19:27:53,348 - INFO - [Thread 1902465] New thread, crawling forward 1→241...
2026-01-15 19:27:53,409 - INFO - [Thread 1942185] Found last_post_id at page 523, stopping...
2026-01-15 19:27:53,449 - INFO - [Thread 1942185] Final batch inserted 31/31 posts
2026-01-15 19:27:53,452 - INFO - [Thread 1942185] Collected 31 posts in 12.0s
2026-01-15 19:27:53,453 - INFO - Thu thập được 31 posts từ thread
2026-01-15 19:27:53,455 - INFO - [7/20] Crawl thread: VNI - vươn mình 1954 or 1975...
2026-01-15 19:27:55,850 - INFO - [Thread 1936901] Existing thread, crawling reverse 263→1 until last_post_id: post-47878775
2026-01-15 19:27:58,322 - INFO - [Thread 1936901] Found last_post_id at page 263, stopping...
2026-01-15 19:27:58,360 - INFO - [Thread 1936901] Final batch inserted 2/2 posts
2026-01-15 19:27:58,362 - INFO - [Thread 1936901] Collected 2 posts in 4.9s
2026-01-15 19:27:58,363 - INFO - Thu thập được 2 posts từ thread
2026-01-15 19:27:58,366 - INFO - [8/20] Crawl thread: Bđs bắt đáy...
2026-01-15 19:28:00,666 - INFO - [Thread 1940685] Existing thread, crawling reverse 51→1 until last_post_id: post-47878877
2026-01-15 19:28:05,231 - INFO - [Thread 1940685] Found last_post_id at page 50, stopping...
2026-01-15 19:28:05,269 - INFO - [Thread 1940685] Final batch inserted 10/10 posts
2026-01-15 19:28:05,271 - INFO - [Thread 1940685] Collected 10 posts in 6.9s
2026-01-15 19:28:05,272 - INFO - Thu thập được 10 posts từ thread
2026-01-15 19:28:05,275 - INFO - [9/20] Crawl thread: VHC bước vào chu kỳ tăng trưởng...
2026-01-15 19:28:07,646 - INFO - [Thread 1930571] Existing thread, crawling reverse 31→1 until last_post_id: post-47876563
2026-01-15 19:28:12,318 - INFO - [Thread 1930571] Found last_post_id at page 30, stopping...
2026-01-15 19:28:12,365 - INFO - [Thread 1930571] Final batch inserted 1/1 posts
2026-01-15 19:28:12,369 - INFO - [Thread 1930571] Collected 1 posts in 7.1s
2026-01-15 19:28:12,371 - INFO - Thu thập được 1 posts từ thread
2026-01-15 19:28:12,379 - INFO - [10/20] Crawl thread: Săn lùng cổ phiếu PENNY đột biến 2026!...
2026-01-15 19:28:14,904 - INFO - [Thread 1943779] Existing thread, crawling reverse 7→1 until last_post_id: post-47878773
2026-01-15 19:28:17,266 - INFO - [Thread 1902465] Batch inserted 100/100 posts at page 10
2026-01-15 19:28:19,537 - INFO - [Thread 1943779] Found last_post_id at page 6, stopping...
2026-01-15 19:28:19,580 - INFO - [Thread 1943779] Final batch inserted 1/1 posts
2026-01-15 19:28:19,584 - INFO - [Thread 1943779] Collected 1 posts in 7.2s
2026-01-15 19:28:19,586 - INFO - Thu thập được 1 posts từ thread
2026-01-15 19:28:19,594 - INFO - [11/20] Crawl thread: NVL - Những khó khăn dần được tháo gỡ...
2026-01-15 19:28:21,982 - INFO - [Thread 1902473] New thread, crawling forward 1→277...
2026-01-15 19:28:41,455 - INFO - [Thread 1902465] Batch inserted 100/100 posts at page 20
2026-01-15 19:28:46,368 - INFO - [Thread 1902473] Batch inserted 100/100 posts at page 10
2026-01-15 19:29:06,063 - INFO - [Thread 1902465] Batch inserted 100/100 posts at page 30
2026-01-15 19:29:13,577 - INFO - [Thread 1902473] Batch inserted 100/100 posts at page 21
2026-01-15 19:29:30,030 - INFO - [Thread 1902465] Batch inserted 100/100 posts at page 40
2026-01-15 19:29:37,286 - INFO - [Thread 1902473] Batch inserted 100/100 posts at page 31
2026-01-15 19:29:54,424 - INFO - [Thread 1902465] Batch inserted 100/100 posts at page 50
2026-01-15 19:30:01,454 - INFO - [Thread 1902473] Batch inserted 100/100 posts at page 41
2026-01-15 19:30:18,818 - INFO - [Thread 1902465] Batch inserted 100/100 posts at page 60
2026-01-15 19:30:26,151 - INFO - [Thread 1902473] Batch inserted 100/100 posts at page 51
2026-01-15 19:30:43,869 - INFO - [Thread 1902465] Batch inserted 100/100 posts at page 70
2026-01-15 19:30:51,141 - INFO - [Thread 1902473] Batch inserted 100/100 posts at page 61
2026-01-15 19:31:07,818 - INFO - [Thread 1902465] Batch inserted 100/100 posts at page 80
2026-01-15 19:31:17,590 - INFO - [Thread 1902473] Batch inserted 100/100 posts at page 72
2026-01-15 19:31:31,408 - INFO - [Thread 1902465] Batch inserted 100/100 posts at page 90
2026-01-15 19:31:41,049 - INFO - [Thread 1902473] Batch inserted 100/100 posts at page 82
2026-01-15 19:31:54,848 - INFO - [Thread 1902465] Batch inserted 100/100 posts at page 100
2026-01-15 19:32:06,915 - INFO - [Thread 1902473] Batch inserted 100/100 posts at page 93
2026-01-15 19:32:18,900 - INFO - [Thread 1902465] Batch inserted 100/100 posts at page 110
2026-01-15 19:32:30,839 - INFO - [Thread 1902473] Batch inserted 100/100 posts at page 103
2026-01-15 19:32:42,466 - INFO - [Thread 1902465] Batch inserted 100/100 posts at page 120
2026-01-15 19:32:56,888 - INFO - [Thread 1902473] Batch inserted 100/100 posts at page 114
2026-01-15 19:33:06,173 - INFO - [Thread 1902465] Batch inserted 100/100 posts at page 130
2026-01-15 19:33:20,850 - INFO - [Thread 1902473] Batch inserted 100/100 posts at page 124
2026-01-15 19:33:30,598 - INFO - [Thread 1902465] Batch inserted 100/100 posts at page 140
2026-01-15 19:33:45,437 - INFO - [Thread 1902473] Batch inserted 100/100 posts at page 134
2026-01-15 19:33:54,827 - INFO - [Thread 1902465] Batch inserted 100/100 posts at page 150
2026-01-15 19:34:11,844 - INFO - [Thread 1902473] Batch inserted 100/100 posts at page 145
2026-01-15 19:34:19,055 - INFO - [Thread 1902465] Batch inserted 100/100 posts at page 160
2026-01-15 19:34:36,031 - INFO - [Thread 1902473] Batch inserted 100/100 posts at page 155
2026-01-15 19:34:43,437 - INFO - [Thread 1902465] Batch inserted 100/100 posts at page 170
2026-01-15 19:35:03,940 - INFO - [Thread 1902473] Batch inserted 100/100 posts at page 166
2026-01-15 19:35:08,698 - INFO - [Thread 1902465] Batch inserted 100/100 posts at page 180
2026-01-15 19:35:30,565 - INFO - [Thread 1902473] Batch inserted 100/100 posts at page 177
2026-01-15 19:35:32,988 - INFO - [Thread 1902465] Batch inserted 100/100 posts at page 190
2026-01-15 19:35:55,137 - INFO - [Thread 1902473] Batch inserted 100/100 posts at page 187
2026-01-15 19:35:57,593 - INFO - [Thread 1902465] Batch inserted 100/100 posts at page 200
2026-01-15 19:36:22,490 - INFO - [Thread 1902473] Batch inserted 100/100 posts at page 198
2026-01-15 19:36:22,499 - INFO - [Thread 1902465] Batch inserted 100/100 posts at page 210
2026-01-15 19:36:46,253 - INFO - [Thread 1902465] Batch inserted 100/100 posts at page 220
2026-01-15 19:36:46,667 - INFO - [Thread 1902473] Batch inserted 100/100 posts at page 208
2026-01-15 19:37:10,161 - INFO - [Thread 1902465] Batch inserted 100/100 posts at page 230
2026-01-15 19:37:13,113 - INFO - [Thread 1902473] Batch inserted 100/100 posts at page 219
2026-01-15 19:37:33,998 - INFO - [Thread 1902465] Batch inserted 100/100 posts at page 240
2026-01-15 19:37:36,403 - INFO - [Thread 1902465] Final batch inserted 3/3 posts
2026-01-15 19:37:36,405 - INFO - [Thread 1902465] Collected 2403 posts in 585.3s
2026-01-15 19:37:36,406 - INFO - Thu thập được 2403 posts từ thread
2026-01-15 19:37:36,410 - INFO - [12/20] Crawl thread: PNJ viên kim cương sót lại mở đầu chu kỳ tăng trưở...
2026-01-15 19:37:37,250 - INFO - [Thread 1902473] Batch inserted 100/100 posts at page 229
2026-01-15 19:37:38,879 - INFO - [Thread 1940615] New thread, crawling forward 1→20...
2026-01-15 19:38:01,372 - INFO - [Thread 1902473] Batch inserted 100/100 posts at page 239
2026-01-15 19:38:03,046 - INFO - [Thread 1940615] Batch inserted 100/100 posts at page 10
2026-01-15 19:38:25,970 - INFO - [Thread 1902473] Batch inserted 100/100 posts at page 249
2026-01-15 19:38:27,335 - INFO - [Thread 1940615] Final batch inserted 97/97 posts
2026-01-15 19:38:27,338 - INFO - [Thread 1940615] Collected 197 posts in 50.9s
2026-01-15 19:38:27,339 - INFO - Thu thập được 197 posts từ thread
2026-01-15 19:38:27,341 - INFO - [13/20] Crawl thread: Đánh giá thị trường!...
2026-01-15 19:38:29,722 - INFO - [Thread 1941133] Existing thread, crawling reverse 26→1 until last_post_id: post-47878903
2026-01-15 19:38:34,441 - INFO - [Thread 1941133] Found last_post_id at page 25, stopping...
2026-01-15 19:38:34,480 - INFO - [Thread 1941133] Final batch inserted 3/3 posts
2026-01-15 19:38:34,482 - INFO - [Thread 1941133] Collected 3 posts in 7.1s
2026-01-15 19:38:34,483 - INFO - Thu thập được 3 posts từ thread
2026-01-15 19:38:34,486 - INFO - [14/20] Crawl thread: CII hưởng lợi lớn nhất đấu giá đất Thủ Thiêm...
2026-01-15 19:38:36,880 - INFO - [Thread 1705091] Existing thread, crawling reverse 213→1 until last_post_id: post-47878425
2026-01-15 19:38:39,153 - INFO - [Thread 1705091] Found last_post_id at page 213, stopping...
2026-01-15 19:38:39,191 - INFO - [Thread 1705091] Final batch inserted 2/2 posts
2026-01-15 19:38:39,195 - INFO - [Thread 1705091] Collected 2 posts in 4.7s
2026-01-15 19:38:39,195 - INFO - Thu thập được 2 posts từ thread
2026-01-15 19:38:39,199 - INFO - [15/20] Crawl thread: 6LON_banks(3/4 Big.Banks)Bơm máo,dùng hết ko Ae?...
2026-01-15 19:38:41,590 - INFO - [Thread 1943267] Existing thread, crawling reverse 41→1 until last_post_id: post-47878907
2026-01-15 19:38:46,422 - INFO - [Thread 1943267] Found last_post_id at page 40, stopping...
2026-01-15 19:38:46,461 - INFO - [Thread 1943267] Final batch inserted 11/11 posts
2026-01-15 19:38:46,463 - INFO - [Thread 1943267] Collected 11 posts in 7.3s
2026-01-15 19:38:46,463 - INFO - Thu thập được 11 posts từ thread
2026-01-15 19:38:46,467 - INFO - [16/20] Crawl thread: QCG: liệu có một trận đánh lớn?...
2026-01-15 19:38:49,187 - INFO - [Thread 1943743] Existing thread, crawling reverse 2→1 until last_post_id: post-47878739
2026-01-15 19:38:51,529 - INFO - [Thread 1943743] Found last_post_id at page 2, stopping...
2026-01-15 19:38:51,533 - INFO - [Thread 1943743] Final batch inserted 1/1 posts
2026-01-15 19:38:51,534 - INFO - [Thread 1943743] Collected 1 posts in 5.1s
2026-01-15 19:38:51,535 - INFO - Thu thập được 1 posts từ thread
2026-01-15 19:38:51,538 - INFO - [17/20] Crawl thread: VGI bùng nổ lợi nhuận 2026-2030?...
2026-01-15 19:38:52,424 - INFO - [Thread 1902473] Batch inserted 100/100 posts at page 260
2026-01-15 19:38:53,994 - INFO - [Thread 1936621] Existing thread, crawling reverse 27→1 until last_post_id: post-47875427
2026-01-15 19:38:58,697 - INFO - [Thread 1936621] Found last_post_id at page 26, stopping...
2026-01-15 19:38:58,735 - INFO - [Thread 1936621] Final batch inserted 1/1 posts
2026-01-15 19:38:58,737 - INFO - [Thread 1936621] Collected 1 posts in 7.2s
2026-01-15 19:38:58,737 - INFO - Thu thập được 1 posts từ thread
2026-01-15 19:38:58,740 - INFO - [18/20] Crawl thread: Tản mạn về CPI và TTCK (53)...
2026-01-15 19:39:01,158 - INFO - [Thread 1942249] Existing thread, crawling reverse 45→1 until last_post_id: post-47878905
2026-01-15 19:39:03,513 - INFO - [Thread 1942249] Found last_post_id at page 45, stopping...
2026-01-15 19:39:03,551 - INFO - [Thread 1942249] Final batch inserted 1/1 posts
2026-01-15 19:39:03,553 - INFO - [Thread 1942249] Collected 1 posts in 4.8s
2026-01-15 19:39:03,554 - INFO - Thu thập được 1 posts từ thread
2026-01-15 19:39:03,557 - INFO - [19/20] Crawl thread: Tọa sơn, thưởng trà….Luận phong thủy cho năm Bính ...
2026-01-15 19:39:05,967 - INFO - [Thread 1942255] Existing thread, crawling reverse 146→1 until last_post_id: post-47878891
2026-01-15 19:39:08,327 - INFO - [Thread 1942255] Found last_post_id at page 146, stopping...
2026-01-15 19:39:08,336 - INFO - [Thread 1942255] Final batch inserted 4/4 posts
2026-01-15 19:39:08,339 - INFO - [Thread 1942255] Collected 4 posts in 4.8s
2026-01-15 19:39:08,340 - INFO - Thu thập được 4 posts từ thread
2026-01-15 19:39:08,344 - INFO - [20/20] Crawl thread: HQC số 1 NOXH...
2026-01-15 19:39:10,676 - INFO - [Thread 1920459] New thread, crawling forward 1→1...
2026-01-15 19:39:13,090 - INFO - [Thread 1920459] Final batch inserted 8/8 posts
2026-01-15 19:39:13,093 - INFO - [Thread 1920459] Collected 8 posts in 4.7s
2026-01-15 19:39:13,093 - INFO - Thu thập được 8 posts từ thread
2026-01-15 19:39:16,878 - INFO - [Thread 1902473] Batch inserted 100/100 posts at page 270
2026-01-15 19:39:33,657 - INFO - [Thread 1902473] Final batch inserted 71/71 posts
2026-01-15 19:39:33,660 - INFO - [Thread 1902473] Collected 2671 posts in 674.1s
2026-01-15 19:39:33,661 - INFO - Thu thập được 2671 posts từ thread
2026-01-15 19:39:33,663 - INFO - Hoàn thành trang 1, tổng posts: 5356
2026-01-15 19:39:45,140 - INFO - Đang xử lý trang 2
2026-01-15 19:39:50,823 - INFO - Tìm thấy 20 threads trên trang 2
2026-01-15 19:39:53,812 - INFO - Đã thu thập thông tin 20 threads, bắt đầu crawl posts...
2026-01-15 19:39:53,814 - INFO - [1/20] Crawl thread: Vinfast - Xe điện của người Việt (P3)...
2026-01-15 19:39:53,814 - INFO - [2/20] Crawl thread: CII - Đầu cơ giá trị với tài sản tỉ $ của ...
2026-01-15 19:39:56,132 - INFO - [Thread 1882039] Existing thread, crawling reverse 800→1 until last_post_id: post-47877845
2026-01-15 19:39:56,651 - INFO - [Thread 1923365] Existing thread, crawling reverse 168→1 until last_post_id: post-47876171
2026-01-15 19:39:58,495 - INFO - [Thread 1882039] Found last_post_id at page 800, stopping...
2026-01-15 19:39:58,532 - INFO - [Thread 1882039] Final batch inserted 1/1 posts
2026-01-15 19:39:58,534 - INFO - [Thread 1882039] Collected 1 posts in 4.7s
2026-01-15 19:39:58,535 - INFO - Thu thập được 1 posts từ thread
2026-01-15 19:39:58,538 - INFO - [3/20] Crawl thread: Xin 3 chữ cái cho năm 2026......
2026-01-15 19:39:59,390 - INFO - [Thread 1923365] Found last_post_id at page 168, stopping...
2026-01-15 19:39:59,427 - INFO - [Thread 1923365] Final batch inserted 1/1 posts
2026-01-15 19:39:59,430 - INFO - [Thread 1923365] Collected 1 posts in 5.6s
2026-01-15 19:39:59,431 - INFO - Thu thập được 1 posts từ thread
2026-01-15 19:39:59,434 - INFO - [4/20] Crawl thread: STB - Cổ phiếu kịch hay đang đến hồi cao trào(...
2026-01-15 19:40:00,846 - INFO - [Thread 1943931] Existing thread, crawling reverse 1→1 until last_post_id: post-47878693
2026-01-15 19:40:01,878 - INFO - [Thread 1930607] Existing thread, crawling reverse 133→1 until last_post_id: post-47878853
2026-01-15 19:40:03,130 - INFO - [Thread 1943931] Found last_post_id at page 1, stopping...
2026-01-15 19:40:03,168 - INFO - [Thread 1943931] Final batch inserted 2/2 posts
2026-01-15 19:40:03,170 - INFO - [Thread 1943931] Collected 2 posts in 4.6s
2026-01-15 19:40:03,170 - INFO - Thu thập được 2 posts từ thread
2026-01-15 19:40:03,173 - INFO - [5/20] Crawl thread: TPHCM KÍCH HOẠT "TỨ TRỤ" HẠ TẦNG 293.000 TỶ – DÒNG...
2026-01-15 19:40:04,228 - INFO - [Thread 1930607] Found last_post_id at page 133, stopping...
2026-01-15 19:40:04,265 - INFO - [Thread 1930607] Final batch inserted 1/1 posts
2026-01-15 19:40:04,267 - INFO - [Thread 1930607] Collected 1 posts in 4.8s
2026-01-15 19:40:04,268 - INFO - Thu thập được 1 posts từ thread
2026-01-15 19:40:04,271 - INFO - [6/20] Crawl thread: Khuyến nghị mua VIX...
2026-01-15 19:40:05,546 - INFO - [Thread 1943939] New thread, crawling forward 1→1...
2026-01-15 19:40:06,687 - INFO - [Thread 1902573] Existing thread, crawling reverse 48→1 until last_post_id: post-47878683
2026-01-15 19:40:07,916 - INFO - [Thread 1943939] Final batch inserted 1/1 posts
2026-01-15 19:40:07,920 - INFO - [Thread 1943939] Collected 1 posts in 4.7s
2026-01-15 19:40:07,921 - INFO - Thu thập được 1 posts từ thread
2026-01-15 19:40:07,923 - INFO - [7/20] Crawl thread: ACV- Hình trình vượt 100k/cp bắt đầu từ đây...
2026-01-15 19:40:09,040 - INFO - [Thread 1902573] Found last_post_id at page 48, stopping...
2026-01-15 19:40:09,076 - INFO - [Thread 1902573] Final batch inserted 1/1 posts
2026-01-15 19:40:09,079 - INFO - [Thread 1902573] Collected 1 posts in 4.8s
2026-01-15 19:40:09,079 - INFO - Thu thập được 1 posts từ thread
2026-01-15 19:40:09,084 - INFO - [8/20] Crawl thread: CDP: CTCP Dược phẩm Trung ương Codupha- CP đầu tư ...
2026-01-15 19:40:10,274 - INFO - [Thread 1940601] Existing thread, crawling reverse 12→1 until last_post_id: post-47877749
2026-01-15 19:40:11,396 - INFO - [Thread 1930047] New thread, crawling forward 1→16...
2026-01-15 19:40:12,590 - INFO - [Thread 1940601] Found last_post_id at page 12, stopping...
2026-01-15 19:40:12,626 - INFO - [Thread 1940601] Final batch inserted 1/1 posts
2026-01-15 19:40:12,629 - INFO - [Thread 1940601] Collected 1 posts in 4.7s
2026-01-15 19:40:12,629 - INFO - Thu thập được 1 posts từ thread
2026-01-15 19:40:12,634 - INFO - [9/20] Crawl thread: HDG lợi nhuận nghìn tỷ vượt kế hoạch 2023...
2026-01-15 19:40:14,963 - INFO - [Thread 1857501] Existing thread, crawling reverse 504→1 until last_post_id: post-47878767
2026-01-15 19:40:17,336 - INFO - [Thread 1857501] Found last_post_id at page 504, stopping...
2026-01-15 19:40:17,374 - INFO - [Thread 1857501] Final batch inserted 1/1 posts
2026-01-15 19:40:17,376 - INFO - [Thread 1857501] Collected 1 posts in 4.7s
2026-01-15 19:40:17,376 - INFO - Thu thập được 1 posts từ thread
2026-01-15 19:40:17,380 - INFO - [10/20] Crawl thread: Sau siêu phẩm BID > Tiếp đến HPG đạt điều kiện XAN...
2026-01-15 19:40:19,795 - INFO - [Thread 1943825] Existing thread, crawling reverse 1→1 until last_post_id: post-47878899
2026-01-15 19:40:22,165 - INFO - [Thread 1943825] Found last_post_id at page 1, stopping...
2026-01-15 19:40:22,202 - INFO - [Thread 1943825] Final batch inserted 1/1 posts
2026-01-15 19:40:22,205 - INFO - [Thread 1943825] Collected 1 posts in 4.8s
2026-01-15 19:40:22,205 - INFO - Thu thập được 1 posts từ thread
2026-01-15 19:40:22,208 - INFO - [11/20] Crawl thread: VIX: quân bài tẩy họ nhà M...
2026-01-15 19:40:24,501 - INFO - [Thread 1903403] Existing thread, crawling reverse 559→1 until last_post_id: post-47878837
2026-01-15 19:40:26,862 - INFO - [Thread 1903403] Found last_post_id at page 559, stopping...
2026-01-15 19:40:26,900 - INFO - [Thread 1903403] Final batch inserted 4/4 posts
2026-01-15 19:40:26,904 - INFO - [Thread 1903403] Collected 4 posts in 4.7s
2026-01-15 19:40:26,904 - INFO - Thu thập được 4 posts từ thread
2026-01-15 19:40:26,907 - INFO - [12/20] Crawl thread: POW tăng vốn khủng có lập đỉnh mới...
2026-01-15 19:40:29,323 - INFO - [Thread 1935387] Existing thread, crawling reverse 12→1 until last_post_id: post-47878925
2026-01-15 19:40:31,590 - INFO - [Thread 1935387] Found last_post_id at page 12, stopping...
2026-01-15 19:40:31,591 - INFO - [Thread 1935387] Collected 0 posts in 4.7s
2026-01-15 19:40:31,591 - INFO - Thu thập được 0 posts từ thread
2026-01-15 19:40:31,593 - INFO - [13/20] Crawl thread: SSI - điểm yếu ngắn hạn của dòng chứng khoán...
2026-01-15 19:40:33,925 - INFO - [Thread 1926403] Existing thread, crawling reverse 29→1 until last_post_id: post-47870185
2026-01-15 19:40:35,592 - INFO - [Thread 1930047] Batch inserted 100/100 posts at page 10
2026-01-15 19:40:36,293 - INFO - [Thread 1926403] Found last_post_id at page 29, stopping...
2026-01-15 19:40:36,293 - INFO - [Thread 1926403] Collected 0 posts in 4.7s
2026-01-15 19:40:36,293 - INFO - Thu thập được 0 posts từ thread
2026-01-15 19:40:36,295 - INFO - [14/20] Crawl thread: VCB – Mô hình “Cốc và Tay Cầm” đang hình thành?...
2026-01-15 19:40:38,632 - INFO - [Thread 1933181] Existing thread, crawling reverse 2→1 until last_post_id: post-47878893
2026-01-15 19:40:40,986 - INFO - [Thread 1933181] Found last_post_id at page 2, stopping...
2026-01-15 19:40:41,025 - INFO - [Thread 1933181] Final batch inserted 2/2 posts
2026-01-15 19:40:41,026 - INFO - [Thread 1933181] Collected 2 posts in 4.7s
2026-01-15 19:40:41,026 - INFO - Thu thập được 2 posts từ thread
2026-01-15 19:40:41,028 - INFO - [15/20] Crawl thread: Tập hợp cổ đông HVG- Công Ty Thuỷ Sản Hùng Vương...
2026-01-15 19:40:43,342 - INFO - [Thread 1887673] Existing thread, crawling reverse 3→1 until last_post_id: post-46255775
2026-01-15 19:40:45,648 - INFO - [Thread 1887673] Found last_post_id at page 3, stopping...
2026-01-15 19:40:45,648 - INFO - [Thread 1887673] Collected 0 posts in 4.6s
2026-01-15 19:40:45,649 - INFO - Thu thập được 0 posts từ thread
2026-01-15 19:40:45,650 - INFO - [16/20] Crawl thread: PHR - Sắp nhận đền bù 2-3k tỷ từ Thaco...
2026-01-15 19:40:48,056 - INFO - [Thread 1918203] Existing thread, crawling reverse 240→1 until last_post_id: post-47878881
2026-01-15 19:40:49,827 - INFO - [Thread 1930047] Final batch inserted 53/53 posts
2026-01-15 19:40:49,831 - INFO - [Thread 1930047] Collected 153 posts in 40.7s
2026-01-15 19:40:49,831 - INFO - Thu thập được 153 posts từ thread
2026-01-15 19:40:49,834 - INFO - [17/20] Crawl thread: Tất cả các dòng sông đều chảy - P2...
2026-01-15 19:40:50,410 - INFO - [Thread 1918203] Found last_post_id at page 240, stopping...
2026-01-15 19:40:50,410 - INFO - [Thread 1918203] Collected 0 posts in 4.8s
2026-01-15 19:40:50,411 - INFO - Thu thập được 0 posts từ thread
2026-01-15 19:40:50,414 - INFO - [18/20] Crawl thread: DVN lên được bao nhiêu mọi người...
2026-01-15 19:40:52,159 - INFO - [Thread 1934311] Existing thread, crawling reverse 102→1 until last_post_id: post-47878879
2026-01-15 19:40:52,724 - INFO - [Thread 1943935] Existing thread, crawling reverse 1→1 until last_post_id: post-47878841
2026-01-15 19:40:54,519 - INFO - [Thread 1934311] Found last_post_id at page 102, stopping...
2026-01-15 19:40:54,520 - INFO - [Thread 1934311] Collected 0 posts in 4.7s
2026-01-15 19:40:54,521 - INFO - Thu thập được 0 posts từ thread
2026-01-15 19:40:54,523 - INFO - [19/20] Crawl thread: HPG- Sự trở lại của nhà Vua...
2026-01-15 19:40:54,979 - INFO - [Thread 1943935] Found last_post_id at page 1, stopping...
2026-01-15 19:40:54,979 - INFO - [Thread 1943935] Collected 0 posts in 4.6s
2026-01-15 19:40:54,980 - INFO - Thu thập được 0 posts từ thread
2026-01-15 19:40:54,982 - INFO - [20/20] Crawl thread: SZL-có xứng đáng để đầu tư?...
2026-01-15 19:40:56,862 - INFO - [Thread 1925045] Existing thread, crawling reverse 266→1 until last_post_id: post-47878835
2026-01-15 19:40:57,378 - INFO - [Thread 1293301] Existing thread, crawling reverse 752→1 until last_post_id: post-47878833
2026-01-15 19:40:59,215 - INFO - [Thread 1925045] Found last_post_id at page 266, stopping...
2026-01-15 19:40:59,215 - INFO - [Thread 1925045] Collected 0 posts in 4.7s
2026-01-15 19:40:59,216 - INFO - Thu thập được 0 posts từ thread
2026-01-15 19:40:59,664 - INFO - [Thread 1293301] Found last_post_id at page 752, stopping...
2026-01-15 19:40:59,665 - INFO - [Thread 1293301] Collected 0 posts in 4.7s
2026-01-15 19:40:59,665 - INFO - Thu thập được 0 posts từ thread
2026-01-15 19:40:59,668 - INFO - Hoàn thành trang 2, tổng posts: 5525
2026-01-15 19:41:04,257 - INFO - Đang xử lý trang 3
2026-01-15 19:41:09,584 - INFO - Tìm thấy 20 threads trên trang 3
2026-01-15 19:41:12,865 - INFO - Đã thu thập thông tin 20 threads, bắt đầu crawl posts...
2026-01-15 19:41:12,868 - INFO - [1/20] Crawl thread: 14.1 không nên phức tạp quá - múc là có ăn...
2026-01-15 19:41:12,868 - INFO - [2/20] Crawl thread: Game mới SHB. Múc mạnh để mua nhà mua xe...
2026-01-15 19:41:15,129 - INFO - [Thread 1943725] Existing thread, crawling reverse 6→1 until last_post_id: post-47878829
2026-01-15 19:41:15,710 - INFO - [Thread 1900397] Existing thread, crawling reverse 536→1 until last_post_id: post-47878817
2026-01-15 19:41:17,440 - INFO - [Thread 1943725] Found last_post_id at page 6, stopping...
2026-01-15 19:41:17,440 - INFO - [Thread 1943725] Collected 0 posts in 4.6s
2026-01-15 19:41:17,440 - INFO - Thu thập được 0 posts từ thread
2026-01-15 19:41:17,443 - INFO - [3/20] Crawl thread: TTN - DN viễn thông vốn hoá 200 tỷ và hợp đồng gần...
2026-01-15 19:41:18,031 - INFO - [Thread 1900397] Found last_post_id at page 536, stopping...
2026-01-15 19:41:18,032 - INFO - [Thread 1900397] Collected 0 posts in 5.2s
2026-01-15 19:41:18,032 - INFO - Thu thập được 0 posts từ thread
2026-01-15 19:41:18,035 - INFO - [4/20] Crawl thread: CTI có gì?...
2026-01-15 19:41:19,922 - INFO - [Thread 1303829] Existing thread, crawling reverse 72→1 until last_post_id: post-47878815
2026-01-15 19:41:20,492 - INFO - [Thread 1911395] Existing thread, crawling reverse 39→1 until last_post_id: post-47878813
2026-01-15 19:41:22,473 - INFO - [Thread 1303829] Found last_post_id at page 72, stopping...
2026-01-15 19:41:22,474 - INFO - [Thread 1303829] Collected 0 posts in 5.0s
2026-01-15 19:41:22,475 - INFO - Thu thập được 0 posts từ thread
2026-01-15 19:41:22,478 - INFO - [5/20] Crawl thread: Công ty vốn hoá 900 tỷ tiền mặt 3000 tỷ...
2026-01-15 19:41:22,868 - INFO - [Thread 1911395] Found last_post_id at page 39, stopping...
2026-01-15 19:41:22,868 - INFO - [Thread 1911395] Collected 0 posts in 4.8s
2026-01-15 19:41:22,869 - INFO - Thu thập được 0 posts từ thread
2026-01-15 19:41:22,871 - INFO - [6/20] Crawl thread: Topic cổ đông dài hạn Nhiệt điện Quảng Ninh - Đầu ...
2026-01-15 19:41:25,099 - INFO - [Thread 1902081] Existing thread, crawling reverse 20→1 until last_post_id: post-47878809
2026-01-15 19:41:25,232 - INFO - [Thread 1943359] Existing thread, crawling reverse 2→1 until last_post_id: post-47878803
2026-01-15 19:41:27,417 - INFO - [Thread 1902081] Found last_post_id at page 20, stopping...
2026-01-15 19:41:27,417 - INFO - [Thread 1902081] Collected 0 posts in 4.9s
2026-01-15 19:41:27,418 - INFO - Thu thập được 0 posts từ thread
2026-01-15 19:41:27,421 - INFO - [7/20] Crawl thread: FOC - Viên kim cương bị lãng quên - Trỗi dậy cùng ...
2026-01-15 19:41:27,599 - INFO - [Thread 1943359] Found last_post_id at page 2, stopping...
2026-01-15 19:41:27,600 - INFO - [Thread 1943359] Collected 0 posts in 4.7s
2026-01-15 19:41:27,600 - INFO - Thu thập được 0 posts từ thread
2026-01-15 19:41:27,603 - INFO - [8/20] Crawl thread: Sóng Uptrend tốt nhất chu kỳ dự kiến 2026 +3-6 thá...
2026-01-15 19:41:30,048 - INFO - [Thread 1912015] Existing thread, crawling reverse 13→1 until last_post_id: post-47878789
2026-01-15 19:41:30,064 - INFO - [Thread 1942299] Existing thread, crawling reverse 23→1 until last_post_id: post-47878781
2026-01-15 19:41:32,364 - INFO - [Thread 1942299] Found last_post_id at page 23, stopping...
2026-01-15 19:41:32,365 - INFO - [Thread 1942299] Collected 0 posts in 4.8s
2026-01-15 19:41:32,366 - INFO - Thu thập được 0 posts từ thread
2026-01-15 19:41:32,369 - INFO - [9/20] Crawl thread: Thanh khoản...
2026-01-15 19:41:32,546 - INFO - [Thread 1912015] Found last_post_id at page 13, stopping...
2026-01-15 19:41:32,546 - INFO - [Thread 1912015] Collected 0 posts in 5.1s
2026-01-15 19:41:32,547 - INFO - Thu thập được 0 posts từ thread
2026-01-15 19:41:32,549 - INFO - [10/20] Crawl thread: Làm gì có sóng cổ phiếu ngân hàng lúc này…...
2026-01-15 19:41:34,686 - INFO - [Thread 1943459] Existing thread, crawling reverse 7→1 until last_post_id: post-47878763
2026-01-15 19:41:34,970 - INFO - [Thread 1943823] Existing thread, crawling reverse 7→1 until last_post_id: post-47878749
2026-01-15 19:41:36,975 - INFO - [Thread 1943459] Found last_post_id at page 7, stopping...
2026-01-15 19:41:36,976 - INFO - [Thread 1943459] Collected 0 posts in 4.6s
2026-01-15 19:41:36,976 - INFO - Thu thập được 0 posts từ thread
2026-01-15 19:41:36,978 - INFO - [11/20] Crawl thread: BSR tiền mặt 42.000 tỷ, chia cổ tức 61,5%, bóng dá...
2026-01-15 19:41:37,417 - INFO - [Thread 1943823] Found last_post_id at page 7, stopping...
2026-01-15 19:41:37,417 - INFO - [Thread 1943823] Collected 0 posts in 4.9s
2026-01-15 19:41:37,418 - INFO - Thu thập được 0 posts từ thread
2026-01-15 19:41:37,420 - INFO - [12/20] Crawl thread: BIDV chào bán riêng lẻ với giá 38,900 đồng/cp...
2026-01-15 19:41:39,391 - INFO - [Thread 1927427] Existing thread, crawling reverse 70→1 until last_post_id: post-47878743
2026-01-15 19:41:39,785 - INFO - [Thread 1943821] Existing thread, crawling reverse 8→1 until last_post_id: post-47878339
2026-01-15 19:41:41,827 - INFO - [Thread 1927427] Found last_post_id at page 70, stopping...
2026-01-15 19:41:41,828 - INFO - [Thread 1927427] Collected 0 posts in 4.8s
2026-01-15 19:41:41,828 - INFO - Thu thập được 0 posts từ thread
2026-01-15 19:41:41,830 - INFO - [13/20] Crawl thread: Các cổ phiếu nhà nước cầm trên 80% mà giá chưa tăn...
2026-01-15 19:41:42,151 - INFO - [Thread 1943821] Found last_post_id at page 8, stopping...
2026-01-15 19:41:42,152 - INFO - [Thread 1943821] Collected 0 posts in 4.7s
2026-01-15 19:41:42,153 - INFO - Thu thập được 0 posts từ thread
2026-01-15 19:41:42,158 - INFO - [14/20] Crawl thread: 2026: Dự Đỉnh 1960- Đáy 1340. Cơ hội nào cho NĐT...
2026-01-15 19:41:44,209 - INFO - [Thread 1943905] Existing thread, crawling reverse 2→1 until last_post_id: post-47877865
2026-01-15 19:41:44,558 - INFO - [Thread 1942323] Existing thread, crawling reverse 31→1 until last_post_id: post-47878221
2026-01-15 19:41:46,537 - INFO - [Thread 1943905] Found last_post_id at page 2, stopping...
2026-01-15 19:41:46,537 - INFO - [Thread 1943905] Collected 0 posts in 4.7s
2026-01-15 19:41:46,538 - INFO - Thu thập được 0 posts từ thread
2026-01-15 19:41:46,540 - INFO - [15/20] Crawl thread: 15/1 bắt đáy...
2026-01-15 19:41:46,972 - INFO - [Thread 1942323] Found last_post_id at page 31, stopping...
2026-01-15 19:41:46,973 - INFO - [Thread 1942323] Collected 0 posts in 4.8s
2026-01-15 19:41:46,973 - INFO - Thu thập được 0 posts từ thread
2026-01-15 19:41:46,975 - INFO - [16/20] Crawl thread: VCI target 41.5, 44.5, 47.5...hết sóng 52 - 58...
2026-01-15 19:41:48,886 - INFO - [Thread 1943867] Existing thread, crawling reverse 3→1 until last_post_id: post-47878601
2026-01-15 19:41:49,298 - INFO - [Thread 1943853] Existing thread, crawling reverse 3→1 until last_post_id: post-47878595
2026-01-15 19:41:51,094 - INFO - [Thread 1943867] Found last_post_id at page 3, stopping...
2026-01-15 19:41:51,095 - INFO - [Thread 1943867] Collected 0 posts in 4.6s
2026-01-15 19:41:51,095 - INFO - Thu thập được 0 posts từ thread
2026-01-15 19:41:51,098 - INFO - [17/20] Crawl thread: Gía mục tiêu cp ……..siêu sóng ….siêu sóng……….....
2026-01-15 19:41:51,529 - INFO - [Thread 1943853] Found last_post_id at page 3, stopping...
2026-01-15 19:41:51,529 - INFO - [Thread 1943853] Collected 0 posts in 4.6s
2026-01-15 19:41:51,530 - INFO - Thu thập được 0 posts từ thread
2026-01-15 19:41:51,532 - INFO - [18/20] Crawl thread: BID: Tăng một mạch 7 phiên 40%...
2026-01-15 19:41:53,500 - INFO - [Thread 1943745] Existing thread, crawling reverse 2→1 until last_post_id: post-47878583
2026-01-15 19:41:53,851 - INFO - [Thread 1943741] Existing thread, crawling reverse 1→1 until last_post_id: post-47878569
2026-01-15 19:41:55,964 - INFO - [Thread 1943745] Found last_post_id at page 2, stopping...
2026-01-15 19:41:55,965 - INFO - [Thread 1943745] Collected 0 posts in 4.9s
2026-01-15 19:41:55,965 - INFO - Thu thập được 0 posts từ thread
2026-01-15 19:41:55,968 - INFO - [19/20] Crawl thread: Lạm bàn về Cảng Đà Nẵng - CDN...
2026-01-15 19:41:56,176 - INFO - [Thread 1943741] Found last_post_id at page 1, stopping...
2026-01-15 19:41:56,177 - INFO - [Thread 1943741] Collected 0 posts in 4.6s
2026-01-15 19:41:56,177 - INFO - Thu thập được 0 posts từ thread
2026-01-15 19:41:56,180 - INFO - [20/20] Crawl thread: THG-Những nốt thăng trầm...
2026-01-15 19:41:58,315 - INFO - [Thread 1883213] Existing thread, crawling reverse 28→1 until last_post_id: post-47878553
2026-01-15 19:41:58,657 - INFO - [Thread 1924015] Existing thread, crawling reverse 94→1 until last_post_id: post-47878551
2026-01-15 19:42:00,671 - INFO - [Thread 1883213] Found last_post_id at page 28, stopping...
2026-01-15 19:42:00,672 - INFO - [Thread 1883213] Collected 0 posts in 4.7s
2026-01-15 19:42:00,672 - INFO - Thu thập được 0 posts từ thread
2026-01-15 19:42:01,091 - INFO - [Thread 1924015] Found last_post_id at page 94, stopping...
2026-01-15 19:42:01,092 - INFO - [Thread 1924015] Collected 0 posts in 4.9s
2026-01-15 19:42:01,093 - INFO - Thu thập được 0 posts từ thread
2026-01-15 19:42:01,095 - INFO - Hoàn thành trang 3, tổng posts: 5525
2026-01-15 19:42:15,276 - INFO - Đang xử lý trang 4
2026-01-15 19:42:20,745 - INFO - Tìm thấy 20 threads trên trang 4
2026-01-15 19:42:25,930 - INFO - Đã thu thập thông tin 20 threads, bắt đầu crawl posts...
2026-01-15 19:42:25,933 - INFO - [1/20] Crawl thread: DCM - Liên tục phá đỉnh 2025-2026...
2026-01-15 19:42:25,934 - INFO - [2/20] Crawl thread: VNM Cơ hội đang rất rõ ràng !...
2026-01-15 19:42:28,413 - INFO - [Thread 1926367] Existing thread, crawling reverse 175→1 until last_post_id: post-47878521
2026-01-15 19:42:28,419 - INFO - [Thread 1929137] Existing thread, crawling reverse 53→1 until last_post_id: post-47878547
2026-01-15 19:42:30,653 - INFO - [Thread 1926367] Found last_post_id at page 175, stopping...
2026-01-15 19:42:30,653 - INFO - [Thread 1926367] Collected 0 posts in 4.7s
2026-01-15 19:42:30,654 - INFO - Thu thập được 0 posts từ thread
2026-01-15 19:42:30,656 - INFO - [3/20] Crawl thread: HDB- Tiếp tục hành trình chinh phục những đỉnh cao...
2026-01-15 19:42:30,701 - INFO - [Thread 1929137] Found last_post_id at page 53, stopping...
2026-01-15 19:42:30,702 - INFO - [Thread 1929137] Collected 0 posts in 4.8s
2026-01-15 19:42:30,702 - INFO - Thu thập được 0 posts từ thread
2026-01-15 19:42:30,703 - INFO - [4/20] Crawl thread: HID sẽ lại X5 từ vùng giá 4.x ???...
2026-01-15 19:42:33,039 - INFO - [Thread 1943915] Existing thread, crawling reverse 3→1 until last_post_id: post-47878239
2026-01-15 19:42:33,173 - INFO - [Thread 1943407] Existing thread, crawling reverse 20→1 until last_post_id: post-47878429
2026-01-15 19:42:35,398 - INFO - [Thread 1943915] Found last_post_id at page 3, stopping...
2026-01-15 19:42:35,399 - INFO - [Thread 1943915] Collected 0 posts in 4.7s
2026-01-15 19:42:35,399 - INFO - Thu thập được 0 posts từ thread
2026-01-15 19:42:35,401 - INFO - [5/20] Crawl thread: Index Ký Sự - P3...
2026-01-15 19:42:37,833 - INFO - [Thread 1942309] Existing thread, crawling reverse 7→1 until last_post_id: post-47878535
2026-01-15 19:42:37,853 - INFO - [Thread 1943407] Found last_post_id at page 19, stopping...
2026-01-15 19:42:37,860 - INFO - [Thread 1943407] Final batch inserted 2/2 posts
2026-01-15 19:42:37,862 - INFO - [Thread 1943407] Collected 2 posts in 7.2s
2026-01-15 19:42:37,862 - INFO - Thu thập được 2 posts từ thread
2026-01-15 19:42:37,865 - INFO - [6/20] Crawl thread: List thoái vốn SCIC update...
2026-01-15 19:42:40,102 - INFO - [Thread 1943921] Existing thread, crawling reverse 1→1 until last_post_id: post-47877983
2026-01-15 19:42:40,170 - INFO - [Thread 1942309] Found last_post_id at page 7, stopping...
2026-01-15 19:42:40,171 - INFO - [Thread 1942309] Collected 0 posts in 4.8s
2026-01-15 19:42:40,172 - INFO - Thu thập được 0 posts từ thread
2026-01-15 19:42:40,174 - INFO - [7/20] Crawl thread: Nghành Dầu khí sẽ dẫn sóng cho năm 2026?...
2026-01-15 19:42:42,658 - INFO - [Thread 1943921] Found last_post_id at page 1, stopping...
2026-01-15 19:42:42,658 - INFO - [Thread 1943921] Collected 0 posts in 4.8s
2026-01-15 19:42:42,659 - INFO - Thu thập được 0 posts từ thread
2026-01-15 19:42:42,661 - INFO - [8/20] Crawl thread: Ngành cao su (GVR, PHR,...) và NQ79...
2026-01-15 19:42:43,138 - INFO - [Thread 1942541] Existing thread, crawling reverse 5→1 until last_post_id: post-47878507
2026-01-15 19:42:45,032 - INFO - [Thread 1943285] Existing thread, crawling reverse 6→1 until last_post_id: post-47878503
2026-01-15 19:42:45,477 - INFO - [Thread 1942541] Found last_post_id at page 5, stopping...
2026-01-15 19:42:45,477 - INFO - [Thread 1942541] Collected 0 posts in 5.3s
2026-01-15 19:42:45,478 - INFO - Thu thập được 0 posts từ thread
2026-01-15 19:42:45,480 - INFO - [9/20] Crawl thread: DGC con hào kinh tế...
2026-01-15 19:42:47,368 - INFO - [Thread 1943285] Found last_post_id at page 6, stopping...
2026-01-15 19:42:47,369 - INFO - [Thread 1943285] Collected 0 posts in 4.7s
2026-01-15 19:42:47,369 - INFO - Thu thập được 0 posts từ thread
2026-01-15 19:42:47,371 - INFO - [10/20] Crawl thread: Căng đét...
2026-01-15 19:42:48,101 - INFO - [Thread 1943403] Existing thread, crawling reverse 5→1 until last_post_id: post-47878459
2026-01-15 19:42:49,640 - INFO - [Thread 1943929] Existing thread, crawling reverse 1→1 until last_post_id: post-47878457
2026-01-15 19:42:50,442 - INFO - [Thread 1943403] Found last_post_id at page 5, stopping...
2026-01-15 19:42:50,442 - INFO - [Thread 1943403] Collected 0 posts in 5.0s
2026-01-15 19:42:50,443 - INFO - Thu thập được 0 posts từ thread
2026-01-15 19:42:50,445 - INFO - [11/20] Crawl thread: Cuối năm 2025, thoát xu hướng tích luỹ...
2026-01-15 19:42:51,926 - INFO - [Thread 1943929] Found last_post_id at page 1, stopping...
2026-01-15 19:42:51,926 - INFO - [Thread 1943929] Collected 0 posts in 4.6s
2026-01-15 19:42:51,927 - INFO - Thu thập được 0 posts từ thread
2026-01-15 19:42:51,929 - INFO - [12/20] Crawl thread: EVF Doanh nghiệp tăng trưởng...
2026-01-15 19:42:52,801 - INFO - [Thread 1936049] Existing thread, crawling reverse 8→1 until last_post_id: post-47878445
2026-01-15 19:42:54,328 - INFO - [Thread 1935667] Existing thread, crawling reverse 4→1 until last_post_id: post-47878423
2026-01-15 19:42:55,131 - INFO - [Thread 1936049] Found last_post_id at page 8, stopping...
2026-01-15 19:42:55,132 - INFO - [Thread 1936049] Collected 0 posts in 4.7s
2026-01-15 19:42:55,133 - INFO - Thu thập được 0 posts từ thread
2026-01-15 19:42:55,136 - INFO - [13/20] Crawl thread: Tam tấu SSI - VIX - CTS ! Siêu game bom tấn!...
2026-01-15 19:42:56,670 - INFO - [Thread 1935667] Found last_post_id at page 4, stopping...
2026-01-15 19:42:56,671 - INFO - [Thread 1935667] Collected 0 posts in 4.7s
2026-01-15 19:42:56,672 - INFO - Thu thập được 0 posts từ thread
2026-01-15 19:42:56,674 - INFO - [14/20] Crawl thread: Dòng tiền lan toả bước sang năm 2026...
2026-01-15 19:42:57,514 - INFO - [Thread 1923417] Existing thread, crawling reverse 296→1 until last_post_id: post-47878409
2026-01-15 19:42:59,147 - INFO - [Thread 1942743] Existing thread, crawling reverse 6→1 until last_post_id: post-47878399
2026-01-15 19:42:59,852 - INFO - [Thread 1923417] Found last_post_id at page 296, stopping...
2026-01-15 19:42:59,852 - INFO - [Thread 1923417] Collected 0 posts in 4.7s
2026-01-15 19:42:59,853 - INFO - Thu thập được 0 posts từ thread
2026-01-15 19:42:59,856 - INFO - [15/20] Crawl thread: HAG - sắp sang trang mới cổ phiếu vươn mình tăng t...
2026-01-15 19:43:01,454 - INFO - [Thread 1942743] Found last_post_id at page 6, stopping...
2026-01-15 19:43:01,455 - INFO - [Thread 1942743] Collected 0 posts in 4.8s
2026-01-15 19:43:01,455 - INFO - Thu thập được 0 posts từ thread
2026-01-15 19:43:01,458 - INFO - [16/20] Crawl thread: BBC: Chia cổ tức kỷ lục 373,5%...
2026-01-15 19:43:02,315 - INFO - [Thread 1935815] Existing thread, crawling reverse 105→1 until last_post_id: post-47878379
2026-01-15 19:43:03,864 - INFO - [Thread 1943807] Existing thread, crawling reverse 4→1 until last_post_id: post-47878181
2026-01-15 19:43:04,669 - INFO - [Thread 1935815] Found last_post_id at page 105, stopping...
2026-01-15 19:43:04,670 - INFO - [Thread 1935815] Collected 0 posts in 4.8s
2026-01-15 19:43:04,670 - INFO - Thu thập được 0 posts từ thread
2026-01-15 19:43:04,671 - INFO - [17/20] Crawl thread: PGV - Khủng long ngành điện...
2026-01-15 19:43:06,186 - INFO - [Thread 1943807] Found last_post_id at page 4, stopping...
2026-01-15 19:43:06,186 - INFO - [Thread 1943807] Collected 0 posts in 4.7s
2026-01-15 19:43:06,187 - INFO - Thu thập được 0 posts từ thread
2026-01-15 19:43:06,189 - INFO - [18/20] Crawl thread: NT2 - Góc nhìn về giá trị!!!...
2026-01-15 19:43:07,348 - INFO - [Thread 1550217] Existing thread, crawling reverse 253→1 until last_post_id: post-47878345
2026-01-15 19:43:08,556 - INFO - [Thread 1935045] Existing thread, crawling reverse 6→1 until last_post_id: post-47878307
2026-01-15 19:43:09,797 - INFO - [Thread 1550217] Found last_post_id at page 253, stopping...
2026-01-15 19:43:09,798 - INFO - [Thread 1550217] Collected 0 posts in 5.1s
2026-01-15 19:43:09,798 - INFO - Thu thập được 0 posts từ thread
2026-01-15 19:43:09,801 - INFO - [19/20] Crawl thread: HNG Hướng tới vùng 20...
2026-01-15 19:43:10,907 - INFO - [Thread 1935045] Found last_post_id at page 6, stopping...
2026-01-15 19:43:10,907 - INFO - [Thread 1935045] Collected 0 posts in 4.7s
2026-01-15 19:43:10,908 - INFO - Thu thập được 0 posts từ thread
2026-01-15 19:43:10,910 - INFO - [20/20] Crawl thread: ISH vs GHC – Cổ tức bằng tiền ổn định và trọn đời!...
2026-01-15 19:43:12,245 - INFO - [Thread 1910241] Existing thread, crawling reverse 149→1 until last_post_id: post-47878235
2026-01-15 19:43:13,292 - INFO - [Thread 1844081] Existing thread, crawling reverse 44→1 until last_post_id: post-47878229
2026-01-15 19:43:14,549 - INFO - [Thread 1910241] Found last_post_id at page 149, stopping...
2026-01-15 19:43:14,576 - INFO - [Thread 1910241] Collected 0 posts in 4.8s
2026-01-15 19:43:14,577 - INFO - Thu thập được 0 posts từ thread
2026-01-15 19:43:15,619 - INFO - [Thread 1844081] Found last_post_id at page 44, stopping...
2026-01-15 19:43:15,620 - INFO - [Thread 1844081] Collected 0 posts in 4.7s
2026-01-15 19:43:15,620 - INFO - Thu thập được 0 posts từ thread
2026-01-15 19:43:15,622 - INFO - Hoàn thành trang 4, tổng posts: 5527
2026-01-15 19:43:24,594 - INFO - Đang xử lý trang 5
2026-01-15 19:43:29,742 - INFO - Tìm thấy 20 threads trên trang 5
2026-01-15 19:43:32,901 - INFO - Đã thu thập thông tin 20 threads, bắt đầu crawl posts...
2026-01-15 19:43:32,903 - INFO - [1/20] Crawl thread: VNM đạt lợi nhuận hơn +19%, gặp gỡ trực tiếp chuyê...
2026-01-15 19:43:32,903 - INFO - [2/20] Crawl thread: Nhận định thị trường hàng ngày...
2026-01-15 19:43:35,160 - INFO - [Thread 1943891] Existing thread, crawling reverse 1→1 until last_post_id: post-47877171
2026-01-15 19:43:35,787 - INFO - [Thread 1806081] Existing thread, crawling reverse 122→1 until last_post_id: post-47878143
2026-01-15 19:43:37,414 - INFO - [Thread 1943891] Found last_post_id at page 1, stopping...
2026-01-15 19:43:37,415 - INFO - [Thread 1943891] Collected 0 posts in 4.5s
2026-01-15 19:43:37,415 - INFO - Thu thập được 0 posts từ thread
2026-01-15 19:43:37,418 - INFO - [3/20] Crawl thread: Vĩ mô ngành BĐS – Cơn bão lớn hay chỉ là khó khăn ...
2026-01-15 19:43:38,147 - INFO - [Thread 1806081] Found last_post_id at page 122, stopping...
2026-01-15 19:43:38,147 - INFO - [Thread 1806081] Collected 0 posts in 5.2s
2026-01-15 19:43:38,148 - INFO - Thu thập được 0 posts từ thread
2026-01-15 19:43:38,150 - INFO - [4/20] Crawl thread: Bất động sản...đến giờ bắt đáy...
2026-01-15 19:43:39,783 - INFO - [Thread 1940867] Existing thread, crawling reverse 2→1 until last_post_id: post-47878133
2026-01-15 19:43:40,444 - INFO - [Thread 1943193] Existing thread, crawling reverse 5→1 until last_post_id: post-47877167
2026-01-15 19:43:42,134 - INFO - [Thread 1940867] Found last_post_id at page 2, stopping...
2026-01-15 19:43:42,134 - INFO - [Thread 1940867] Collected 0 posts in 4.7s
2026-01-15 19:43:42,135 - INFO - Thu thập được 0 posts từ thread
2026-01-15 19:43:42,138 - INFO - [5/20] Crawl thread: PVC - Đơn vị số 1 trong mảng bảo dưỡng !...
2026-01-15 19:43:42,868 - INFO - [Thread 1943193] Found last_post_id at page 5, stopping...
2026-01-15 19:43:42,869 - INFO - [Thread 1943193] Collected 0 posts in 4.7s
2026-01-15 19:43:42,870 - INFO - Thu thập được 0 posts từ thread
2026-01-15 19:43:42,872 - INFO - [6/20] Crawl thread: PVC – Kỳ vọng trở thành đơn vị số 1 trong mảng bảo...
2026-01-15 19:43:44,495 - INFO - [Thread 1880851] Existing thread, crawling reverse 13→1 until last_post_id: post-47878105
2026-01-15 19:43:45,331 - INFO - [Thread 1943841] Existing thread, crawling reverse 1→1 until last_post_id: post-47878087
2026-01-15 19:43:46,850 - INFO - [Thread 1880851] Found last_post_id at page 13, stopping...
2026-01-15 19:43:46,850 - INFO - [Thread 1880851] Collected 0 posts in 4.7s
2026-01-15 19:43:46,851 - INFO - Thu thập được 0 posts từ thread
2026-01-15 19:43:46,853 - INFO - [7/20] Crawl thread: Cổ phiếu VEA: Triển vọng đầu tư như thế nào trong ...
2026-01-15 19:43:47,684 - INFO - [Thread 1943841] Found last_post_id at page 1, stopping...
2026-01-15 19:43:47,684 - INFO - [Thread 1943841] Collected 0 posts in 4.8s
2026-01-15 19:43:47,685 - INFO - Thu thập được 0 posts từ thread
2026-01-15 19:43:47,687 - INFO - [8/20] Crawl thread: CSM - Bạn đường tin cậy...
2026-01-15 19:43:49,192 - INFO - [Thread 1902277] Existing thread, crawling reverse 1→1 until last_post_id: post-47878067
2026-01-15 19:43:50,040 - INFO - [Thread 1928135] Existing thread, crawling reverse 81→1 until last_post_id: post-47878017
2026-01-15 19:43:51,562 - INFO - [Thread 1902277] Found last_post_id at page 1, stopping...
2026-01-15 19:43:51,563 - INFO - [Thread 1902277] Collected 0 posts in 4.7s
2026-01-15 19:43:51,563 - INFO - Thu thập được 0 posts từ thread
2026-01-15 19:43:51,566 - INFO - [9/20] Crawl thread: PSD - Đầu tư giá trị, rẻ nhất dòng bán lẻ!...
2026-01-15 19:43:52,378 - INFO - [Thread 1928135] Found last_post_id at page 81, stopping...
2026-01-15 19:43:52,378 - INFO - [Thread 1928135] Collected 0 posts in 4.7s
2026-01-15 19:43:52,379 - INFO - Thu thập được 0 posts từ thread
2026-01-15 19:43:52,381 - INFO - [10/20] Crawl thread: DSH: sở hữu 58% BOT Hà Nội-Bắc Giang...
2026-01-15 19:43:53,917 - INFO - [Thread 1896567] Existing thread, crawling reverse 72→1 until last_post_id: post-47878007
2026-01-15 19:43:54,837 - INFO - [Thread 1943875] Existing thread, crawling reverse 1→1 until last_post_id: post-47877999
2026-01-15 19:43:56,411 - INFO - [Thread 1896567] Found last_post_id at page 72, stopping...
2026-01-15 19:43:56,412 - INFO - [Thread 1896567] Collected 0 posts in 4.8s
2026-01-15 19:43:56,413 - INFO - Thu thập được 0 posts từ thread
2026-01-15 19:43:56,415 - INFO - [11/20] Crawl thread: Quý I - Đầu quý tích lũy để cuối quý bùng nổ...
2026-01-15 19:43:57,300 - INFO - [Thread 1943875] Found last_post_id at page 1, stopping...
2026-01-15 19:43:57,300 - INFO - [Thread 1943875] Collected 0 posts in 4.9s
2026-01-15 19:43:57,301 - INFO - Thu thập được 0 posts từ thread
2026-01-15 19:43:57,303 - INFO - [12/20] Crawl thread: VNM – Có đang trở lại đường đua tăng trưởng?...
2026-01-15 19:43:58,836 - INFO - [Thread 1942287] Existing thread, crawling reverse 7→1 until last_post_id: post-47877981
2026-01-15 19:43:59,770 - INFO - [Thread 1943639] Existing thread, crawling reverse 2→1 until last_post_id: post-47877947
2026-01-15 19:44:01,201 - INFO - [Thread 1942287] Found last_post_id at page 7, stopping...
2026-01-15 19:44:01,201 - INFO - [Thread 1942287] Collected 0 posts in 4.8s
2026-01-15 19:44:01,202 - INFO - Thu thập được 0 posts từ thread
2026-01-15 19:44:01,205 - INFO - [13/20] Crawl thread: MSN - Gã khổng lồ hàng tiêu dùng thức giấc...
2026-01-15 19:44:02,208 - INFO - [Thread 1943639] Found last_post_id at page 2, stopping...
2026-01-15 19:44:02,208 - INFO - [Thread 1943639] Collected 0 posts in 4.9s
2026-01-15 19:44:02,209 - INFO - Thu thập được 0 posts từ thread
2026-01-15 19:44:02,212 - INFO - [14/20] Crawl thread: Game định giá lại tài sản quốc gia -------- Cá mập...
2026-01-15 19:44:03,570 - INFO - [Thread 1926185] Existing thread, crawling reverse 33→1 until last_post_id: post-47877923
2026-01-15 19:44:04,683 - INFO - [Thread 1936055] Existing thread, crawling reverse 10→1 until last_post_id: post-47876653
2026-01-15 19:44:05,857 - INFO - [Thread 1926185] Found last_post_id at page 33, stopping...
2026-01-15 19:44:05,858 - INFO - [Thread 1926185] Collected 0 posts in 4.7s
2026-01-15 19:44:05,858 - INFO - Thu thập được 0 posts từ thread
2026-01-15 19:44:05,861 - INFO - [15/20] Crawl thread: Qcg: Ngày không xa!...
2026-01-15 19:44:07,024 - INFO - [Thread 1936055] Found last_post_id at page 10, stopping...
2026-01-15 19:44:07,026 - INFO - [Thread 1936055] Collected 0 posts in 4.8s
2026-01-15 19:44:07,026 - INFO - Thu thập được 0 posts từ thread
2026-01-15 19:44:07,028 - INFO - [16/20] Crawl thread: ACB: Bị sao vậy?...
2026-01-15 19:44:08,252 - INFO - [Thread 1825273] Existing thread, crawling reverse 1629→1 until last_post_id: post-47877841
2026-01-15 19:44:09,374 - INFO - [Thread 1943721] Existing thread, crawling reverse 2→1 until last_post_id: post-47877833
2026-01-15 19:44:10,665 - INFO - [Thread 1825273] Found last_post_id at page 1629, stopping...
2026-01-15 19:44:10,703 - INFO - [Thread 1825273] Final batch inserted 1/1 posts
2026-01-15 19:44:10,705 - INFO - [Thread 1825273] Collected 1 posts in 4.8s
2026-01-15 19:44:10,706 - INFO - Thu thập được 1 posts từ thread
2026-01-15 19:44:10,708 - INFO - [17/20] Crawl thread: ACV.......
2026-01-15 19:44:11,724 - INFO - [Thread 1943721] Found last_post_id at page 2, stopping...
2026-01-15 19:44:11,725 - INFO - [Thread 1943721] Collected 0 posts in 4.7s
2026-01-15 19:44:11,725 - INFO - Thu thập được 0 posts từ thread
2026-01-15 19:44:11,728 - INFO - [18/20] Crawl thread: EIB mã duy nhất đi ngược thị trường hôm nay...
2026-01-15 19:44:13,061 - INFO - [Thread 1941417] Existing thread, crawling reverse 9→1 until last_post_id: post-47877831
2026-01-15 19:44:13,996 - INFO - [Thread 1943887] Existing thread, crawling reverse 1→1 until last_post_id: post-47877821
2026-01-15 19:44:15,361 - INFO - [Thread 1941417] Found last_post_id at page 9, stopping...
2026-01-15 19:44:15,362 - INFO - [Thread 1941417] Collected 0 posts in 4.7s
2026-01-15 19:44:15,362 - INFO - Thu thập được 0 posts từ thread
2026-01-15 19:44:15,365 - INFO - [19/20] Crawl thread: Ai đỡ?...
2026-01-15 19:44:16,332 - INFO - [Thread 1943887] Found last_post_id at page 1, stopping...
2026-01-15 19:44:16,333 - INFO - [Thread 1943887] Collected 0 posts in 4.6s
2026-01-15 19:44:16,333 - INFO - Thu thập được 0 posts từ thread
2026-01-15 19:44:16,336 - INFO - [20/20] Crawl thread: Giá xăng lên gần 19.000 đồng một lít...
2026-01-15 19:44:17,668 - INFO - [Thread 1943877] Existing thread, crawling reverse 5→1 until last_post_id: post-47877133
2026-01-15 19:44:18,784 - INFO - [Thread 1943919] Existing thread, crawling reverse 1→1 until last_post_id: post-47877779
2026-01-15 19:44:20,039 - INFO - [Thread 1943877] Found last_post_id at page 5, stopping...
2026-01-15 19:44:20,039 - INFO - [Thread 1943877] Collected 0 posts in 4.7s
2026-01-15 19:44:20,040 - INFO - Thu thập được 0 posts từ thread
2026-01-15 19:44:21,042 - INFO - [Thread 1943919] Found last_post_id at page 1, stopping...
2026-01-15 19:44:21,043 - INFO - [Thread 1943919] Collected 0 posts in 4.7s
2026-01-15 19:44:21,043 - INFO - Thu thập được 0 posts từ thread
2026-01-15 19:44:21,046 - INFO - Hoàn thành trang 5, tổng posts: 5528
2026-01-15 19:44:29,725 - INFO - Selenium driver stopped
2026-01-15 19:44:29,726 - INFO - Hoàn tất! Tổng cộng thu thập: 5528 posts
2026-01-15 19:44:29,726 - INFO - Completed in 17m 11s. Total posts: 5528
2026-01-15 19:44:29,727 - INFO - 
================================================================================
2026-01-15 19:44:29,727 - INFO - CRAWL SUMMARY - TỔNG KẾT THU THẬP DỮ LIỆU
2026-01-15 19:44:29,728 - INFO - ================================================================================
2026-01-15 19:44:29,728 - INFO - 
🆕 THREADS MỚI (6 threads):
2026-01-15 19:44:29,728 - INFO - --------------------------------------------------------------------------------
2026-01-15 19:44:29,729 - INFO -   1. [NEW] Săn tìm cổ phiếu PENNY đột biến 2025
2026-01-15 19:44:29,729 - INFO -      Posts: 2403 | Thời gian: 9m 45s | Last Post ID: post-47872883
2026-01-15 19:44:29,729 - INFO -   2. [NEW] PNJ viên kim cương sót lại mở đầu chu kỳ tăng trưởng mới 202...
2026-01-15 19:44:29,730 - INFO -      Posts:  197 | Thời gian: 0m 50s | Last Post ID: post-47864921
2026-01-15 19:44:29,730 - INFO -   3. [NEW] HQC số 1 NOXH
2026-01-15 19:44:29,730 - INFO -      Posts:    8 | Thời gian: 0m 4s | Last Post ID: post-46952941
2026-01-15 19:44:29,731 - INFO -   4. [NEW] NVL - Những khó khăn dần được tháo gỡ
2026-01-15 19:44:29,731 - INFO -      Posts: 2671 | Thời gian: 11m 14s | Last Post ID: post-47832853
2026-01-15 19:44:29,731 - INFO -   5. [NEW] TPHCM KÍCH HOẠT "TỨ TRỤ" HẠ TẦNG 293.000 TỶ – DÒNG TIỀN LỚN ...
2026-01-15 19:44:29,732 - INFO -      Posts:    1 | Thời gian: 0m 4s | Last Post ID: post-47878969
2026-01-15 19:44:29,732 - INFO -   6. [NEW] CDP: CTCP Dược phẩm Trung ương Codupha- CP đầu tư cực chất
2026-01-15 19:44:29,732 - INFO -      Posts:  153 | Thời gian: 0m 40s | Last Post ID: post-47860857
2026-01-15 19:44:29,733 - INFO - 
🔄 THREADS CẬP NHẬT (94 threads):
2026-01-15 19:44:29,733 - INFO - --------------------------------------------------------------------------------
2026-01-15 19:44:29,734 - INFO -   1. [UPDATE] VOS-vào sóng !
2026-01-15 19:44:29,734 - INFO -      Posts mới:    1 | Thời gian: 0m 6s
2026-01-15 19:44:29,734 - INFO -      Last Post ID: post-47878621 → post-47879101
2026-01-15 19:44:29,735 - INFO -   2. [UPDATE] VEA:Tổng CT Máy động lực và máy Nông nghiệp VN- CP Đầu tư cự...
2026-01-15 19:44:29,735 - INFO -      Posts mới:    1 | Thời gian: 0m 6s
2026-01-15 19:44:29,735 - INFO -      Last Post ID: post-47878883 → post-47879099
2026-01-15 19:44:29,736 - INFO -   3. [UPDATE] Tiềm năng GVR - Tập đoàn Cao su Việt Nam
2026-01-15 19:44:29,737 - INFO -      Posts mới:    1 | Thời gian: 0m 4s
2026-01-15 19:44:29,737 - INFO -      Last Post ID: post-47877401 → post-47879097
2026-01-15 19:44:29,737 - INFO -   4. [UPDATE] Thép-Đã đến lúc
2026-01-15 19:44:29,738 - INFO -      Posts mới:    6 | Thời gian: 0m 4s
2026-01-15 19:44:29,738 - INFO -      Last Post ID: post-47878407 → post-47879095
2026-01-15 19:44:29,738 - INFO -   5. [UPDATE] Ngôi nhà nhỏ trên Thảo Nguyên - P86
2026-01-15 19:44:29,739 - INFO -      Posts mới:   31 | Thời gian: 0m 12s
2026-01-15 19:44:29,739 - INFO -      Last Post ID: post-47878887 → post-47879091
2026-01-15 19:44:29,739 - INFO -   6. [UPDATE] VNI - vươn mình 1954 or 1975
2026-01-15 19:44:29,740 - INFO -      Posts mới:    2 | Thời gian: 0m 4s
2026-01-15 19:44:29,740 - INFO -      Last Post ID: post-47878775 → post-47879089
2026-01-15 19:44:29,741 - INFO -   7. [UPDATE] Bđs bắt đáy
2026-01-15 19:44:29,741 - INFO -      Posts mới:   10 | Thời gian: 0m 6s
2026-01-15 19:44:29,741 - INFO -      Last Post ID: post-47878877 → post-47879085
2026-01-15 19:44:29,741 - INFO -   8. [UPDATE] VHC bước vào chu kỳ tăng trưởng
2026-01-15 19:44:29,742 - INFO -      Posts mới:    1 | Thời gian: 0m 7s
2026-01-15 19:44:29,742 - INFO -      Last Post ID: post-47876563 → post-47879065
2026-01-15 19:44:29,742 - INFO -   9. [UPDATE] Săn lùng cổ phiếu PENNY đột biến 2026!
2026-01-15 19:44:29,743 - INFO -      Posts mới:    1 | Thời gian: 0m 7s
2026-01-15 19:44:29,743 - INFO -      Last Post ID: post-47878773 → post-47879061
2026-01-15 19:44:29,744 - INFO -  10. [UPDATE] Đánh giá thị trường!
2026-01-15 19:44:29,744 - INFO -      Posts mới:    3 | Thời gian: 0m 7s
2026-01-15 19:44:29,744 - INFO -      Last Post ID: post-47878903 → post-47879107
2026-01-15 19:44:29,745 - INFO -  11. [UPDATE] CII hưởng lợi lớn nhất đấu giá đất Thủ Thiêm
2026-01-15 19:44:29,745 - INFO -      Posts mới:    2 | Thời gian: 0m 4s
2026-01-15 19:44:29,745 - INFO -      Last Post ID: post-47878425 → post-47879041
2026-01-15 19:44:29,746 - INFO -  12. [UPDATE] 6LON_banks(3/4 Big.Banks)Bơm máo,dùng hết ko Ae?
2026-01-15 19:44:29,746 - INFO -      Posts mới:   11 | Thời gian: 0m 7s
2026-01-15 19:44:29,746 - INFO -      Last Post ID: post-47878907 → post-47879129
2026-01-15 19:44:29,747 - INFO -  13. [UPDATE] QCG: liệu có một trận đánh lớn?
2026-01-15 19:44:29,747 - INFO -      Posts mới:    1 | Thời gian: 0m 5s
2026-01-15 19:44:29,748 - INFO -      Last Post ID: post-47878739 → post-47879009
2026-01-15 19:44:29,748 - INFO -  14. [UPDATE] VGI bùng nổ lợi nhuận 2026-2030?
2026-01-15 19:44:29,748 - INFO -      Posts mới:    1 | Thời gian: 0m 7s
2026-01-15 19:44:29,749 - INFO -      Last Post ID: post-47875427 → post-47879003
2026-01-15 19:44:29,749 - INFO -  15. [UPDATE] Tản mạn về CPI và TTCK (53)
2026-01-15 19:44:29,750 - INFO -      Posts mới:    1 | Thời gian: 0m 4s
2026-01-15 19:44:29,750 - INFO -      Last Post ID: post-47878905 → post-47879001
2026-01-15 19:44:29,750 - INFO -  16. [UPDATE] Tọa sơn, thưởng trà….Luận phong thủy cho năm Bính Ngọ.
2026-01-15 19:44:29,751 - INFO -      Posts mới:    4 | Thời gian: 0m 4s
2026-01-15 19:44:29,751 - INFO -      Last Post ID: post-47878891 → post-47878999
2026-01-15 19:44:29,751 - INFO -  17. [UPDATE] Vinfast - Xe điện của người Việt (P3)
2026-01-15 19:44:29,752 - INFO -      Posts mới:    1 | Thời gian: 0m 4s
2026-01-15 19:44:29,752 - INFO -      Last Post ID: post-47877845 → post-47878987
2026-01-15 19:44:29,753 - INFO -  18. [UPDATE] CII - Đầu cơ giá trị với tài sản tỉ $ của doanh nghi...
2026-01-15 19:44:29,753 - INFO -      Posts mới:    1 | Thời gian: 0m 5s
2026-01-15 19:44:29,753 - INFO -      Last Post ID: post-47876171 → post-47878983
2026-01-15 19:44:29,753 - INFO -  19. [UPDATE] Xin 3 chữ cái cho năm 2026...
2026-01-15 19:44:29,754 - INFO -      Posts mới:    2 | Thời gian: 0m 4s
2026-01-15 19:44:29,754 - INFO -      Last Post ID: post-47878693 → post-47878977
2026-01-15 19:44:29,755 - INFO -  20. [UPDATE] STB - Cổ phiếu kịch hay đang đến hồi cao trào(Part 10)!!...
2026-01-15 19:44:29,755 - INFO -      Posts mới:    1 | Thời gian: 0m 4s
2026-01-15 19:44:29,755 - INFO -      Last Post ID: post-47878853 → post-47878971
2026-01-15 19:44:29,756 - INFO -  21. [UPDATE] Khuyến nghị mua VIX
2026-01-15 19:44:29,756 - INFO -      Posts mới:    1 | Thời gian: 0m 4s
2026-01-15 19:44:29,756 - INFO -      Last Post ID: post-47878683 → post-47878967
2026-01-15 19:44:29,757 - INFO -  22. [UPDATE] ACV- Hình trình vượt 100k/cp bắt đầu từ đây
2026-01-15 19:44:29,757 - INFO -      Posts mới:    1 | Thời gian: 0m 4s
2026-01-15 19:44:29,758 - INFO -      Last Post ID: post-47877749 → post-47878957
2026-01-15 19:44:29,758 - INFO -  23. [UPDATE] HDG lợi nhuận nghìn tỷ vượt kế hoạch 2023
2026-01-15 19:44:29,758 - INFO -      Posts mới:    1 | Thời gian: 0m 4s
2026-01-15 19:44:29,759 - INFO -      Last Post ID: post-47878767 → post-47878949
2026-01-15 19:44:29,759 - INFO -  24. [UPDATE] Sau siêu phẩm BID > Tiếp đến HPG đạt điều kiện XANH HỒNG
2026-01-15 19:44:29,759 - INFO -      Posts mới:    1 | Thời gian: 0m 4s
2026-01-15 19:44:29,760 - INFO -      Last Post ID: post-47878899 → post-47878941
2026-01-15 19:44:29,760 - INFO -  25. [UPDATE] VIX: quân bài tẩy họ nhà M
2026-01-15 19:44:29,760 - INFO -      Posts mới:    4 | Thời gian: 0m 4s
2026-01-15 19:44:29,760 - INFO -      Last Post ID: post-47878837 → post-47879125
2026-01-15 19:44:29,761 - INFO -  26. [UPDATE] POW tăng vốn khủng có lập đỉnh mới
2026-01-15 19:44:29,761 - INFO -      Posts mới:    0 | Thời gian: 0m 4s
2026-01-15 19:44:29,761 - INFO -      Last Post ID: post-47878925 → post-47878925
2026-01-15 19:44:29,762 - INFO -  27. [UPDATE] SSI - điểm yếu ngắn hạn của dòng chứng khoán
2026-01-15 19:44:29,762 - INFO -      Posts mới:    0 | Thời gian: 0m 4s
2026-01-15 19:44:29,763 - INFO -      Last Post ID: post-47870185 → post-47870185
2026-01-15 19:44:29,763 - INFO -  28. [UPDATE] VCB – Mô hình “Cốc và Tay Cầm” đang hình thành?
2026-01-15 19:44:29,763 - INFO -      Posts mới:    2 | Thời gian: 0m 4s
2026-01-15 19:44:29,764 - INFO -      Last Post ID: post-47878893 → post-47878921
2026-01-15 19:44:29,764 - INFO -  29. [UPDATE] Tập hợp cổ đông HVG- Công Ty Thuỷ Sản Hùng Vương
2026-01-15 19:44:29,764 - INFO -      Posts mới:    0 | Thời gian: 0m 4s
2026-01-15 19:44:29,765 - INFO -      Last Post ID: post-46255775 → post-46255775
2026-01-15 19:44:29,765 - INFO -  30. [UPDATE] PHR - Sắp nhận đền bù 2-3k tỷ từ Thaco
2026-01-15 19:44:29,765 - INFO -      Posts mới:    0 | Thời gian: 0m 4s
2026-01-15 19:44:29,766 - INFO -      Last Post ID: post-47878881 → post-47878881
2026-01-15 19:44:29,766 - INFO -  31. [UPDATE] Tất cả các dòng sông đều chảy - P2
2026-01-15 19:44:29,766 - INFO -      Posts mới:    0 | Thời gian: 0m 4s
2026-01-15 19:44:29,767 - INFO -      Last Post ID: post-47878879 → post-47878879
2026-01-15 19:44:29,767 - INFO -  32. [UPDATE] DVN lên được bao nhiêu mọi người
2026-01-15 19:44:29,768 - INFO -      Posts mới:    0 | Thời gian: 0m 4s
2026-01-15 19:44:29,768 - INFO -      Last Post ID: post-47878841 → post-47878841
2026-01-15 19:44:29,768 - INFO -  33. [UPDATE] HPG- Sự trở lại của nhà Vua
2026-01-15 19:44:29,769 - INFO -      Posts mới:    0 | Thời gian: 0m 4s
2026-01-15 19:44:29,769 - INFO -      Last Post ID: post-47878835 → post-47878835
2026-01-15 19:44:29,769 - INFO -  34. [UPDATE] SZL-có xứng đáng để đầu tư?
2026-01-15 19:44:29,769 - INFO -      Posts mới:    0 | Thời gian: 0m 4s
2026-01-15 19:44:29,770 - INFO -      Last Post ID: post-47878833 → post-47878833
2026-01-15 19:44:29,770 - INFO -  35. [UPDATE] 14.1 không nên phức tạp quá - múc là có ăn
2026-01-15 19:44:29,770 - INFO -      Posts mới:    0 | Thời gian: 0m 4s
2026-01-15 19:44:29,771 - INFO -      Last Post ID: post-47878829 → post-47878829
2026-01-15 19:44:29,771 - INFO -  36. [UPDATE] Game mới SHB. Múc mạnh để mua nhà mua xe
2026-01-15 19:44:29,771 - INFO -      Posts mới:    0 | Thời gian: 0m 5s
2026-01-15 19:44:29,772 - INFO -      Last Post ID: post-47878817 → post-47878817
2026-01-15 19:44:29,772 - INFO -  37. [UPDATE] TTN - DN viễn thông vốn hoá 200 tỷ và hợp đồng gần 4000 tỷ đ...
2026-01-15 19:44:29,773 - INFO -      Posts mới:    0 | Thời gian: 0m 5s
2026-01-15 19:44:29,773 - INFO -      Last Post ID: post-47878815 → post-47878815
2026-01-15 19:44:29,774 - INFO -  38. [UPDATE] CTI có gì?
2026-01-15 19:44:29,774 - INFO -      Posts mới:    0 | Thời gian: 0m 4s
2026-01-15 19:44:29,774 - INFO -      Last Post ID: post-47878813 → post-47878813
2026-01-15 19:44:29,775 - INFO -  39. [UPDATE] Công ty vốn hoá 900 tỷ tiền mặt 3000 tỷ
2026-01-15 19:44:29,775 - INFO -      Posts mới:    0 | Thời gian: 0m 4s
2026-01-15 19:44:29,776 - INFO -      Last Post ID: post-47878809 → post-47878809
2026-01-15 19:44:29,776 - INFO -  40. [UPDATE] Topic cổ đông dài hạn Nhiệt điện Quảng Ninh - Đầu tư giá trị...
2026-01-15 19:44:29,776 - INFO -      Posts mới:    0 | Thời gian: 0m 4s
2026-01-15 19:44:29,777 - INFO -      Last Post ID: post-47878803 → post-47878803
2026-01-15 19:44:29,777 - INFO -  41. [UPDATE] Sóng Uptrend tốt nhất chu kỳ dự kiến 2026 +3-6 tháng 2027!
2026-01-15 19:44:29,777 - INFO -      Posts mới:    0 | Thời gian: 0m 4s
2026-01-15 19:44:29,778 - INFO -      Last Post ID: post-47878781 → post-47878781
2026-01-15 19:44:29,778 - INFO -  42. [UPDATE] FOC - Viên kim cương bị lãng quên - Trỗi dậy cùng "Kỹ Nguyên...
2026-01-15 19:44:29,778 - INFO -      Posts mới:    0 | Thời gian: 0m 5s
2026-01-15 19:44:29,779 - INFO -      Last Post ID: post-47878789 → post-47878789
2026-01-15 19:44:29,779 - INFO -  43. [UPDATE] Thanh khoản
2026-01-15 19:44:29,780 - INFO -      Posts mới:    0 | Thời gian: 0m 4s
2026-01-15 19:44:29,780 - INFO -      Last Post ID: post-47878763 → post-47878763
2026-01-15 19:44:29,780 - INFO -  44. [UPDATE] Làm gì có sóng cổ phiếu ngân hàng lúc này…
2026-01-15 19:44:29,781 - INFO -      Posts mới:    0 | Thời gian: 0m 4s
2026-01-15 19:44:29,781 - INFO -      Last Post ID: post-47878749 → post-47878749
2026-01-15 19:44:29,782 - INFO -  45. [UPDATE] BSR tiền mặt 42.000 tỷ, chia cổ tức 61,5%, bóng dáng GEE sau...
2026-01-15 19:44:29,782 - INFO -      Posts mới:    0 | Thời gian: 0m 4s
2026-01-15 19:44:29,782 - INFO -      Last Post ID: post-47878743 → post-47878743
2026-01-15 19:44:29,782 - INFO -  46. [UPDATE] BIDV chào bán riêng lẻ với giá 38,900 đồng/cp
2026-01-15 19:44:29,783 - INFO -      Posts mới:    0 | Thời gian: 0m 4s
2026-01-15 19:44:29,783 - INFO -      Last Post ID: post-47878339 → post-47878339
2026-01-15 19:44:29,783 - INFO -  47. [UPDATE] Các cổ phiếu nhà nước cầm trên 80% mà giá chưa tăng ace vào ...
2026-01-15 19:44:29,784 - INFO -      Posts mới:    0 | Thời gian: 0m 4s
2026-01-15 19:44:29,784 - INFO -      Last Post ID: post-47877865 → post-47877865
2026-01-15 19:44:29,785 - INFO -  48. [UPDATE] 2026: Dự Đỉnh 1960- Đáy 1340. Cơ hội nào cho NĐT
2026-01-15 19:44:29,785 - INFO -      Posts mới:    0 | Thời gian: 0m 4s
2026-01-15 19:44:29,785 - INFO -      Last Post ID: post-47878221 → post-47878221
2026-01-15 19:44:29,786 - INFO -  49. [UPDATE] 15/1 bắt đáy
2026-01-15 19:44:29,786 - INFO -      Posts mới:    0 | Thời gian: 0m 4s
2026-01-15 19:44:29,786 - INFO -      Last Post ID: post-47878601 → post-47878601
2026-01-15 19:44:29,787 - INFO -  50. [UPDATE] VCI target 41.5, 44.5, 47.5...hết sóng 52 - 58
2026-01-15 19:44:29,787 - INFO -      Posts mới:    0 | Thời gian: 0m 4s
2026-01-15 19:44:29,788 - INFO -      Last Post ID: post-47878595 → post-47878595
2026-01-15 19:44:29,788 - INFO -  51. [UPDATE] Gía mục tiêu cp ……..siêu sóng ….siêu sóng………..
2026-01-15 19:44:29,788 - INFO -      Posts mới:    0 | Thời gian: 0m 4s
2026-01-15 19:44:29,789 - INFO -      Last Post ID: post-47878583 → post-47878583
2026-01-15 19:44:29,789 - INFO -  52. [UPDATE] BID: Tăng một mạch 7 phiên 40%
2026-01-15 19:44:29,789 - INFO -      Posts mới:    0 | Thời gian: 0m 4s
2026-01-15 19:44:29,790 - INFO -      Last Post ID: post-47878569 → post-47878569
2026-01-15 19:44:29,790 - INFO -  53. [UPDATE] Lạm bàn về Cảng Đà Nẵng - CDN
2026-01-15 19:44:29,790 - INFO -      Posts mới:    0 | Thời gian: 0m 4s
2026-01-15 19:44:29,791 - INFO -      Last Post ID: post-47878553 → post-47878553
2026-01-15 19:44:29,791 - INFO -  54. [UPDATE] THG-Những nốt thăng trầm
2026-01-15 19:44:29,792 - INFO -      Posts mới:    0 | Thời gian: 0m 4s
2026-01-15 19:44:29,792 - INFO -      Last Post ID: post-47878551 → post-47878551
2026-01-15 19:44:29,792 - INFO -  55. [UPDATE] VNM Cơ hội đang rất rõ ràng !
2026-01-15 19:44:29,793 - INFO -      Posts mới:    0 | Thời gian: 0m 4s
2026-01-15 19:44:29,793 - INFO -      Last Post ID: post-47878521 → post-47878521
2026-01-15 19:44:29,793 - INFO -  56. [UPDATE] DCM - Liên tục phá đỉnh 2025-2026
2026-01-15 19:44:29,794 - INFO -      Posts mới:    0 | Thời gian: 0m 4s
2026-01-15 19:44:29,794 - INFO -      Last Post ID: post-47878547 → post-47878547
2026-01-15 19:44:29,794 - INFO -  57. [UPDATE] HDB- Tiếp tục hành trình chinh phục những đỉnh cao mới
2026-01-15 19:44:29,795 - INFO -      Posts mới:    0 | Thời gian: 0m 4s
2026-01-15 19:44:29,795 - INFO -      Last Post ID: post-47878239 → post-47878239
2026-01-15 19:44:29,795 - INFO -  58. [UPDATE] HID sẽ lại X5 từ vùng giá 4.x ???
2026-01-15 19:44:29,796 - INFO -      Posts mới:    2 | Thời gian: 0m 7s
2026-01-15 19:44:29,796 - INFO -      Last Post ID: post-47878429 → post-47879127
2026-01-15 19:44:29,796 - INFO -  59. [UPDATE] Index Ký Sự - P3
2026-01-15 19:44:29,797 - INFO -      Posts mới:    0 | Thời gian: 0m 4s
2026-01-15 19:44:29,797 - INFO -      Last Post ID: post-47878535 → post-47878535
2026-01-15 19:44:29,797 - INFO -  60. [UPDATE] List thoái vốn SCIC update
2026-01-15 19:44:29,798 - INFO -      Posts mới:    0 | Thời gian: 0m 4s
2026-01-15 19:44:29,798 - INFO -      Last Post ID: post-47877983 → post-47877983
2026-01-15 19:44:29,799 - INFO -  61. [UPDATE] Nghành Dầu khí sẽ dẫn sóng cho năm 2026?
2026-01-15 19:44:29,799 - INFO -      Posts mới:    0 | Thời gian: 0m 5s
2026-01-15 19:44:29,799 - INFO -      Last Post ID: post-47878507 → post-47878507
2026-01-15 19:44:29,800 - INFO -  62. [UPDATE] Ngành cao su (GVR, PHR,...) và NQ79
2026-01-15 19:44:29,800 - INFO -      Posts mới:    0 | Thời gian: 0m 4s
2026-01-15 19:44:29,800 - INFO -      Last Post ID: post-47878503 → post-47878503
2026-01-15 19:44:29,801 - INFO -  63. [UPDATE] DGC con hào kinh tế
2026-01-15 19:44:29,801 - INFO -      Posts mới:    0 | Thời gian: 0m 4s
2026-01-15 19:44:29,802 - INFO -      Last Post ID: post-47878459 → post-47878459
2026-01-15 19:44:29,802 - INFO -  64. [UPDATE] Căng đét
2026-01-15 19:44:29,802 - INFO -      Posts mới:    0 | Thời gian: 0m 4s
2026-01-15 19:44:29,803 - INFO -      Last Post ID: post-47878457 → post-47878457
2026-01-15 19:44:29,803 - INFO -  65. [UPDATE] Cuối năm 2025, thoát xu hướng tích luỹ
2026-01-15 19:44:29,804 - INFO -      Posts mới:    0 | Thời gian: 0m 4s
2026-01-15 19:44:29,804 - INFO -      Last Post ID: post-47878445 → post-47878445
2026-01-15 19:44:29,805 - INFO -  66. [UPDATE] EVF Doanh nghiệp tăng trưởng
2026-01-15 19:44:29,805 - INFO -      Posts mới:    0 | Thời gian: 0m 4s
2026-01-15 19:44:29,806 - INFO -      Last Post ID: post-47878423 → post-47878423
2026-01-15 19:44:29,806 - INFO -  67. [UPDATE] Tam tấu SSI - VIX - CTS ! Siêu game bom tấn!
2026-01-15 19:44:29,806 - INFO -      Posts mới:    0 | Thời gian: 0m 4s
2026-01-15 19:44:29,807 - INFO -      Last Post ID: post-47878409 → post-47878409
2026-01-15 19:44:29,807 - INFO -  68. [UPDATE] Dòng tiền lan toả bước sang năm 2026
2026-01-15 19:44:29,808 - INFO -      Posts mới:    0 | Thời gian: 0m 4s
2026-01-15 19:44:29,808 - INFO -      Last Post ID: post-47878399 → post-47878399
2026-01-15 19:44:29,808 - INFO -  69. [UPDATE] HAG - sắp sang trang mới cổ phiếu vươn mình tăng trưởng dài ...
2026-01-15 19:44:29,809 - INFO -      Posts mới:    0 | Thời gian: 0m 4s
2026-01-15 19:44:29,809 - INFO -      Last Post ID: post-47878379 → post-47878379
2026-01-15 19:44:29,809 - INFO -  70. [UPDATE] BBC: Chia cổ tức kỷ lục 373,5%
2026-01-15 19:44:29,809 - INFO -      Posts mới:    0 | Thời gian: 0m 4s
2026-01-15 19:44:29,810 - INFO -      Last Post ID: post-47878181 → post-47878181
2026-01-15 19:44:29,810 - INFO -  71. [UPDATE] PGV - Khủng long ngành điện
2026-01-15 19:44:29,811 - INFO -      Posts mới:    0 | Thời gian: 0m 5s
2026-01-15 19:44:29,811 - INFO -      Last Post ID: post-47878345 → post-47878345
2026-01-15 19:44:29,811 - INFO -  72. [UPDATE] NT2 - Góc nhìn về giá trị!!!
2026-01-15 19:44:29,811 - INFO -      Posts mới:    0 | Thời gian: 0m 4s
2026-01-15 19:44:29,812 - INFO -      Last Post ID: post-47878307 → post-47878307
2026-01-15 19:44:29,812 - INFO -  73. [UPDATE] HNG Hướng tới vùng 20
2026-01-15 19:44:29,812 - INFO -      Posts mới:    0 | Thời gian: 0m 4s
2026-01-15 19:44:29,813 - INFO -      Last Post ID: post-47878235 → post-47878235
2026-01-15 19:44:29,813 - INFO -  74. [UPDATE] ISH vs GHC – Cổ tức bằng tiền ổn định và trọn đời!!!
2026-01-15 19:44:29,813 - INFO -      Posts mới:    0 | Thời gian: 0m 4s
2026-01-15 19:44:29,814 - INFO -      Last Post ID: post-47878229 → post-47878229
2026-01-15 19:44:29,814 - INFO -  75. [UPDATE] VNM đạt lợi nhuận hơn +19%, gặp gỡ trực tiếp chuyên gia 15h3...
2026-01-15 19:44:29,814 - INFO -      Posts mới:    0 | Thời gian: 0m 4s
2026-01-15 19:44:29,814 - INFO -      Last Post ID: post-47877171 → post-47877171
2026-01-15 19:44:29,815 - INFO -  76. [UPDATE] Nhận định thị trường hàng ngày
2026-01-15 19:44:29,815 - INFO -      Posts mới:    0 | Thời gian: 0m 5s
2026-01-15 19:44:29,816 - INFO -      Last Post ID: post-47878143 → post-47878143
2026-01-15 19:44:29,816 - INFO -  77. [UPDATE] Vĩ mô ngành BĐS – Cơn bão lớn hay chỉ là khó khăn tạm thời
2026-01-15 19:44:29,816 - INFO -      Posts mới:    0 | Thời gian: 0m 4s
2026-01-15 19:44:29,817 - INFO -      Last Post ID: post-47878133 → post-47878133
2026-01-15 19:44:29,817 - INFO -  78. [UPDATE] Bất động sản...đến giờ bắt đáy
2026-01-15 19:44:29,817 - INFO -      Posts mới:    0 | Thời gian: 0m 4s
2026-01-15 19:44:29,818 - INFO -      Last Post ID: post-47877167 → post-47877167
2026-01-15 19:44:29,818 - INFO -  79. [UPDATE] PVC - Đơn vị số 1 trong mảng bảo dưỡng !
2026-01-15 19:44:29,818 - INFO -      Posts mới:    0 | Thời gian: 0m 4s
2026-01-15 19:44:29,819 - INFO -      Last Post ID: post-47878105 → post-47878105
2026-01-15 19:44:29,819 - INFO -  80. [UPDATE] PVC – Kỳ vọng trở thành đơn vị số 1 trong mảng bảo dưỡng cho...
2026-01-15 19:44:29,819 - INFO -      Posts mới:    0 | Thời gian: 0m 4s
2026-01-15 19:44:29,819 - INFO -      Last Post ID: post-47878087 → post-47878087
2026-01-15 19:44:29,820 - INFO -  81. [UPDATE] Cổ phiếu VEA: Triển vọng đầu tư như thế nào trong 2025
2026-01-15 19:44:29,820 - INFO -      Posts mới:    0 | Thời gian: 0m 4s
2026-01-15 19:44:29,820 - INFO -      Last Post ID: post-47878067 → post-47878067
2026-01-15 19:44:29,821 - INFO -  82. [UPDATE] CSM - Bạn đường tin cậy
2026-01-15 19:44:29,821 - INFO -      Posts mới:    0 | Thời gian: 0m 4s
2026-01-15 19:44:29,821 - INFO -      Last Post ID: post-47878017 → post-47878017
2026-01-15 19:44:29,822 - INFO -  83. [UPDATE] PSD - Đầu tư giá trị, rẻ nhất dòng bán lẻ!
2026-01-15 19:44:29,822 - INFO -      Posts mới:    0 | Thời gian: 0m 4s
2026-01-15 19:44:29,822 - INFO -      Last Post ID: post-47878007 → post-47878007
2026-01-15 19:44:29,823 - INFO -  84. [UPDATE] DSH: sở hữu 58% BOT Hà Nội-Bắc Giang
2026-01-15 19:44:29,823 - INFO -      Posts mới:    0 | Thời gian: 0m 4s
2026-01-15 19:44:29,824 - INFO -      Last Post ID: post-47877999 → post-47877999
2026-01-15 19:44:29,824 - INFO -  85. [UPDATE] Quý I - Đầu quý tích lũy để cuối quý bùng nổ
2026-01-15 19:44:29,824 - INFO -      Posts mới:    0 | Thời gian: 0m 4s
2026-01-15 19:44:29,824 - INFO -      Last Post ID: post-47877981 → post-47877981
2026-01-15 19:44:29,825 - INFO -  86. [UPDATE] VNM – Có đang trở lại đường đua tăng trưởng?
2026-01-15 19:44:29,825 - INFO -      Posts mới:    0 | Thời gian: 0m 4s
2026-01-15 19:44:29,826 - INFO -      Last Post ID: post-47877947 → post-47877947
2026-01-15 19:44:29,826 - INFO -  87. [UPDATE] MSN - Gã khổng lồ hàng tiêu dùng thức giấc
2026-01-15 19:44:29,826 - INFO -      Posts mới:    0 | Thời gian: 0m 4s
2026-01-15 19:44:29,827 - INFO -      Last Post ID: post-47877923 → post-47877923
2026-01-15 19:44:29,827 - INFO -  88. [UPDATE] Game định giá lại tài sản quốc gia -------- Cá mập Nhà Nước ...
2026-01-15 19:44:29,827 - INFO -      Posts mới:    0 | Thời gian: 0m 4s
2026-01-15 19:44:29,828 - INFO -      Last Post ID: post-47876653 → post-47876653
2026-01-15 19:44:29,828 - INFO -  89. [UPDATE] Qcg: Ngày không xa!
2026-01-15 19:44:29,828 - INFO -      Posts mới:    1 | Thời gian: 0m 4s
2026-01-15 19:44:29,829 - INFO -      Last Post ID: post-47877841 → post-47879131
2026-01-15 19:44:29,829 - INFO -  90. [UPDATE] ACB: Bị sao vậy?
2026-01-15 19:44:29,829 - INFO -      Posts mới:    0 | Thời gian: 0m 4s
2026-01-15 19:44:29,830 - INFO -      Last Post ID: post-47877833 → post-47877833
2026-01-15 19:44:29,830 - INFO -  91. [UPDATE] ACV....
2026-01-15 19:44:29,830 - INFO -      Posts mới:    0 | Thời gian: 0m 4s
2026-01-15 19:44:29,831 - INFO -      Last Post ID: post-47877831 → post-47877831
2026-01-15 19:44:29,831 - INFO -  92. [UPDATE] EIB mã duy nhất đi ngược thị trường hôm nay
2026-01-15 19:44:29,831 - INFO -      Posts mới:    0 | Thời gian: 0m 4s
2026-01-15 19:44:29,832 - INFO -      Last Post ID: post-47877821 → post-47877821
2026-01-15 19:44:29,832 - INFO -  93. [UPDATE] Ai đỡ?
2026-01-15 19:44:29,832 - INFO -      Posts mới:    0 | Thời gian: 0m 4s
2026-01-15 19:44:29,833 - INFO -      Last Post ID: post-47877133 → post-47877133
2026-01-15 19:44:29,833 - INFO -  94. [UPDATE] Giá xăng lên gần 19.000 đồng một lít
2026-01-15 19:44:29,833 - INFO -      Posts mới:    0 | Thời gian: 0m 4s
2026-01-15 19:44:29,833 - INFO -      Last Post ID: post-47877779 → post-47877779
2026-01-15 19:44:29,834 - INFO - --------------------------------------------------------------------------------
2026-01-15 19:44:29,834 - INFO - 📊 Tổng số threads: 100 (6 mới, 94 cập nhật)
2026-01-15 19:44:29,835 - INFO - 📝 Tổng số posts mới: 5528
2026-01-15 19:44:29,835 - INFO - ⏱️  Tổng thời gian crawl: 17m 11s
2026-01-15 19:44:29,835 - INFO - ================================================================================

2026-01-15 19:44:29,860 - INFO - Disconnected from PostgreSQL
2026-01-15 19:44:29,861 - INFO - Database connection closed
