2026-01-15 18:08:06,293 - INFO - Log file created: logs/crawl_2026-01-15_18-08-06.log
2026-01-15 18:08:06,295 - INFO - Initializing database connection...
2026-01-15 18:08:06,331 - INFO - Connected to PostgreSQL: f319_data
2026-01-15 18:08:06,342 - INFO - Tables created/verified successfully
2026-01-15 18:08:06,342 - INFO - Starting hybrid crawl for 5 pages
2026-01-15 18:08:06,342 - INFO - ====== WebDriver manager ======
2026-01-15 18:08:07,201 - INFO - Get LATEST chromedriver version for google-chrome
2026-01-15 18:08:07,657 - INFO - Get LATEST chromedriver version for google-chrome
2026-01-15 18:08:08,090 - INFO - Driver [C:\Users\admin\.wdm\drivers\chromedriver\win64\143.0.7499.192\chromedriver-win32/chromedriver.exe] found in cache
2026-01-15 18:08:09,136 - INFO - Selenium driver started
2026-01-15 18:08:09,136 - INFO - Đang load trang (New posts)...
2026-01-15 18:08:13,957 - INFO - ✓ URL có pagination: https://f319.com/find-new/posts
2026-01-15 18:08:13,958 - INFO - Sử dụng URL: https://f319.com/find-new/posts
2026-01-15 18:08:13,958 - INFO - Đang xử lý trang 1
2026-01-15 18:08:15,988 - INFO - Tìm thấy 20 threads trên trang 1
2026-01-15 18:08:18,284 - INFO - Đã thu thập thông tin 20 threads, bắt đầu crawl posts...
2026-01-15 18:08:18,287 - INFO - [1/20] Crawl thread: STB - Cổ phiếu kịch hay đang đến hồi cao trào(...
2026-01-15 18:08:18,288 - INFO - [2/20] Crawl thread: Ngôi nhà nhỏ trên Thảo Nguyên - P86...
2026-01-15 18:08:20,927 - INFO - [Thread 1942185] Existing thread, crawling reverse 523→1 until last_post_id: post-47878819
2026-01-15 18:08:20,975 - INFO - [Thread 1930607] Existing thread, crawling reverse 133→1 until last_post_id: post-47878541
2026-01-15 18:08:23,251 - INFO - [Thread 1930607] Found last_post_id at page 133, stopping...
2026-01-15 18:08:23,264 - INFO - [Thread 1930607] Final batch inserted 2/2 posts
2026-01-15 18:08:23,265 - INFO - [Thread 1930607] Collected 2 posts in 5.0s
2026-01-15 18:08:23,267 - INFO - Thu thập được 2 posts từ thread
2026-01-15 18:08:23,269 - INFO - [3/20] Crawl thread: Tất cả các dòng sông đều chảy - P2...
2026-01-15 18:08:25,498 - INFO - [Thread 1942185] Found last_post_id at page 522, stopping...
2026-01-15 18:08:25,504 - INFO - [Thread 1942185] Final batch inserted 6/6 posts
2026-01-15 18:08:25,505 - INFO - [Thread 1942185] Collected 6 posts in 7.2s
2026-01-15 18:08:25,506 - INFO - Thu thập được 6 posts từ thread
2026-01-15 18:08:25,508 - INFO - [4/20] Crawl thread: DVN lên được bao nhiêu mọi người...
2026-01-15 18:08:25,539 - INFO - [Thread 1934311] Existing thread, crawling reverse 102→1 until last_post_id: post-47878641
2026-01-15 18:08:27,753 - INFO - [Thread 1943935] Existing thread, crawling reverse 1→1 until last_post_id: post-47878591
2026-01-15 18:08:27,809 - INFO - [Thread 1934311] Found last_post_id at page 102, stopping...
2026-01-15 18:08:27,815 - INFO - [Thread 1934311] Final batch inserted 1/1 posts
2026-01-15 18:08:27,816 - INFO - [Thread 1934311] Collected 1 posts in 4.5s
2026-01-15 18:08:27,817 - INFO - Thu thập được 1 posts từ thread
2026-01-15 18:08:27,819 - INFO - [5/20] Crawl thread: VIX: quân bài tẩy họ nhà M...
2026-01-15 18:08:29,931 - INFO - [Thread 1943935] Found last_post_id at page 1, stopping...
2026-01-15 18:08:29,937 - INFO - [Thread 1943935] Final batch inserted 1/1 posts
2026-01-15 18:08:29,938 - INFO - [Thread 1943935] Collected 1 posts in 4.4s
2026-01-15 18:08:29,938 - INFO - Thu thập được 1 posts từ thread
2026-01-15 18:08:29,940 - INFO - [6/20] Crawl thread: HPG- Sự trở lại của nhà Vua...
2026-01-15 18:08:30,046 - INFO - [Thread 1903403] Existing thread, crawling reverse 559→1 until last_post_id: post-47877083
2026-01-15 18:08:32,269 - INFO - [Thread 1925045] Existing thread, crawling reverse 266→1 until last_post_id: post-47878403
2026-01-15 18:08:34,623 - INFO - [Thread 1925045] Found last_post_id at page 266, stopping...
2026-01-15 18:08:34,631 - INFO - [Thread 1925045] Final batch inserted 1/1 posts
2026-01-15 18:08:34,632 - INFO - [Thread 1925045] Collected 1 posts in 4.7s
2026-01-15 18:08:34,634 - INFO - Thu thập được 1 posts từ thread
2026-01-15 18:08:34,637 - INFO - [7/20] Crawl thread: SZL-có xứng đáng để đầu tư?...
2026-01-15 18:08:34,680 - INFO - [Thread 1903403] Found last_post_id at page 558, stopping...
2026-01-15 18:08:34,684 - INFO - [Thread 1903403] Final batch inserted 3/3 posts
2026-01-15 18:08:34,685 - INFO - [Thread 1903403] Collected 3 posts in 6.9s
2026-01-15 18:08:34,686 - INFO - Thu thập được 3 posts từ thread
2026-01-15 18:08:34,688 - INFO - [8/20] Crawl thread: 6LON_banks(3/4 Big.Banks)Bơm máo,dùng hết ko Ae?...
2026-01-15 18:08:36,957 - INFO - [Thread 1293301] Existing thread, crawling reverse 752→1 until last_post_id: post-47877109
2026-01-15 18:08:36,979 - INFO - [Thread 1943267] Existing thread, crawling reverse 40→1 until last_post_id: post-47878801
2026-01-15 18:08:39,238 - INFO - [Thread 1293301] Found last_post_id at page 752, stopping...
2026-01-15 18:08:39,253 - INFO - [Thread 1293301] Final batch inserted 2/2 posts
2026-01-15 18:08:39,256 - INFO - [Thread 1943267] Found last_post_id at page 40, stopping...
2026-01-15 18:08:39,257 - INFO - [Thread 1293301] Collected 2 posts in 4.6s
2026-01-15 18:08:39,257 - INFO - Thu thập được 2 posts từ thread
2026-01-15 18:08:39,258 - INFO - [Thread 1943267] Final batch inserted 1/1 posts
2026-01-15 18:08:39,259 - INFO - [Thread 1943267] Collected 1 posts in 4.6s
2026-01-15 18:08:39,260 - INFO - Thu thập được 1 posts từ thread
2026-01-15 18:08:39,261 - INFO - [9/20] Crawl thread: VNI - vươn mình 1954 or 1975...
2026-01-15 18:08:39,264 - INFO - [10/20] Crawl thread: 14.1 không nên phức tạp quá - múc là có ăn...
2026-01-15 18:08:41,547 - INFO - [Thread 1943725] Existing thread, crawling reverse 6→1 until last_post_id: post-47877669
2026-01-15 18:08:41,570 - INFO - [Thread 1936901] Existing thread, crawling reverse 263→1 until last_post_id: post-47877835
2026-01-15 18:08:43,847 - INFO - [Thread 1943725] Found last_post_id at page 6, stopping...
2026-01-15 18:08:43,853 - INFO - [Thread 1943725] Final batch inserted 3/3 posts
2026-01-15 18:08:43,855 - INFO - [Thread 1943725] Collected 3 posts in 4.6s
2026-01-15 18:08:43,859 - INFO - Thu thập được 3 posts từ thread
2026-01-15 18:08:43,862 - INFO - [11/20] Crawl thread: Tọa sơn, thưởng trà….Luận phong thủy cho năm Bính ...
2026-01-15 18:08:43,933 - INFO - [Thread 1936901] Found last_post_id at page 263, stopping...
2026-01-15 18:08:43,940 - INFO - [Thread 1936901] Final batch inserted 3/3 posts
2026-01-15 18:08:43,943 - INFO - [Thread 1936901] Collected 3 posts in 4.7s
2026-01-15 18:08:43,944 - INFO - Thu thập được 3 posts từ thread
2026-01-15 18:08:43,947 - INFO - [12/20] Crawl thread: Bđs bắt đáy...
2026-01-15 18:08:46,297 - INFO - [Thread 1942255] Existing thread, crawling reverse 145→1 until last_post_id: post-47878577
2026-01-15 18:08:46,335 - INFO - [Thread 1940685] Existing thread, crawling reverse 49→1 until last_post_id: post-47878821
2026-01-15 18:08:48,680 - INFO - [Thread 1940685] Found last_post_id at page 49, stopping...
2026-01-15 18:08:48,690 - INFO - [Thread 1940685] Final batch inserted 1/1 posts
2026-01-15 18:08:48,693 - INFO - [Thread 1940685] Collected 1 posts in 4.7s
2026-01-15 18:08:48,695 - INFO - Thu thập được 1 posts từ thread
2026-01-15 18:08:48,702 - INFO - [Thread 1942255] Found last_post_id at page 145, stopping...
2026-01-15 18:08:48,703 - INFO - [13/20] Crawl thread: Game mới SHB. Múc mạnh để mua nhà mua xe...
2026-01-15 18:08:48,703 - INFO - [Thread 1942255] Final batch inserted 4/4 posts
2026-01-15 18:08:48,704 - INFO - [Thread 1942255] Collected 4 posts in 4.8s
2026-01-15 18:08:48,707 - INFO - Thu thập được 4 posts từ thread
2026-01-15 18:08:48,709 - INFO - [14/20] Crawl thread: TTN - DN viễn thông vốn hoá 200 tỷ và hợp đồng gần...
2026-01-15 18:08:51,000 - INFO - [Thread 1900397] Existing thread, crawling reverse 536→1 until last_post_id: post-47876399
2026-01-15 18:08:51,075 - INFO - [Thread 1303829] Existing thread, crawling reverse 72→1 until last_post_id: post-47876485
2026-01-15 18:08:53,332 - INFO - [Thread 1900397] Found last_post_id at page 536, stopping...
2026-01-15 18:08:53,338 - INFO - [Thread 1900397] Final batch inserted 4/4 posts
2026-01-15 18:08:53,339 - INFO - [Thread 1900397] Collected 4 posts in 4.6s
2026-01-15 18:08:53,340 - INFO - Thu thập được 4 posts từ thread
2026-01-15 18:08:53,342 - INFO - [15/20] Crawl thread: CTI có gì?...
2026-01-15 18:08:53,388 - INFO - [Thread 1303829] Found last_post_id at page 72, stopping...
2026-01-15 18:08:53,393 - INFO - [Thread 1303829] Final batch inserted 2/2 posts
2026-01-15 18:08:53,397 - INFO - [Thread 1303829] Collected 2 posts in 4.7s
2026-01-15 18:08:53,398 - INFO - Thu thập được 2 posts từ thread
2026-01-15 18:08:53,402 - INFO - [16/20] Crawl thread: Đánh giá thị trường!...
2026-01-15 18:08:55,690 - INFO - [Thread 1911395] Existing thread, crawling reverse 39→1 until last_post_id: post-47878813
2026-01-15 18:08:55,745 - INFO - [Thread 1941133] Existing thread, crawling reverse 25→1 until last_post_id: post-47878249
2026-01-15 18:08:57,990 - INFO - [Thread 1911395] Found last_post_id at page 39, stopping...
2026-01-15 18:08:57,991 - INFO - [Thread 1911395] Collected 0 posts in 4.6s
2026-01-15 18:08:57,991 - INFO - Thu thập được 0 posts từ thread
2026-01-15 18:08:57,993 - INFO - [17/20] Crawl thread: Công ty vốn hoá 900 tỷ tiền mặt 3000 tỷ...
2026-01-15 18:08:58,227 - INFO - [Thread 1941133] Found last_post_id at page 25, stopping...
2026-01-15 18:08:58,235 - INFO - [Thread 1941133] Final batch inserted 3/3 posts
2026-01-15 18:08:58,239 - INFO - [Thread 1941133] Collected 3 posts in 4.8s
2026-01-15 18:08:58,243 - INFO - Thu thập được 3 posts từ thread
2026-01-15 18:08:58,248 - INFO - [18/20] Crawl thread: Topic cổ đông dài hạn Nhiệt điện Quảng Ninh - Đầu ...
2026-01-15 18:09:00,313 - INFO - [Thread 1902081] Existing thread, crawling reverse 20→1 until last_post_id: post-47878809
2026-01-15 18:09:00,588 - INFO - [Thread 1943359] Existing thread, crawling reverse 2→1 until last_post_id: post-47878137
2026-01-15 18:09:02,672 - INFO - [Thread 1902081] Found last_post_id at page 20, stopping...
2026-01-15 18:09:02,673 - INFO - [Thread 1902081] Collected 0 posts in 4.7s
2026-01-15 18:09:02,673 - INFO - Thu thập được 0 posts từ thread
2026-01-15 18:09:02,675 - INFO - [19/20] Crawl thread: FOC - Viên kim cương bị lãng quên - Trỗi dậy cùng ...
2026-01-15 18:09:02,986 - INFO - [Thread 1943359] Found last_post_id at page 2, stopping...
2026-01-15 18:09:02,993 - INFO - [Thread 1943359] Final batch inserted 5/5 posts
2026-01-15 18:09:02,995 - INFO - [Thread 1943359] Collected 5 posts in 4.7s
2026-01-15 18:09:02,995 - INFO - Thu thập được 5 posts từ thread
2026-01-15 18:09:02,998 - INFO - [20/20] Crawl thread: Sóng Uptrend tốt nhất chu kỳ dự kiến 2026 +3-6 thá...
2026-01-15 18:09:05,138 - INFO - [Thread 1912015] Existing thread, crawling reverse 13→1 until last_post_id: post-47877725
2026-01-15 18:09:05,353 - INFO - [Thread 1942299] Existing thread, crawling reverse 23→1 until last_post_id: post-47878033
2026-01-15 18:09:07,522 - INFO - [Thread 1912015] Found last_post_id at page 13, stopping...
2026-01-15 18:09:07,523 - INFO - [Thread 1912015] Final batch inserted 1/1 posts
2026-01-15 18:09:07,526 - INFO - [Thread 1912015] Collected 1 posts in 4.8s
2026-01-15 18:09:07,527 - INFO - Thu thập được 1 posts từ thread
2026-01-15 18:09:07,667 - INFO - [Thread 1942299] Found last_post_id at page 23, stopping...
2026-01-15 18:09:07,671 - INFO - [Thread 1942299] Final batch inserted 2/2 posts
2026-01-15 18:09:07,673 - INFO - [Thread 1942299] Collected 2 posts in 4.7s
2026-01-15 18:09:07,674 - INFO - Thu thập được 2 posts từ thread
2026-01-15 18:09:07,676 - INFO - Hoàn thành trang 1, tổng posts: 45
2026-01-15 18:09:19,301 - INFO - Đang xử lý trang 2
2026-01-15 18:09:25,071 - INFO - Tìm thấy 20 threads trên trang 2
2026-01-15 18:09:29,690 - INFO - Đã thu thập thông tin 20 threads, bắt đầu crawl posts...
2026-01-15 18:09:29,694 - INFO - [1/20] Crawl thread: Thanh khoản...
2026-01-15 18:09:29,695 - INFO - [2/20] Crawl thread: Săn lùng cổ phiếu PENNY đột biến 2026!...
2026-01-15 18:09:32,054 - INFO - [Thread 1943459] Existing thread, crawling reverse 7→1 until last_post_id: post-47878295
2026-01-15 18:09:32,147 - INFO - [Thread 1943779] Existing thread, crawling reverse 6→1 until last_post_id: post-47876831
2026-01-15 18:09:34,339 - INFO - [Thread 1943459] Found last_post_id at page 7, stopping...
2026-01-15 18:09:34,346 - INFO - [Thread 1943459] Final batch inserted 1/1 posts
2026-01-15 18:09:34,347 - INFO - [Thread 1943459] Collected 1 posts in 4.7s
2026-01-15 18:09:34,348 - INFO - Thu thập được 1 posts từ thread
2026-01-15 18:09:34,368 - INFO - [3/20] Crawl thread: HDG lợi nhuận nghìn tỷ vượt kế hoạch 2023...
2026-01-15 18:09:34,506 - INFO - [Thread 1943779] Found last_post_id at page 6, stopping...
2026-01-15 18:09:34,510 - INFO - [Thread 1943779] Final batch inserted 2/2 posts
2026-01-15 18:09:34,511 - INFO - [Thread 1943779] Collected 2 posts in 4.8s
2026-01-15 18:09:34,512 - INFO - Thu thập được 2 posts từ thread
2026-01-15 18:09:34,514 - INFO - [4/20] Crawl thread: Làm gì có sóng cổ phiếu ngân hàng lúc này…...
2026-01-15 18:09:36,689 - INFO - [Thread 1857501] Existing thread, crawling reverse 504→1 until last_post_id: post-47878083
2026-01-15 18:09:36,854 - INFO - [Thread 1943823] Existing thread, crawling reverse 7→1 until last_post_id: post-47878269
2026-01-15 18:09:39,004 - INFO - [Thread 1857501] Found last_post_id at page 504, stopping...
2026-01-15 18:09:39,009 - INFO - [Thread 1857501] Final batch inserted 1/1 posts
2026-01-15 18:09:39,010 - INFO - [Thread 1857501] Collected 1 posts in 4.6s
2026-01-15 18:09:39,010 - INFO - Thu thập được 1 posts từ thread
2026-01-15 18:09:39,013 - INFO - [5/20] Crawl thread: PHR - Sắp nhận đền bù 2-3k tỷ từ Thaco...
2026-01-15 18:09:39,158 - INFO - [Thread 1943823] Found last_post_id at page 7, stopping...
2026-01-15 18:09:39,163 - INFO - [Thread 1943823] Final batch inserted 1/1 posts
2026-01-15 18:09:39,164 - INFO - [Thread 1943823] Collected 1 posts in 4.6s
2026-01-15 18:09:39,165 - INFO - Thu thập được 1 posts từ thread
2026-01-15 18:09:39,167 - INFO - [6/20] Crawl thread: BSR tiền mặt 42.000 tỷ, chia cổ tức 61,5%, bóng dá...
2026-01-15 18:09:41,475 - INFO - [Thread 1918203] Existing thread, crawling reverse 240→1 until last_post_id: post-47877795
2026-01-15 18:09:41,556 - INFO - [Thread 1927427] Existing thread, crawling reverse 70→1 until last_post_id: post-47878197
2026-01-15 18:09:43,862 - INFO - [Thread 1927427] Found last_post_id at page 70, stopping...
2026-01-15 18:09:43,870 - INFO - [Thread 1927427] Final batch inserted 1/1 posts
2026-01-15 18:09:43,873 - INFO - [Thread 1927427] Collected 1 posts in 4.7s
2026-01-15 18:09:43,874 - INFO - [Thread 1918203] Found last_post_id at page 240, stopping...
2026-01-15 18:09:43,875 - INFO - Thu thập được 1 posts từ thread
2026-01-15 18:09:43,888 - INFO - [Thread 1918203] Final batch inserted 4/4 posts
2026-01-15 18:09:43,890 - INFO - [7/20] Crawl thread: QCG: liệu có một trận đánh lớn?...
2026-01-15 18:09:43,892 - INFO - [Thread 1918203] Collected 4 posts in 4.9s
2026-01-15 18:09:43,897 - INFO - Thu thập được 4 posts từ thread
2026-01-15 18:09:43,902 - INFO - [8/20] Crawl thread: Tản mạn về CPI và TTCK (53)...
2026-01-15 18:09:46,284 - INFO - [Thread 1942249] Existing thread, crawling reverse 45→1 until last_post_id: post-47878649
2026-01-15 18:09:46,292 - INFO - [Thread 1943743] Existing thread, crawling reverse 2→1 until last_post_id: post-47875893
2026-01-15 18:09:48,613 - INFO - [Thread 1943743] Found last_post_id at page 2, stopping...
2026-01-15 18:09:48,620 - INFO - [Thread 1943743] Final batch inserted 4/4 posts
2026-01-15 18:09:48,621 - INFO - [Thread 1943743] Collected 4 posts in 4.7s
2026-01-15 18:09:48,622 - INFO - Thu thập được 4 posts từ thread
2026-01-15 18:09:48,624 - INFO - [9/20] Crawl thread: Xin 3 chữ cái cho năm 2026......
2026-01-15 18:09:48,657 - INFO - [Thread 1942249] Found last_post_id at page 45, stopping...
2026-01-15 18:09:48,657 - INFO - [Thread 1942249] Collected 0 posts in 4.8s
2026-01-15 18:09:48,658 - INFO - Thu thập được 0 posts từ thread
2026-01-15 18:09:48,662 - INFO - [10/20] Crawl thread: BIDV chào bán riêng lẻ với giá 38,900 đồng/cp...
2026-01-15 18:09:50,934 - INFO - [Thread 1943931] Existing thread, crawling reverse 1→1 until last_post_id: post-47878693
2026-01-15 18:09:50,968 - INFO - [Thread 1943821] Existing thread, crawling reverse 8→1 until last_post_id: post-47878339
2026-01-15 18:09:53,196 - INFO - [Thread 1943931] Found last_post_id at page 1, stopping...
2026-01-15 18:09:53,197 - INFO - [Thread 1943931] Collected 0 posts in 4.6s
2026-01-15 18:09:53,197 - INFO - Thu thập được 0 posts từ thread
2026-01-15 18:09:53,200 - INFO - [11/20] Crawl thread: Khuyến nghị mua VIX...
2026-01-15 18:09:53,266 - INFO - [Thread 1943821] Found last_post_id at page 8, stopping...
2026-01-15 18:09:53,270 - INFO - [Thread 1943821] Collected 0 posts in 4.6s
2026-01-15 18:09:53,271 - INFO - Thu thập được 0 posts từ thread
2026-01-15 18:09:53,277 - INFO - [12/20] Crawl thread: VCB – Mô hình “Cốc và Tay Cầm” đang hình thành?...
2026-01-15 18:09:55,495 - INFO - [Thread 1902573] Existing thread, crawling reverse 48→1 until last_post_id: post-47874879
2026-01-15 18:09:55,585 - INFO - [Thread 1933181] Existing thread, crawling reverse 2→1 until last_post_id: post-47878131
2026-01-15 18:09:57,809 - INFO - [Thread 1902573] Found last_post_id at page 48, stopping...
2026-01-15 18:09:57,815 - INFO - [Thread 1902573] Final batch inserted 1/1 posts
2026-01-15 18:09:57,829 - INFO - [Thread 1902573] Collected 1 posts in 4.6s
2026-01-15 18:09:57,831 - INFO - Thu thập được 1 posts từ thread
2026-01-15 18:09:57,832 - INFO - [13/20] Crawl thread: Các cổ phiếu nhà nước cầm trên 80% mà giá chưa tăn...
2026-01-15 18:09:57,872 - INFO - [Thread 1933181] Found last_post_id at page 2, stopping...
2026-01-15 18:09:57,875 - INFO - [Thread 1933181] Final batch inserted 2/2 posts
2026-01-15 18:09:57,877 - INFO - [Thread 1933181] Collected 2 posts in 4.6s
2026-01-15 18:09:57,878 - INFO - Thu thập được 2 posts từ thread
2026-01-15 18:09:57,881 - INFO - [14/20] Crawl thread: VOS-vào sóng !...
2026-01-15 18:10:00,231 - INFO - [Thread 1943905] Existing thread, crawling reverse 2→1 until last_post_id: post-47877865
2026-01-15 18:10:00,316 - INFO - [Thread 1942127] Existing thread, crawling reverse 9→1 until last_post_id: post-47878621
2026-01-15 18:10:02,561 - INFO - [Thread 1942127] Found last_post_id at page 9, stopping...
2026-01-15 18:10:02,562 - INFO - [Thread 1942127] Collected 0 posts in 4.7s
2026-01-15 18:10:02,562 - INFO - Thu thập được 0 posts từ thread
2026-01-15 18:10:02,565 - INFO - [15/20] Crawl thread: 2026: Dự Đỉnh 1960- Đáy 1340. Cơ hội nào cho NĐT...
2026-01-15 18:10:02,643 - INFO - [Thread 1943905] Found last_post_id at page 2, stopping...
2026-01-15 18:10:02,644 - INFO - [Thread 1943905] Collected 0 posts in 4.8s
2026-01-15 18:10:02,644 - INFO - Thu thập được 0 posts từ thread
2026-01-15 18:10:02,647 - INFO - [16/20] Crawl thread: 15/1 bắt đáy...
2026-01-15 18:10:04,910 - INFO - [Thread 1942323] Existing thread, crawling reverse 31→1 until last_post_id: post-47878221
2026-01-15 18:10:04,938 - INFO - [Thread 1943867] Existing thread, crawling reverse 3→1 until last_post_id: post-47878601
2026-01-15 18:10:07,199 - INFO - [Thread 1943867] Found last_post_id at page 3, stopping...
2026-01-15 18:10:07,201 - INFO - [Thread 1943867] Collected 0 posts in 4.6s
2026-01-15 18:10:07,202 - INFO - Thu thập được 0 posts từ thread
2026-01-15 18:10:07,209 - INFO - [17/20] Crawl thread: VCI target 41.5, 44.5, 47.5...hết sóng 52 - 58...
2026-01-15 18:10:07,210 - INFO - [Thread 1942323] Found last_post_id at page 31, stopping...
2026-01-15 18:10:07,211 - INFO - [Thread 1942323] Collected 0 posts in 4.6s
2026-01-15 18:10:07,211 - INFO - Thu thập được 0 posts từ thread
2026-01-15 18:10:07,213 - INFO - [18/20] Crawl thread: Gía mục tiêu cp ……..siêu sóng ….siêu sóng……….....
2026-01-15 18:10:09,505 - INFO - [Thread 1943853] Existing thread, crawling reverse 3→1 until last_post_id: post-47878595
2026-01-15 18:10:09,544 - INFO - [Thread 1943745] Existing thread, crawling reverse 2→1 until last_post_id: post-47875133
2026-01-15 18:10:11,753 - INFO - [Thread 1943853] Found last_post_id at page 3, stopping...
2026-01-15 18:10:11,754 - INFO - [Thread 1943853] Collected 0 posts in 4.5s
2026-01-15 18:10:11,754 - INFO - Thu thập được 0 posts từ thread
2026-01-15 18:10:11,757 - INFO - [19/20] Crawl thread: BID: Tăng một mạch 7 phiên 40%...
2026-01-15 18:10:11,836 - INFO - [Thread 1943745] Found last_post_id at page 2, stopping...
2026-01-15 18:10:11,843 - INFO - [Thread 1943745] Final batch inserted 1/1 posts
2026-01-15 18:10:11,845 - INFO - [Thread 1943745] Collected 1 posts in 4.6s
2026-01-15 18:10:11,846 - INFO - Thu thập được 1 posts từ thread
2026-01-15 18:10:11,848 - INFO - [20/20] Crawl thread: Lạm bàn về Cảng Đà Nẵng - CDN...
2026-01-15 18:10:14,021 - INFO - [Thread 1943741] Existing thread, crawling reverse 1→1 until last_post_id: post-47876251
2026-01-15 18:10:14,220 - INFO - [Thread 1883213] Existing thread, crawling reverse 28→1 until last_post_id: post-47877975
2026-01-15 18:10:16,306 - INFO - [Thread 1943741] Found last_post_id at page 1, stopping...
2026-01-15 18:10:16,312 - INFO - [Thread 1943741] Final batch inserted 3/3 posts
2026-01-15 18:10:16,313 - INFO - [Thread 1943741] Collected 3 posts in 4.6s
2026-01-15 18:10:16,313 - INFO - Thu thập được 3 posts từ thread
2026-01-15 18:10:16,470 - INFO - [Thread 1883213] Found last_post_id at page 28, stopping...
2026-01-15 18:10:16,476 - INFO - [Thread 1883213] Final batch inserted 1/1 posts
2026-01-15 18:10:16,478 - INFO - [Thread 1883213] Collected 1 posts in 4.6s
2026-01-15 18:10:16,478 - INFO - Thu thập được 1 posts từ thread
2026-01-15 18:10:16,480 - INFO - Hoàn thành trang 2, tổng posts: 67
2026-01-15 18:10:28,951 - INFO - Đang xử lý trang 3
2026-01-15 18:10:34,104 - INFO - Tìm thấy 20 threads trên trang 3
2026-01-15 18:10:36,422 - INFO - Đã thu thập thông tin 20 threads, bắt đầu crawl posts...
2026-01-15 18:10:36,425 - INFO - [1/20] Crawl thread: THG-Những nốt thăng trầm...
2026-01-15 18:10:36,425 - INFO - [2/20] Crawl thread: DCM - Liên tục phá đỉnh 2025-2026...
2026-01-15 18:10:38,732 - INFO - [Thread 1929137] Existing thread, crawling reverse 53→1 until last_post_id: post-47877979
2026-01-15 18:10:38,769 - INFO - [Thread 1924015] Existing thread, crawling reverse 94→1 until last_post_id: post-47876693
2026-01-15 18:10:41,004 - INFO - [Thread 1929137] Found last_post_id at page 53, stopping...
2026-01-15 18:10:41,010 - INFO - [Thread 1929137] Final batch inserted 2/2 posts
2026-01-15 18:10:41,011 - INFO - [Thread 1929137] Collected 2 posts in 4.6s
2026-01-15 18:10:41,012 - INFO - Thu thập được 2 posts từ thread
2026-01-15 18:10:41,014 - INFO - [3/20] Crawl thread: VNM Cơ hội đang rất rõ ràng !...
2026-01-15 18:10:41,040 - INFO - [Thread 1924015] Found last_post_id at page 94, stopping...
2026-01-15 18:10:41,044 - INFO - [Thread 1924015] Final batch inserted 1/1 posts
2026-01-15 18:10:41,045 - INFO - [Thread 1924015] Collected 1 posts in 4.6s
2026-01-15 18:10:41,046 - INFO - Thu thập được 1 posts từ thread
2026-01-15 18:10:41,048 - INFO - [4/20] Crawl thread: HDB- Tiếp tục hành trình chinh phục những đỉnh cao...
2026-01-15 18:10:43,305 - INFO - [Thread 1926367] Existing thread, crawling reverse 175→1 until last_post_id: post-47878521
2026-01-15 18:10:43,368 - INFO - [Thread 1943915] Existing thread, crawling reverse 3→1 until last_post_id: post-47878239
2026-01-15 18:10:45,559 - INFO - [Thread 1926367] Found last_post_id at page 175, stopping...
2026-01-15 18:10:45,559 - INFO - [Thread 1926367] Collected 0 posts in 4.5s
2026-01-15 18:10:45,560 - INFO - Thu thập được 0 posts từ thread
2026-01-15 18:10:45,562 - INFO - [5/20] Crawl thread: HID sẽ lại X5 từ vùng giá 4.x ???...
2026-01-15 18:10:45,698 - INFO - [Thread 1943915] Found last_post_id at page 3, stopping...
2026-01-15 18:10:45,699 - INFO - [Thread 1943915] Collected 0 posts in 4.7s
2026-01-15 18:10:45,699 - INFO - Thu thập được 0 posts từ thread
2026-01-15 18:10:45,701 - INFO - [6/20] Crawl thread: Index Ký Sự - P3...
2026-01-15 18:10:47,924 - INFO - [Thread 1943407] Existing thread, crawling reverse 19→1 until last_post_id: post-47876513
2026-01-15 18:10:48,122 - INFO - [Thread 1942309] Existing thread, crawling reverse 7→1 until last_post_id: post-47876419
2026-01-15 18:10:50,241 - INFO - [Thread 1943407] Found last_post_id at page 19, stopping...
2026-01-15 18:10:50,247 - INFO - [Thread 1943407] Final batch inserted 2/2 posts
2026-01-15 18:10:50,249 - INFO - [Thread 1943407] Collected 2 posts in 4.7s
2026-01-15 18:10:50,249 - INFO - Thu thập được 2 posts từ thread
2026-01-15 18:10:50,251 - INFO - [7/20] Crawl thread: List thoái vốn SCIC update...
2026-01-15 18:10:50,444 - INFO - [Thread 1942309] Found last_post_id at page 7, stopping...
2026-01-15 18:10:50,449 - INFO - [Thread 1942309] Final batch inserted 2/2 posts
2026-01-15 18:10:50,462 - INFO - [Thread 1942309] Collected 2 posts in 4.8s
2026-01-15 18:10:50,465 - INFO - Thu thập được 2 posts từ thread
2026-01-15 18:10:50,469 - INFO - [8/20] Crawl thread: Nghành Dầu khí sẽ dẫn sóng cho năm 2026?...
2026-01-15 18:10:52,510 - INFO - [Thread 1943921] Existing thread, crawling reverse 1→1 until last_post_id: post-47877983
2026-01-15 18:10:52,890 - INFO - [Thread 1942541] Existing thread, crawling reverse 5→1 until last_post_id: post-47878507
2026-01-15 18:10:54,749 - INFO - [Thread 1943921] Found last_post_id at page 1, stopping...
2026-01-15 18:10:54,751 - INFO - [Thread 1943921] Collected 0 posts in 4.5s
2026-01-15 18:10:54,751 - INFO - Thu thập được 0 posts từ thread
2026-01-15 18:10:54,753 - INFO - [9/20] Crawl thread: Ngành cao su (GVR, PHR,...) và NQ79...
2026-01-15 18:10:55,167 - INFO - [Thread 1942541] Found last_post_id at page 5, stopping...
2026-01-15 18:10:55,167 - INFO - [Thread 1942541] Collected 0 posts in 4.7s
2026-01-15 18:10:55,168 - INFO - Thu thập được 0 posts từ thread
2026-01-15 18:10:55,171 - INFO - [10/20] Crawl thread: DGC con hào kinh tế...
2026-01-15 18:10:57,114 - INFO - [Thread 1943285] Existing thread, crawling reverse 6→1 until last_post_id: post-47876591
2026-01-15 18:10:57,625 - INFO - [Thread 1943403] Existing thread, crawling reverse 5→1 until last_post_id: post-47878459
2026-01-15 18:10:59,436 - INFO - [Thread 1943285] Found last_post_id at page 6, stopping...
2026-01-15 18:10:59,440 - INFO - [Thread 1943285] Final batch inserted 3/3 posts
2026-01-15 18:10:59,442 - INFO - [Thread 1943285] Collected 3 posts in 4.7s
2026-01-15 18:10:59,442 - INFO - Thu thập được 3 posts từ thread
2026-01-15 18:10:59,445 - INFO - [11/20] Crawl thread: Căng đét...
2026-01-15 18:10:59,896 - INFO - [Thread 1943403] Found last_post_id at page 5, stopping...
2026-01-15 18:10:59,900 - INFO - [Thread 1943403] Collected 0 posts in 4.7s
2026-01-15 18:10:59,900 - INFO - Thu thập được 0 posts từ thread
2026-01-15 18:10:59,903 - INFO - [12/20] Crawl thread: Cuối năm 2025, thoát xu hướng tích luỹ...
2026-01-15 18:11:01,762 - INFO - [Thread 1943929] Existing thread, crawling reverse 1→1 until last_post_id: post-47878457
2026-01-15 18:11:02,314 - INFO - [Thread 1936049] Existing thread, crawling reverse 8→1 until last_post_id: post-47876223
2026-01-15 18:11:03,984 - INFO - [Thread 1943929] Found last_post_id at page 1, stopping...
2026-01-15 18:11:03,985 - INFO - [Thread 1943929] Collected 0 posts in 4.5s
2026-01-15 18:11:03,985 - INFO - Thu thập được 0 posts từ thread
2026-01-15 18:11:03,988 - INFO - [13/20] Crawl thread: CII hưởng lợi lớn nhất đấu giá đất Thủ Thiêm...
2026-01-15 18:11:04,581 - INFO - [Thread 1936049] Found last_post_id at page 8, stopping...
2026-01-15 18:11:04,587 - INFO - [Thread 1936049] Final batch inserted 1/1 posts
2026-01-15 18:11:04,589 - INFO - [Thread 1936049] Collected 1 posts in 4.7s
2026-01-15 18:11:04,590 - INFO - Thu thập được 1 posts từ thread
2026-01-15 18:11:04,593 - INFO - [14/20] Crawl thread: EVF Doanh nghiệp tăng trưởng...
2026-01-15 18:11:06,329 - INFO - [Thread 1705091] Existing thread, crawling reverse 213→1 until last_post_id: post-47878063
2026-01-15 18:11:06,983 - INFO - [Thread 1935667] Existing thread, crawling reverse 4→1 until last_post_id: post-47878423
2026-01-15 18:11:08,584 - INFO - [Thread 1705091] Found last_post_id at page 213, stopping...
2026-01-15 18:11:08,592 - INFO - [Thread 1705091] Final batch inserted 1/1 posts
2026-01-15 18:11:08,600 - INFO - [Thread 1705091] Collected 1 posts in 4.6s
2026-01-15 18:11:08,611 - INFO - Thu thập được 1 posts từ thread
2026-01-15 18:11:08,615 - INFO - [15/20] Crawl thread: Tam tấu SSI - VIX - CTS ! Siêu game bom tấn!...
2026-01-15 18:11:09,316 - INFO - [Thread 1935667] Found last_post_id at page 4, stopping...
2026-01-15 18:11:09,316 - INFO - [Thread 1935667] Collected 0 posts in 4.7s
2026-01-15 18:11:09,317 - INFO - Thu thập được 0 posts từ thread
2026-01-15 18:11:09,319 - INFO - [16/20] Crawl thread: Thép-Đã đến lúc...
2026-01-15 18:11:11,012 - INFO - [Thread 1923417] Existing thread, crawling reverse 296→1 until last_post_id: post-47877439
2026-01-15 18:11:11,659 - INFO - [Thread 1943755] Existing thread, crawling reverse 6→1 until last_post_id: post-47878141
2026-01-15 18:11:13,441 - INFO - [Thread 1923417] Found last_post_id at page 296, stopping...
2026-01-15 18:11:13,441 - INFO - [Thread 1923417] Final batch inserted 1/1 posts
2026-01-15 18:11:13,443 - INFO - [Thread 1923417] Collected 1 posts in 4.8s
2026-01-15 18:11:13,443 - INFO - Thu thập được 1 posts từ thread
2026-01-15 18:11:13,445 - INFO - [17/20] Crawl thread: Dòng tiền lan toả bước sang năm 2026...
2026-01-15 18:11:14,000 - INFO - [Thread 1943755] Found last_post_id at page 6, stopping...
2026-01-15 18:11:14,003 - INFO - [Thread 1943755] Final batch inserted 1/1 posts
2026-01-15 18:11:14,004 - INFO - [Thread 1943755] Collected 1 posts in 4.7s
2026-01-15 18:11:14,005 - INFO - Thu thập được 1 posts từ thread
2026-01-15 18:11:14,006 - INFO - [18/20] Crawl thread: VEA:Tổng CT Máy động lực và máy Nông nghiệp VN- CP...
2026-01-15 18:11:15,744 - INFO - [Thread 1942743] Existing thread, crawling reverse 6→1 until last_post_id: post-47878399
2026-01-15 18:11:16,422 - INFO - [Thread 1835579] Existing thread, crawling reverse 376→1 until last_post_id: post-47878387
2026-01-15 18:11:18,035 - INFO - [Thread 1942743] Found last_post_id at page 6, stopping...
2026-01-15 18:11:18,036 - INFO - [Thread 1942743] Collected 0 posts in 4.6s
2026-01-15 18:11:18,036 - INFO - Thu thập được 0 posts từ thread
2026-01-15 18:11:18,038 - INFO - [19/20] Crawl thread: HAG - sắp sang trang mới cổ phiếu vươn mình tăng t...
2026-01-15 18:11:18,633 - INFO - [Thread 1835579] Found last_post_id at page 376, stopping...
2026-01-15 18:11:18,634 - INFO - [Thread 1835579] Collected 0 posts in 4.6s
2026-01-15 18:11:18,634 - INFO - Thu thập được 0 posts từ thread
2026-01-15 18:11:18,637 - INFO - [20/20] Crawl thread: BBC: Chia cổ tức kỷ lục 373,5%...
2026-01-15 18:11:20,340 - INFO - [Thread 1935815] Existing thread, crawling reverse 105→1 until last_post_id: post-47878379
2026-01-15 18:11:21,060 - INFO - [Thread 1943807] Existing thread, crawling reverse 4→1 until last_post_id: post-47878091
2026-01-15 18:11:22,661 - INFO - [Thread 1935815] Found last_post_id at page 105, stopping...
2026-01-15 18:11:22,662 - INFO - [Thread 1935815] Collected 0 posts in 4.6s
2026-01-15 18:11:22,663 - INFO - Thu thập được 0 posts từ thread
2026-01-15 18:11:23,403 - INFO - [Thread 1943807] Found last_post_id at page 4, stopping...
2026-01-15 18:11:23,409 - INFO - [Thread 1943807] Final batch inserted 1/1 posts
2026-01-15 18:11:23,412 - INFO - [Thread 1943807] Collected 1 posts in 4.8s
2026-01-15 18:11:23,413 - INFO - Thu thập được 1 posts từ thread
2026-01-15 18:11:23,416 - INFO - Hoàn thành trang 3, tổng posts: 82
2026-01-15 18:11:32,813 - INFO - Đang xử lý trang 4
2026-01-15 18:11:38,352 - INFO - Tìm thấy 20 threads trên trang 4
2026-01-15 18:11:43,342 - INFO - Đã thu thập thông tin 20 threads, bắt đầu crawl posts...
2026-01-15 18:11:43,346 - INFO - [1/20] Crawl thread: PGV - Khủng long ngành điện...
2026-01-15 18:11:43,346 - INFO - [2/20] Crawl thread: NT2 - Góc nhìn về giá trị!!!...
2026-01-15 18:11:46,168 - INFO - [Thread 1550217] Existing thread, crawling reverse 253→1 until last_post_id: post-47876695
2026-01-15 18:11:46,369 - INFO - [Thread 1935045] Existing thread, crawling reverse 6→1 until last_post_id: post-47878075
2026-01-15 18:11:48,494 - INFO - [Thread 1550217] Found last_post_id at page 253, stopping...
2026-01-15 18:11:48,499 - INFO - [Thread 1550217] Final batch inserted 4/4 posts
2026-01-15 18:11:48,501 - INFO - [Thread 1550217] Collected 4 posts in 5.2s
2026-01-15 18:11:48,501 - INFO - Thu thập được 4 posts từ thread
2026-01-15 18:11:48,502 - INFO - [3/20] Crawl thread: HNG Hướng tới vùng 20...
2026-01-15 18:11:48,639 - INFO - [Thread 1935045] Found last_post_id at page 6, stopping...
2026-01-15 18:11:48,646 - INFO - [Thread 1935045] Final batch inserted 2/2 posts
2026-01-15 18:11:48,648 - INFO - [Thread 1935045] Collected 2 posts in 5.3s
2026-01-15 18:11:48,649 - INFO - Thu thập được 2 posts từ thread
2026-01-15 18:11:48,650 - INFO - [4/20] Crawl thread: ISH vs GHC – Cổ tức bằng tiền ổn định và trọn đời!...
2026-01-15 18:11:50,864 - INFO - [Thread 1910241] Existing thread, crawling reverse 149→1 until last_post_id: post-47878235
2026-01-15 18:11:51,143 - INFO - [Thread 1844081] Existing thread, crawling reverse 44→1 until last_post_id: post-47878229
2026-01-15 18:11:53,149 - INFO - [Thread 1910241] Found last_post_id at page 149, stopping...
2026-01-15 18:11:53,149 - INFO - [Thread 1910241] Collected 0 posts in 4.6s
2026-01-15 18:11:53,150 - INFO - Thu thập được 0 posts từ thread
2026-01-15 18:11:53,152 - INFO - [5/20] Crawl thread: VNM đạt lợi nhuận hơn +19%, gặp gỡ trực tiếp chuyê...
2026-01-15 18:11:53,377 - INFO - [Thread 1844081] Found last_post_id at page 44, stopping...
2026-01-15 18:11:53,378 - INFO - [Thread 1844081] Collected 0 posts in 4.7s
2026-01-15 18:11:53,378 - INFO - Thu thập được 0 posts từ thread
2026-01-15 18:11:53,380 - INFO - [6/20] Crawl thread: Nhận định thị trường hàng ngày...
2026-01-15 18:11:55,417 - INFO - [Thread 1943891] Existing thread, crawling reverse 1→1 until last_post_id: post-47876001
2026-01-15 18:11:55,760 - INFO - [Thread 1806081] Existing thread, crawling reverse 122→1 until last_post_id: post-47878143
2026-01-15 18:11:57,669 - INFO - [Thread 1943891] Found last_post_id at page 1, stopping...
2026-01-15 18:11:57,672 - INFO - [Thread 1943891] Final batch inserted 1/1 posts
2026-01-15 18:11:57,674 - INFO - [Thread 1943891] Collected 1 posts in 4.5s
2026-01-15 18:11:57,674 - INFO - Thu thập được 1 posts từ thread
2026-01-15 18:11:57,676 - INFO - [7/20] Crawl thread: Vĩ mô ngành BĐS – Cơn bão lớn hay chỉ là khó khăn ...
2026-01-15 18:11:58,064 - INFO - [Thread 1806081] Found last_post_id at page 122, stopping...
2026-01-15 18:11:58,065 - INFO - [Thread 1806081] Collected 0 posts in 4.7s
2026-01-15 18:11:58,065 - INFO - Thu thập được 0 posts từ thread
2026-01-15 18:11:58,066 - INFO - [8/20] Crawl thread: Bất động sản...đến giờ bắt đáy...
2026-01-15 18:12:00,004 - INFO - [Thread 1940867] Existing thread, crawling reverse 2→1 until last_post_id: post-47878133
2026-01-15 18:12:00,327 - INFO - [Thread 1943193] Existing thread, crawling reverse 5→1 until last_post_id: post-47877167
2026-01-15 18:12:02,282 - INFO - [Thread 1940867] Found last_post_id at page 2, stopping...
2026-01-15 18:12:02,284 - INFO - [Thread 1940867] Collected 0 posts in 4.6s
2026-01-15 18:12:02,284 - INFO - Thu thập được 0 posts từ thread
2026-01-15 18:12:02,286 - INFO - [9/20] Crawl thread: PVC - Đơn vị số 1 trong mảng bảo dưỡng !...
2026-01-15 18:12:02,619 - INFO - [Thread 1943193] Found last_post_id at page 5, stopping...
2026-01-15 18:12:02,619 - INFO - [Thread 1943193] Collected 0 posts in 4.6s
2026-01-15 18:12:02,619 - INFO - Thu thập được 0 posts từ thread
2026-01-15 18:12:02,621 - INFO - [10/20] Crawl thread: PVC – Kỳ vọng trở thành đơn vị số 1 trong mảng bảo...
2026-01-15 18:12:04,639 - INFO - [Thread 1880851] Existing thread, crawling reverse 13→1 until last_post_id: post-47874367
2026-01-15 18:12:04,988 - INFO - [Thread 1943841] Existing thread, crawling reverse 1→1 until last_post_id: post-47878087
2026-01-15 18:12:07,054 - INFO - [Thread 1880851] Found last_post_id at page 13, stopping...
2026-01-15 18:12:07,060 - INFO - [Thread 1880851] Final batch inserted 2/2 posts
2026-01-15 18:12:07,061 - INFO - [Thread 1880851] Collected 2 posts in 4.8s
2026-01-15 18:12:07,062 - INFO - Thu thập được 2 posts từ thread
2026-01-15 18:12:07,063 - INFO - [11/20] Crawl thread: Cổ phiếu VEA: Triển vọng đầu tư như thế nào trong ...
2026-01-15 18:12:07,394 - INFO - [Thread 1943841] Found last_post_id at page 1, stopping...
2026-01-15 18:12:07,394 - INFO - [Thread 1943841] Collected 0 posts in 4.8s
2026-01-15 18:12:07,394 - INFO - Thu thập được 0 posts từ thread
2026-01-15 18:12:07,395 - INFO - [12/20] Crawl thread: Vinfast - Xe điện của người Việt (P3)...
2026-01-15 18:12:09,354 - INFO - [Thread 1902277] Existing thread, crawling reverse 1→1 until last_post_id: post-47878067
2026-01-15 18:12:09,698 - INFO - [Thread 1882039] Existing thread, crawling reverse 800→1 until last_post_id: post-47877845
2026-01-15 18:12:11,623 - INFO - [Thread 1902277] Found last_post_id at page 1, stopping...
2026-01-15 18:12:11,624 - INFO - [Thread 1902277] Collected 0 posts in 4.6s
2026-01-15 18:12:11,625 - INFO - Thu thập được 0 posts từ thread
2026-01-15 18:12:11,626 - INFO - [13/20] Crawl thread: CSM - Bạn đường tin cậy...
2026-01-15 18:12:11,972 - INFO - [Thread 1882039] Found last_post_id at page 800, stopping...
2026-01-15 18:12:11,973 - INFO - [Thread 1882039] Collected 0 posts in 4.6s
2026-01-15 18:12:11,973 - INFO - Thu thập được 0 posts từ thread
2026-01-15 18:12:11,974 - INFO - [14/20] Crawl thread: PSD - Đầu tư giá trị, rẻ nhất dòng bán lẻ!...
2026-01-15 18:12:13,976 - INFO - [Thread 1928135] Existing thread, crawling reverse 81→1 until last_post_id: post-47877361
2026-01-15 18:12:14,308 - INFO - [Thread 1896567] Existing thread, crawling reverse 72→1 until last_post_id: post-47878007
2026-01-15 18:12:16,268 - INFO - [Thread 1928135] Found last_post_id at page 81, stopping...
2026-01-15 18:12:16,269 - INFO - [Thread 1928135] Final batch inserted 1/1 posts
2026-01-15 18:12:16,270 - INFO - [Thread 1928135] Collected 1 posts in 4.6s
2026-01-15 18:12:16,270 - INFO - Thu thập được 1 posts từ thread
2026-01-15 18:12:16,271 - INFO - [15/20] Crawl thread: DSH: sở hữu 58% BOT Hà Nội-Bắc Giang...
2026-01-15 18:12:16,576 - INFO - [Thread 1896567] Found last_post_id at page 72, stopping...
2026-01-15 18:12:16,576 - INFO - [Thread 1896567] Collected 0 posts in 4.6s
2026-01-15 18:12:16,577 - INFO - Thu thập được 0 posts từ thread
2026-01-15 18:12:16,578 - INFO - [16/20] Crawl thread: Quý I - Đầu quý tích lũy để cuối quý bùng nổ...
2026-01-15 18:12:18,645 - INFO - [Thread 1943875] Existing thread, crawling reverse 1→1 until last_post_id: post-47876803
2026-01-15 18:12:18,926 - INFO - [Thread 1942287] Existing thread, crawling reverse 7→1 until last_post_id: post-47876495
2026-01-15 18:12:20,950 - INFO - [Thread 1943875] Found last_post_id at page 1, stopping...
2026-01-15 18:12:20,958 - INFO - [Thread 1943875] Final batch inserted 3/3 posts
2026-01-15 18:12:20,959 - INFO - [Thread 1943875] Collected 3 posts in 4.7s
2026-01-15 18:12:20,960 - INFO - Thu thập được 3 posts từ thread
2026-01-15 18:12:20,962 - INFO - [17/20] Crawl thread: VNM – Có đang trở lại đường đua tăng trưởng?...
2026-01-15 18:12:21,218 - INFO - [Thread 1942287] Found last_post_id at page 7, stopping...
2026-01-15 18:12:21,224 - INFO - [Thread 1942287] Final batch inserted 2/2 posts
2026-01-15 18:12:21,226 - INFO - [Thread 1942287] Collected 2 posts in 4.6s
2026-01-15 18:12:21,230 - INFO - Thu thập được 2 posts từ thread
2026-01-15 18:12:21,236 - INFO - [18/20] Crawl thread: MSN - Gã khổng lồ hàng tiêu dùng thức giấc...
2026-01-15 18:12:23,313 - INFO - [Thread 1943639] Existing thread, crawling reverse 2→1 until last_post_id: post-47877947
2026-01-15 18:12:23,584 - INFO - [Thread 1926185] Existing thread, crawling reverse 33→1 until last_post_id: post-47877923
2026-01-15 18:12:25,636 - INFO - [Thread 1943639] Found last_post_id at page 2, stopping...
2026-01-15 18:12:25,637 - INFO - [Thread 1943639] Collected 0 posts in 4.7s
2026-01-15 18:12:25,637 - INFO - Thu thập được 0 posts từ thread
2026-01-15 18:12:25,639 - INFO - [19/20] Crawl thread: Game định giá lại tài sản quốc gia -------- Cá mập...
2026-01-15 18:12:25,837 - INFO - [Thread 1926185] Found last_post_id at page 33, stopping...
2026-01-15 18:12:25,837 - INFO - [Thread 1926185] Collected 0 posts in 4.6s
2026-01-15 18:12:25,837 - INFO - Thu thập được 0 posts từ thread
2026-01-15 18:12:25,840 - INFO - [20/20] Crawl thread: Qcg: Ngày không xa!...
2026-01-15 18:12:28,120 - INFO - [Thread 1936055] Existing thread, crawling reverse 10→1 until last_post_id: post-47876585
2026-01-15 18:12:28,184 - INFO - [Thread 1825273] Existing thread, crawling reverse 1629→1 until last_post_id: post-47876729
2026-01-15 18:12:30,417 - INFO - [Thread 1936055] Found last_post_id at page 10, stopping...
2026-01-15 18:12:30,424 - INFO - [Thread 1936055] Final batch inserted 1/1 posts
2026-01-15 18:12:30,426 - INFO - [Thread 1936055] Collected 1 posts in 4.8s
2026-01-15 18:12:30,427 - INFO - Thu thập được 1 posts từ thread
2026-01-15 18:12:30,497 - INFO - [Thread 1825273] Found last_post_id at page 1629, stopping...
2026-01-15 18:12:30,504 - INFO - [Thread 1825273] Final batch inserted 1/1 posts
2026-01-15 18:12:30,508 - INFO - [Thread 1825273] Collected 1 posts in 4.7s
2026-01-15 18:12:30,509 - INFO - Thu thập được 1 posts từ thread
2026-01-15 18:12:30,512 - INFO - Hoàn thành trang 4, tổng posts: 99
2026-01-15 18:12:38,127 - INFO - Đang xử lý trang 5
2026-01-15 18:12:43,603 - INFO - Tìm thấy 20 threads trên trang 5
2026-01-15 18:12:48,109 - INFO - Đã thu thập thông tin 20 threads, bắt đầu crawl posts...
2026-01-15 18:12:48,112 - INFO - [1/20] Crawl thread: ACB: Bị sao vậy?...
2026-01-15 18:12:48,112 - INFO - [2/20] Crawl thread: ACV.......
2026-01-15 18:12:50,463 - INFO - [Thread 1941417] Existing thread, crawling reverse 9→1 until last_post_id: post-47877831
2026-01-15 18:12:50,490 - INFO - [Thread 1943721] Existing thread, crawling reverse 2→1 until last_post_id: post-47877833
2026-01-15 18:12:52,686 - INFO - [Thread 1941417] Found last_post_id at page 9, stopping...
2026-01-15 18:12:52,687 - INFO - [Thread 1941417] Collected 0 posts in 4.6s
2026-01-15 18:12:52,688 - INFO - Thu thập được 0 posts từ thread
2026-01-15 18:12:52,691 - INFO - [3/20] Crawl thread: EIB mã duy nhất đi ngược thị trường hôm nay...
2026-01-15 18:12:52,798 - INFO - [Thread 1943721] Found last_post_id at page 2, stopping...
2026-01-15 18:12:52,799 - INFO - [Thread 1943721] Collected 0 posts in 4.7s
2026-01-15 18:12:52,800 - INFO - Thu thập được 0 posts từ thread
2026-01-15 18:12:52,803 - INFO - [4/20] Crawl thread: Ai đỡ?...
2026-01-15 18:12:54,992 - INFO - [Thread 1943887] Existing thread, crawling reverse 1→1 until last_post_id: post-47876405
2026-01-15 18:12:55,187 - INFO - [Thread 1943877] Existing thread, crawling reverse 5→1 until last_post_id: post-47877133
2026-01-15 18:12:57,281 - INFO - [Thread 1943887] Found last_post_id at page 1, stopping...
2026-01-15 18:12:57,288 - INFO - [Thread 1943887] Final batch inserted 1/1 posts
2026-01-15 18:12:57,290 - INFO - [Thread 1943887] Collected 1 posts in 4.6s
2026-01-15 18:12:57,290 - INFO - Thu thập được 1 posts từ thread
2026-01-15 18:12:57,295 - INFO - [5/20] Crawl thread: Giá xăng lên gần 19.000 đồng một lít...
2026-01-15 18:12:57,591 - INFO - [Thread 1943877] Found last_post_id at page 5, stopping...
2026-01-15 18:12:57,591 - INFO - [Thread 1943877] Collected 0 posts in 4.8s
2026-01-15 18:12:57,591 - INFO - Thu thập được 0 posts từ thread
2026-01-15 18:12:57,593 - INFO - [6/20] Crawl thread: POW tăng vốn khủng có lập đỉnh mới...
2026-01-15 18:12:59,572 - INFO - [Thread 1943919] Existing thread, crawling reverse 1→1 until last_post_id: post-47877779
2026-01-15 18:12:59,892 - INFO - [Thread 1935387] Existing thread, crawling reverse 12→1 until last_post_id: post-47876179
2026-01-15 18:13:01,807 - INFO - [Thread 1943919] Found last_post_id at page 1, stopping...
2026-01-15 18:13:01,809 - INFO - [Thread 1943919] Collected 0 posts in 4.5s
2026-01-15 18:13:01,810 - INFO - Thu thập được 0 posts từ thread
2026-01-15 18:13:01,813 - INFO - [7/20] Crawl thread: vc7 best invest...
2026-01-15 18:13:02,393 - INFO - [Thread 1935387] Found last_post_id at page 12, stopping...
2026-01-15 18:13:02,402 - INFO - [Thread 1935387] Final batch inserted 3/3 posts
2026-01-15 18:13:02,415 - INFO - [Thread 1935387] Collected 3 posts in 4.8s
2026-01-15 18:13:02,415 - INFO - Thu thập được 3 posts từ thread
2026-01-15 18:13:02,418 - INFO - [8/20] Crawl thread: ACV- Hình trình vượt 100k/cp bắt đầu từ đây...
2026-01-15 18:13:04,174 - INFO - [Thread 1894771] Existing thread, crawling reverse 85→1 until last_post_id: post-47877773
2026-01-15 18:13:04,713 - INFO - [Thread 1940601] Existing thread, crawling reverse 12→1 until last_post_id: post-47877749
2026-01-15 18:13:06,401 - INFO - [Thread 1894771] Found last_post_id at page 85, stopping...
2026-01-15 18:13:06,403 - INFO - [Thread 1894771] Collected 0 posts in 4.6s
2026-01-15 18:13:06,404 - INFO - Thu thập được 0 posts từ thread
2026-01-15 18:13:06,407 - INFO - [9/20] Crawl thread: PC1 bắt đầu vào giai đoạn tăng trưởng vượt đỉnh tr...
2026-01-15 18:13:06,985 - INFO - [Thread 1940601] Found last_post_id at page 12, stopping...
2026-01-15 18:13:06,988 - INFO - [Thread 1940601] Collected 0 posts in 4.6s
2026-01-15 18:13:06,989 - INFO - Thu thập được 0 posts từ thread
2026-01-15 18:13:06,992 - INFO - [10/20] Crawl thread: Tổng Kết Lợi Nhuận 2025 + Tầm Nhìn 2026!!!...
2026-01-15 18:13:08,790 - INFO - [Thread 1869901] Existing thread, crawling reverse 10→1 until last_post_id: post-47877715
2026-01-15 18:13:09,393 - INFO - [Thread 1942149] Existing thread, crawling reverse 6→1 until last_post_id: post-47875463
2026-01-15 18:13:11,015 - INFO - [Thread 1869901] Found last_post_id at page 10, stopping...
2026-01-15 18:13:11,016 - INFO - [Thread 1869901] Collected 0 posts in 4.6s
2026-01-15 18:13:11,016 - INFO - Thu thập được 0 posts từ thread
2026-01-15 18:13:11,019 - INFO - [11/20] Crawl thread: Long giết short cuối phiên...
2026-01-15 18:13:11,749 - INFO - [Thread 1942149] Found last_post_id at page 6, stopping...
2026-01-15 18:13:11,757 - INFO - [Thread 1942149] Final batch inserted 6/6 posts
2026-01-15 18:13:11,761 - INFO - [Thread 1942149] Collected 6 posts in 4.8s
2026-01-15 18:13:11,762 - INFO - Thu thập được 6 posts từ thread
2026-01-15 18:13:11,764 - INFO - [12/20] Crawl thread: Nhu cầu bạch kim khan hiếm tăng vọt, dự kiến tiếp ...
2026-01-15 18:13:13,343 - INFO - [Thread 1943865] Existing thread, crawling reverse 2→1 until last_post_id: post-47875861
2026-01-15 18:13:14,041 - INFO - [Thread 1943917] Existing thread, crawling reverse 1→1 until last_post_id: post-47877611
2026-01-15 18:13:15,643 - INFO - [Thread 1943865] Found last_post_id at page 2, stopping...
2026-01-15 18:13:15,649 - INFO - [Thread 1943865] Final batch inserted 1/1 posts
2026-01-15 18:13:15,652 - INFO - [Thread 1943865] Collected 1 posts in 4.6s
2026-01-15 18:13:15,656 - INFO - Thu thập được 1 posts từ thread
2026-01-15 18:13:15,659 - INFO - [13/20] Crawl thread: Bank cổ phần nay làm sao thế ???VIB, ACB, SHB, HDB...
2026-01-15 18:13:16,292 - INFO - [Thread 1943917] Found last_post_id at page 1, stopping...
2026-01-15 18:13:16,294 - INFO - [Thread 1943917] Collected 0 posts in 4.5s
2026-01-15 18:13:16,295 - INFO - Thu thập được 0 posts từ thread
2026-01-15 18:13:16,297 - INFO - [14/20] Crawl thread: VEA - Tổng Công ty Máy động lực và máy nông nghiệp...
2026-01-15 18:13:17,973 - INFO - [Thread 1943633] Existing thread, crawling reverse 5→1 until last_post_id: post-47876159
2026-01-15 18:13:18,591 - INFO - [Thread 1943517] Existing thread, crawling reverse 1→1 until last_post_id: post-47877591
2026-01-15 18:13:20,263 - INFO - [Thread 1943633] Found last_post_id at page 5, stopping...
2026-01-15 18:13:20,270 - INFO - [Thread 1943633] Final batch inserted 5/5 posts
2026-01-15 18:13:20,271 - INFO - [Thread 1943633] Collected 5 posts in 4.6s
2026-01-15 18:13:20,272 - INFO - Thu thập được 5 posts từ thread
2026-01-15 18:13:20,273 - INFO - [15/20] Crawl thread: HVT - Vững bước trên hành trình phát triển mới...
2026-01-15 18:13:20,880 - INFO - [Thread 1943517] Found last_post_id at page 1, stopping...
2026-01-15 18:13:20,881 - INFO - [Thread 1943517] Collected 0 posts in 4.6s
2026-01-15 18:13:20,882 - INFO - Thu thập được 0 posts từ thread
2026-01-15 18:13:20,886 - INFO - [16/20] Crawl thread: CIP....CIP....CIP.......Một Siêu phẩm.... Nhân 3 t...
2026-01-15 18:13:22,632 - INFO - [Thread 1919815] Existing thread, crawling reverse 5→1 until last_post_id: post-47876727
2026-01-15 18:13:23,223 - INFO - [Thread 1588287] Existing thread, crawling reverse 2→1 until last_post_id: post-47877523
2026-01-15 18:13:24,942 - INFO - [Thread 1919815] Found last_post_id at page 5, stopping...
2026-01-15 18:13:24,949 - INFO - [Thread 1919815] Final batch inserted 1/1 posts
2026-01-15 18:13:24,951 - INFO - [Thread 1919815] Collected 1 posts in 4.7s
2026-01-15 18:13:24,952 - INFO - Thu thập được 1 posts từ thread
2026-01-15 18:13:24,957 - INFO - [17/20] Crawl thread: Thiên Long Hóa Rồng?...
2026-01-15 18:13:25,494 - INFO - [Thread 1588287] Found last_post_id at page 2, stopping...
2026-01-15 18:13:25,495 - INFO - [Thread 1588287] Collected 0 posts in 4.6s
2026-01-15 18:13:25,496 - INFO - Thu thập được 0 posts từ thread
2026-01-15 18:13:25,498 - INFO - [18/20] Crawl thread: Báo cáo chiến lược 1/2026: Vững tay cương...
2026-01-15 18:13:27,335 - INFO - [Thread 1861323] Existing thread, crawling reverse 26→1 until last_post_id: post-47877519
2026-01-15 18:13:27,729 - INFO - [Thread 1943913] Existing thread, crawling reverse 1→1 until last_post_id: post-47877515
2026-01-15 18:13:29,683 - INFO - [Thread 1861323] Found last_post_id at page 26, stopping...
2026-01-15 18:13:29,684 - INFO - [Thread 1861323] Collected 0 posts in 4.7s
2026-01-15 18:13:29,684 - INFO - Thu thập được 0 posts từ thread
2026-01-15 18:13:29,688 - INFO - [19/20] Crawl thread: SAB - Nằm im kho các trụ khác tăng chóng mặt...
2026-01-15 18:13:29,965 - INFO - [Thread 1943913] Found last_post_id at page 1, stopping...
2026-01-15 18:13:29,966 - INFO - [Thread 1943913] Collected 0 posts in 4.5s
2026-01-15 18:13:29,966 - INFO - Thu thập được 0 posts từ thread
2026-01-15 18:13:29,970 - INFO - [20/20] Crawl thread: DPR - Triển vọng tăng trưởng mạnh từ cao su tự nhi...
2026-01-15 18:13:31,957 - INFO - [Thread 1943441] Existing thread, crawling reverse 2→1 until last_post_id: post-47877493
2026-01-15 18:13:32,323 - INFO - [Thread 1902207] Existing thread, crawling reverse 241→1 until last_post_id: post-47877463
2026-01-15 18:13:34,230 - INFO - [Thread 1943441] Found last_post_id at page 2, stopping...
2026-01-15 18:13:34,231 - INFO - [Thread 1943441] Collected 0 posts in 4.5s
2026-01-15 18:13:34,232 - INFO - Thu thập được 0 posts từ thread
2026-01-15 18:13:34,640 - INFO - [Thread 1902207] Found last_post_id at page 241, stopping...
2026-01-15 18:13:34,641 - INFO - [Thread 1902207] Collected 0 posts in 4.7s
2026-01-15 18:13:34,642 - INFO - Thu thập được 0 posts từ thread
2026-01-15 18:13:34,644 - INFO - Hoàn thành trang 5, tổng posts: 116
2026-01-15 18:13:48,848 - INFO - Selenium driver stopped
2026-01-15 18:13:48,849 - INFO - Hoàn tất! Tổng cộng thu thập: 116 posts
2026-01-15 18:13:48,849 - INFO - Completed in 5m 42s. Total posts: 116
2026-01-15 18:13:48,849 - INFO - 
================================================================================
2026-01-15 18:13:48,849 - INFO - CRAWL SUMMARY - TỔNG KẾT THU THẬP DỮ LIỆU
2026-01-15 18:13:48,849 - INFO - ================================================================================
2026-01-15 18:13:48,849 - INFO - 
🔄 THREADS CẬP NHẬT (100 threads):
2026-01-15 18:13:48,850 - INFO - --------------------------------------------------------------------------------
2026-01-15 18:13:48,850 - INFO -   1. [UPDATE] STB - Cổ phiếu kịch hay đang đến hồi cao trào(Part 10)!!...
2026-01-15 18:13:48,850 - INFO -      Posts mới:    2 | Thời gian: 0m 4s
2026-01-15 18:13:48,850 - INFO -      Last Post ID: post-47878541 → post-47878853
2026-01-15 18:13:48,850 - INFO -   2. [UPDATE] Ngôi nhà nhỏ trên Thảo Nguyên - P86
2026-01-15 18:13:48,850 - INFO -      Posts mới:    6 | Thời gian: 0m 7s
2026-01-15 18:13:48,851 - INFO -      Last Post ID: post-47878819 → post-47878851
2026-01-15 18:13:48,851 - INFO -   3. [UPDATE] Tất cả các dòng sông đều chảy - P2
2026-01-15 18:13:48,851 - INFO -      Posts mới:    1 | Thời gian: 0m 4s
2026-01-15 18:13:48,851 - INFO -      Last Post ID: post-47878641 → post-47878847
2026-01-15 18:13:48,851 - INFO -   4. [UPDATE] DVN lên được bao nhiêu mọi người
2026-01-15 18:13:48,851 - INFO -      Posts mới:    1 | Thời gian: 0m 4s
2026-01-15 18:13:48,852 - INFO -      Last Post ID: post-47878591 → post-47878841
2026-01-15 18:13:48,852 - INFO -   5. [UPDATE] HPG- Sự trở lại của nhà Vua
2026-01-15 18:13:48,852 - INFO -      Posts mới:    1 | Thời gian: 0m 4s
2026-01-15 18:13:48,852 - INFO -      Last Post ID: post-47878403 → post-47878835
2026-01-15 18:13:48,852 - INFO -   6. [UPDATE] VIX: quân bài tẩy họ nhà M
2026-01-15 18:13:48,852 - INFO -      Posts mới:    3 | Thời gian: 0m 6s
2026-01-15 18:13:48,853 - INFO -      Last Post ID: post-47877083 → post-47878837
2026-01-15 18:13:48,853 - INFO -   7. [UPDATE] SZL-có xứng đáng để đầu tư?
2026-01-15 18:13:48,853 - INFO -      Posts mới:    2 | Thời gian: 0m 4s
2026-01-15 18:13:48,853 - INFO -      Last Post ID: post-47877109 → post-47878833
2026-01-15 18:13:48,853 - INFO -   8. [UPDATE] 6LON_banks(3/4 Big.Banks)Bơm máo,dùng hết ko Ae?
2026-01-15 18:13:48,853 - INFO -      Posts mới:    1 | Thời gian: 0m 4s
2026-01-15 18:13:48,853 - INFO -      Last Post ID: post-47878801 → post-47878831
2026-01-15 18:13:48,854 - INFO -   9. [UPDATE] 14.1 không nên phức tạp quá - múc là có ăn
2026-01-15 18:13:48,854 - INFO -      Posts mới:    3 | Thời gian: 0m 4s
2026-01-15 18:13:48,854 - INFO -      Last Post ID: post-47877669 → post-47878829
2026-01-15 18:13:48,854 - INFO -  10. [UPDATE] VNI - vươn mình 1954 or 1975
2026-01-15 18:13:48,854 - INFO -      Posts mới:    3 | Thời gian: 0m 4s
2026-01-15 18:13:48,854 - INFO -      Last Post ID: post-47877835 → post-47878775
2026-01-15 18:13:48,855 - INFO -  11. [UPDATE] Bđs bắt đáy
2026-01-15 18:13:48,855 - INFO -      Posts mới:    1 | Thời gian: 0m 4s
2026-01-15 18:13:48,855 - INFO -      Last Post ID: post-47878821 → post-47878855
2026-01-15 18:13:48,855 - INFO -  12. [UPDATE] Tọa sơn, thưởng trà….Luận phong thủy cho năm Bính Ngọ.
2026-01-15 18:13:48,855 - INFO -      Posts mới:    4 | Thời gian: 0m 4s
2026-01-15 18:13:48,856 - INFO -      Last Post ID: post-47878577 → post-47878827
2026-01-15 18:13:48,856 - INFO -  13. [UPDATE] Game mới SHB. Múc mạnh để mua nhà mua xe
2026-01-15 18:13:48,856 - INFO -      Posts mới:    4 | Thời gian: 0m 4s
2026-01-15 18:13:48,856 - INFO -      Last Post ID: post-47876399 → post-47878817
2026-01-15 18:13:48,856 - INFO -  14. [UPDATE] TTN - DN viễn thông vốn hoá 200 tỷ và hợp đồng gần 4000 tỷ đ...
2026-01-15 18:13:48,856 - INFO -      Posts mới:    2 | Thời gian: 0m 4s
2026-01-15 18:13:48,857 - INFO -      Last Post ID: post-47876485 → post-47878815
2026-01-15 18:13:48,857 - INFO -  15. [UPDATE] CTI có gì?
2026-01-15 18:13:48,857 - INFO -      Posts mới:    0 | Thời gian: 0m 4s
2026-01-15 18:13:48,857 - INFO -      Last Post ID: post-47878813 → post-47878813
2026-01-15 18:13:48,857 - INFO -  16. [UPDATE] Đánh giá thị trường!
2026-01-15 18:13:48,857 - INFO -      Posts mới:    3 | Thời gian: 0m 4s
2026-01-15 18:13:48,857 - INFO -      Last Post ID: post-47878249 → post-47878811
2026-01-15 18:13:48,857 - INFO -  17. [UPDATE] Công ty vốn hoá 900 tỷ tiền mặt 3000 tỷ
2026-01-15 18:13:48,858 - INFO -      Posts mới:    0 | Thời gian: 0m 4s
2026-01-15 18:13:48,858 - INFO -      Last Post ID: post-47878809 → post-47878809
2026-01-15 18:13:48,858 - INFO -  18. [UPDATE] Topic cổ đông dài hạn Nhiệt điện Quảng Ninh - Đầu tư giá trị...
2026-01-15 18:13:48,858 - INFO -      Posts mới:    5 | Thời gian: 0m 4s
2026-01-15 18:13:48,858 - INFO -      Last Post ID: post-47878137 → post-47878803
2026-01-15 18:13:48,858 - INFO -  19. [UPDATE] FOC - Viên kim cương bị lãng quên - Trỗi dậy cùng "Kỹ Nguyên...
2026-01-15 18:13:48,858 - INFO -      Posts mới:    1 | Thời gian: 0m 4s
2026-01-15 18:13:48,858 - INFO -      Last Post ID: post-47877725 → post-47878789
2026-01-15 18:13:48,859 - INFO -  20. [UPDATE] Sóng Uptrend tốt nhất chu kỳ dự kiến 2026 +3-6 tháng 2027!
2026-01-15 18:13:48,859 - INFO -      Posts mới:    2 | Thời gian: 0m 4s
2026-01-15 18:13:48,859 - INFO -      Last Post ID: post-47878033 → post-47878781
2026-01-15 18:13:48,859 - INFO -  21. [UPDATE] Thanh khoản
2026-01-15 18:13:48,859 - INFO -      Posts mới:    1 | Thời gian: 0m 4s
2026-01-15 18:13:48,859 - INFO -      Last Post ID: post-47878295 → post-47878763
2026-01-15 18:13:48,859 - INFO -  22. [UPDATE] Săn lùng cổ phiếu PENNY đột biến 2026!
2026-01-15 18:13:48,859 - INFO -      Posts mới:    2 | Thời gian: 0m 4s
2026-01-15 18:13:48,859 - INFO -      Last Post ID: post-47876831 → post-47878773
2026-01-15 18:13:48,859 - INFO -  23. [UPDATE] HDG lợi nhuận nghìn tỷ vượt kế hoạch 2023
2026-01-15 18:13:48,860 - INFO -      Posts mới:    1 | Thời gian: 0m 4s
2026-01-15 18:13:48,860 - INFO -      Last Post ID: post-47878083 → post-47878767
2026-01-15 18:13:48,860 - INFO -  24. [UPDATE] Làm gì có sóng cổ phiếu ngân hàng lúc này…
2026-01-15 18:13:48,860 - INFO -      Posts mới:    1 | Thời gian: 0m 4s
2026-01-15 18:13:48,860 - INFO -      Last Post ID: post-47878269 → post-47878749
2026-01-15 18:13:48,860 - INFO -  25. [UPDATE] BSR tiền mặt 42.000 tỷ, chia cổ tức 61,5%, bóng dáng GEE sau...
2026-01-15 18:13:48,860 - INFO -      Posts mới:    1 | Thời gian: 0m 4s
2026-01-15 18:13:48,861 - INFO -      Last Post ID: post-47878197 → post-47878743
2026-01-15 18:13:48,861 - INFO -  26. [UPDATE] PHR - Sắp nhận đền bù 2-3k tỷ từ Thaco
2026-01-15 18:13:48,861 - INFO -      Posts mới:    4 | Thời gian: 0m 4s
2026-01-15 18:13:48,861 - INFO -      Last Post ID: post-47877795 → post-47878747
2026-01-15 18:13:48,861 - INFO -  27. [UPDATE] QCG: liệu có một trận đánh lớn?
2026-01-15 18:13:48,861 - INFO -      Posts mới:    4 | Thời gian: 0m 4s
2026-01-15 18:13:48,862 - INFO -      Last Post ID: post-47875893 → post-47878739
2026-01-15 18:13:48,862 - INFO -  28. [UPDATE] Tản mạn về CPI và TTCK (53)
2026-01-15 18:13:48,862 - INFO -      Posts mới:    0 | Thời gian: 0m 4s
2026-01-15 18:13:48,862 - INFO -      Last Post ID: post-47878649 → post-47878649
2026-01-15 18:13:48,862 - INFO -  29. [UPDATE] Xin 3 chữ cái cho năm 2026...
2026-01-15 18:13:48,862 - INFO -      Posts mới:    0 | Thời gian: 0m 4s
2026-01-15 18:13:48,862 - INFO -      Last Post ID: post-47878693 → post-47878693
2026-01-15 18:13:48,862 - INFO -  30. [UPDATE] BIDV chào bán riêng lẻ với giá 38,900 đồng/cp
2026-01-15 18:13:48,862 - INFO -      Posts mới:    0 | Thời gian: 0m 4s
2026-01-15 18:13:48,862 - INFO -      Last Post ID: post-47878339 → post-47878339
2026-01-15 18:13:48,862 - INFO -  31. [UPDATE] Khuyến nghị mua VIX
2026-01-15 18:13:48,862 - INFO -      Posts mới:    1 | Thời gian: 0m 4s
2026-01-15 18:13:48,863 - INFO -      Last Post ID: post-47874879 → post-47878683
2026-01-15 18:13:48,863 - INFO -  32. [UPDATE] VCB – Mô hình “Cốc và Tay Cầm” đang hình thành?
2026-01-15 18:13:48,863 - INFO -      Posts mới:    2 | Thời gian: 0m 4s
2026-01-15 18:13:48,863 - INFO -      Last Post ID: post-47878131 → post-47878675
2026-01-15 18:13:48,863 - INFO -  33. [UPDATE] VOS-vào sóng !
2026-01-15 18:13:48,863 - INFO -      Posts mới:    0 | Thời gian: 0m 4s
2026-01-15 18:13:48,864 - INFO -      Last Post ID: post-47878621 → post-47878621
2026-01-15 18:13:48,864 - INFO -  34. [UPDATE] Các cổ phiếu nhà nước cầm trên 80% mà giá chưa tăng ace vào ...
2026-01-15 18:13:48,864 - INFO -      Posts mới:    0 | Thời gian: 0m 4s
2026-01-15 18:13:48,864 - INFO -      Last Post ID: post-47877865 → post-47877865
2026-01-15 18:13:48,864 - INFO -  35. [UPDATE] 15/1 bắt đáy
2026-01-15 18:13:48,864 - INFO -      Posts mới:    0 | Thời gian: 0m 4s
2026-01-15 18:13:48,864 - INFO -      Last Post ID: post-47878601 → post-47878601
2026-01-15 18:13:48,864 - INFO -  36. [UPDATE] 2026: Dự Đỉnh 1960- Đáy 1340. Cơ hội nào cho NĐT
2026-01-15 18:13:48,864 - INFO -      Posts mới:    0 | Thời gian: 0m 4s
2026-01-15 18:13:48,865 - INFO -      Last Post ID: post-47878221 → post-47878221
2026-01-15 18:13:48,865 - INFO -  37. [UPDATE] VCI target 41.5, 44.5, 47.5...hết sóng 52 - 58
2026-01-15 18:13:48,865 - INFO -      Posts mới:    0 | Thời gian: 0m 4s
2026-01-15 18:13:48,865 - INFO -      Last Post ID: post-47878595 → post-47878595
2026-01-15 18:13:48,865 - INFO -  38. [UPDATE] Gía mục tiêu cp ……..siêu sóng ….siêu sóng………..
2026-01-15 18:13:48,865 - INFO -      Posts mới:    1 | Thời gian: 0m 4s
2026-01-15 18:13:48,865 - INFO -      Last Post ID: post-47875133 → post-47878583
2026-01-15 18:13:48,865 - INFO -  39. [UPDATE] BID: Tăng một mạch 7 phiên 40%
2026-01-15 18:13:48,866 - INFO -      Posts mới:    3 | Thời gian: 0m 4s
2026-01-15 18:13:48,866 - INFO -      Last Post ID: post-47876251 → post-47878569
2026-01-15 18:13:48,866 - INFO -  40. [UPDATE] Lạm bàn về Cảng Đà Nẵng - CDN
2026-01-15 18:13:48,866 - INFO -      Posts mới:    1 | Thời gian: 0m 4s
2026-01-15 18:13:48,866 - INFO -      Last Post ID: post-47877975 → post-47878553
2026-01-15 18:13:48,866 - INFO -  41. [UPDATE] DCM - Liên tục phá đỉnh 2025-2026
2026-01-15 18:13:48,867 - INFO -      Posts mới:    2 | Thời gian: 0m 4s
2026-01-15 18:13:48,867 - INFO -      Last Post ID: post-47877979 → post-47878547
2026-01-15 18:13:48,867 - INFO -  42. [UPDATE] THG-Những nốt thăng trầm
2026-01-15 18:13:48,867 - INFO -      Posts mới:    1 | Thời gian: 0m 4s
2026-01-15 18:13:48,867 - INFO -      Last Post ID: post-47876693 → post-47878551
2026-01-15 18:13:48,867 - INFO -  43. [UPDATE] VNM Cơ hội đang rất rõ ràng !
2026-01-15 18:13:48,868 - INFO -      Posts mới:    0 | Thời gian: 0m 4s
2026-01-15 18:13:48,868 - INFO -      Last Post ID: post-47878521 → post-47878521
2026-01-15 18:13:48,868 - INFO -  44. [UPDATE] HDB- Tiếp tục hành trình chinh phục những đỉnh cao mới
2026-01-15 18:13:48,868 - INFO -      Posts mới:    0 | Thời gian: 0m 4s
2026-01-15 18:13:48,868 - INFO -      Last Post ID: post-47878239 → post-47878239
2026-01-15 18:13:48,869 - INFO -  45. [UPDATE] HID sẽ lại X5 từ vùng giá 4.x ???
2026-01-15 18:13:48,869 - INFO -      Posts mới:    2 | Thời gian: 0m 4s
2026-01-15 18:13:48,869 - INFO -      Last Post ID: post-47876513 → post-47878429
2026-01-15 18:13:48,869 - INFO -  46. [UPDATE] Index Ký Sự - P3
2026-01-15 18:13:48,869 - INFO -      Posts mới:    2 | Thời gian: 0m 4s
2026-01-15 18:13:48,869 - INFO -      Last Post ID: post-47876419 → post-47878535
2026-01-15 18:13:48,870 - INFO -  47. [UPDATE] List thoái vốn SCIC update
2026-01-15 18:13:48,870 - INFO -      Posts mới:    0 | Thời gian: 0m 4s
2026-01-15 18:13:48,870 - INFO -      Last Post ID: post-47877983 → post-47877983
2026-01-15 18:13:48,870 - INFO -  48. [UPDATE] Nghành Dầu khí sẽ dẫn sóng cho năm 2026?
2026-01-15 18:13:48,870 - INFO -      Posts mới:    0 | Thời gian: 0m 4s
2026-01-15 18:13:48,870 - INFO -      Last Post ID: post-47878507 → post-47878507
2026-01-15 18:13:48,871 - INFO -  49. [UPDATE] Ngành cao su (GVR, PHR,...) và NQ79
2026-01-15 18:13:48,871 - INFO -      Posts mới:    3 | Thời gian: 0m 4s
2026-01-15 18:13:48,871 - INFO -      Last Post ID: post-47876591 → post-47878503
2026-01-15 18:13:48,871 - INFO -  50. [UPDATE] DGC con hào kinh tế
2026-01-15 18:13:48,871 - INFO -      Posts mới:    0 | Thời gian: 0m 4s
2026-01-15 18:13:48,871 - INFO -      Last Post ID: post-47878459 → post-47878459
2026-01-15 18:13:48,872 - INFO -  51. [UPDATE] Căng đét
2026-01-15 18:13:48,872 - INFO -      Posts mới:    0 | Thời gian: 0m 4s
2026-01-15 18:13:48,872 - INFO -      Last Post ID: post-47878457 → post-47878457
2026-01-15 18:13:48,872 - INFO -  52. [UPDATE] Cuối năm 2025, thoát xu hướng tích luỹ
2026-01-15 18:13:48,872 - INFO -      Posts mới:    1 | Thời gian: 0m 4s
2026-01-15 18:13:48,872 - INFO -      Last Post ID: post-47876223 → post-47878445
2026-01-15 18:13:48,873 - INFO -  53. [UPDATE] CII hưởng lợi lớn nhất đấu giá đất Thủ Thiêm
2026-01-15 18:13:48,873 - INFO -      Posts mới:    1 | Thời gian: 0m 4s
2026-01-15 18:13:48,873 - INFO -      Last Post ID: post-47878063 → post-47878425
2026-01-15 18:13:48,873 - INFO -  54. [UPDATE] EVF Doanh nghiệp tăng trưởng
2026-01-15 18:13:48,873 - INFO -      Posts mới:    0 | Thời gian: 0m 4s
2026-01-15 18:13:48,873 - INFO -      Last Post ID: post-47878423 → post-47878423
2026-01-15 18:13:48,873 - INFO -  55. [UPDATE] Tam tấu SSI - VIX - CTS ! Siêu game bom tấn!
2026-01-15 18:13:48,873 - INFO -      Posts mới:    1 | Thời gian: 0m 4s
2026-01-15 18:13:48,874 - INFO -      Last Post ID: post-47877439 → post-47878409
2026-01-15 18:13:48,874 - INFO -  56. [UPDATE] Thép-Đã đến lúc
2026-01-15 18:13:48,874 - INFO -      Posts mới:    1 | Thời gian: 0m 4s
2026-01-15 18:13:48,874 - INFO -      Last Post ID: post-47878141 → post-47878407
2026-01-15 18:13:48,874 - INFO -  57. [UPDATE] Dòng tiền lan toả bước sang năm 2026
2026-01-15 18:13:48,874 - INFO -      Posts mới:    0 | Thời gian: 0m 4s
2026-01-15 18:13:48,875 - INFO -      Last Post ID: post-47878399 → post-47878399
2026-01-15 18:13:48,875 - INFO -  58. [UPDATE] VEA:Tổng CT Máy động lực và máy Nông nghiệp VN- CP Đầu tư cự...
2026-01-15 18:13:48,875 - INFO -      Posts mới:    0 | Thời gian: 0m 4s
2026-01-15 18:13:48,875 - INFO -      Last Post ID: post-47878387 → post-47878387
2026-01-15 18:13:48,875 - INFO -  59. [UPDATE] HAG - sắp sang trang mới cổ phiếu vươn mình tăng trưởng dài ...
2026-01-15 18:13:48,875 - INFO -      Posts mới:    0 | Thời gian: 0m 4s
2026-01-15 18:13:48,875 - INFO -      Last Post ID: post-47878379 → post-47878379
2026-01-15 18:13:48,876 - INFO -  60. [UPDATE] BBC: Chia cổ tức kỷ lục 373,5%
2026-01-15 18:13:48,876 - INFO -      Posts mới:    1 | Thời gian: 0m 4s
2026-01-15 18:13:48,876 - INFO -      Last Post ID: post-47878091 → post-47878181
2026-01-15 18:13:48,876 - INFO -  61. [UPDATE] PGV - Khủng long ngành điện
2026-01-15 18:13:48,876 - INFO -      Posts mới:    4 | Thời gian: 0m 5s
2026-01-15 18:13:48,876 - INFO -      Last Post ID: post-47876695 → post-47878345
2026-01-15 18:13:48,876 - INFO -  62. [UPDATE] NT2 - Góc nhìn về giá trị!!!
2026-01-15 18:13:48,876 - INFO -      Posts mới:    2 | Thời gian: 0m 5s
2026-01-15 18:13:48,877 - INFO -      Last Post ID: post-47878075 → post-47878307
2026-01-15 18:13:48,877 - INFO -  63. [UPDATE] HNG Hướng tới vùng 20
2026-01-15 18:13:48,877 - INFO -      Posts mới:    0 | Thời gian: 0m 4s
2026-01-15 18:13:48,877 - INFO -      Last Post ID: post-47878235 → post-47878235
2026-01-15 18:13:48,877 - INFO -  64. [UPDATE] ISH vs GHC – Cổ tức bằng tiền ổn định và trọn đời!!!
2026-01-15 18:13:48,877 - INFO -      Posts mới:    0 | Thời gian: 0m 4s
2026-01-15 18:13:48,877 - INFO -      Last Post ID: post-47878229 → post-47878229
2026-01-15 18:13:48,877 - INFO -  65. [UPDATE] VNM đạt lợi nhuận hơn +19%, gặp gỡ trực tiếp chuyên gia 15h3...
2026-01-15 18:13:48,877 - INFO -      Posts mới:    1 | Thời gian: 0m 4s
2026-01-15 18:13:48,877 - INFO -      Last Post ID: post-47876001 → post-47877171
2026-01-15 18:13:48,877 - INFO -  66. [UPDATE] Nhận định thị trường hàng ngày
2026-01-15 18:13:48,878 - INFO -      Posts mới:    0 | Thời gian: 0m 4s
2026-01-15 18:13:48,878 - INFO -      Last Post ID: post-47878143 → post-47878143
2026-01-15 18:13:48,878 - INFO -  67. [UPDATE] Vĩ mô ngành BĐS – Cơn bão lớn hay chỉ là khó khăn tạm thời
2026-01-15 18:13:48,878 - INFO -      Posts mới:    0 | Thời gian: 0m 4s
2026-01-15 18:13:48,878 - INFO -      Last Post ID: post-47878133 → post-47878133
2026-01-15 18:13:48,878 - INFO -  68. [UPDATE] Bất động sản...đến giờ bắt đáy
2026-01-15 18:13:48,878 - INFO -      Posts mới:    0 | Thời gian: 0m 4s
2026-01-15 18:13:48,878 - INFO -      Last Post ID: post-47877167 → post-47877167
2026-01-15 18:13:48,878 - INFO -  69. [UPDATE] PVC - Đơn vị số 1 trong mảng bảo dưỡng !
2026-01-15 18:13:48,879 - INFO -      Posts mới:    2 | Thời gian: 0m 4s
2026-01-15 18:13:48,879 - INFO -      Last Post ID: post-47874367 → post-47878105
2026-01-15 18:13:48,879 - INFO -  70. [UPDATE] PVC – Kỳ vọng trở thành đơn vị số 1 trong mảng bảo dưỡng cho...
2026-01-15 18:13:48,879 - INFO -      Posts mới:    0 | Thời gian: 0m 4s
2026-01-15 18:13:48,879 - INFO -      Last Post ID: post-47878087 → post-47878087
2026-01-15 18:13:48,879 - INFO -  71. [UPDATE] Cổ phiếu VEA: Triển vọng đầu tư như thế nào trong 2025
2026-01-15 18:13:48,879 - INFO -      Posts mới:    0 | Thời gian: 0m 4s
2026-01-15 18:13:48,879 - INFO -      Last Post ID: post-47878067 → post-47878067
2026-01-15 18:13:48,880 - INFO -  72. [UPDATE] Vinfast - Xe điện của người Việt (P3)
2026-01-15 18:13:48,880 - INFO -      Posts mới:    0 | Thời gian: 0m 4s
2026-01-15 18:13:48,880 - INFO -      Last Post ID: post-47877845 → post-47877845
2026-01-15 18:13:48,880 - INFO -  73. [UPDATE] CSM - Bạn đường tin cậy
2026-01-15 18:13:48,880 - INFO -      Posts mới:    1 | Thời gian: 0m 4s
2026-01-15 18:13:48,880 - INFO -      Last Post ID: post-47877361 → post-47878017
2026-01-15 18:13:48,880 - INFO -  74. [UPDATE] PSD - Đầu tư giá trị, rẻ nhất dòng bán lẻ!
2026-01-15 18:13:48,881 - INFO -      Posts mới:    0 | Thời gian: 0m 4s
2026-01-15 18:13:48,881 - INFO -      Last Post ID: post-47878007 → post-47878007
2026-01-15 18:13:48,881 - INFO -  75. [UPDATE] DSH: sở hữu 58% BOT Hà Nội-Bắc Giang
2026-01-15 18:13:48,881 - INFO -      Posts mới:    3 | Thời gian: 0m 4s
2026-01-15 18:13:48,881 - INFO -      Last Post ID: post-47876803 → post-47877999
2026-01-15 18:13:48,881 - INFO -  76. [UPDATE] Quý I - Đầu quý tích lũy để cuối quý bùng nổ
2026-01-15 18:13:48,881 - INFO -      Posts mới:    2 | Thời gian: 0m 4s
2026-01-15 18:13:48,881 - INFO -      Last Post ID: post-47876495 → post-47877981
2026-01-15 18:13:48,882 - INFO -  77. [UPDATE] VNM – Có đang trở lại đường đua tăng trưởng?
2026-01-15 18:13:48,882 - INFO -      Posts mới:    0 | Thời gian: 0m 4s
2026-01-15 18:13:48,882 - INFO -      Last Post ID: post-47877947 → post-47877947
2026-01-15 18:13:48,882 - INFO -  78. [UPDATE] MSN - Gã khổng lồ hàng tiêu dùng thức giấc
2026-01-15 18:13:48,882 - INFO -      Posts mới:    0 | Thời gian: 0m 4s
2026-01-15 18:13:48,882 - INFO -      Last Post ID: post-47877923 → post-47877923
2026-01-15 18:13:48,882 - INFO -  79. [UPDATE] Game định giá lại tài sản quốc gia -------- Cá mập Nhà Nước ...
2026-01-15 18:13:48,882 - INFO -      Posts mới:    1 | Thời gian: 0m 4s
2026-01-15 18:13:48,883 - INFO -      Last Post ID: post-47876585 → post-47876653
2026-01-15 18:13:48,883 - INFO -  80. [UPDATE] Qcg: Ngày không xa!
2026-01-15 18:13:48,883 - INFO -      Posts mới:    1 | Thời gian: 0m 4s
2026-01-15 18:13:48,883 - INFO -      Last Post ID: post-47876729 → post-47877841
2026-01-15 18:13:48,883 - INFO -  81. [UPDATE] ACV....
2026-01-15 18:13:48,883 - INFO -      Posts mới:    0 | Thời gian: 0m 4s
2026-01-15 18:13:48,883 - INFO -      Last Post ID: post-47877831 → post-47877831
2026-01-15 18:13:48,884 - INFO -  82. [UPDATE] ACB: Bị sao vậy?
2026-01-15 18:13:48,884 - INFO -      Posts mới:    0 | Thời gian: 0m 4s
2026-01-15 18:13:48,884 - INFO -      Last Post ID: post-47877833 → post-47877833
2026-01-15 18:13:48,884 - INFO -  83. [UPDATE] EIB mã duy nhất đi ngược thị trường hôm nay
2026-01-15 18:13:48,884 - INFO -      Posts mới:    1 | Thời gian: 0m 4s
2026-01-15 18:13:48,884 - INFO -      Last Post ID: post-47876405 → post-47877821
2026-01-15 18:13:48,885 - INFO -  84. [UPDATE] Ai đỡ?
2026-01-15 18:13:48,885 - INFO -      Posts mới:    0 | Thời gian: 0m 4s
2026-01-15 18:13:48,885 - INFO -      Last Post ID: post-47877133 → post-47877133
2026-01-15 18:13:48,885 - INFO -  85. [UPDATE] Giá xăng lên gần 19.000 đồng một lít
2026-01-15 18:13:48,885 - INFO -      Posts mới:    0 | Thời gian: 0m 4s
2026-01-15 18:13:48,885 - INFO -      Last Post ID: post-47877779 → post-47877779
2026-01-15 18:13:48,885 - INFO -  86. [UPDATE] POW tăng vốn khủng có lập đỉnh mới
2026-01-15 18:13:48,886 - INFO -      Posts mới:    3 | Thời gian: 0m 4s
2026-01-15 18:13:48,886 - INFO -      Last Post ID: post-47876179 → post-47877789
2026-01-15 18:13:48,886 - INFO -  87. [UPDATE] vc7 best invest
2026-01-15 18:13:48,886 - INFO -      Posts mới:    0 | Thời gian: 0m 4s
2026-01-15 18:13:48,886 - INFO -      Last Post ID: post-47877773 → post-47877773
2026-01-15 18:13:48,886 - INFO -  88. [UPDATE] ACV- Hình trình vượt 100k/cp bắt đầu từ đây
2026-01-15 18:13:48,887 - INFO -      Posts mới:    0 | Thời gian: 0m 4s
2026-01-15 18:13:48,887 - INFO -      Last Post ID: post-47877749 → post-47877749
2026-01-15 18:13:48,887 - INFO -  89. [UPDATE] PC1 bắt đầu vào giai đoạn tăng trưởng vượt đỉnh trong năm na...
2026-01-15 18:13:48,887 - INFO -      Posts mới:    0 | Thời gian: 0m 4s
2026-01-15 18:13:48,887 - INFO -      Last Post ID: post-47877715 → post-47877715
2026-01-15 18:13:48,887 - INFO -  90. [UPDATE] Tổng Kết Lợi Nhuận 2025 + Tầm Nhìn 2026!!!
2026-01-15 18:13:48,887 - INFO -      Posts mới:    6 | Thời gian: 0m 4s
2026-01-15 18:13:48,888 - INFO -      Last Post ID: post-47875463 → post-47877661
2026-01-15 18:13:48,888 - INFO -  91. [UPDATE] Long giết short cuối phiên
2026-01-15 18:13:48,888 - INFO -      Posts mới:    1 | Thời gian: 0m 4s
2026-01-15 18:13:48,888 - INFO -      Last Post ID: post-47875861 → post-47877645
2026-01-15 18:13:48,888 - INFO -  92. [UPDATE] Nhu cầu bạch kim khan hiếm tăng vọt, dự kiến tiếp tục vượt n...
2026-01-15 18:13:48,888 - INFO -      Posts mới:    0 | Thời gian: 0m 4s
2026-01-15 18:13:48,888 - INFO -      Last Post ID: post-47877611 → post-47877611
2026-01-15 18:13:48,889 - INFO -  93. [UPDATE] Bank cổ phần nay làm sao thế ???VIB, ACB, SHB, HDB đã tăng g...
2026-01-15 18:13:48,889 - INFO -      Posts mới:    5 | Thời gian: 0m 4s
2026-01-15 18:13:48,889 - INFO -      Last Post ID: post-47876159 → post-47877605
2026-01-15 18:13:48,889 - INFO -  94. [UPDATE] VEA - Tổng Công ty Máy động lực và máy nông nghiệp Việt Nam
2026-01-15 18:13:48,889 - INFO -      Posts mới:    0 | Thời gian: 0m 4s
2026-01-15 18:13:48,889 - INFO -      Last Post ID: post-47877591 → post-47877591
2026-01-15 18:13:48,889 - INFO -  95. [UPDATE] HVT - Vững bước trên hành trình phát triển mới
2026-01-15 18:13:48,889 - INFO -      Posts mới:    1 | Thời gian: 0m 4s
2026-01-15 18:13:48,890 - INFO -      Last Post ID: post-47876727 → post-47877525
2026-01-15 18:13:48,890 - INFO -  96. [UPDATE] CIP....CIP....CIP.......Một Siêu phẩm.... Nhân 3 tk chỉ có t...
2026-01-15 18:13:48,890 - INFO -      Posts mới:    0 | Thời gian: 0m 4s
2026-01-15 18:13:48,890 - INFO -      Last Post ID: post-47877523 → post-47877523
2026-01-15 18:13:48,890 - INFO -  97. [UPDATE] Thiên Long Hóa Rồng?
2026-01-15 18:13:48,890 - INFO -      Posts mới:    0 | Thời gian: 0m 4s
2026-01-15 18:13:48,890 - INFO -      Last Post ID: post-47877519 → post-47877519
2026-01-15 18:13:48,890 - INFO -  98. [UPDATE] Báo cáo chiến lược 1/2026: Vững tay cương
2026-01-15 18:13:48,890 - INFO -      Posts mới:    0 | Thời gian: 0m 4s
2026-01-15 18:13:48,890 - INFO -      Last Post ID: post-47877515 → post-47877515
2026-01-15 18:13:48,890 - INFO -  99. [UPDATE] SAB - Nằm im kho các trụ khác tăng chóng mặt
2026-01-15 18:13:48,890 - INFO -      Posts mới:    0 | Thời gian: 0m 4s
2026-01-15 18:13:48,890 - INFO -      Last Post ID: post-47877493 → post-47877493
2026-01-15 18:13:48,891 - INFO - 100. [UPDATE] DPR - Triển vọng tăng trưởng mạnh từ cao su tự nhiên và khu ...
2026-01-15 18:13:48,891 - INFO -      Posts mới:    0 | Thời gian: 0m 4s
2026-01-15 18:13:48,891 - INFO -      Last Post ID: post-47877463 → post-47877463
2026-01-15 18:13:48,891 - INFO - --------------------------------------------------------------------------------
2026-01-15 18:13:48,891 - INFO - 📊 Tổng số threads: 100 (0 mới, 100 cập nhật)
2026-01-15 18:13:48,891 - INFO - 📝 Tổng số posts mới: 116
2026-01-15 18:13:48,891 - INFO - ⏱️  Tổng thời gian crawl: 5m 42s
2026-01-15 18:13:48,891 - INFO - ================================================================================

2026-01-15 18:13:48,904 - INFO - Disconnected from PostgreSQL
2026-01-15 18:13:48,904 - INFO - Database connection closed
