2026-01-15 17:57:51,668 - INFO - Log file created: logs/crawl_2026-01-15_17-57-51.log
2026-01-15 17:57:51,669 - INFO - Initializing database connection...
2026-01-15 17:57:51,703 - INFO - Connected to PostgreSQL: f319_data
2026-01-15 17:57:51,716 - INFO - Tables created/verified successfully
2026-01-15 17:57:51,717 - INFO - Starting hybrid crawl for 5 pages
2026-01-15 17:57:51,717 - INFO - ====== WebDriver manager ======
2026-01-15 17:57:52,729 - INFO - Get LATEST chromedriver version for google-chrome
2026-01-15 17:57:53,227 - INFO - Get LATEST chromedriver version for google-chrome
2026-01-15 17:57:53,654 - INFO - Driver [C:\Users\admin\.wdm\drivers\chromedriver\win64\143.0.7499.192\chromedriver-win32/chromedriver.exe] found in cache
2026-01-15 17:57:54,707 - INFO - Selenium driver started
2026-01-15 17:57:54,708 - INFO - Đang load trang (New posts)...
2026-01-15 17:58:00,056 - INFO - ✓ URL có pagination: https://f319.com/find-new/posts
2026-01-15 17:58:00,057 - INFO - Sử dụng URL: https://f319.com/find-new/posts
2026-01-15 17:58:00,057 - INFO - Đang xử lý trang 1
2026-01-15 17:58:02,092 - INFO - Tìm thấy 20 threads trên trang 1
2026-01-15 17:58:04,290 - INFO - Đã thu thập thông tin 20 threads, bắt đầu crawl posts...
2026-01-15 17:58:04,296 - INFO - [1/20] Crawl thread: Ngôi nhà nhỏ trên Thảo Nguyên - P86...
2026-01-15 17:58:04,296 - INFO - [2/20] Crawl thread: Game mới SHB. Múc mạnh để mua nhà mua xe...
2026-01-15 17:58:06,965 - INFO - [Thread 1900397] Existing thread, crawling reverse 536→1 until last_post_id: post-47876399
2026-01-15 17:58:07,068 - INFO - [Thread 1942185] Existing thread, crawling reverse 522→1 until last_post_id: post-47878643
2026-01-15 17:58:09,258 - INFO - [Thread 1900397] Found last_post_id at page 536, stopping...
2026-01-15 17:58:09,259 - INFO - [Thread 1900397] Collected 0 posts in 5.0s
2026-01-15 17:58:09,259 - INFO - Thu thập được 0 posts từ thread
2026-01-15 17:58:09,261 - INFO - [3/20] Crawl thread: TTN - DN viễn thông vốn hoá 200 tỷ và hợp đồng gần...
2026-01-15 17:58:11,568 - INFO - [Thread 1303829] Existing thread, crawling reverse 72→1 until last_post_id: post-47876485
2026-01-15 17:58:13,882 - INFO - [Thread 1303829] Found last_post_id at page 72, stopping...
2026-01-15 17:58:13,883 - INFO - [Thread 1303829] Collected 0 posts in 4.6s
2026-01-15 17:58:13,883 - INFO - Thu thập được 0 posts từ thread
2026-01-15 17:58:13,885 - INFO - [4/20] Crawl thread: CTI có gì?...
2026-01-15 17:58:14,009 - INFO - [Thread 1942185] Found last_post_id at page 520, stopping...
2026-01-15 17:58:14,027 - INFO - [Thread 1942185] Final batch inserted 15/15 posts
2026-01-15 17:58:14,028 - INFO - [Thread 1942185] Collected 15 posts in 9.7s
2026-01-15 17:58:14,029 - INFO - Thu thập được 15 posts từ thread
2026-01-15 17:58:14,030 - INFO - [5/20] Crawl thread: Đánh giá thị trường!...
2026-01-15 17:58:16,228 - INFO - [Thread 1911395] Existing thread, crawling reverse 39→1 until last_post_id: post-47878635
2026-01-15 17:58:16,386 - INFO - [Thread 1941133] Existing thread, crawling reverse 25→1 until last_post_id: post-47878249
2026-01-15 17:58:18,662 - INFO - [Thread 1941133] Found last_post_id at page 25, stopping...
2026-01-15 17:58:18,662 - INFO - [Thread 1941133] Collected 0 posts in 4.6s
2026-01-15 17:58:18,663 - INFO - Thu thập được 0 posts từ thread
2026-01-15 17:58:18,671 - INFO - [6/20] Crawl thread: Công ty vốn hoá 900 tỷ tiền mặt 3000 tỷ...
2026-01-15 17:58:20,804 - INFO - [Thread 1911395] Found last_post_id at page 38, stopping...
2026-01-15 17:58:20,807 - INFO - [Thread 1911395] Final batch inserted 1/1 posts
2026-01-15 17:58:20,807 - INFO - [Thread 1911395] Collected 1 posts in 6.9s
2026-01-15 17:58:20,808 - INFO - Thu thập được 1 posts từ thread
2026-01-15 17:58:20,808 - INFO - [7/20] Crawl thread: Tọa sơn, thưởng trà….Luận phong thủy cho năm Bính ...
2026-01-15 17:58:20,969 - INFO - [Thread 1902081] New thread, crawling forward 1→20...
2026-01-15 17:58:23,080 - INFO - [Thread 1942255] Existing thread, crawling reverse 145→1 until last_post_id: post-47878577
2026-01-15 17:58:25,349 - INFO - [Thread 1942255] Found last_post_id at page 145, stopping...
2026-01-15 17:58:25,350 - INFO - [Thread 1942255] Collected 0 posts in 4.5s
2026-01-15 17:58:25,351 - INFO - Thu thập được 0 posts từ thread
2026-01-15 17:58:25,353 - INFO - [8/20] Crawl thread: Topic cổ đông dài hạn Nhiệt điện Quảng Ninh - Đầu ...
2026-01-15 17:58:27,713 - INFO - [Thread 1943359] Existing thread, crawling reverse 2→1 until last_post_id: post-47878137
2026-01-15 17:58:30,068 - INFO - [Thread 1943359] Found last_post_id at page 2, stopping...
2026-01-15 17:58:30,069 - INFO - [Thread 1943359] Collected 0 posts in 4.7s
2026-01-15 17:58:30,069 - INFO - Thu thập được 0 posts từ thread
2026-01-15 17:58:30,070 - INFO - [9/20] Crawl thread: 6LON_banks(3/4 Big.Banks)Bơm máo,dùng hết ko Ae?...
2026-01-15 17:58:32,582 - INFO - [Thread 1943267] Existing thread, crawling reverse 40→1 until last_post_id: post-47878663
2026-01-15 17:58:37,168 - INFO - [Thread 1943267] Found last_post_id at page 39, stopping...
2026-01-15 17:58:37,177 - INFO - [Thread 1943267] Final batch inserted 3/3 posts
2026-01-15 17:58:37,179 - INFO - [Thread 1943267] Collected 3 posts in 7.1s
2026-01-15 17:58:37,179 - INFO - Thu thập được 3 posts từ thread
2026-01-15 17:58:37,181 - INFO - [10/20] Crawl thread: FOC - Viên kim cương bị lãng quên - Trỗi dậy cùng ...
2026-01-15 17:58:39,841 - INFO - [Thread 1912015] Existing thread, crawling reverse 13→1 until last_post_id: post-47877725
2026-01-15 17:58:42,438 - INFO - [Thread 1912015] Found last_post_id at page 13, stopping...
2026-01-15 17:58:42,439 - INFO - [Thread 1912015] Collected 0 posts in 5.3s
2026-01-15 17:58:42,439 - INFO - Thu thập được 0 posts từ thread
2026-01-15 17:58:42,455 - INFO - [11/20] Crawl thread: Sóng Uptrend tốt nhất chu kỳ dự kiến 2026 +3-6 thá...
2026-01-15 17:58:44,825 - INFO - [Thread 1942299] Existing thread, crawling reverse 23→1 until last_post_id: post-47878033
2026-01-15 17:58:47,146 - INFO - [Thread 1942299] Found last_post_id at page 23, stopping...
2026-01-15 17:58:47,148 - INFO - [Thread 1942299] Collected 0 posts in 4.7s
2026-01-15 17:58:47,149 - INFO - Thu thập được 0 posts từ thread
2026-01-15 17:58:47,158 - INFO - [12/20] Crawl thread: Bđs bắt đáy...
2026-01-15 17:58:47,403 - INFO - [Thread 1902081] Batch inserted 100/100 posts at page 11
2026-01-15 17:58:49,506 - INFO - [Thread 1940685] New thread, crawling forward 1→49...
2026-01-15 17:59:09,363 - INFO - [Thread 1902081] Final batch inserted 96/96 posts
2026-01-15 17:59:09,367 - INFO - [Thread 1902081] Collected 196 posts in 50.7s
2026-01-15 17:59:09,368 - INFO - Thu thập được 196 posts từ thread
2026-01-15 17:59:09,370 - INFO - [13/20] Crawl thread: VNI - vươn mình 1954 or 1975...
2026-01-15 17:59:11,985 - INFO - [Thread 1936901] Existing thread, crawling reverse 263→1 until last_post_id: post-47877835
2026-01-15 17:59:12,944 - INFO - [Thread 1940685] Batch inserted 100/100 posts at page 10
2026-01-15 17:59:14,313 - INFO - [Thread 1936901] Found last_post_id at page 263, stopping...
2026-01-15 17:59:14,314 - INFO - [Thread 1936901] Collected 0 posts in 4.9s
2026-01-15 17:59:14,314 - INFO - Thu thập được 0 posts từ thread
2026-01-15 17:59:14,317 - INFO - [14/20] Crawl thread: Thanh khoản...
2026-01-15 17:59:16,678 - INFO - [Thread 1943459] Existing thread, crawling reverse 7→1 until last_post_id: post-47878295
2026-01-15 17:59:18,973 - INFO - [Thread 1943459] Found last_post_id at page 7, stopping...
2026-01-15 17:59:18,973 - INFO - [Thread 1943459] Collected 0 posts in 4.7s
2026-01-15 17:59:18,974 - INFO - Thu thập được 0 posts từ thread
2026-01-15 17:59:18,975 - INFO - [15/20] Crawl thread: Săn lùng cổ phiếu PENNY đột biến 2026!...
2026-01-15 17:59:21,401 - INFO - [Thread 1943779] Existing thread, crawling reverse 6→1 until last_post_id: post-47876831
2026-01-15 17:59:23,741 - INFO - [Thread 1943779] Found last_post_id at page 6, stopping...
2026-01-15 17:59:23,742 - INFO - [Thread 1943779] Collected 0 posts in 4.8s
2026-01-15 17:59:23,742 - INFO - Thu thập được 0 posts từ thread
2026-01-15 17:59:23,744 - INFO - [16/20] Crawl thread: HDG lợi nhuận nghìn tỷ vượt kế hoạch 2023...
2026-01-15 17:59:26,404 - INFO - [Thread 1857501] Existing thread, crawling reverse 504→1 until last_post_id: post-47878083
2026-01-15 17:59:28,737 - INFO - [Thread 1857501] Found last_post_id at page 504, stopping...
2026-01-15 17:59:28,738 - INFO - [Thread 1857501] Collected 0 posts in 5.0s
2026-01-15 17:59:28,739 - INFO - Thu thập được 0 posts từ thread
2026-01-15 17:59:28,741 - INFO - [17/20] Crawl thread: 14.1 không nên phức tạp quá - múc là có ăn...
2026-01-15 17:59:31,094 - INFO - [Thread 1943725] Existing thread, crawling reverse 6→1 until last_post_id: post-47877669
2026-01-15 17:59:33,379 - INFO - [Thread 1943725] Found last_post_id at page 6, stopping...
2026-01-15 17:59:33,379 - INFO - [Thread 1943725] Collected 0 posts in 4.6s
2026-01-15 17:59:33,380 - INFO - Thu thập được 0 posts từ thread
2026-01-15 17:59:33,382 - INFO - [18/20] Crawl thread: VIX: quân bài tẩy họ nhà M...
2026-01-15 17:59:35,678 - INFO - [Thread 1903403] Existing thread, crawling reverse 558→1 until last_post_id: post-47877083
2026-01-15 17:59:36,483 - INFO - [Thread 1940685] Batch inserted 100/100 posts at page 20
2026-01-15 17:59:37,985 - INFO - [Thread 1903403] Found last_post_id at page 558, stopping...
2026-01-15 17:59:37,986 - INFO - [Thread 1903403] Collected 0 posts in 4.6s
2026-01-15 17:59:37,986 - INFO - Thu thập được 0 posts từ thread
2026-01-15 17:59:37,988 - INFO - [19/20] Crawl thread: Làm gì có sóng cổ phiếu ngân hàng lúc này…...
2026-01-15 17:59:40,269 - INFO - [Thread 1943823] Existing thread, crawling reverse 7→1 until last_post_id: post-47878269
2026-01-15 17:59:42,553 - INFO - [Thread 1943823] Found last_post_id at page 7, stopping...
2026-01-15 17:59:42,554 - INFO - [Thread 1943823] Collected 0 posts in 4.6s
2026-01-15 17:59:42,554 - INFO - Thu thập được 0 posts từ thread
2026-01-15 17:59:42,557 - INFO - [20/20] Crawl thread: PHR - Sắp nhận đền bù 2-3k tỷ từ Thaco...
2026-01-15 17:59:44,919 - INFO - [Thread 1918203] Existing thread, crawling reverse 240→1 until last_post_id: post-47877795
2026-01-15 17:59:47,254 - INFO - [Thread 1918203] Found last_post_id at page 240, stopping...
2026-01-15 17:59:47,255 - INFO - [Thread 1918203] Collected 0 posts in 4.7s
2026-01-15 17:59:47,255 - INFO - Thu thập được 0 posts từ thread
2026-01-15 17:59:59,853 - INFO - [Thread 1940685] Batch inserted 100/100 posts at page 30
2026-01-15 18:00:21,188 - INFO - [Thread 1940685] Batch inserted 100/100 posts at page 39
2026-01-15 18:00:44,810 - INFO - [Thread 1940685] Batch inserted 100/100 posts at page 49
2026-01-15 18:00:44,816 - INFO - [Thread 1940685] Final batch inserted 6/6 posts
2026-01-15 18:00:44,819 - INFO - [Thread 1940685] Collected 506 posts in 117.7s
2026-01-15 18:00:44,819 - INFO - Thu thập được 506 posts từ thread
2026-01-15 18:00:44,822 - INFO - Hoàn thành trang 1, tổng posts: 721
2026-01-15 18:00:58,036 - INFO - Đang xử lý trang 2
2026-01-15 18:01:04,452 - INFO - Tìm thấy 20 threads trên trang 2
2026-01-15 18:01:06,442 - INFO - Đã thu thập thông tin 20 threads, bắt đầu crawl posts...
2026-01-15 18:01:06,443 - INFO - [1/20] Crawl thread: BSR tiền mặt 42.000 tỷ, chia cổ tức 61,5%, bóng dá...
2026-01-15 18:01:06,443 - INFO - [2/20] Crawl thread: QCG: liệu có một trận đánh lớn?...
2026-01-15 18:01:08,841 - INFO - [Thread 1943743] Existing thread, crawling reverse 2→1 until last_post_id: post-47875893
2026-01-15 18:01:09,075 - INFO - [Thread 1927427] Existing thread, crawling reverse 70→1 until last_post_id: post-47878197
2026-01-15 18:01:11,177 - INFO - [Thread 1943743] Found last_post_id at page 2, stopping...
2026-01-15 18:01:11,178 - INFO - [Thread 1943743] Collected 0 posts in 4.7s
2026-01-15 18:01:11,178 - INFO - Thu thập được 0 posts từ thread
2026-01-15 18:01:11,180 - INFO - [3/20] Crawl thread: Tản mạn về CPI và TTCK (53)...
2026-01-15 18:01:11,293 - INFO - [Thread 1927427] Found last_post_id at page 70, stopping...
2026-01-15 18:01:11,294 - INFO - [Thread 1927427] Collected 0 posts in 4.9s
2026-01-15 18:01:11,294 - INFO - Thu thập được 0 posts từ thread
2026-01-15 18:01:11,296 - INFO - [4/20] Crawl thread: Xin 3 chữ cái cho năm 2026......
2026-01-15 18:01:13,437 - INFO - [Thread 1942249] Existing thread, crawling reverse 45→1 until last_post_id: post-47878649
2026-01-15 18:01:13,594 - INFO - [Thread 1943931] Existing thread, crawling reverse 1→1 until last_post_id: post-47878693
2026-01-15 18:01:15,717 - INFO - [Thread 1942249] Found last_post_id at page 45, stopping...
2026-01-15 18:01:15,718 - INFO - [Thread 1942249] Collected 0 posts in 4.5s
2026-01-15 18:01:15,718 - INFO - Thu thập được 0 posts từ thread
2026-01-15 18:01:15,720 - INFO - [5/20] Crawl thread: Tất cả các dòng sông đều chảy - P2...
2026-01-15 18:01:15,939 - INFO - [Thread 1943931] Found last_post_id at page 1, stopping...
2026-01-15 18:01:15,939 - INFO - [Thread 1943931] Collected 0 posts in 4.6s
2026-01-15 18:01:15,940 - INFO - Thu thập được 0 posts từ thread
2026-01-15 18:01:15,941 - INFO - [6/20] Crawl thread: BIDV chào bán riêng lẻ với giá 38,900 đồng/cp...
2026-01-15 18:01:18,010 - INFO - [Thread 1934311] Existing thread, crawling reverse 102→1 until last_post_id: post-47878641
2026-01-15 18:01:18,246 - INFO - [Thread 1943821] Existing thread, crawling reverse 8→1 until last_post_id: post-47878339
2026-01-15 18:01:20,321 - INFO - [Thread 1934311] Found last_post_id at page 102, stopping...
2026-01-15 18:01:20,322 - INFO - [Thread 1934311] Collected 0 posts in 4.6s
2026-01-15 18:01:20,322 - INFO - Thu thập được 0 posts từ thread
2026-01-15 18:01:20,324 - INFO - [7/20] Crawl thread: Khuyến nghị mua VIX...
2026-01-15 18:01:20,545 - INFO - [Thread 1943821] Found last_post_id at page 8, stopping...
2026-01-15 18:01:20,546 - INFO - [Thread 1943821] Collected 0 posts in 4.6s
2026-01-15 18:01:20,547 - INFO - Thu thập được 0 posts từ thread
2026-01-15 18:01:20,549 - INFO - [8/20] Crawl thread: STB - Cổ phiếu kịch hay đang đến hồi cao trào(...
2026-01-15 18:01:22,742 - INFO - [Thread 1902573] Existing thread, crawling reverse 48→1 until last_post_id: post-47874879
2026-01-15 18:01:22,866 - INFO - [Thread 1930607] Existing thread, crawling reverse 133→1 until last_post_id: post-47878541
2026-01-15 18:01:25,015 - INFO - [Thread 1902573] Found last_post_id at page 48, stopping...
2026-01-15 18:01:25,015 - INFO - [Thread 1902573] Collected 0 posts in 4.7s
2026-01-15 18:01:25,016 - INFO - Thu thập được 0 posts từ thread
2026-01-15 18:01:25,017 - INFO - [9/20] Crawl thread: VCB – Mô hình “Cốc và Tay Cầm” đang hình thành?...
2026-01-15 18:01:25,167 - INFO - [Thread 1930607] Found last_post_id at page 133, stopping...
2026-01-15 18:01:25,168 - INFO - [Thread 1930607] Collected 0 posts in 4.6s
2026-01-15 18:01:25,168 - INFO - Thu thập được 0 posts từ thread
2026-01-15 18:01:25,171 - INFO - [10/20] Crawl thread: Các cổ phiếu nhà nước cầm trên 80% mà giá chưa tăn...
2026-01-15 18:01:27,429 - INFO - [Thread 1933181] Existing thread, crawling reverse 2→1 until last_post_id: post-47878131
2026-01-15 18:01:27,536 - INFO - [Thread 1943905] Existing thread, crawling reverse 2→1 until last_post_id: post-47877865
2026-01-15 18:01:29,715 - INFO - [Thread 1933181] Found last_post_id at page 2, stopping...
2026-01-15 18:01:29,716 - INFO - [Thread 1933181] Collected 0 posts in 4.7s
2026-01-15 18:01:29,717 - INFO - Thu thập được 0 posts từ thread
2026-01-15 18:01:29,719 - INFO - [11/20] Crawl thread: VOS-vào sóng !...
2026-01-15 18:01:29,841 - INFO - [Thread 1943905] Found last_post_id at page 2, stopping...
2026-01-15 18:01:29,842 - INFO - [Thread 1943905] Collected 0 posts in 4.7s
2026-01-15 18:01:29,842 - INFO - Thu thập được 0 posts từ thread
2026-01-15 18:01:29,844 - INFO - [12/20] Crawl thread: 2026: Dự Đỉnh 1960- Đáy 1340. Cơ hội nào cho NĐT...
2026-01-15 18:01:32,046 - INFO - [Thread 1942127] Existing thread, crawling reverse 9→1 until last_post_id: post-47878621
2026-01-15 18:01:32,335 - INFO - [Thread 1942323] Existing thread, crawling reverse 31→1 until last_post_id: post-47878221
2026-01-15 18:01:34,294 - INFO - [Thread 1942127] Found last_post_id at page 9, stopping...
2026-01-15 18:01:34,295 - INFO - [Thread 1942127] Collected 0 posts in 4.6s
2026-01-15 18:01:34,296 - INFO - Thu thập được 0 posts từ thread
2026-01-15 18:01:34,298 - INFO - [13/20] Crawl thread: 15/1 bắt đáy...
2026-01-15 18:01:34,649 - INFO - [Thread 1942323] Found last_post_id at page 31, stopping...
2026-01-15 18:01:34,650 - INFO - [Thread 1942323] Collected 0 posts in 4.8s
2026-01-15 18:01:34,651 - INFO - Thu thập được 0 posts từ thread
2026-01-15 18:01:34,653 - INFO - [14/20] Crawl thread: VCI target 41.5, 44.5, 47.5...hết sóng 52 - 58...
2026-01-15 18:01:36,564 - INFO - [Thread 1943867] Existing thread, crawling reverse 3→1 until last_post_id: post-47878601
2026-01-15 18:01:36,923 - INFO - [Thread 1943853] Existing thread, crawling reverse 3→1 until last_post_id: post-47878595
2026-01-15 18:01:38,794 - INFO - [Thread 1943867] Found last_post_id at page 3, stopping...
2026-01-15 18:01:38,794 - INFO - [Thread 1943867] Collected 0 posts in 4.5s
2026-01-15 18:01:38,795 - INFO - Thu thập được 0 posts từ thread
2026-01-15 18:01:38,796 - INFO - [15/20] Crawl thread: DVN lên được bao nhiêu mọi người...
2026-01-15 18:01:39,146 - INFO - [Thread 1943853] Found last_post_id at page 3, stopping...
2026-01-15 18:01:39,147 - INFO - [Thread 1943853] Collected 0 posts in 4.5s
2026-01-15 18:01:39,147 - INFO - Thu thập được 0 posts từ thread
2026-01-15 18:01:39,148 - INFO - [16/20] Crawl thread: HPG- Sự trở lại của nhà Vua...
2026-01-15 18:01:41,011 - INFO - [Thread 1943935] Existing thread, crawling reverse 1→1 until last_post_id: post-47878591
2026-01-15 18:01:41,444 - INFO - [Thread 1925045] Existing thread, crawling reverse 266→1 until last_post_id: post-47878403
2026-01-15 18:01:43,258 - INFO - [Thread 1943935] Found last_post_id at page 1, stopping...
2026-01-15 18:01:43,259 - INFO - [Thread 1943935] Collected 0 posts in 4.5s
2026-01-15 18:01:43,260 - INFO - Thu thập được 0 posts từ thread
2026-01-15 18:01:43,262 - INFO - [17/20] Crawl thread: Gía mục tiêu cp ……..siêu sóng ….siêu sóng……….....
2026-01-15 18:01:43,740 - INFO - [Thread 1925045] Found last_post_id at page 266, stopping...
2026-01-15 18:01:43,741 - INFO - [Thread 1925045] Collected 0 posts in 4.6s
2026-01-15 18:01:43,742 - INFO - Thu thập được 0 posts từ thread
2026-01-15 18:01:43,743 - INFO - [18/20] Crawl thread: BID: Tăng một mạch 7 phiên 40%...
2026-01-15 18:01:45,540 - INFO - [Thread 1943745] Existing thread, crawling reverse 2→1 until last_post_id: post-47875133
2026-01-15 18:01:46,038 - INFO - [Thread 1943741] Existing thread, crawling reverse 1→1 until last_post_id: post-47876251
2026-01-15 18:01:47,862 - INFO - [Thread 1943745] Found last_post_id at page 2, stopping...
2026-01-15 18:01:47,862 - INFO - [Thread 1943745] Collected 0 posts in 4.6s
2026-01-15 18:01:47,862 - INFO - Thu thập được 0 posts từ thread
2026-01-15 18:01:47,863 - INFO - [19/20] Crawl thread: SZL-có xứng đáng để đầu tư?...
2026-01-15 18:01:48,334 - INFO - [Thread 1943741] Found last_post_id at page 1, stopping...
2026-01-15 18:01:48,334 - INFO - [Thread 1943741] Collected 0 posts in 4.6s
2026-01-15 18:01:48,334 - INFO - Thu thập được 0 posts từ thread
2026-01-15 18:01:48,336 - INFO - [20/20] Crawl thread: Lạm bàn về Cảng Đà Nẵng - CDN...
2026-01-15 18:01:50,132 - INFO - [Thread 1293301] Existing thread, crawling reverse 752→1 until last_post_id: post-47877109
2026-01-15 18:01:50,802 - INFO - [Thread 1883213] Existing thread, crawling reverse 28→1 until last_post_id: post-47877975
2026-01-15 18:01:52,380 - INFO - [Thread 1293301] Found last_post_id at page 752, stopping...
2026-01-15 18:01:52,381 - INFO - [Thread 1293301] Collected 0 posts in 4.5s
2026-01-15 18:01:52,381 - INFO - Thu thập được 0 posts từ thread
2026-01-15 18:01:53,128 - INFO - [Thread 1883213] Found last_post_id at page 28, stopping...
2026-01-15 18:01:53,128 - INFO - [Thread 1883213] Collected 0 posts in 4.8s
2026-01-15 18:01:53,129 - INFO - Thu thập được 0 posts từ thread
2026-01-15 18:01:53,130 - INFO - Hoàn thành trang 2, tổng posts: 721
2026-01-15 18:01:58,402 - INFO - Đang xử lý trang 3
2026-01-15 18:02:05,304 - INFO - Tìm thấy 20 threads trên trang 3
2026-01-15 18:02:07,273 - INFO - Đã thu thập thông tin 20 threads, bắt đầu crawl posts...
2026-01-15 18:02:07,274 - INFO - [1/20] Crawl thread: THG-Những nốt thăng trầm...
2026-01-15 18:02:07,274 - INFO - [2/20] Crawl thread: DCM - Liên tục phá đỉnh 2025-2026...
2026-01-15 18:02:09,640 - INFO - [Thread 1924015] Existing thread, crawling reverse 94→1 until last_post_id: post-47876693
2026-01-15 18:02:09,914 - INFO - [Thread 1929137] Existing thread, crawling reverse 53→1 until last_post_id: post-47877979
2026-01-15 18:02:12,017 - INFO - [Thread 1924015] Found last_post_id at page 94, stopping...
2026-01-15 18:02:12,018 - INFO - [Thread 1924015] Collected 0 posts in 4.7s
2026-01-15 18:02:12,018 - INFO - Thu thập được 0 posts từ thread
2026-01-15 18:02:12,018 - INFO - [3/20] Crawl thread: VNM Cơ hội đang rất rõ ràng !...
2026-01-15 18:02:12,183 - INFO - [Thread 1929137] Found last_post_id at page 53, stopping...
2026-01-15 18:02:12,184 - INFO - [Thread 1929137] Collected 0 posts in 4.9s
2026-01-15 18:02:12,184 - INFO - Thu thập được 0 posts từ thread
2026-01-15 18:02:12,185 - INFO - [4/20] Crawl thread: HDB- Tiếp tục hành trình chinh phục những đỉnh cao...
2026-01-15 18:02:14,313 - INFO - [Thread 1926367] Existing thread, crawling reverse 175→1 until last_post_id: post-47878521
2026-01-15 18:02:14,552 - INFO - [Thread 1943915] Existing thread, crawling reverse 3→1 until last_post_id: post-47878239
2026-01-15 18:02:16,625 - INFO - [Thread 1926367] Found last_post_id at page 175, stopping...
2026-01-15 18:02:16,626 - INFO - [Thread 1926367] Collected 0 posts in 4.6s
2026-01-15 18:02:16,626 - INFO - Thu thập được 0 posts từ thread
2026-01-15 18:02:16,629 - INFO - [5/20] Crawl thread: HID sẽ lại X5 từ vùng giá 4.x ???...
2026-01-15 18:02:16,863 - INFO - [Thread 1943915] Found last_post_id at page 3, stopping...
2026-01-15 18:02:16,863 - INFO - [Thread 1943915] Collected 0 posts in 4.7s
2026-01-15 18:02:16,864 - INFO - Thu thập được 0 posts từ thread
2026-01-15 18:02:16,866 - INFO - [6/20] Crawl thread: Index Ký Sự - P3...
2026-01-15 18:02:18,968 - INFO - [Thread 1943407] Existing thread, crawling reverse 19→1 until last_post_id: post-47876513
2026-01-15 18:02:19,285 - INFO - [Thread 1942309] Existing thread, crawling reverse 7→1 until last_post_id: post-47876419
2026-01-15 18:02:21,298 - INFO - [Thread 1943407] Found last_post_id at page 19, stopping...
2026-01-15 18:02:21,298 - INFO - [Thread 1943407] Collected 0 posts in 4.7s
2026-01-15 18:02:21,299 - INFO - Thu thập được 0 posts từ thread
2026-01-15 18:02:21,299 - INFO - [7/20] Crawl thread: List thoái vốn SCIC update...
2026-01-15 18:02:21,620 - INFO - [Thread 1942309] Found last_post_id at page 7, stopping...
2026-01-15 18:02:21,620 - INFO - [Thread 1942309] Collected 0 posts in 4.8s
2026-01-15 18:02:21,621 - INFO - Thu thập được 0 posts từ thread
2026-01-15 18:02:21,622 - INFO - [8/20] Crawl thread: Nghành Dầu khí sẽ dẫn sóng cho năm 2026?...
2026-01-15 18:02:23,521 - INFO - [Thread 1943921] Existing thread, crawling reverse 1→1 until last_post_id: post-47877983
2026-01-15 18:02:24,186 - INFO - [Thread 1942541] Existing thread, crawling reverse 5→1 until last_post_id: post-47878507
2026-01-15 18:02:25,830 - INFO - [Thread 1943921] Found last_post_id at page 1, stopping...
2026-01-15 18:02:25,831 - INFO - [Thread 1943921] Collected 0 posts in 4.5s
2026-01-15 18:02:25,831 - INFO - Thu thập được 0 posts từ thread
2026-01-15 18:02:25,832 - INFO - [9/20] Crawl thread: Ngành cao su (GVR, PHR,...) và NQ79...
2026-01-15 18:02:26,493 - INFO - [Thread 1942541] Found last_post_id at page 5, stopping...
2026-01-15 18:02:26,494 - INFO - [Thread 1942541] Collected 0 posts in 4.9s
2026-01-15 18:02:26,494 - INFO - Thu thập được 0 posts từ thread
2026-01-15 18:02:26,495 - INFO - [10/20] Crawl thread: DGC con hào kinh tế...
2026-01-15 18:02:28,247 - INFO - [Thread 1943285] Existing thread, crawling reverse 6→1 until last_post_id: post-47876591
2026-01-15 18:02:29,088 - INFO - [Thread 1943403] Existing thread, crawling reverse 5→1 until last_post_id: post-47878459
2026-01-15 18:02:30,535 - INFO - [Thread 1943285] Found last_post_id at page 6, stopping...
2026-01-15 18:02:30,536 - INFO - [Thread 1943285] Collected 0 posts in 4.7s
2026-01-15 18:02:30,536 - INFO - Thu thập được 0 posts từ thread
2026-01-15 18:02:30,538 - INFO - [11/20] Crawl thread: Căng đét...
2026-01-15 18:02:31,382 - INFO - [Thread 1943403] Found last_post_id at page 5, stopping...
2026-01-15 18:02:31,382 - INFO - [Thread 1943403] Collected 0 posts in 4.9s
2026-01-15 18:02:31,383 - INFO - Thu thập được 0 posts từ thread
2026-01-15 18:02:31,385 - INFO - [12/20] Crawl thread: Cuối năm 2025, thoát xu hướng tích luỹ...
2026-01-15 18:02:32,787 - INFO - [Thread 1943929] Existing thread, crawling reverse 1→1 until last_post_id: post-47878457
2026-01-15 18:02:33,723 - INFO - [Thread 1936049] Existing thread, crawling reverse 8→1 until last_post_id: post-47876223
2026-01-15 18:02:35,015 - INFO - [Thread 1943929] Found last_post_id at page 1, stopping...
2026-01-15 18:02:35,016 - INFO - [Thread 1943929] Collected 0 posts in 4.5s
2026-01-15 18:02:35,016 - INFO - Thu thập được 0 posts từ thread
2026-01-15 18:02:35,017 - INFO - [13/20] Crawl thread: CII hưởng lợi lớn nhất đấu giá đất Thủ Thiêm...
2026-01-15 18:02:36,001 - INFO - [Thread 1936049] Found last_post_id at page 8, stopping...
2026-01-15 18:02:36,002 - INFO - [Thread 1936049] Collected 0 posts in 4.6s
2026-01-15 18:02:36,002 - INFO - Thu thập được 0 posts từ thread
2026-01-15 18:02:36,006 - INFO - [14/20] Crawl thread: EVF Doanh nghiệp tăng trưởng...
2026-01-15 18:02:37,297 - INFO - [Thread 1705091] Existing thread, crawling reverse 213→1 until last_post_id: post-47878063
2026-01-15 18:02:38,304 - INFO - [Thread 1935667] Existing thread, crawling reverse 4→1 until last_post_id: post-47878423
2026-01-15 18:02:39,558 - INFO - [Thread 1705091] Found last_post_id at page 213, stopping...
2026-01-15 18:02:39,559 - INFO - [Thread 1705091] Collected 0 posts in 4.5s
2026-01-15 18:02:39,560 - INFO - Thu thập được 0 posts từ thread
2026-01-15 18:02:39,562 - INFO - [15/20] Crawl thread: Tam tấu SSI - VIX - CTS ! Siêu game bom tấn!...
2026-01-15 18:02:40,575 - INFO - [Thread 1935667] Found last_post_id at page 4, stopping...
2026-01-15 18:02:40,575 - INFO - [Thread 1935667] Collected 0 posts in 4.6s
2026-01-15 18:02:40,576 - INFO - Thu thập được 0 posts từ thread
2026-01-15 18:02:40,578 - INFO - [16/20] Crawl thread: Thép-Đã đến lúc...
2026-01-15 18:02:41,851 - INFO - [Thread 1923417] Existing thread, crawling reverse 296→1 until last_post_id: post-47877439
2026-01-15 18:02:42,879 - INFO - [Thread 1943755] Existing thread, crawling reverse 6→1 until last_post_id: post-47878141
2026-01-15 18:02:44,155 - INFO - [Thread 1923417] Found last_post_id at page 296, stopping...
2026-01-15 18:02:44,155 - INFO - [Thread 1923417] Collected 0 posts in 4.6s
2026-01-15 18:02:44,156 - INFO - Thu thập được 0 posts từ thread
2026-01-15 18:02:44,158 - INFO - [17/20] Crawl thread: Dòng tiền lan toả bước sang năm 2026...
2026-01-15 18:02:45,234 - INFO - [Thread 1943755] Found last_post_id at page 6, stopping...
2026-01-15 18:02:45,234 - INFO - [Thread 1943755] Collected 0 posts in 4.7s
2026-01-15 18:02:45,235 - INFO - Thu thập được 0 posts từ thread
2026-01-15 18:02:45,236 - INFO - [18/20] Crawl thread: VEA:Tổng CT Máy động lực và máy Nông nghiệp VN- CP...
2026-01-15 18:02:46,455 - INFO - [Thread 1942743] Existing thread, crawling reverse 6→1 until last_post_id: post-47878399
2026-01-15 18:02:47,548 - INFO - [Thread 1835579] Existing thread, crawling reverse 376→1 until last_post_id: post-47878387
2026-01-15 18:02:48,754 - INFO - [Thread 1942743] Found last_post_id at page 6, stopping...
2026-01-15 18:02:48,756 - INFO - [Thread 1942743] Collected 0 posts in 4.6s
2026-01-15 18:02:48,758 - INFO - Thu thập được 0 posts từ thread
2026-01-15 18:02:48,761 - INFO - [19/20] Crawl thread: HAG - sắp sang trang mới cổ phiếu vươn mình tăng t...
2026-01-15 18:02:49,826 - INFO - [Thread 1835579] Found last_post_id at page 376, stopping...
2026-01-15 18:02:49,829 - INFO - [Thread 1835579] Collected 0 posts in 4.6s
2026-01-15 18:02:49,829 - INFO - Thu thập được 0 posts từ thread
2026-01-15 18:02:49,831 - INFO - [20/20] Crawl thread: BBC: Chia cổ tức kỷ lục 373,5%...
2026-01-15 18:02:51,127 - INFO - [Thread 1935815] Existing thread, crawling reverse 105→1 until last_post_id: post-47878379
2026-01-15 18:02:52,237 - INFO - [Thread 1943807] Existing thread, crawling reverse 4→1 until last_post_id: post-47878091
2026-01-15 18:02:53,421 - INFO - [Thread 1935815] Found last_post_id at page 105, stopping...
2026-01-15 18:02:53,421 - INFO - [Thread 1935815] Collected 0 posts in 4.7s
2026-01-15 18:02:53,422 - INFO - Thu thập được 0 posts từ thread
2026-01-15 18:02:54,515 - INFO - [Thread 1943807] Found last_post_id at page 4, stopping...
2026-01-15 18:02:54,516 - INFO - [Thread 1943807] Collected 0 posts in 4.7s
2026-01-15 18:02:54,517 - INFO - Thu thập được 0 posts từ thread
2026-01-15 18:02:54,519 - INFO - Hoàn thành trang 3, tổng posts: 721
2026-01-15 18:02:59,176 - INFO - Đang xử lý trang 4
2026-01-15 18:03:05,068 - INFO - Tìm thấy 20 threads trên trang 4
2026-01-15 18:03:07,344 - INFO - Đã thu thập thông tin 20 threads, bắt đầu crawl posts...
2026-01-15 18:03:07,346 - INFO - [1/20] Crawl thread: PGV - Khủng long ngành điện...
2026-01-15 18:03:07,346 - INFO - [2/20] Crawl thread: NT2 - Góc nhìn về giá trị!!!...
2026-01-15 18:03:09,694 - INFO - [Thread 1550217] Existing thread, crawling reverse 253→1 until last_post_id: post-47876695
2026-01-15 18:03:09,951 - INFO - [Thread 1935045] Existing thread, crawling reverse 6→1 until last_post_id: post-47878075
2026-01-15 18:03:11,981 - INFO - [Thread 1550217] Found last_post_id at page 253, stopping...
2026-01-15 18:03:11,981 - INFO - [Thread 1550217] Collected 0 posts in 4.6s
2026-01-15 18:03:11,981 - INFO - Thu thập được 0 posts từ thread
2026-01-15 18:03:11,982 - INFO - [3/20] Crawl thread: HNG Hướng tới vùng 20...
2026-01-15 18:03:12,181 - INFO - [Thread 1935045] Found last_post_id at page 6, stopping...
2026-01-15 18:03:12,182 - INFO - [Thread 1935045] Collected 0 posts in 4.8s
2026-01-15 18:03:12,182 - INFO - Thu thập được 0 posts từ thread
2026-01-15 18:03:12,184 - INFO - [4/20] Crawl thread: ISH vs GHC – Cổ tức bằng tiền ổn định và trọn đời!...
2026-01-15 18:03:14,256 - INFO - [Thread 1910241] Existing thread, crawling reverse 149→1 until last_post_id: post-47878235
2026-01-15 18:03:14,530 - INFO - [Thread 1844081] Existing thread, crawling reverse 44→1 until last_post_id: post-47878229
2026-01-15 18:03:16,576 - INFO - [Thread 1910241] Found last_post_id at page 149, stopping...
2026-01-15 18:03:16,576 - INFO - [Thread 1910241] Collected 0 posts in 4.6s
2026-01-15 18:03:16,576 - INFO - Thu thập được 0 posts từ thread
2026-01-15 18:03:16,577 - INFO - [5/20] Crawl thread: VNM đạt lợi nhuận hơn +19%, gặp gỡ trực tiếp chuyê...
2026-01-15 18:03:16,788 - INFO - [Thread 1844081] Found last_post_id at page 44, stopping...
2026-01-15 18:03:16,788 - INFO - [Thread 1844081] Collected 0 posts in 4.6s
2026-01-15 18:03:16,788 - INFO - Thu thập được 0 posts từ thread
2026-01-15 18:03:16,791 - INFO - [6/20] Crawl thread: Nhận định thị trường hàng ngày...
2026-01-15 18:03:18,846 - INFO - [Thread 1943891] Existing thread, crawling reverse 1→1 until last_post_id: post-47876001
2026-01-15 18:03:19,115 - INFO - [Thread 1806081] Existing thread, crawling reverse 122→1 until last_post_id: post-47878143
2026-01-15 18:03:21,124 - INFO - [Thread 1943891] Found last_post_id at page 1, stopping...
2026-01-15 18:03:21,125 - INFO - [Thread 1943891] Collected 0 posts in 4.5s
2026-01-15 18:03:21,125 - INFO - Thu thập được 0 posts từ thread
2026-01-15 18:03:21,126 - INFO - [7/20] Crawl thread: Vĩ mô ngành BĐS – Cơn bão lớn hay chỉ là khó khăn ...
2026-01-15 18:03:21,516 - INFO - [Thread 1806081] Found last_post_id at page 122, stopping...
2026-01-15 18:03:21,517 - INFO - [Thread 1806081] Collected 0 posts in 4.7s
2026-01-15 18:03:21,517 - INFO - Thu thập được 0 posts từ thread
2026-01-15 18:03:21,519 - INFO - [8/20] Crawl thread: Bất động sản...đến giờ bắt đáy...
2026-01-15 18:03:23,416 - INFO - [Thread 1940867] Existing thread, crawling reverse 2→1 until last_post_id: post-47878133
2026-01-15 18:03:23,810 - INFO - [Thread 1943193] Existing thread, crawling reverse 5→1 until last_post_id: post-47877167
2026-01-15 18:03:25,726 - INFO - [Thread 1940867] Found last_post_id at page 2, stopping...
2026-01-15 18:03:25,727 - INFO - [Thread 1940867] Collected 0 posts in 4.6s
2026-01-15 18:03:25,727 - INFO - Thu thập được 0 posts từ thread
2026-01-15 18:03:25,730 - INFO - [9/20] Crawl thread: PVC - Đơn vị số 1 trong mảng bảo dưỡng !...
2026-01-15 18:03:26,141 - INFO - [Thread 1943193] Found last_post_id at page 5, stopping...
2026-01-15 18:03:26,142 - INFO - [Thread 1943193] Collected 0 posts in 4.6s
2026-01-15 18:03:26,142 - INFO - Thu thập được 0 posts từ thread
2026-01-15 18:03:26,143 - INFO - [10/20] Crawl thread: PVC – Kỳ vọng trở thành đơn vị số 1 trong mảng bảo...
2026-01-15 18:03:28,011 - INFO - [Thread 1880851] Existing thread, crawling reverse 13→1 until last_post_id: post-47874367
2026-01-15 18:03:28,468 - INFO - [Thread 1943841] Existing thread, crawling reverse 1→1 until last_post_id: post-47878087
2026-01-15 18:03:30,554 - INFO - [Thread 1880851] Found last_post_id at page 13, stopping...
2026-01-15 18:03:30,554 - INFO - [Thread 1880851] Collected 0 posts in 4.8s
2026-01-15 18:03:30,555 - INFO - Thu thập được 0 posts từ thread
2026-01-15 18:03:30,557 - INFO - [11/20] Crawl thread: Cổ phiếu VEA: Triển vọng đầu tư như thế nào trong ...
2026-01-15 18:03:30,846 - INFO - [Thread 1943841] Found last_post_id at page 1, stopping...
2026-01-15 18:03:30,846 - INFO - [Thread 1943841] Collected 0 posts in 4.7s
2026-01-15 18:03:30,846 - INFO - Thu thập được 0 posts từ thread
2026-01-15 18:03:30,847 - INFO - [12/20] Crawl thread: Vinfast - Xe điện của người Việt (P3)...
2026-01-15 18:03:32,817 - INFO - [Thread 1902277] Existing thread, crawling reverse 1→1 until last_post_id: post-47878067
2026-01-15 18:03:33,186 - INFO - [Thread 1882039] Existing thread, crawling reverse 800→1 until last_post_id: post-47877845
2026-01-15 18:03:35,074 - INFO - [Thread 1902277] Found last_post_id at page 1, stopping...
2026-01-15 18:03:35,074 - INFO - [Thread 1902277] Collected 0 posts in 4.5s
2026-01-15 18:03:35,074 - INFO - Thu thập được 0 posts từ thread
2026-01-15 18:03:35,076 - INFO - [13/20] Crawl thread: CSM - Bạn đường tin cậy...
2026-01-15 18:03:35,435 - INFO - [Thread 1882039] Found last_post_id at page 800, stopping...
2026-01-15 18:03:35,437 - INFO - [Thread 1882039] Collected 0 posts in 4.6s
2026-01-15 18:03:35,437 - INFO - Thu thập được 0 posts từ thread
2026-01-15 18:03:35,439 - INFO - [14/20] Crawl thread: PSD - Đầu tư giá trị, rẻ nhất dòng bán lẻ!...
2026-01-15 18:03:37,396 - INFO - [Thread 1928135] Existing thread, crawling reverse 81→1 until last_post_id: post-47877361
2026-01-15 18:03:37,717 - INFO - [Thread 1896567] Existing thread, crawling reverse 72→1 until last_post_id: post-47878007
2026-01-15 18:03:39,701 - INFO - [Thread 1928135] Found last_post_id at page 81, stopping...
2026-01-15 18:03:39,701 - INFO - [Thread 1928135] Collected 0 posts in 4.6s
2026-01-15 18:03:39,701 - INFO - Thu thập được 0 posts từ thread
2026-01-15 18:03:39,703 - INFO - [15/20] Crawl thread: DSH: sở hữu 58% BOT Hà Nội-Bắc Giang...
2026-01-15 18:03:39,998 - INFO - [Thread 1896567] Found last_post_id at page 72, stopping...
2026-01-15 18:03:39,998 - INFO - [Thread 1896567] Collected 0 posts in 4.6s
2026-01-15 18:03:39,999 - INFO - Thu thập được 0 posts từ thread
2026-01-15 18:03:40,000 - INFO - [16/20] Crawl thread: Quý I - Đầu quý tích lũy để cuối quý bùng nổ...
2026-01-15 18:03:42,076 - INFO - [Thread 1943875] Existing thread, crawling reverse 1→1 until last_post_id: post-47876803
2026-01-15 18:03:42,370 - INFO - [Thread 1942287] Existing thread, crawling reverse 7→1 until last_post_id: post-47876495
2026-01-15 18:03:44,380 - INFO - [Thread 1943875] Found last_post_id at page 1, stopping...
2026-01-15 18:03:44,381 - INFO - [Thread 1943875] Collected 0 posts in 4.7s
2026-01-15 18:03:44,381 - INFO - Thu thập được 0 posts từ thread
2026-01-15 18:03:44,382 - INFO - [17/20] Crawl thread: VNM – Có đang trở lại đường đua tăng trưởng?...
2026-01-15 18:03:44,796 - INFO - [Thread 1942287] Found last_post_id at page 7, stopping...
2026-01-15 18:03:44,796 - INFO - [Thread 1942287] Collected 0 posts in 4.8s
2026-01-15 18:03:44,797 - INFO - Thu thập được 0 posts từ thread
2026-01-15 18:03:44,798 - INFO - [18/20] Crawl thread: MSN - Gã khổng lồ hàng tiêu dùng thức giấc...
2026-01-15 18:03:46,755 - INFO - [Thread 1943639] Existing thread, crawling reverse 2→1 until last_post_id: post-47877947
2026-01-15 18:03:47,134 - INFO - [Thread 1926185] Existing thread, crawling reverse 33→1 until last_post_id: post-47877923
2026-01-15 18:03:49,072 - INFO - [Thread 1943639] Found last_post_id at page 2, stopping...
2026-01-15 18:03:49,072 - INFO - [Thread 1943639] Collected 0 posts in 4.7s
2026-01-15 18:03:49,072 - INFO - Thu thập được 0 posts từ thread
2026-01-15 18:03:49,073 - INFO - [19/20] Crawl thread: Game định giá lại tài sản quốc gia -------- Cá mập...
2026-01-15 18:03:49,353 - INFO - [Thread 1926185] Found last_post_id at page 33, stopping...
2026-01-15 18:03:49,353 - INFO - [Thread 1926185] Collected 0 posts in 4.6s
2026-01-15 18:03:49,354 - INFO - Thu thập được 0 posts từ thread
2026-01-15 18:03:49,358 - INFO - [20/20] Crawl thread: Qcg: Ngày không xa!...
2026-01-15 18:03:51,511 - INFO - [Thread 1936055] Existing thread, crawling reverse 10→1 until last_post_id: post-47876585
2026-01-15 18:03:51,711 - INFO - [Thread 1825273] Existing thread, crawling reverse 1629→1 until last_post_id: post-47876729
2026-01-15 18:03:53,761 - INFO - [Thread 1936055] Found last_post_id at page 10, stopping...
2026-01-15 18:03:53,762 - INFO - [Thread 1936055] Collected 0 posts in 4.7s
2026-01-15 18:03:53,762 - INFO - Thu thập được 0 posts từ thread
2026-01-15 18:03:54,003 - INFO - [Thread 1825273] Found last_post_id at page 1629, stopping...
2026-01-15 18:03:54,003 - INFO - [Thread 1825273] Collected 0 posts in 4.6s
2026-01-15 18:03:54,003 - INFO - Thu thập được 0 posts từ thread
2026-01-15 18:03:54,004 - INFO - Hoàn thành trang 4, tổng posts: 721
2026-01-15 18:04:00,209 - INFO - Đang xử lý trang 5
2026-01-15 18:04:06,258 - INFO - Tìm thấy 20 threads trên trang 5
2026-01-15 18:04:08,517 - INFO - Đã thu thập thông tin 20 threads, bắt đầu crawl posts...
2026-01-15 18:04:08,520 - INFO - [1/20] Crawl thread: ACB: Bị sao vậy?...
2026-01-15 18:04:08,520 - INFO - [2/20] Crawl thread: ACV.......
2026-01-15 18:04:10,776 - INFO - [Thread 1941417] Existing thread, crawling reverse 9→1 until last_post_id: post-47877831
2026-01-15 18:04:10,786 - INFO - [Thread 1943721] Existing thread, crawling reverse 2→1 until last_post_id: post-47877833
2026-01-15 18:04:13,006 - INFO - [Thread 1941417] Found last_post_id at page 9, stopping...
2026-01-15 18:04:13,006 - INFO - [Thread 1941417] Collected 0 posts in 4.5s
2026-01-15 18:04:13,007 - INFO - Thu thập được 0 posts từ thread
2026-01-15 18:04:13,010 - INFO - [3/20] Crawl thread: EIB mã duy nhất đi ngược thị trường hôm nay...
2026-01-15 18:04:13,081 - INFO - [Thread 1943721] Found last_post_id at page 2, stopping...
2026-01-15 18:04:13,082 - INFO - [Thread 1943721] Collected 0 posts in 4.6s
2026-01-15 18:04:13,082 - INFO - Thu thập được 0 posts từ thread
2026-01-15 18:04:13,084 - INFO - [4/20] Crawl thread: Ai đỡ?...
2026-01-15 18:04:15,289 - INFO - [Thread 1943887] Existing thread, crawling reverse 1→1 until last_post_id: post-47876405
2026-01-15 18:04:15,410 - INFO - [Thread 1943877] Existing thread, crawling reverse 5→1 until last_post_id: post-47877133
2026-01-15 18:04:17,541 - INFO - [Thread 1943887] Found last_post_id at page 1, stopping...
2026-01-15 18:04:17,542 - INFO - [Thread 1943887] Collected 0 posts in 4.5s
2026-01-15 18:04:17,542 - INFO - Thu thập được 0 posts từ thread
2026-01-15 18:04:17,548 - INFO - [5/20] Crawl thread: Giá xăng lên gần 19.000 đồng một lít...
2026-01-15 18:04:17,689 - INFO - [Thread 1943877] Found last_post_id at page 5, stopping...
2026-01-15 18:04:17,690 - INFO - [Thread 1943877] Collected 0 posts in 4.6s
2026-01-15 18:04:17,690 - INFO - Thu thập được 0 posts từ thread
2026-01-15 18:04:17,692 - INFO - [6/20] Crawl thread: POW tăng vốn khủng có lập đỉnh mới...
2026-01-15 18:04:19,823 - INFO - [Thread 1943919] Existing thread, crawling reverse 1→1 until last_post_id: post-47877779
2026-01-15 18:04:20,063 - INFO - [Thread 1935387] Existing thread, crawling reverse 12→1 until last_post_id: post-47876179
